Command line invocation:
    /Applications/Xcode.app/Contents/Developer/usr/bin/xcodebuild test -scheme EasyRide -destination "platform=iOS Simulator,name=iPhone 17" -resultBundlePath TestResults.xcresult

2026-01-08 17:06:45.190 xcodebuild[29666:204369] [MT] IDERunDestination: Supported platforms for the buildables in the current scheme is empty.
Writing result bundle at path:
	/Users/timyu/Desktop/EasyRide_App/TestResults.xcresult

ComputePackagePrebuildTargetDependencyGraph

Prepare packages

CreateBuildRequest

SendProjectDescription

CreateBuildOperation

ComputeTargetDependencyGraph
note: Building targets in dependency order
note: Target dependency graph (3 targets)
    Target 'EasyRideTests' in project 'EasyRide'
        ➜ Explicit dependency on target 'EasyRide' in project 'EasyRide'
    Target 'EasyRideUITests' in project 'EasyRide'
        ➜ Explicit dependency on target 'EasyRide' in project 'EasyRide'
    Target 'EasyRide' in project 'EasyRide' (no dependencies)

GatherProvisioningInputs

CreateBuildDescription

ExecuteExternalTool /Applications/Xcode.app/Contents/Developer/Toolchains/XcodeDefault.xctoolchain/usr/bin/clang -v -E -dM -isysroot /Applications/Xcode.app/Contents/Developer/Platforms/iPhoneSimulator.platform/Developer/SDKs/iPhoneSimulator26.2.sdk -x c -c /dev/null

ExecuteExternalTool /Applications/Xcode.app/Contents/Developer/Toolchains/XcodeDefault.xctoolchain/usr/bin/swiftc --version

ExecuteExternalTool /Applications/Xcode.app/Contents/Developer/usr/bin/actool --print-asset-tag-combinations --output-format xml1 /Users/timyu/Desktop/EasyRide_App/EasyRide/Assets.xcassets

ExecuteExternalTool /Applications/Xcode.app/Contents/Developer/usr/bin/actool --version --output-format xml1

ExecuteExternalTool /Applications/Xcode.app/Contents/Developer/Toolchains/XcodeDefault.xctoolchain/usr/bin/ld -version_details

Build description signature: 28540f8ba5eac26ac89f743d0c7491ed
Build description path: /Users/timyu/Library/Developer/Xcode/DerivedData/EasyRide-beugqklueywnwjdnocpyhdzzhnze/Build/Intermediates.noindex/XCBuildData/28540f8ba5eac26ac89f743d0c7491ed.xcbuilddata
ClangStatCache /Applications/Xcode.app/Contents/Developer/Toolchains/XcodeDefault.xctoolchain/usr/bin/clang-stat-cache /Applications/Xcode.app/Contents/Developer/Platforms/iPhoneSimulator.platform/Developer/SDKs/iPhoneSimulator26.2.sdk /Users/timyu/Library/Developer/Xcode/DerivedData/SDKStatCaches.noindex/iphonesimulator26.2-23C53-7d00a8b37fbd7999ea79df8ebc024bf0.sdkstatcache
    cd /Users/timyu/Desktop/EasyRide_App/EasyRide.xcodeproj
    /Applications/Xcode.app/Contents/Developer/Toolchains/XcodeDefault.xctoolchain/usr/bin/clang-stat-cache /Applications/Xcode.app/Contents/Developer/Platforms/iPhoneSimulator.platform/Developer/SDKs/iPhoneSimulator26.2.sdk -o /Users/timyu/Library/Developer/Xcode/DerivedData/SDKStatCaches.noindex/iphonesimulator26.2-23C53-7d00a8b37fbd7999ea79df8ebc024bf0.sdkstatcache

CompileAssetCatalogVariant thinned /Users/timyu/Library/Developer/Xcode/DerivedData/EasyRide-beugqklueywnwjdnocpyhdzzhnze/Build/Products/Debug-iphonesimulator/EasyRide.app /Users/timyu/Desktop/EasyRide_App/EasyRide/Assets.xcassets (in target 'EasyRide' from project 'EasyRide')
    cd /Users/timyu/Desktop/EasyRide_App
    /Applications/Xcode.app/Contents/Developer/usr/bin/actool /Users/timyu/Desktop/EasyRide_App/EasyRide/Assets.xcassets --compile /Users/timyu/Library/Developer/Xcode/DerivedData/EasyRide-beugqklueywnwjdnocpyhdzzhnze/Build/Intermediates.noindex/EasyRide.build/Debug-iphonesimulator/EasyRide.build/assetcatalog_output/thinned --output-format human-readable-text --notices --warnings --export-dependency-info /Users/timyu/Library/Developer/Xcode/DerivedData/EasyRide-beugqklueywnwjdnocpyhdzzhnze/Build/Intermediates.noindex/EasyRide.build/Debug-iphonesimulator/EasyRide.build/assetcatalog_dependencies_thinned --output-partial-info-plist /Users/timyu/Library/Developer/Xcode/DerivedData/EasyRide-beugqklueywnwjdnocpyhdzzhnze/Build/Intermediates.noindex/EasyRide.build/Debug-iphonesimulator/EasyRide.build/assetcatalog_generated_info.plist_thinned --app-icon AppIcon --accent-color AccentColor --compress-pngs --enable-on-demand-resources YES --filter-for-thinning-device-configuration iPhone18,3 --filter-for-device-os-version 26.2 --development-region en --target-device iphone --target-device ipad --minimum-deployment-target 18.0 --platform iphonesimulator
/* com.apple.actool.notices */
/Users/timyu/Desktop/EasyRide_App/EasyRide/Assets.xcassets: warning: Accent color ‘AccentColor’ is not present in any asset catalogs.
/* com.apple.actool.compilation-results */
/Users/timyu/Library/Developer/Xcode/DerivedData/EasyRide-beugqklueywnwjdnocpyhdzzhnze/Build/Intermediates.noindex/EasyRide.build/Debug-iphonesimulator/EasyRide.build/assetcatalog_generated_info.plist_thinned
/Users/timyu/Library/Developer/Xcode/DerivedData/EasyRide-beugqklueywnwjdnocpyhdzzhnze/Build/Intermediates.noindex/EasyRide.build/Debug-iphonesimulator/EasyRide.build/assetcatalog_output/thinned/AppIcon60x60@2x.png
/Users/timyu/Library/Developer/Xcode/DerivedData/EasyRide-beugqklueywnwjdnocpyhdzzhnze/Build/Intermediates.noindex/EasyRide.build/Debug-iphonesimulator/EasyRide.build/assetcatalog_output/thinned/AppIcon76x76@2x~ipad.png
/Users/timyu/Library/Developer/Xcode/DerivedData/EasyRide-beugqklueywnwjdnocpyhdzzhnze/Build/Intermediates.noindex/EasyRide.build/Debug-iphonesimulator/EasyRide.build/assetcatalog_output/thinned/Assets.car


Ld /Users/timyu/Library/Developer/Xcode/DerivedData/EasyRide-beugqklueywnwjdnocpyhdzzhnze/Build/Products/Debug-iphonesimulator/EasyRide.app/EasyRide normal (in target 'EasyRide' from project 'EasyRide')
    cd /Users/timyu/Desktop/EasyRide_App
    /Applications/Xcode.app/Contents/Developer/Toolchains/XcodeDefault.xctoolchain/usr/bin/clang -Xlinker -reproducible -target arm64-apple-ios18.0-simulator -isysroot /Applications/Xcode.app/Contents/Developer/Platforms/iPhoneSimulator.platform/Developer/SDKs/iPhoneSimulator26.2.sdk -O0 -L/Users/timyu/Library/Developer/Xcode/DerivedData/EasyRide-beugqklueywnwjdnocpyhdzzhnze/Build/Products/Debug-iphonesimulator -F/Users/timyu/Library/Developer/Xcode/DerivedData/EasyRide-beugqklueywnwjdnocpyhdzzhnze/Build/Products/Debug-iphonesimulator -Xlinker -rpath -Xlinker @executable_path -Xlinker -rpath -Xlinker @executable_path/Frameworks -rdynamic -Xlinker -no_deduplicate -Xlinker -objc_abi_version -Xlinker 2 -Xlinker -debug_variant -e ___debug_blank_executor_main -Xlinker -sectcreate -Xlinker __TEXT -Xlinker __debug_dylib -Xlinker /Users/timyu/Library/Developer/Xcode/DerivedData/EasyRide-beugqklueywnwjdnocpyhdzzhnze/Build/Intermediates.noindex/EasyRide.build/Debug-iphonesimulator/EasyRide.build/EasyRide-DebugDylibPath-normal-arm64.txt -Xlinker -sectcreate -Xlinker __TEXT -Xlinker __debug_instlnm -Xlinker /Users/timyu/Library/Developer/Xcode/DerivedData/EasyRide-beugqklueywnwjdnocpyhdzzhnze/Build/Intermediates.noindex/EasyRide.build/Debug-iphonesimulator/EasyRide.build/EasyRide-DebugDylibInstallName-normal-arm64.txt -Xlinker -filelist -Xlinker /Users/timyu/Library/Developer/Xcode/DerivedData/EasyRide-beugqklueywnwjdnocpyhdzzhnze/Build/Intermediates.noindex/EasyRide.build/Debug-iphonesimulator/EasyRide.build/EasyRide-ExecutorLinkFileList-normal-arm64.txt -Xlinker -sectcreate -Xlinker __TEXT -Xlinker __entitlements -Xlinker /Users/timyu/Library/Developer/Xcode/DerivedData/EasyRide-beugqklueywnwjdnocpyhdzzhnze/Build/Intermediates.noindex/EasyRide.build/Debug-iphonesimulator/EasyRide.build/EasyRide.app-Simulated.xcent -Xlinker -sectcreate -Xlinker __TEXT -Xlinker __ents_der -Xlinker /Users/timyu/Library/Developer/Xcode/DerivedData/EasyRide-beugqklueywnwjdnocpyhdzzhnze/Build/Intermediates.noindex/EasyRide.build/Debug-iphonesimulator/EasyRide.build/EasyRide.app-Simulated.xcent.der /Users/timyu/Library/Developer/Xcode/DerivedData/EasyRide-beugqklueywnwjdnocpyhdzzhnze/Build/Products/Debug-iphonesimulator/EasyRide.app/EasyRide.debug.dylib -Xlinker -no_adhoc_codesign -o /Users/timyu/Library/Developer/Xcode/DerivedData/EasyRide-beugqklueywnwjdnocpyhdzzhnze/Build/Products/Debug-iphonesimulator/EasyRide.app/EasyRide

SwiftDriver EasyRideUITests normal arm64 com.apple.xcode.tools.swift.compiler (in target 'EasyRideUITests' from project 'EasyRide')
    cd /Users/timyu/Desktop/EasyRide_App
    builtin-SwiftDriver -- /Applications/Xcode.app/Contents/Developer/Toolchains/XcodeDefault.xctoolchain/usr/bin/swiftc -module-name EasyRideUITests -Onone -enforce-exclusivity\=checked @/Users/timyu/Library/Developer/Xcode/DerivedData/EasyRide-beugqklueywnwjdnocpyhdzzhnze/Build/Intermediates.noindex/EasyRide.build/Debug-iphonesimulator/EasyRideUITests.build/Objects-normal/arm64/EasyRideUITests.SwiftFileList -DDEBUG -module-alias Testing\=_Testing_Unavailable -plugin-path /Applications/Xcode.app/Contents/Developer/Toolchains/XcodeDefault.xctoolchain/usr/lib/swift/host/plugins/testing -enable-bare-slash-regex -enable-experimental-feature DebugDescriptionMacro -sdk /Applications/Xcode.app/Contents/Developer/Platforms/iPhoneSimulator.platform/Developer/SDKs/iPhoneSimulator26.2.sdk -target arm64-apple-ios18.5-simulator -g -module-cache-path /Users/timyu/Library/Developer/Xcode/DerivedData/ModuleCache.noindex -Xfrontend -serialize-debugging-options -profile-coverage-mapping -profile-generate -enable-testing -index-store-path /Users/timyu/Library/Developer/Xcode/DerivedData/EasyRide-beugqklueywnwjdnocpyhdzzhnze/Index.noindex/DataStore -Xcc -D_LIBCPP_HARDENING_MODE\=_LIBCPP_HARDENING_MODE_DEBUG -swift-version 5 -I /Users/timyu/Library/Developer/Xcode/DerivedData/EasyRide-beugqklueywnwjdnocpyhdzzhnze/Build/Products/Debug-iphonesimulator -Isystem /Applications/Xcode.app/Contents/Developer/Platforms/iPhoneSimulator.platform/Developer/usr/lib -F /Users/timyu/Library/Developer/Xcode/DerivedData/EasyRide-beugqklueywnwjdnocpyhdzzhnze/Build/Products/Debug-iphonesimulator -F /Applications/Xcode.app/Contents/Developer/Platforms/iPhoneSimulator.platform/Developer/Library/Frameworks -F /Applications/Xcode.app/Contents/Developer/Platforms/iPhoneSimulator.platform/Developer/SDKs/iPhoneSimulator26.2.sdk/Developer/Library/Frameworks -c -j8 -enable-batch-mode -incremental -Xcc -ivfsstatcache -Xcc /Users/timyu/Library/Developer/Xcode/DerivedData/SDKStatCaches.noindex/iphonesimulator26.2-23C53-7d00a8b37fbd7999ea79df8ebc024bf0.sdkstatcache -output-file-map /Users/timyu/Library/Developer/Xcode/DerivedData/EasyRide-beugqklueywnwjdnocpyhdzzhnze/Build/Intermediates.noindex/EasyRide.build/Debug-iphonesimulator/EasyRideUITests.build/Objects-normal/arm64/EasyRideUITests-OutputFileMap.json -use-frontend-parseable-output -save-temps -no-color-diagnostics -explicit-module-build -module-cache-path /Users/timyu/Library/Developer/Xcode/DerivedData/EasyRide-beugqklueywnwjdnocpyhdzzhnze/Build/Intermediates.noindex/SwiftExplicitPrecompiledModules -clang-scanner-module-cache-path /Users/timyu/Library/Developer/Xcode/DerivedData/ModuleCache.noindex -sdk-module-cache-path /Users/timyu/Library/Developer/Xcode/DerivedData/ModuleCache.noindex -serialize-diagnostics -emit-dependencies -emit-module -emit-module-path /Users/timyu/Library/Developer/Xcode/DerivedData/EasyRide-beugqklueywnwjdnocpyhdzzhnze/Build/Intermediates.noindex/EasyRide.build/Debug-iphonesimulator/EasyRideUITests.build/Objects-normal/arm64/EasyRideUITests.swiftmodule -validate-clang-modules-once -clang-build-session-file /Users/timyu/Library/Developer/Xcode/DerivedData/ModuleCache.noindex/Session.modulevalidation -Xcc -I/Users/timyu/Library/Developer/Xcode/DerivedData/EasyRide-beugqklueywnwjdnocpyhdzzhnze/Build/Intermediates.noindex/EasyRide.build/Debug-iphonesimulator/EasyRideUITests.build/swift-overrides.hmap -emit-const-values -Xfrontend -const-gather-protocols-file -Xfrontend /Users/timyu/Library/Developer/Xcode/DerivedData/EasyRide-beugqklueywnwjdnocpyhdzzhnze/Build/Intermediates.noindex/EasyRide.build/Debug-iphonesimulator/EasyRideUITests.build/Objects-normal/arm64/EasyRideUITests_const_extract_protocols.json -Xcc -iquote -Xcc /Users/timyu/Library/Developer/Xcode/DerivedData/EasyRide-beugqklueywnwjdnocpyhdzzhnze/Build/Intermediates.noindex/EasyRide.build/Debug-iphonesimulator/EasyRideUITests.build/EasyRideUITests-generated-files.hmap -Xcc -I/Users/timyu/Library/Developer/Xcode/DerivedData/EasyRide-beugqklueywnwjdnocpyhdzzhnze/Build/Intermediates.noindex/EasyRide.build/Debug-iphonesimulator/EasyRideUITests.build/EasyRideUITests-own-target-headers.hmap -Xcc -I/Users/timyu/Library/Developer/Xcode/DerivedData/EasyRide-beugqklueywnwjdnocpyhdzzhnze/Build/Intermediates.noindex/EasyRide.build/Debug-iphonesimulator/EasyRideUITests.build/EasyRideUITests-all-target-headers.hmap -Xcc -iquote -Xcc /Users/timyu/Library/Developer/Xcode/DerivedData/EasyRide-beugqklueywnwjdnocpyhdzzhnze/Build/Intermediates.noindex/EasyRide.build/Debug-iphonesimulator/EasyRideUITests.build/EasyRideUITests-project-headers.hmap -Xcc -I/Users/timyu/Library/Developer/Xcode/DerivedData/EasyRide-beugqklueywnwjdnocpyhdzzhnze/Build/Products/Debug-iphonesimulator/include -Xcc -I/Users/timyu/Library/Developer/Xcode/DerivedData/EasyRide-beugqklueywnwjdnocpyhdzzhnze/Build/Intermediates.noindex/EasyRide.build/Debug-iphonesimulator/EasyRideUITests.build/DerivedSources-normal/arm64 -Xcc -I/Users/timyu/Library/Developer/Xcode/DerivedData/EasyRide-beugqklueywnwjdnocpyhdzzhnze/Build/Intermediates.noindex/EasyRide.build/Debug-iphonesimulator/EasyRideUITests.build/DerivedSources/arm64 -Xcc -I/Users/timyu/Library/Developer/Xcode/DerivedData/EasyRide-beugqklueywnwjdnocpyhdzzhnze/Build/Intermediates.noindex/EasyRide.build/Debug-iphonesimulator/EasyRideUITests.build/DerivedSources -Xcc -DDEBUG\=1 -emit-objc-header -emit-objc-header-path /Users/timyu/Library/Developer/Xcode/DerivedData/EasyRide-beugqklueywnwjdnocpyhdzzhnze/Build/Intermediates.noindex/EasyRide.build/Debug-iphonesimulator/EasyRideUITests.build/Objects-normal/arm64/EasyRideUITests-Swift.h -working-directory /Users/timyu/Desktop/EasyRide_App -experimental-emit-module-separately -disable-cmo

SwiftDriver EasyRideTests normal arm64 com.apple.xcode.tools.swift.compiler (in target 'EasyRideTests' from project 'EasyRide')
    cd /Users/timyu/Desktop/EasyRide_App
    builtin-SwiftDriver -- /Applications/Xcode.app/Contents/Developer/Toolchains/XcodeDefault.xctoolchain/usr/bin/swiftc -module-name EasyRideTests -Onone -enforce-exclusivity\=checked @/Users/timyu/Library/Developer/Xcode/DerivedData/EasyRide-beugqklueywnwjdnocpyhdzzhnze/Build/Intermediates.noindex/EasyRide.build/Debug-iphonesimulator/EasyRideTests.build/Objects-normal/arm64/EasyRideTests.SwiftFileList -DDEBUG -plugin-path /Applications/Xcode.app/Contents/Developer/Toolchains/XcodeDefault.xctoolchain/usr/lib/swift/host/plugins/testing -enable-bare-slash-regex -enable-experimental-feature DebugDescriptionMacro -sdk /Applications/Xcode.app/Contents/Developer/Platforms/iPhoneSimulator.platform/Developer/SDKs/iPhoneSimulator26.2.sdk -target arm64-apple-ios18.5-simulator -g -module-cache-path /Users/timyu/Library/Developer/Xcode/DerivedData/ModuleCache.noindex -Xfrontend -serialize-debugging-options -profile-coverage-mapping -profile-generate -enable-testing -index-store-path /Users/timyu/Library/Developer/Xcode/DerivedData/EasyRide-beugqklueywnwjdnocpyhdzzhnze/Index.noindex/DataStore -Xcc -D_LIBCPP_HARDENING_MODE\=_LIBCPP_HARDENING_MODE_DEBUG -swift-version 5 -I /Users/timyu/Library/Developer/Xcode/DerivedData/EasyRide-beugqklueywnwjdnocpyhdzzhnze/Build/Products/Debug-iphonesimulator -Isystem /Applications/Xcode.app/Contents/Developer/Platforms/iPhoneSimulator.platform/Developer/usr/lib -F /Users/timyu/Library/Developer/Xcode/DerivedData/EasyRide-beugqklueywnwjdnocpyhdzzhnze/Build/Products/Debug-iphonesimulator -F /Applications/Xcode.app/Contents/Developer/Platforms/iPhoneSimulator.platform/Developer/Library/Frameworks -F /Applications/Xcode.app/Contents/Developer/Platforms/iPhoneSimulator.platform/Developer/SDKs/iPhoneSimulator26.2.sdk/Developer/Library/Frameworks -c -j8 -enable-batch-mode -incremental -Xcc -ivfsstatcache -Xcc /Users/timyu/Library/Developer/Xcode/DerivedData/SDKStatCaches.noindex/iphonesimulator26.2-23C53-7d00a8b37fbd7999ea79df8ebc024bf0.sdkstatcache -output-file-map /Users/timyu/Library/Developer/Xcode/DerivedData/EasyRide-beugqklueywnwjdnocpyhdzzhnze/Build/Intermediates.noindex/EasyRide.build/Debug-iphonesimulator/EasyRideTests.build/Objects-normal/arm64/EasyRideTests-OutputFileMap.json -use-frontend-parseable-output -save-temps -no-color-diagnostics -explicit-module-build -module-cache-path /Users/timyu/Library/Developer/Xcode/DerivedData/EasyRide-beugqklueywnwjdnocpyhdzzhnze/Build/Intermediates.noindex/SwiftExplicitPrecompiledModules -clang-scanner-module-cache-path /Users/timyu/Library/Developer/Xcode/DerivedData/ModuleCache.noindex -sdk-module-cache-path /Users/timyu/Library/Developer/Xcode/DerivedData/ModuleCache.noindex -serialize-diagnostics -emit-dependencies -emit-module -emit-module-path /Users/timyu/Library/Developer/Xcode/DerivedData/EasyRide-beugqklueywnwjdnocpyhdzzhnze/Build/Intermediates.noindex/EasyRide.build/Debug-iphonesimulator/EasyRideTests.build/Objects-normal/arm64/EasyRideTests.swiftmodule -validate-clang-modules-once -clang-build-session-file /Users/timyu/Library/Developer/Xcode/DerivedData/ModuleCache.noindex/Session.modulevalidation -Xcc -I/Users/timyu/Library/Developer/Xcode/DerivedData/EasyRide-beugqklueywnwjdnocpyhdzzhnze/Build/Intermediates.noindex/EasyRide.build/Debug-iphonesimulator/EasyRideTests.build/swift-overrides.hmap -emit-const-values -Xfrontend -const-gather-protocols-file -Xfrontend /Users/timyu/Library/Developer/Xcode/DerivedData/EasyRide-beugqklueywnwjdnocpyhdzzhnze/Build/Intermediates.noindex/EasyRide.build/Debug-iphonesimulator/EasyRideTests.build/Objects-normal/arm64/EasyRideTests_const_extract_protocols.json -Xcc -iquote -Xcc /Users/timyu/Library/Developer/Xcode/DerivedData/EasyRide-beugqklueywnwjdnocpyhdzzhnze/Build/Intermediates.noindex/EasyRide.build/Debug-iphonesimulator/EasyRideTests.build/EasyRideTests-generated-files.hmap -Xcc -I/Users/timyu/Library/Developer/Xcode/DerivedData/EasyRide-beugqklueywnwjdnocpyhdzzhnze/Build/Intermediates.noindex/EasyRide.build/Debug-iphonesimulator/EasyRideTests.build/EasyRideTests-own-target-headers.hmap -Xcc -I/Users/timyu/Library/Developer/Xcode/DerivedData/EasyRide-beugqklueywnwjdnocpyhdzzhnze/Build/Intermediates.noindex/EasyRide.build/Debug-iphonesimulator/EasyRideTests.build/EasyRideTests-all-target-headers.hmap -Xcc -iquote -Xcc /Users/timyu/Library/Developer/Xcode/DerivedData/EasyRide-beugqklueywnwjdnocpyhdzzhnze/Build/Intermediates.noindex/EasyRide.build/Debug-iphonesimulator/EasyRideTests.build/EasyRideTests-project-headers.hmap -Xcc -I/Users/timyu/Library/Developer/Xcode/DerivedData/EasyRide-beugqklueywnwjdnocpyhdzzhnze/Build/Products/Debug-iphonesimulator/include -Xcc -I/Users/timyu/Library/Developer/Xcode/DerivedData/EasyRide-beugqklueywnwjdnocpyhdzzhnze/Build/Intermediates.noindex/EasyRide.build/Debug-iphonesimulator/EasyRideTests.build/DerivedSources-normal/arm64 -Xcc -I/Users/timyu/Library/Developer/Xcode/DerivedData/EasyRide-beugqklueywnwjdnocpyhdzzhnze/Build/Intermediates.noindex/EasyRide.build/Debug-iphonesimulator/EasyRideTests.build/DerivedSources/arm64 -Xcc -I/Users/timyu/Library/Developer/Xcode/DerivedData/EasyRide-beugqklueywnwjdnocpyhdzzhnze/Build/Intermediates.noindex/EasyRide.build/Debug-iphonesimulator/EasyRideTests.build/DerivedSources -Xcc -DDEBUG\=1 -emit-objc-header -emit-objc-header-path /Users/timyu/Library/Developer/Xcode/DerivedData/EasyRide-beugqklueywnwjdnocpyhdzzhnze/Build/Intermediates.noindex/EasyRide.build/Debug-iphonesimulator/EasyRideTests.build/Objects-normal/arm64/EasyRideTests-Swift.h -working-directory /Users/timyu/Desktop/EasyRide_App -experimental-emit-module-separately -disable-cmo

SwiftExplicitDependencyGeneratePcm arm64 /Users/timyu/Library/Developer/Xcode/DerivedData/EasyRide-beugqklueywnwjdnocpyhdzzhnze/Build/Intermediates.noindex/SwiftExplicitPrecompiledModules/XCUIAutomation-B1AL389S4J6KUTXO5RQLPMKLP.pcm

SwiftExplicitDependencyCompileModuleFromInterface arm64 /Users/timyu/Library/Developer/Xcode/DerivedData/EasyRide-beugqklueywnwjdnocpyhdzzhnze/Build/Intermediates.noindex/SwiftExplicitPrecompiledModules/Testing-1IJ0DKYSZB75T.swiftmodule

SwiftExplicitDependencyGeneratePcm arm64 /Users/timyu/Library/Developer/Xcode/DerivedData/EasyRide-beugqklueywnwjdnocpyhdzzhnze/Build/Intermediates.noindex/SwiftExplicitPrecompiledModules/XCTest-5RDMLXFARRO020LKI54ISVM5B.pcm

SwiftExplicitDependencyCompileModuleFromInterface arm64 /Users/timyu/Library/Developer/Xcode/DerivedData/EasyRide-beugqklueywnwjdnocpyhdzzhnze/Build/Intermediates.noindex/SwiftExplicitPrecompiledModules/XCUIAutomation-3IQ3935DNH5L0.swiftmodule

SwiftExplicitDependencyCompileModuleFromInterface arm64 /Users/timyu/Library/Developer/Xcode/DerivedData/EasyRide-beugqklueywnwjdnocpyhdzzhnze/Build/Intermediates.noindex/SwiftExplicitPrecompiledModules/XCTest-1P7GWZUJ8GYUF.swiftmodule

LinkAssetCatalog /Users/timyu/Desktop/EasyRide_App/EasyRide/Assets.xcassets (in target 'EasyRide' from project 'EasyRide')
    cd /Users/timyu/Desktop/EasyRide_App
    builtin-linkAssetCatalog --thinned /Users/timyu/Library/Developer/Xcode/DerivedData/EasyRide-beugqklueywnwjdnocpyhdzzhnze/Build/Intermediates.noindex/EasyRide.build/Debug-iphonesimulator/EasyRide.build/assetcatalog_output/thinned --thinned-dependencies /Users/timyu/Library/Developer/Xcode/DerivedData/EasyRide-beugqklueywnwjdnocpyhdzzhnze/Build/Intermediates.noindex/EasyRide.build/Debug-iphonesimulator/EasyRide.build/assetcatalog_dependencies_thinned --thinned-info-plist-content /Users/timyu/Library/Developer/Xcode/DerivedData/EasyRide-beugqklueywnwjdnocpyhdzzhnze/Build/Intermediates.noindex/EasyRide.build/Debug-iphonesimulator/EasyRide.build/assetcatalog_generated_info.plist_thinned --unthinned /Users/timyu/Library/Developer/Xcode/DerivedData/EasyRide-beugqklueywnwjdnocpyhdzzhnze/Build/Intermediates.noindex/EasyRide.build/Debug-iphonesimulator/EasyRide.build/assetcatalog_output/unthinned --unthinned-dependencies /Users/timyu/Library/Developer/Xcode/DerivedData/EasyRide-beugqklueywnwjdnocpyhdzzhnze/Build/Intermediates.noindex/EasyRide.build/Debug-iphonesimulator/EasyRide.build/assetcatalog_dependencies_unthinned --unthinned-info-plist-content /Users/timyu/Library/Developer/Xcode/DerivedData/EasyRide-beugqklueywnwjdnocpyhdzzhnze/Build/Intermediates.noindex/EasyRide.build/Debug-iphonesimulator/EasyRide.build/assetcatalog_generated_info.plist_unthinned --output /Users/timyu/Library/Developer/Xcode/DerivedData/EasyRide-beugqklueywnwjdnocpyhdzzhnze/Build/Products/Debug-iphonesimulator/EasyRide.app --plist-output /Users/timyu/Library/Developer/Xcode/DerivedData/EasyRide-beugqklueywnwjdnocpyhdzzhnze/Build/Intermediates.noindex/EasyRide.build/Debug-iphonesimulator/EasyRide.build/assetcatalog_generated_info.plist
note: Emplaced /Users/timyu/Library/Developer/Xcode/DerivedData/EasyRide-beugqklueywnwjdnocpyhdzzhnze/Build/Products/Debug-iphonesimulator/EasyRide.app/AppIcon60x60@2x.png (in target 'EasyRide' from project 'EasyRide')
note: Emplaced /Users/timyu/Library/Developer/Xcode/DerivedData/EasyRide-beugqklueywnwjdnocpyhdzzhnze/Build/Products/Debug-iphonesimulator/EasyRide.app/Assets.car (in target 'EasyRide' from project 'EasyRide')
note: Emplaced /Users/timyu/Library/Developer/Xcode/DerivedData/EasyRide-beugqklueywnwjdnocpyhdzzhnze/Build/Products/Debug-iphonesimulator/EasyRide.app/AppIcon76x76@2x~ipad.png (in target 'EasyRide' from project 'EasyRide')

ProcessInfoPlistFile /Users/timyu/Library/Developer/Xcode/DerivedData/EasyRide-beugqklueywnwjdnocpyhdzzhnze/Build/Products/Debug-iphonesimulator/EasyRide.app/Info.plist /Users/timyu/Library/Developer/Xcode/DerivedData/EasyRide-beugqklueywnwjdnocpyhdzzhnze/Build/Intermediates.noindex/EasyRide.build/Debug-iphonesimulator/EasyRide.build/empty-EasyRide.plist (in target 'EasyRide' from project 'EasyRide')
    cd /Users/timyu/Desktop/EasyRide_App
    builtin-infoPlistUtility /Users/timyu/Library/Developer/Xcode/DerivedData/EasyRide-beugqklueywnwjdnocpyhdzzhnze/Build/Intermediates.noindex/EasyRide.build/Debug-iphonesimulator/EasyRide.build/empty-EasyRide.plist -producttype com.apple.product-type.application -genpkginfo /Users/timyu/Library/Developer/Xcode/DerivedData/EasyRide-beugqklueywnwjdnocpyhdzzhnze/Build/Products/Debug-iphonesimulator/EasyRide.app/PkgInfo -expandbuildsettings -format binary -platform iphonesimulator -additionalcontentfile /Users/timyu/Library/Developer/Xcode/DerivedData/EasyRide-beugqklueywnwjdnocpyhdzzhnze/Build/Intermediates.noindex/EasyRide.build/Debug-iphonesimulator/EasyRide.build/assetcatalog_generated_info.plist -o /Users/timyu/Library/Developer/Xcode/DerivedData/EasyRide-beugqklueywnwjdnocpyhdzzhnze/Build/Products/Debug-iphonesimulator/EasyRide.app/Info.plist

CopySwiftLibs /Users/timyu/Library/Developer/Xcode/DerivedData/EasyRide-beugqklueywnwjdnocpyhdzzhnze/Build/Products/Debug-iphonesimulator/EasyRide.app (in target 'EasyRide' from project 'EasyRide')
    cd /Users/timyu/Desktop/EasyRide_App
    builtin-swiftStdLibTool --copy --verbose --sign - --scan-executable /Users/timyu/Library/Developer/Xcode/DerivedData/EasyRide-beugqklueywnwjdnocpyhdzzhnze/Build/Products/Debug-iphonesimulator/EasyRide.app/EasyRide.debug.dylib --scan-folder /Users/timyu/Library/Developer/Xcode/DerivedData/EasyRide-beugqklueywnwjdnocpyhdzzhnze/Build/Products/Debug-iphonesimulator/EasyRide.app/Frameworks --scan-folder /Users/timyu/Library/Developer/Xcode/DerivedData/EasyRide-beugqklueywnwjdnocpyhdzzhnze/Build/Products/Debug-iphonesimulator/EasyRide.app/PlugIns --scan-folder /Users/timyu/Library/Developer/Xcode/DerivedData/EasyRide-beugqklueywnwjdnocpyhdzzhnze/Build/Products/Debug-iphonesimulator/EasyRide.app/SystemExtensions --scan-folder /Users/timyu/Library/Developer/Xcode/DerivedData/EasyRide-beugqklueywnwjdnocpyhdzzhnze/Build/Products/Debug-iphonesimulator/EasyRide.app/Extensions --platform iphonesimulator --toolchain /Applications/Xcode.app/Contents/Developer/Toolchains/XcodeDefault.xctoolchain --destination /Users/timyu/Library/Developer/Xcode/DerivedData/EasyRide-beugqklueywnwjdnocpyhdzzhnze/Build/Products/Debug-iphonesimulator/EasyRide.app/Frameworks --strip-bitcode --strip-bitcode-tool /Applications/Xcode.app/Contents/Developer/Toolchains/XcodeDefault.xctoolchain/usr/bin/bitcode_strip --emit-dependency-info /Users/timyu/Library/Developer/Xcode/DerivedData/EasyRide-beugqklueywnwjdnocpyhdzzhnze/Build/Intermediates.noindex/EasyRide.build/Debug-iphonesimulator/EasyRide.build/SwiftStdLibToolInputDependencies.dep --filter-for-swift-os

ExtractAppIntentsMetadata (in target 'EasyRide' from project 'EasyRide')
    cd /Users/timyu/Desktop/EasyRide_App
    /Applications/Xcode.app/Contents/Developer/Toolchains/XcodeDefault.xctoolchain/usr/bin/appintentsmetadataprocessor --toolchain-dir /Applications/Xcode.app/Contents/Developer/Toolchains/XcodeDefault.xctoolchain --module-name EasyRide --sdk-root /Applications/Xcode.app/Contents/Developer/Platforms/iPhoneSimulator.platform/Developer/SDKs/iPhoneSimulator26.2.sdk --xcode-version 17C52 --platform-family iOS --deployment-target 18.0 --bundle-identifier com.timyu.EasyRide --output /Users/timyu/Library/Developer/Xcode/DerivedData/EasyRide-beugqklueywnwjdnocpyhdzzhnze/Build/Products/Debug-iphonesimulator/EasyRide.app --target-triple arm64-apple-ios18.0-simulator --binary-file /Users/timyu/Library/Developer/Xcode/DerivedData/EasyRide-beugqklueywnwjdnocpyhdzzhnze/Build/Products/Debug-iphonesimulator/EasyRide.app/EasyRide --dependency-file /Users/timyu/Library/Developer/Xcode/DerivedData/EasyRide-beugqklueywnwjdnocpyhdzzhnze/Build/Intermediates.noindex/EasyRide.build/Debug-iphonesimulator/EasyRide.build/Objects-normal/arm64/EasyRide_dependency_info.dat --stringsdata-file /Users/timyu/Library/Developer/Xcode/DerivedData/EasyRide-beugqklueywnwjdnocpyhdzzhnze/Build/Intermediates.noindex/EasyRide.build/Debug-iphonesimulator/EasyRide.build/Objects-normal/arm64/ExtractedAppShortcutsMetadata.stringsdata --source-file-list /Users/timyu/Library/Developer/Xcode/DerivedData/EasyRide-beugqklueywnwjdnocpyhdzzhnze/Build/Intermediates.noindex/EasyRide.build/Debug-iphonesimulator/EasyRide.build/Objects-normal/arm64/EasyRide.SwiftFileList --metadata-file-list /Users/timyu/Library/Developer/Xcode/DerivedData/EasyRide-beugqklueywnwjdnocpyhdzzhnze/Build/Intermediates.noindex/EasyRide.build/Debug-iphonesimulator/EasyRide.build/EasyRide.DependencyMetadataFileList --static-metadata-file-list /Users/timyu/Library/Developer/Xcode/DerivedData/EasyRide-beugqklueywnwjdnocpyhdzzhnze/Build/Intermediates.noindex/EasyRide.build/Debug-iphonesimulator/EasyRide.build/EasyRide.DependencyStaticMetadataFileList --swift-const-vals-list /Users/timyu/Library/Developer/Xcode/DerivedData/EasyRide-beugqklueywnwjdnocpyhdzzhnze/Build/Intermediates.noindex/EasyRide.build/Debug-iphonesimulator/EasyRide.build/Objects-normal/arm64/EasyRide.SwiftConstValuesFileList --compile-time-extraction --deployment-aware-processing --validate-assistant-intents --no-app-shortcuts-localization
2026-01-08 17:06:47.073 appintentsmetadataprocessor[29695:204597] Starting appintentsmetadataprocessor export
2026-01-08 17:06:47.075 appintentsmetadataprocessor[29695:204597] warning: Metadata extraction skipped. No AppIntents.framework dependency found.

ProcessInfoPlistFile /Users/timyu/Library/Developer/Xcode/DerivedData/EasyRide-beugqklueywnwjdnocpyhdzzhnze/Build/Products/Debug-iphonesimulator/EasyRide.app/PlugIns/EasyRideTests.xctest/Info.plist /Users/timyu/Library/Developer/Xcode/DerivedData/EasyRide-beugqklueywnwjdnocpyhdzzhnze/Build/Intermediates.noindex/EasyRide.build/Debug-iphonesimulator/EasyRideTests.build/empty-EasyRideTests.plist (in target 'EasyRideTests' from project 'EasyRide')
    cd /Users/timyu/Desktop/EasyRide_App
    builtin-infoPlistUtility /Users/timyu/Library/Developer/Xcode/DerivedData/EasyRide-beugqklueywnwjdnocpyhdzzhnze/Build/Intermediates.noindex/EasyRide.build/Debug-iphonesimulator/EasyRideTests.build/empty-EasyRideTests.plist -producttype com.apple.product-type.bundle.unit-test -expandbuildsettings -format binary -platform iphonesimulator -o /Users/timyu/Library/Developer/Xcode/DerivedData/EasyRide-beugqklueywnwjdnocpyhdzzhnze/Build/Products/Debug-iphonesimulator/EasyRide.app/PlugIns/EasyRideTests.xctest/Info.plist

SwiftEmitModule normal arm64 Emitting\ module\ for\ EasyRideTests (in target 'EasyRideTests' from project 'EasyRide')

EmitSwiftModule normal arm64 (in target 'EasyRideTests' from project 'EasyRide')
    cd /Users/timyu/Desktop/EasyRide_App
    

SwiftCompile normal arm64 Compiling\ verify_service_selection.swift,\ VoiceOverSupportTests.swift /Users/timyu/Desktop/EasyRide_App/EasyRide/Tests/verify_service_selection.swift /Users/timyu/Desktop/EasyRide_App/EasyRide/Tests/VoiceOverSupportTests.swift (in target 'EasyRideTests' from project 'EasyRide')
SwiftCompile normal arm64 /Users/timyu/Desktop/EasyRide_App/EasyRide/Tests/verify_service_selection.swift (in target 'EasyRideTests' from project 'EasyRide')
    cd /Users/timyu/Desktop/EasyRide_App
    

SwiftCompile normal arm64 /Users/timyu/Desktop/EasyRide_App/EasyRide/Tests/VoiceOverSupportTests.swift (in target 'EasyRideTests' from project 'EasyRide')
    cd /Users/timyu/Desktop/EasyRide_App
    

SwiftCompile normal arm64 Compiling\ TripConfigurationTests.swift,\ TripModificationTests.swift,\ ValueAddedServicesTests.swift /Users/timyu/Desktop/EasyRide_App/EasyRide/Tests/TripConfigurationTests.swift /Users/timyu/Desktop/EasyRide_App/EasyRide/Tests/TripModificationTests.swift /Users/timyu/Desktop/EasyRide_App/EasyRide/Tests/ValueAddedServicesTests.swift (in target 'EasyRideUITests' from project 'EasyRide')
SwiftCompile normal arm64 /Users/timyu/Desktop/EasyRide_App/EasyRide/Tests/TripConfigurationTests.swift (in target 'EasyRideUITests' from project 'EasyRide')
    cd /Users/timyu/Desktop/EasyRide_App
    

SwiftCompile normal arm64 /Users/timyu/Desktop/EasyRide_App/EasyRide/Tests/TripModificationTests.swift (in target 'EasyRideUITests' from project 'EasyRide')
    cd /Users/timyu/Desktop/EasyRide_App
    

SwiftCompile normal arm64 /Users/timyu/Desktop/EasyRide_App/EasyRide/Tests/ValueAddedServicesTests.swift (in target 'EasyRideUITests' from project 'EasyRide')
    cd /Users/timyu/Desktop/EasyRide_App
    

SwiftEmitModule normal arm64 Emitting\ module\ for\ EasyRideUITests (in target 'EasyRideUITests' from project 'EasyRide')
Failed frontend command:
/Applications/Xcode.app/Contents/Developer/Toolchains/XcodeDefault.xctoolchain/usr/bin/swift-frontend -frontend -emit-module -experimental-skip-non-inlinable-function-bodies-without-types /Users/timyu/Desktop/EasyRide_App/EasyRide/Tests/AccessibilityTests.swift /Users/timyu/Desktop/EasyRide_App/EasyRide/Tests/AdaptiveLayoutTests.swift /Users/timyu/Desktop/EasyRide_App/EasyRide/Tests/AuthenticationViewModelTests.swift /Users/timyu/Desktop/EasyRide_App/EasyRide/Tests/BookingViewModelTests.swift /Users/timyu/Desktop/EasyRide_App/EasyRide/Tests/ChatInterfaceTests.swift /Users/timyu/Desktop/EasyRide_App/EasyRide/Tests/LocalizationTests.swift /Users/timyu/Desktop/EasyRide_App/EasyRide/Tests/MockAPIService.swift /Users/timyu/Desktop/EasyRide_App/EasyRide/Tests/OrderTrackingCompilationTest.swift /Users/timyu/Desktop/EasyRide_App/EasyRide/Tests/OrderTrackingViewModelTests.swift /Users/timyu/Desktop/EasyRide_App/EasyRide/Tests/OrientationLayoutTests.swift /Users/timyu/Desktop/EasyRide_App/EasyRide/Tests/ResponsiveLayoutTests.swift /Users/timyu/Desktop/EasyRide_App/EasyRide/Tests/ResponsiveLayoutUtilsTests.swift /Users/timyu/Desktop/EasyRide_App/EasyRide/Tests/ServiceSelectionTests.swift /Users/timyu/Desktop/EasyRide_App/EasyRide/Tests/ServiceSelectionUITests.swift /Users/timyu/Desktop/EasyRide_App/EasyRide/Tests/TripConfigurationModeTests.swift /Users/timyu/Desktop/EasyRide_App/EasyRide/Tests/TripConfigurationTests.swift /Users/timyu/Desktop/EasyRide_App/EasyRide/Tests/TripModificationTests.swift /Users/timyu/Desktop/EasyRide_App/EasyRide/Tests/ValueAddedServicesTests.swift /Users/timyu/Desktop/EasyRide_App/EasyRideUITests/EasyRideUITests.swift /Users/timyu/Desktop/EasyRide_App/EasyRideUITests/EasyRideUITestsLaunchTests.swift /Users/timyu/Desktop/EasyRide_App/EasyRide/Tests/verify_booking_integration.swift /Users/timyu/Desktop/EasyRide_App/EasyRide/Tests/verify_chat_interface.swift /Users/timyu/Desktop/EasyRide_App/EasyRide/Tests/verify_service_selection.swift /Users/timyu/Desktop/EasyRide_App/EasyRide/Tests/VoiceOverSupportTests.swift -target arm64-apple-ios18.5-simulator -disable-cross-import-overlay-search -swift-module-cross-import MapKit /Applications/Xcode.app/Contents/Developer/Platforms/iPhoneSimulator.platform/Developer/SDKs/iPhoneSimulator.sdk/System/Library/Frameworks/MapKit.framework/Modules/MapKit.swiftcrossimport/SwiftUI.swiftoverlay -load-resolved-plugin /Applications/Xcode.app/Contents/Developer/Platforms/iPhoneOS.platform/Developer/usr/lib/swift/host/plugins/libFoundationMacros.dylib\#/Applications/Xcode.app/Contents/Developer/Platforms/iPhoneOS.platform/Developer/usr/bin/swift-plugin-server\#FoundationMacros -load-resolved-plugin /Applications/Xcode.app/Contents/Developer/Platforms/iPhoneOS.platform/Developer/usr/lib/swift/host/plugins/libObservationMacros.dylib\#/Applications/Xcode.app/Contents/Developer/Platforms/iPhoneOS.platform/Developer/usr/bin/swift-plugin-server\#ObservationMacros -load-resolved-plugin /Applications/Xcode.app/Contents/Developer/Platforms/iPhoneOS.platform/Developer/usr/lib/swift/host/plugins/libPreviewsMacros.dylib\#/Applications/Xcode.app/Contents/Developer/Platforms/iPhoneOS.platform/Developer/usr/bin/swift-plugin-server\#PreviewsMacros -load-resolved-plugin /Applications/Xcode.app/Contents/Developer/Platforms/iPhoneOS.platform/Developer/usr/lib/swift/host/plugins/libSwiftMacros.dylib\#/Applications/Xcode.app/Contents/Developer/Platforms/iPhoneOS.platform/Developer/usr/bin/swift-plugin-server\#SwiftMacros -load-resolved-plugin /Applications/Xcode.app/Contents/Developer/Platforms/iPhoneOS.platform/Developer/usr/lib/swift/host/plugins/libSwiftUIMacros.dylib\#/Applications/Xcode.app/Contents/Developer/Platforms/iPhoneOS.platform/Developer/usr/bin/swift-plugin-server\#SwiftUIMacros -disable-implicit-swift-modules -Xcc -fno-implicit-modules -Xcc -fno-implicit-module-maps -explicit-swift-module-map-file /Users/timyu/Library/Developer/Xcode/DerivedData/EasyRide-beugqklueywnwjdnocpyhdzzhnze/Build/Intermediates.noindex/EasyRide.build/Debug-iphonesimulator/EasyRideUITests.build/Objects-normal/arm64/EasyRideUITests-dependencies-1.json -Xllvm -aarch64-use-tbi -enable-objc-interop -sdk /Applications/Xcode.app/Contents/Developer/Platforms/iPhoneSimulator.platform/Developer/SDKs/iPhoneSimulator26.2.sdk -I /Users/timyu/Library/Developer/Xcode/DerivedData/EasyRide-beugqklueywnwjdnocpyhdzzhnze/Build/Products/Debug-iphonesimulator -Isystem /Applications/Xcode.app/Contents/Developer/Platforms/iPhoneSimulator.platform/Developer/usr/lib -F /Users/timyu/Library/Developer/Xcode/DerivedData/EasyRide-beugqklueywnwjdnocpyhdzzhnze/Build/Products/Debug-iphonesimulator -F /Applications/Xcode.app/Contents/Developer/Platforms/iPhoneSimulator.platform/Developer/Library/Frameworks -F /Applications/Xcode.app/Contents/Developer/Platforms/iPhoneSimulator.platform/Developer/SDKs/iPhoneSimulator26.2.sdk/Developer/Library/Frameworks -no-color-diagnostics -Xcc -fno-color-diagnostics -enable-testing -g -debug-info-format\=dwarf -dwarf-version\=5 -module-cache-path /Users/timyu/Library/Developer/Xcode/DerivedData/EasyRide-beugqklueywnwjdnocpyhdzzhnze/Build/Intermediates.noindex/SwiftExplicitPrecompiledModules -profile-generate -profile-coverage-mapping -swift-version 5 -enforce-exclusivity\=checked -Onone -D DEBUG -serialize-debugging-options -const-gather-protocols-file /Users/timyu/Library/Developer/Xcode/DerivedData/EasyRide-beugqklueywnwjdnocpyhdzzhnze/Build/Intermediates.noindex/EasyRide.build/Debug-iphonesimulator/EasyRideUITests.build/Objects-normal/arm64/EasyRideUITests_const_extract_protocols.json -enable-experimental-feature DebugDescriptionMacro -module-alias Testing\=_Testing_Unavailable -enable-bare-slash-regex -empty-abi-descriptor -validate-clang-modules-once -clang-build-session-file /Users/timyu/Library/Developer/Xcode/DerivedData/ModuleCache.noindex/Session.modulevalidation -Xcc -working-directory -Xcc /Users/timyu/Desktop/EasyRide_App -enable-anonymous-context-mangled-names -file-compilation-dir /Users/timyu/Desktop/EasyRide_App -Xcc -D_LIBCPP_HARDENING_MODE\=_LIBCPP_HARDENING_MODE_DEBUG -Xcc -ivfsstatcache -Xcc /Users/timyu/Library/Developer/Xcode/DerivedData/SDKStatCaches.noindex/iphonesimulator26.2-23C53-7d00a8b37fbd7999ea79df8ebc024bf0.sdkstatcache -Xcc -I/Users/timyu/Library/Developer/Xcode/DerivedData/EasyRide-beugqklueywnwjdnocpyhdzzhnze/Build/Intermediates.noindex/EasyRide.build/Debug-iphonesimulator/EasyRideUITests.build/swift-overrides.hmap -Xcc -iquote -Xcc /Users/timyu/Library/Developer/Xcode/DerivedData/EasyRide-beugqklueywnwjdnocpyhdzzhnze/Build/Intermediates.noindex/EasyRide.build/Debug-iphonesimulator/EasyRideUITests.build/EasyRideUITests-generated-files.hmap -Xcc -I/Users/timyu/Library/Developer/Xcode/DerivedData/EasyRide-beugqklueywnwjdnocpyhdzzhnze/Build/Intermediates.noindex/EasyRide.build/Debug-iphonesimulator/EasyRideUITests.build/EasyRideUITests-own-target-headers.hmap -Xcc -I/Users/timyu/Library/Developer/Xcode/DerivedData/EasyRide-beugqklueywnwjdnocpyhdzzhnze/Build/Intermediates.noindex/EasyRide.build/Debug-iphonesimulator/EasyRideUITests.build/EasyRideUITests-all-target-headers.hmap -Xcc -iquote -Xcc /Users/timyu/Library/Developer/Xcode/DerivedData/EasyRide-beugqklueywnwjdnocpyhdzzhnze/Build/Intermediates.noindex/EasyRide.build/Debug-iphonesimulator/EasyRideUITests.build/EasyRideUITests-project-headers.hmap -Xcc -I/Users/timyu/Library/Developer/Xcode/DerivedData/EasyRide-beugqklueywnwjdnocpyhdzzhnze/Build/Products/Debug-iphonesimulator/include -Xcc -I/Users/timyu/Library/Developer/Xcode/DerivedData/EasyRide-beugqklueywnwjdnocpyhdzzhnze/Build/Intermediates.noindex/EasyRide.build/Debug-iphonesimulator/EasyRideUITests.build/DerivedSources-normal/arm64 -Xcc -I/Users/timyu/Library/Developer/Xcode/DerivedData/EasyRide-beugqklueywnwjdnocpyhdzzhnze/Build/Intermediates.noindex/EasyRide.build/Debug-iphonesimulator/EasyRideUITests.build/DerivedSources/arm64 -Xcc -I/Users/timyu/Library/Developer/Xcode/DerivedData/EasyRide-beugqklueywnwjdnocpyhdzzhnze/Build/Intermediates.noindex/EasyRide.build/Debug-iphonesimulator/EasyRideUITests.build/DerivedSources -Xcc -DDEBUG\=1 -no-auto-bridging-header-chaining -module-name EasyRideUITests -frontend-parseable-output -disable-clang-spi -target-sdk-version 26.2 -target-sdk-name iphonesimulator26.2 -clang-target arm64-apple-ios26.2-simulator -in-process-plugin-server-path /Applications/Xcode.app/Contents/Developer/Toolchains/XcodeDefault.xctoolchain/usr/lib/swift/host/libSwiftInProcPluginServer.dylib -emit-module-doc-path /Users/timyu/Library/Developer/Xcode/DerivedData/EasyRide-beugqklueywnwjdnocpyhdzzhnze/Build/Intermediates.noindex/EasyRide.build/Debug-iphonesimulator/EasyRideUITests.build/Objects-normal/arm64/EasyRideUITests.swiftdoc -emit-module-source-info-path /Users/timyu/Library/Developer/Xcode/DerivedData/EasyRide-beugqklueywnwjdnocpyhdzzhnze/Build/Intermediates.noindex/EasyRide.build/Debug-iphonesimulator/EasyRideUITests.build/Objects-normal/arm64/EasyRideUITests.swiftsourceinfo -emit-objc-header-path /Users/timyu/Library/Developer/Xcode/DerivedData/EasyRide-beugqklueywnwjdnocpyhdzzhnze/Build/Intermediates.noindex/EasyRide.build/Debug-iphonesimulator/EasyRideUITests.build/Objects-normal/arm64/EasyRideUITests-Swift.h -serialize-diagnostics-path /Users/timyu/Library/Developer/Xcode/DerivedData/EasyRide-beugqklueywnwjdnocpyhdzzhnze/Build/Intermediates.noindex/EasyRide.build/Debug-iphonesimulator/EasyRideUITests.build/Objects-normal/arm64/EasyRideUITests-primary-emit-module.dia -emit-dependencies-path /Users/timyu/Library/Developer/Xcode/DerivedData/EasyRide-beugqklueywnwjdnocpyhdzzhnze/Build/Intermediates.noindex/EasyRide.build/Debug-iphonesimulator/EasyRideUITests.build/Objects-normal/arm64/EasyRideUITests-primary-emit-module.d -o /Users/timyu/Library/Developer/Xcode/DerivedData/EasyRide-beugqklueywnwjdnocpyhdzzhnze/Build/Intermediates.noindex/EasyRide.build/Debug-iphonesimulator/EasyRideUITests.build/Objects-normal/arm64/EasyRideUITests.swiftmodule -emit-abi-descriptor-path /Users/timyu/Library/Developer/Xcode/DerivedData/EasyRide-beugqklueywnwjdnocpyhdzzhnze/Build/Intermediates.noindex/EasyRide.build/Debug-iphonesimulator/EasyRideUITests.build/Objects-normal/arm64/EasyRideUITests.abi.json

EmitSwiftModule normal arm64 (in target 'EasyRideUITests' from project 'EasyRide')
    cd /Users/timyu/Desktop/EasyRide_App
    
/Users/timyu/Desktop/EasyRide_App/EasyRide/Tests/AuthenticationViewModelTests.swift:9:61: error: 'MockAPIService' is ambiguous for type lookup in this context
    func createTestViewModel() -> (AuthenticationViewModel, MockAPIService, AppState) {
                                                            ^~~~~~~~~~~~~~
/Users/timyu/Desktop/EasyRide_App/EasyRide/Tests/MockAPIService.swift:4:7: note: found this candidate
class MockAPIService: APIService {
      ^
/Users/timyu/Desktop/EasyRide_App/EasyRide/Tests/ServiceSelectionTests.swift:179:7: note: found this candidate
class MockAPIService: APIService {
      ^
/Users/timyu/Desktop/EasyRide_App/EasyRide/Tests/MockAPIService.swift:4:7: error: invalid redeclaration of 'MockAPIService'
class MockAPIService: APIService {
      ^
/Users/timyu/Desktop/EasyRide_App/EasyRide/Tests/ServiceSelectionTests.swift:179:7: note: 'MockAPIService' previously declared here
class MockAPIService: APIService {
      ^
/Users/timyu/Desktop/EasyRide_App/EasyRide/Tests/ServiceSelectionTests.swift:179:7: note: 'MockAPIService' previously declared here
class MockAPIService: APIService {
      ^
/Users/timyu/Desktop/EasyRide_App/EasyRide/Tests/OrderTrackingViewModelTests.swift:9:60: error: 'MockAPIService' is ambiguous for type lookup in this context
    func createTestViewModel() -> (OrderTrackingViewModel, MockAPIService) {
                                                           ^~~~~~~~~~~~~~
/Users/timyu/Desktop/EasyRide_App/EasyRide/Tests/MockAPIService.swift:4:7: note: found this candidate
class MockAPIService: APIService {
      ^
/Users/timyu/Desktop/EasyRide_App/EasyRide/Tests/ServiceSelectionTests.swift:179:7: note: found this candidate
class MockAPIService: APIService {
      ^
/Users/timyu/Desktop/EasyRide_App/EasyRide/Tests/ServiceSelectionUITests.swift:249:9: error: invalid redeclaration of 'isButton'
    var isButton: Bool {
        ^
/Users/timyu/Desktop/EasyRide_App/EasyRide/Tests/VoiceOverSupportTests.swift:289:9: note: 'isButton' previously declared here
    var isButton: Bool {
        ^
/Users/timyu/Desktop/EasyRide_App/EasyRide/Tests/VoiceOverSupportTests.swift:289:9: note: 'isButton' previously declared here
    var isButton: Bool {
        ^
/Users/timyu/Desktop/EasyRide_App/EasyRide/Tests/ServiceSelectionUITests.swift:253:9: error: invalid redeclaration of 'isSelected'
    var isSelected: Bool {
        ^
/Users/timyu/Desktop/EasyRide_App/EasyRide/Tests/TripConfigurationModeTests.swift:285:9: note: 'isSelected' previously declared here
    var isSelected: Bool {
        ^
/Users/timyu/Desktop/EasyRide_App/EasyRide/Tests/TripConfigurationModeTests.swift:285:9: note: 'isSelected' previously declared here
    var isSelected: Bool {
        ^
/Users/timyu/Desktop/EasyRide_App/EasyRide/Tests/TripConfigurationModeTests.swift:285:9: error: invalid redeclaration of 'isSelected'
    var isSelected: Bool {
        ^
/Users/timyu/Desktop/EasyRide_App/EasyRide/Tests/VoiceOverSupportTests.swift:293:9: note: 'isSelected' previously declared here
    var isSelected: Bool {
        ^
/Users/timyu/Desktop/EasyRide_App/EasyRide/Tests/VoiceOverSupportTests.swift:293:9: note: 'isSelected' previously declared here
    var isSelected: Bool {
        ^

SwiftCompile normal arm64 Compiling\ AccessibilityTests.swift,\ AdaptiveLayoutTests.swift,\ AuthenticationViewModelTests.swift /Users/timyu/Desktop/EasyRide_App/EasyRide/Tests/AccessibilityTests.swift /Users/timyu/Desktop/EasyRide_App/EasyRide/Tests/AdaptiveLayoutTests.swift /Users/timyu/Desktop/EasyRide_App/EasyRide/Tests/AuthenticationViewModelTests.swift (in target 'EasyRideUITests' from project 'EasyRide')

SwiftCompile normal arm64 /Users/timyu/Desktop/EasyRide_App/EasyRide/Tests/AccessibilityTests.swift (in target 'EasyRideUITests' from project 'EasyRide')
    cd /Users/timyu/Desktop/EasyRide_App
    

SwiftCompile normal arm64 /Users/timyu/Desktop/EasyRide_App/EasyRide/Tests/AdaptiveLayoutTests.swift (in target 'EasyRideUITests' from project 'EasyRide')
    cd /Users/timyu/Desktop/EasyRide_App
    

SwiftCompile normal arm64 /Users/timyu/Desktop/EasyRide_App/EasyRide/Tests/AuthenticationViewModelTests.swift (in target 'EasyRideUITests' from project 'EasyRide')
    cd /Users/timyu/Desktop/EasyRide_App
    

SwiftCompile normal arm64 Compiling\ OrientationLayoutTests.swift,\ ResponsiveLayoutTests.swift,\ ResponsiveLayoutUtilsTests.swift /Users/timyu/Desktop/EasyRide_App/EasyRide/Tests/OrientationLayoutTests.swift /Users/timyu/Desktop/EasyRide_App/EasyRide/Tests/ResponsiveLayoutTests.swift /Users/timyu/Desktop/EasyRide_App/EasyRide/Tests/ResponsiveLayoutUtilsTests.swift (in target 'EasyRideUITests' from project 'EasyRide')

SwiftCompile normal arm64 /Users/timyu/Desktop/EasyRide_App/EasyRide/Tests/OrientationLayoutTests.swift (in target 'EasyRideUITests' from project 'EasyRide')
    cd /Users/timyu/Desktop/EasyRide_App
    

SwiftCompile normal arm64 /Users/timyu/Desktop/EasyRide_App/EasyRide/Tests/ResponsiveLayoutTests.swift (in target 'EasyRideUITests' from project 'EasyRide')
    cd /Users/timyu/Desktop/EasyRide_App
    

SwiftCompile normal arm64 /Users/timyu/Desktop/EasyRide_App/EasyRide/Tests/ResponsiveLayoutUtilsTests.swift (in target 'EasyRideUITests' from project 'EasyRide')
    cd /Users/timyu/Desktop/EasyRide_App
    

SwiftCompile normal arm64 Compiling\ ServiceSelectionTests.swift,\ ServiceSelectionUITests.swift,\ TripConfigurationModeTests.swift /Users/timyu/Desktop/EasyRide_App/EasyRide/Tests/ServiceSelectionTests.swift /Users/timyu/Desktop/EasyRide_App/EasyRide/Tests/ServiceSelectionUITests.swift /Users/timyu/Desktop/EasyRide_App/EasyRide/Tests/TripConfigurationModeTests.swift (in target 'EasyRideUITests' from project 'EasyRide')

SwiftCompile normal arm64 /Users/timyu/Desktop/EasyRide_App/EasyRide/Tests/ServiceSelectionTests.swift (in target 'EasyRideUITests' from project 'EasyRide')
    cd /Users/timyu/Desktop/EasyRide_App
    

SwiftCompile normal arm64 /Users/timyu/Desktop/EasyRide_App/EasyRide/Tests/ServiceSelectionUITests.swift (in target 'EasyRideUITests' from project 'EasyRide')
    cd /Users/timyu/Desktop/EasyRide_App
    

SwiftCompile normal arm64 /Users/timyu/Desktop/EasyRide_App/EasyRide/Tests/TripConfigurationModeTests.swift (in target 'EasyRideUITests' from project 'EasyRide')
    cd /Users/timyu/Desktop/EasyRide_App
    

SwiftCompile normal arm64 Compiling\ MockAPIService.swift,\ OrderTrackingCompilationTest.swift,\ OrderTrackingViewModelTests.swift /Users/timyu/Desktop/EasyRide_App/EasyRide/Tests/MockAPIService.swift /Users/timyu/Desktop/EasyRide_App/EasyRide/Tests/OrderTrackingCompilationTest.swift /Users/timyu/Desktop/EasyRide_App/EasyRide/Tests/OrderTrackingViewModelTests.swift (in target 'EasyRideUITests' from project 'EasyRide')

SwiftCompile normal arm64 /Users/timyu/Desktop/EasyRide_App/EasyRide/Tests/MockAPIService.swift (in target 'EasyRideUITests' from project 'EasyRide')
    cd /Users/timyu/Desktop/EasyRide_App
    

SwiftCompile normal arm64 /Users/timyu/Desktop/EasyRide_App/EasyRide/Tests/OrderTrackingCompilationTest.swift (in target 'EasyRideUITests' from project 'EasyRide')
    cd /Users/timyu/Desktop/EasyRide_App
    

SwiftCompile normal arm64 /Users/timyu/Desktop/EasyRide_App/EasyRide/Tests/OrderTrackingViewModelTests.swift (in target 'EasyRideUITests' from project 'EasyRide')
    cd /Users/timyu/Desktop/EasyRide_App
    


Test session results, code coverage, and logs:
	/Users/timyu/Desktop/EasyRide_App/TestResults.xcresult

Testing failed:
	'MockAPIService' is ambiguous for type lookup in this context
	Invalid redeclaration of 'MockAPIService'
	'MockAPIService' is ambiguous for type lookup in this context
	Invalid redeclaration of 'isButton'
	Invalid redeclaration of 'isSelected'
	Invalid redeclaration of 'isSelected'
	Testing cancelled because the build failed.

** TEST FAILED **


The following build commands failed:
	SwiftEmitModule normal arm64 Emitting\ module\ for\ EasyRideUITests (in target 'EasyRideUITests' from project 'EasyRide')
	EmitSwiftModule normal arm64 (in target 'EasyRideUITests' from project 'EasyRide')
	Testing project EasyRide with scheme EasyRide
(3 failures)
