Command line invocation:
    /Applications/Xcode.app/Contents/Developer/usr/bin/xcodebuild test -scheme EasyRide -destination "platform=iOS Simulator,name=iPhone 17" -resultBundlePath TestResults.xcresult

2026-01-08 17:11:51.740 xcodebuild[32345:213287] [MT] IDERunDestination: Supported platforms for the buildables in the current scheme is empty.
Writing result bundle at path:
	/Users/timyu/Desktop/EasyRide_App/TestResults.xcresult

ComputePackagePrebuildTargetDependencyGraph

Prepare packages

CreateBuildRequest

SendProjectDescription

CreateBuildOperation

ComputeTargetDependencyGraph
note: Building targets in dependency order
note: Target dependency graph (3 targets)
    Target 'EasyRideUITests' in project 'EasyRide'
        ➜ Explicit dependency on target 'EasyRide' in project 'EasyRide'
    Target 'EasyRideTests' in project 'EasyRide'
        ➜ Explicit dependency on target 'EasyRide' in project 'EasyRide'
    Target 'EasyRide' in project 'EasyRide' (no dependencies)

GatherProvisioningInputs

CreateBuildDescription

ExecuteExternalTool /Applications/Xcode.app/Contents/Developer/Toolchains/XcodeDefault.xctoolchain/usr/bin/clang -v -E -dM -isysroot /Applications/Xcode.app/Contents/Developer/Platforms/iPhoneSimulator.platform/Developer/SDKs/iPhoneSimulator26.2.sdk -x c -c /dev/null

ExecuteExternalTool /Applications/Xcode.app/Contents/Developer/Toolchains/XcodeDefault.xctoolchain/usr/bin/swiftc --version

ExecuteExternalTool /Applications/Xcode.app/Contents/Developer/usr/bin/actool --print-asset-tag-combinations --output-format xml1 /Users/timyu/Desktop/EasyRide_App/EasyRide/Assets.xcassets

ExecuteExternalTool /Applications/Xcode.app/Contents/Developer/usr/bin/actool --version --output-format xml1

ExecuteExternalTool /Applications/Xcode.app/Contents/Developer/Toolchains/XcodeDefault.xctoolchain/usr/bin/ld -version_details

Build description signature: 7184a2d8eab501c2a50fbe9caecb88b2
Build description path: /Users/timyu/Library/Developer/Xcode/DerivedData/EasyRide-beugqklueywnwjdnocpyhdzzhnze/Build/Intermediates.noindex/XCBuildData/7184a2d8eab501c2a50fbe9caecb88b2.xcbuilddata
ClangStatCache /Applications/Xcode.app/Contents/Developer/Toolchains/XcodeDefault.xctoolchain/usr/bin/clang-stat-cache /Applications/Xcode.app/Contents/Developer/Platforms/iPhoneSimulator.platform/Developer/SDKs/iPhoneSimulator26.2.sdk /Users/timyu/Library/Developer/Xcode/DerivedData/SDKStatCaches.noindex/iphonesimulator26.2-23C53-7d00a8b37fbd7999ea79df8ebc024bf0.sdkstatcache
    cd /Users/timyu/Desktop/EasyRide_App/EasyRide.xcodeproj
    /Applications/Xcode.app/Contents/Developer/Toolchains/XcodeDefault.xctoolchain/usr/bin/clang-stat-cache /Applications/Xcode.app/Contents/Developer/Platforms/iPhoneSimulator.platform/Developer/SDKs/iPhoneSimulator26.2.sdk -o /Users/timyu/Library/Developer/Xcode/DerivedData/SDKStatCaches.noindex/iphonesimulator26.2-23C53-7d00a8b37fbd7999ea79df8ebc024bf0.sdkstatcache

ProcessInfoPlistFile /Users/timyu/Library/Developer/Xcode/DerivedData/EasyRide-beugqklueywnwjdnocpyhdzzhnze/Build/Products/Debug-iphonesimulator/EasyRide.app/Info.plist /Users/timyu/Library/Developer/Xcode/DerivedData/EasyRide-beugqklueywnwjdnocpyhdzzhnze/Build/Intermediates.noindex/EasyRide.build/Debug-iphonesimulator/EasyRide.build/empty-EasyRide.plist (in target 'EasyRide' from project 'EasyRide')
    cd /Users/timyu/Desktop/EasyRide_App
    builtin-infoPlistUtility /Users/timyu/Library/Developer/Xcode/DerivedData/EasyRide-beugqklueywnwjdnocpyhdzzhnze/Build/Intermediates.noindex/EasyRide.build/Debug-iphonesimulator/EasyRide.build/empty-EasyRide.plist -producttype com.apple.product-type.application -genpkginfo /Users/timyu/Library/Developer/Xcode/DerivedData/EasyRide-beugqklueywnwjdnocpyhdzzhnze/Build/Products/Debug-iphonesimulator/EasyRide.app/PkgInfo -expandbuildsettings -format binary -platform iphonesimulator -additionalcontentfile /Users/timyu/Library/Developer/Xcode/DerivedData/EasyRide-beugqklueywnwjdnocpyhdzzhnze/Build/Intermediates.noindex/EasyRide.build/Debug-iphonesimulator/EasyRide.build/assetcatalog_generated_info.plist -o /Users/timyu/Library/Developer/Xcode/DerivedData/EasyRide-beugqklueywnwjdnocpyhdzzhnze/Build/Products/Debug-iphonesimulator/EasyRide.app/Info.plist

SwiftDriver EasyRide normal arm64 com.apple.xcode.tools.swift.compiler (in target 'EasyRide' from project 'EasyRide')
    cd /Users/timyu/Desktop/EasyRide_App
    builtin-SwiftDriver -- /Applications/Xcode.app/Contents/Developer/Toolchains/XcodeDefault.xctoolchain/usr/bin/swiftc -module-name EasyRide -Onone -enforce-exclusivity\=checked @/Users/timyu/Library/Developer/Xcode/DerivedData/EasyRide-beugqklueywnwjdnocpyhdzzhnze/Build/Intermediates.noindex/EasyRide.build/Debug-iphonesimulator/EasyRide.build/Objects-normal/arm64/EasyRide.SwiftFileList -DDEBUG -enable-bare-slash-regex -enable-experimental-feature DebugDescriptionMacro -sdk /Applications/Xcode.app/Contents/Developer/Platforms/iPhoneSimulator.platform/Developer/SDKs/iPhoneSimulator26.2.sdk -target arm64-apple-ios18.0-simulator -g -module-cache-path /Users/timyu/Library/Developer/Xcode/DerivedData/ModuleCache.noindex -Xfrontend -serialize-debugging-options -profile-coverage-mapping -profile-generate -enable-testing -index-store-path /Users/timyu/Library/Developer/Xcode/DerivedData/EasyRide-beugqklueywnwjdnocpyhdzzhnze/Index.noindex/DataStore -Xcc -D_LIBCPP_HARDENING_MODE\=_LIBCPP_HARDENING_MODE_DEBUG -swift-version 5 -I /Users/timyu/Library/Developer/Xcode/DerivedData/EasyRide-beugqklueywnwjdnocpyhdzzhnze/Build/Products/Debug-iphonesimulator -F /Users/timyu/Library/Developer/Xcode/DerivedData/EasyRide-beugqklueywnwjdnocpyhdzzhnze/Build/Products/Debug-iphonesimulator -emit-localized-strings -emit-localized-strings-path /Users/timyu/Library/Developer/Xcode/DerivedData/EasyRide-beugqklueywnwjdnocpyhdzzhnze/Build/Intermediates.noindex/EasyRide.build/Debug-iphonesimulator/EasyRide.build/Objects-normal/arm64 -c -j8 -enable-batch-mode -incremental -Xcc -ivfsstatcache -Xcc /Users/timyu/Library/Developer/Xcode/DerivedData/SDKStatCaches.noindex/iphonesimulator26.2-23C53-7d00a8b37fbd7999ea79df8ebc024bf0.sdkstatcache -output-file-map /Users/timyu/Library/Developer/Xcode/DerivedData/EasyRide-beugqklueywnwjdnocpyhdzzhnze/Build/Intermediates.noindex/EasyRide.build/Debug-iphonesimulator/EasyRide.build/Objects-normal/arm64/EasyRide-OutputFileMap.json -use-frontend-parseable-output -save-temps -no-color-diagnostics -explicit-module-build -module-cache-path /Users/timyu/Library/Developer/Xcode/DerivedData/EasyRide-beugqklueywnwjdnocpyhdzzhnze/Build/Intermediates.noindex/SwiftExplicitPrecompiledModules -clang-scanner-module-cache-path /Users/timyu/Library/Developer/Xcode/DerivedData/ModuleCache.noindex -sdk-module-cache-path /Users/timyu/Library/Developer/Xcode/DerivedData/ModuleCache.noindex -serialize-diagnostics -emit-dependencies -emit-module -emit-module-path /Users/timyu/Library/Developer/Xcode/DerivedData/EasyRide-beugqklueywnwjdnocpyhdzzhnze/Build/Intermediates.noindex/EasyRide.build/Debug-iphonesimulator/EasyRide.build/Objects-normal/arm64/EasyRide.swiftmodule -validate-clang-modules-once -clang-build-session-file /Users/timyu/Library/Developer/Xcode/DerivedData/ModuleCache.noindex/Session.modulevalidation -Xcc -I/Users/timyu/Library/Developer/Xcode/DerivedData/EasyRide-beugqklueywnwjdnocpyhdzzhnze/Build/Intermediates.noindex/EasyRide.build/Debug-iphonesimulator/EasyRide.build/swift-overrides.hmap -emit-const-values -Xfrontend -const-gather-protocols-file -Xfrontend /Users/timyu/Library/Developer/Xcode/DerivedData/EasyRide-beugqklueywnwjdnocpyhdzzhnze/Build/Intermediates.noindex/EasyRide.build/Debug-iphonesimulator/EasyRide.build/Objects-normal/arm64/EasyRide_const_extract_protocols.json -Xcc -iquote -Xcc /Users/timyu/Library/Developer/Xcode/DerivedData/EasyRide-beugqklueywnwjdnocpyhdzzhnze/Build/Intermediates.noindex/EasyRide.build/Debug-iphonesimulator/EasyRide.build/EasyRide-generated-files.hmap -Xcc -I/Users/timyu/Library/Developer/Xcode/DerivedData/EasyRide-beugqklueywnwjdnocpyhdzzhnze/Build/Intermediates.noindex/EasyRide.build/Debug-iphonesimulator/EasyRide.build/EasyRide-own-target-headers.hmap -Xcc -I/Users/timyu/Library/Developer/Xcode/DerivedData/EasyRide-beugqklueywnwjdnocpyhdzzhnze/Build/Intermediates.noindex/EasyRide.build/Debug-iphonesimulator/EasyRide.build/EasyRide-all-target-headers.hmap -Xcc -iquote -Xcc /Users/timyu/Library/Developer/Xcode/DerivedData/EasyRide-beugqklueywnwjdnocpyhdzzhnze/Build/Intermediates.noindex/EasyRide.build/Debug-iphonesimulator/EasyRide.build/EasyRide-project-headers.hmap -Xcc -I/Users/timyu/Library/Developer/Xcode/DerivedData/EasyRide-beugqklueywnwjdnocpyhdzzhnze/Build/Products/Debug-iphonesimulator/include -Xcc -I/Users/timyu/Library/Developer/Xcode/DerivedData/EasyRide-beugqklueywnwjdnocpyhdzzhnze/Build/Intermediates.noindex/EasyRide.build/Debug-iphonesimulator/EasyRide.build/DerivedSources-normal/arm64 -Xcc -I/Users/timyu/Library/Developer/Xcode/DerivedData/EasyRide-beugqklueywnwjdnocpyhdzzhnze/Build/Intermediates.noindex/EasyRide.build/Debug-iphonesimulator/EasyRide.build/DerivedSources/arm64 -Xcc -I/Users/timyu/Library/Developer/Xcode/DerivedData/EasyRide-beugqklueywnwjdnocpyhdzzhnze/Build/Intermediates.noindex/EasyRide.build/Debug-iphonesimulator/EasyRide.build/DerivedSources -Xcc -DDEBUG\=1 -emit-objc-header -emit-objc-header-path /Users/timyu/Library/Developer/Xcode/DerivedData/EasyRide-beugqklueywnwjdnocpyhdzzhnze/Build/Intermediates.noindex/EasyRide.build/Debug-iphonesimulator/EasyRide.build/Objects-normal/arm64/EasyRide-Swift.h -working-directory /Users/timyu/Desktop/EasyRide_App -experimental-emit-module-separately -disable-cmo

SwiftCompile normal arm64 Compiling\ OrderTrackingView.swift,\ OrientationResponsiveDemo.swift /Users/timyu/Desktop/EasyRide_App/EasyRide/Views/OrderTrackingView.swift /Users/timyu/Desktop/EasyRide_App/EasyRide/Views/OrientationResponsiveDemo.swift (in target 'EasyRide' from project 'EasyRide')

SwiftCompile normal arm64 /Users/timyu/Desktop/EasyRide_App/EasyRide/Views/OrderTrackingView.swift (in target 'EasyRide' from project 'EasyRide')
    cd /Users/timyu/Desktop/EasyRide_App
    

SwiftCompile normal arm64 /Users/timyu/Desktop/EasyRide_App/EasyRide/Views/OrientationResponsiveDemo.swift (in target 'EasyRide' from project 'EasyRide')
    cd /Users/timyu/Desktop/EasyRide_App
    

SwiftCompile normal arm64 Compiling\ RegistrationView.swift /Users/timyu/Desktop/EasyRide_App/EasyRide/Views/RegistrationView.swift (in target 'EasyRide' from project 'EasyRide')

SwiftCompile normal arm64 /Users/timyu/Desktop/EasyRide_App/EasyRide/Views/RegistrationView.swift (in target 'EasyRide' from project 'EasyRide')
    cd /Users/timyu/Desktop/EasyRide_App
    
/Users/timyu/Desktop/EasyRide_App/EasyRide/Views/OrientationResponsiveDemo.swift:388:10: warning: previewInterfaceOrientation is ignored in a #Preview macro. Use the `traits` argument of the macro to provide the desired orientation, e.g. `.landscapeLeft`. (from macro 'Preview')
        .previewInterfaceOrientation(.landscapeLeft)
         ^

SwiftCompile normal arm64 Compiling\ ServiceSelectionView.swift /Users/timyu/Desktop/EasyRide_App/EasyRide/Views/ServiceSelectionView.swift (in target 'EasyRide' from project 'EasyRide')

SwiftCompile normal arm64 /Users/timyu/Desktop/EasyRide_App/EasyRide/Views/ServiceSelectionView.swift (in target 'EasyRide' from project 'EasyRide')
    cd /Users/timyu/Desktop/EasyRide_App
    
/Users/timyu/Desktop/EasyRide_App/EasyRide/Views/OrientationResponsiveDemo.swift:388:10: warning: previewInterfaceOrientation is ignored in a #Preview macro. Use the `traits` argument of the macro to provide the desired orientation, e.g. `.landscapeLeft`. (from macro 'Preview')
        .previewInterfaceOrientation(.landscapeLeft)
         ^

SwiftCompile normal arm64 Compiling\ ApplePaySetupView.swift,\ OrderSuccessDriverMatchingView.swift /Users/timyu/Desktop/EasyRide_App/EasyRide/Views/ApplePaySetupView.swift /Users/timyu/Desktop/EasyRide_App/EasyRide/Views/OrderSuccessDriverMatchingView.swift (in target 'EasyRide' from project 'EasyRide')

SwiftCompile normal arm64 /Users/timyu/Desktop/EasyRide_App/EasyRide/Views/ApplePaySetupView.swift (in target 'EasyRide' from project 'EasyRide')
    cd /Users/timyu/Desktop/EasyRide_App
    
/Users/timyu/Desktop/EasyRide_App/EasyRide/Views/OrientationResponsiveDemo.swift:388:10: warning: previewInterfaceOrientation is ignored in a #Preview macro. Use the `traits` argument of the macro to provide the desired orientation, e.g. `.landscapeLeft`. (from macro 'Preview')
        .previewInterfaceOrientation(.landscapeLeft)
         ^

SwiftCompile normal arm64 /Users/timyu/Desktop/EasyRide_App/EasyRide/Views/OrderSuccessDriverMatchingView.swift (in target 'EasyRide' from project 'EasyRide')
    cd /Users/timyu/Desktop/EasyRide_App
    

SwiftCompile normal arm64 Compiling\ ResponsiveTripConfigurationView.swift /Users/timyu/Desktop/EasyRide_App/EasyRide/Views/ResponsiveTripConfigurationView.swift (in target 'EasyRide' from project 'EasyRide')

SwiftCompile normal arm64 /Users/timyu/Desktop/EasyRide_App/EasyRide/Views/ResponsiveTripConfigurationView.swift (in target 'EasyRide' from project 'EasyRide')
    cd /Users/timyu/Desktop/EasyRide_App
    

SwiftCompile normal arm64 Compiling\ WeChatPaySetupView.swift /Users/timyu/Desktop/EasyRide_App/EasyRide/Views/WeChatPaySetupView.swift (in target 'EasyRide' from project 'EasyRide')

SwiftCompile normal arm64 /Users/timyu/Desktop/EasyRide_App/EasyRide/Views/WeChatPaySetupView.swift (in target 'EasyRide' from project 'EasyRide')
    cd /Users/timyu/Desktop/EasyRide_App
    
/Users/timyu/Desktop/EasyRide_App/EasyRide/Views/OrientationResponsiveDemo.swift:388:10: warning: previewInterfaceOrientation is ignored in a #Preview macro. Use the `traits` argument of the macro to provide the desired orientation, e.g. `.landscapeLeft`. (from macro 'Preview')
        .previewInterfaceOrientation(.landscapeLeft)
         ^

SwiftEmitModule normal arm64 Emitting\ module\ for\ EasyRide (in target 'EasyRide' from project 'EasyRide')

EmitSwiftModule normal arm64 (in target 'EasyRide' from project 'EasyRide')
    cd /Users/timyu/Desktop/EasyRide_App
    
/Users/timyu/Desktop/EasyRide_App/EasyRide/Views/OrientationResponsiveDemo.swift:388:10: warning: previewInterfaceOrientation is ignored in a #Preview macro. Use the `traits` argument of the macro to provide the desired orientation, e.g. `.landscapeLeft`. (from macro 'Preview')
        .previewInterfaceOrientation(.landscapeLeft)
         ^

SwiftCompile normal arm64 Compiling\ OrientationTestView.swift,\ PaymentMethodsView.swift /Users/timyu/Desktop/EasyRide_App/EasyRide/Views/OrientationTestView.swift /Users/timyu/Desktop/EasyRide_App/EasyRide/Views/PaymentMethodsView.swift (in target 'EasyRide' from project 'EasyRide')

SwiftCompile normal arm64 /Users/timyu/Desktop/EasyRide_App/EasyRide/Views/OrientationTestView.swift (in target 'EasyRide' from project 'EasyRide')
    cd /Users/timyu/Desktop/EasyRide_App
    
/Users/timyu/Desktop/EasyRide_App/EasyRide/Views/OrientationResponsiveDemo.swift:388:10: warning: previewInterfaceOrientation is ignored in a #Preview macro. Use the `traits` argument of the macro to provide the desired orientation, e.g. `.landscapeLeft`. (from macro 'Preview')
        .previewInterfaceOrientation(.landscapeLeft)
         ^

SwiftCompile normal arm64 /Users/timyu/Desktop/EasyRide_App/EasyRide/Views/PaymentMethodsView.swift (in target 'EasyRide' from project 'EasyRide')
    cd /Users/timyu/Desktop/EasyRide_App
    
/Users/timyu/Desktop/EasyRide_App/EasyRide/Views/PaymentMethodsView.swift:83:20: warning: value 'wallet' was defined but never used; consider replacing with boolean test
            if let wallet = wallet {
               ~~~~^~~~~~~~~
                                   != nil

SwiftCompile normal arm64 Compiling\ WalletView.swift /Users/timyu/Desktop/EasyRide_App/EasyRide/Views/WalletView.swift (in target 'EasyRide' from project 'EasyRide')

SwiftCompile normal arm64 /Users/timyu/Desktop/EasyRide_App/EasyRide/Views/WalletView.swift (in target 'EasyRide' from project 'EasyRide')
    cd /Users/timyu/Desktop/EasyRide_App
    
/Users/timyu/Desktop/EasyRide_App/EasyRide/Views/OrientationResponsiveDemo.swift:388:10: warning: previewInterfaceOrientation is ignored in a #Preview macro. Use the `traits` argument of the macro to provide the desired orientation, e.g. `.landscapeLeft`. (from macro 'Preview')
        .previewInterfaceOrientation(.landscapeLeft)
         ^

SwiftDriverJobDiscovery normal arm64 Compiling WeChatPaySetupView.swift (in target 'EasyRide' from project 'EasyRide')

SwiftDriverJobDiscovery normal arm64 Compiling ApplePaySetupView.swift, OrderSuccessDriverMatchingView.swift (in target 'EasyRide' from project 'EasyRide')

SwiftDriverJobDiscovery normal arm64 Compiling RegistrationView.swift (in target 'EasyRide' from project 'EasyRide')

SwiftDriverJobDiscovery normal arm64 Compiling ServiceSelectionView.swift (in target 'EasyRide' from project 'EasyRide')

SwiftDriverJobDiscovery normal arm64 Compiling WalletView.swift (in target 'EasyRide' from project 'EasyRide')

SwiftDriverJobDiscovery normal arm64 Compiling OrientationTestView.swift, PaymentMethodsView.swift (in target 'EasyRide' from project 'EasyRide')

SwiftDriverJobDiscovery normal arm64 Emitting module for EasyRide (in target 'EasyRide' from project 'EasyRide')

SwiftDriver\ Compilation\ Requirements EasyRide normal arm64 com.apple.xcode.tools.swift.compiler (in target 'EasyRide' from project 'EasyRide')
    cd /Users/timyu/Desktop/EasyRide_App
    builtin-Swift-Compilation-Requirements -- /Applications/Xcode.app/Contents/Developer/Toolchains/XcodeDefault.xctoolchain/usr/bin/swiftc -module-name EasyRide -Onone -enforce-exclusivity\=checked @/Users/timyu/Library/Developer/Xcode/DerivedData/EasyRide-beugqklueywnwjdnocpyhdzzhnze/Build/Intermediates.noindex/EasyRide.build/Debug-iphonesimulator/EasyRide.build/Objects-normal/arm64/EasyRide.SwiftFileList -DDEBUG -enable-bare-slash-regex -enable-experimental-feature DebugDescriptionMacro -sdk /Applications/Xcode.app/Contents/Developer/Platforms/iPhoneSimulator.platform/Developer/SDKs/iPhoneSimulator26.2.sdk -target arm64-apple-ios18.0-simulator -g -module-cache-path /Users/timyu/Library/Developer/Xcode/DerivedData/ModuleCache.noindex -Xfrontend -serialize-debugging-options -profile-coverage-mapping -profile-generate -enable-testing -index-store-path /Users/timyu/Library/Developer/Xcode/DerivedData/EasyRide-beugqklueywnwjdnocpyhdzzhnze/Index.noindex/DataStore -Xcc -D_LIBCPP_HARDENING_MODE\=_LIBCPP_HARDENING_MODE_DEBUG -swift-version 5 -I /Users/timyu/Library/Developer/Xcode/DerivedData/EasyRide-beugqklueywnwjdnocpyhdzzhnze/Build/Products/Debug-iphonesimulator -F /Users/timyu/Library/Developer/Xcode/DerivedData/EasyRide-beugqklueywnwjdnocpyhdzzhnze/Build/Products/Debug-iphonesimulator -emit-localized-strings -emit-localized-strings-path /Users/timyu/Library/Developer/Xcode/DerivedData/EasyRide-beugqklueywnwjdnocpyhdzzhnze/Build/Intermediates.noindex/EasyRide.build/Debug-iphonesimulator/EasyRide.build/Objects-normal/arm64 -c -j8 -enable-batch-mode -incremental -Xcc -ivfsstatcache -Xcc /Users/timyu/Library/Developer/Xcode/DerivedData/SDKStatCaches.noindex/iphonesimulator26.2-23C53-7d00a8b37fbd7999ea79df8ebc024bf0.sdkstatcache -output-file-map /Users/timyu/Library/Developer/Xcode/DerivedData/EasyRide-beugqklueywnwjdnocpyhdzzhnze/Build/Intermediates.noindex/EasyRide.build/Debug-iphonesimulator/EasyRide.build/Objects-normal/arm64/EasyRide-OutputFileMap.json -use-frontend-parseable-output -save-temps -no-color-diagnostics -explicit-module-build -module-cache-path /Users/timyu/Library/Developer/Xcode/DerivedData/EasyRide-beugqklueywnwjdnocpyhdzzhnze/Build/Intermediates.noindex/SwiftExplicitPrecompiledModules -clang-scanner-module-cache-path /Users/timyu/Library/Developer/Xcode/DerivedData/ModuleCache.noindex -sdk-module-cache-path /Users/timyu/Library/Developer/Xcode/DerivedData/ModuleCache.noindex -serialize-diagnostics -emit-dependencies -emit-module -emit-module-path /Users/timyu/Library/Developer/Xcode/DerivedData/EasyRide-beugqklueywnwjdnocpyhdzzhnze/Build/Intermediates.noindex/EasyRide.build/Debug-iphonesimulator/EasyRide.build/Objects-normal/arm64/EasyRide.swiftmodule -validate-clang-modules-once -clang-build-session-file /Users/timyu/Library/Developer/Xcode/DerivedData/ModuleCache.noindex/Session.modulevalidation -Xcc -I/Users/timyu/Library/Developer/Xcode/DerivedData/EasyRide-beugqklueywnwjdnocpyhdzzhnze/Build/Intermediates.noindex/EasyRide.build/Debug-iphonesimulator/EasyRide.build/swift-overrides.hmap -emit-const-values -Xfrontend -const-gather-protocols-file -Xfrontend /Users/timyu/Library/Developer/Xcode/DerivedData/EasyRide-beugqklueywnwjdnocpyhdzzhnze/Build/Intermediates.noindex/EasyRide.build/Debug-iphonesimulator/EasyRide.build/Objects-normal/arm64/EasyRide_const_extract_protocols.json -Xcc -iquote -Xcc /Users/timyu/Library/Developer/Xcode/DerivedData/EasyRide-beugqklueywnwjdnocpyhdzzhnze/Build/Intermediates.noindex/EasyRide.build/Debug-iphonesimulator/EasyRide.build/EasyRide-generated-files.hmap -Xcc -I/Users/timyu/Library/Developer/Xcode/DerivedData/EasyRide-beugqklueywnwjdnocpyhdzzhnze/Build/Intermediates.noindex/EasyRide.build/Debug-iphonesimulator/EasyRide.build/EasyRide-own-target-headers.hmap -Xcc -I/Users/timyu/Library/Developer/Xcode/DerivedData/EasyRide-beugqklueywnwjdnocpyhdzzhnze/Build/Intermediates.noindex/EasyRide.build/Debug-iphonesimulator/EasyRide.build/EasyRide-all-target-headers.hmap -Xcc -iquote -Xcc /Users/timyu/Library/Developer/Xcode/DerivedData/EasyRide-beugqklueywnwjdnocpyhdzzhnze/Build/Intermediates.noindex/EasyRide.build/Debug-iphonesimulator/EasyRide.build/EasyRide-project-headers.hmap -Xcc -I/Users/timyu/Library/Developer/Xcode/DerivedData/EasyRide-beugqklueywnwjdnocpyhdzzhnze/Build/Products/Debug-iphonesimulator/include -Xcc -I/Users/timyu/Library/Developer/Xcode/DerivedData/EasyRide-beugqklueywnwjdnocpyhdzzhnze/Build/Intermediates.noindex/EasyRide.build/Debug-iphonesimulator/EasyRide.build/DerivedSources-normal/arm64 -Xcc -I/Users/timyu/Library/Developer/Xcode/DerivedData/EasyRide-beugqklueywnwjdnocpyhdzzhnze/Build/Intermediates.noindex/EasyRide.build/Debug-iphonesimulator/EasyRide.build/DerivedSources/arm64 -Xcc -I/Users/timyu/Library/Developer/Xcode/DerivedData/EasyRide-beugqklueywnwjdnocpyhdzzhnze/Build/Intermediates.noindex/EasyRide.build/Debug-iphonesimulator/EasyRide.build/DerivedSources -Xcc -DDEBUG\=1 -emit-objc-header -emit-objc-header-path /Users/timyu/Library/Developer/Xcode/DerivedData/EasyRide-beugqklueywnwjdnocpyhdzzhnze/Build/Intermediates.noindex/EasyRide.build/Debug-iphonesimulator/EasyRide.build/Objects-normal/arm64/EasyRide-Swift.h -working-directory /Users/timyu/Desktop/EasyRide_App -experimental-emit-module-separately -disable-cmo

Copy /Users/timyu/Library/Developer/Xcode/DerivedData/EasyRide-beugqklueywnwjdnocpyhdzzhnze/Build/Products/Debug-iphonesimulator/EasyRide.swiftmodule/arm64-apple-ios-simulator.abi.json /Users/timyu/Library/Developer/Xcode/DerivedData/EasyRide-beugqklueywnwjdnocpyhdzzhnze/Build/Intermediates.noindex/EasyRide.build/Debug-iphonesimulator/EasyRide.build/Objects-normal/arm64/EasyRide.abi.json (in target 'EasyRide' from project 'EasyRide')
    cd /Users/timyu/Desktop/EasyRide_App
    builtin-copy -exclude .DS_Store -exclude CVS -exclude .svn -exclude .git -exclude .hg -resolve-src-symlinks -rename /Users/timyu/Library/Developer/Xcode/DerivedData/EasyRide-beugqklueywnwjdnocpyhdzzhnze/Build/Intermediates.noindex/EasyRide.build/Debug-iphonesimulator/EasyRide.build/Objects-normal/arm64/EasyRide.abi.json /Users/timyu/Library/Developer/Xcode/DerivedData/EasyRide-beugqklueywnwjdnocpyhdzzhnze/Build/Products/Debug-iphonesimulator/EasyRide.swiftmodule/arm64-apple-ios-simulator.abi.json

SwiftDriver EasyRideUITests normal arm64 com.apple.xcode.tools.swift.compiler (in target 'EasyRideUITests' from project 'EasyRide')
    cd /Users/timyu/Desktop/EasyRide_App
    builtin-SwiftDriver -- /Applications/Xcode.app/Contents/Developer/Toolchains/XcodeDefault.xctoolchain/usr/bin/swiftc -module-name EasyRideUITests -Onone -enforce-exclusivity\=checked @/Users/timyu/Library/Developer/Xcode/DerivedData/EasyRide-beugqklueywnwjdnocpyhdzzhnze/Build/Intermediates.noindex/EasyRide.build/Debug-iphonesimulator/EasyRideUITests.build/Objects-normal/arm64/EasyRideUITests.SwiftFileList -DDEBUG -module-alias Testing\=_Testing_Unavailable -plugin-path /Applications/Xcode.app/Contents/Developer/Toolchains/XcodeDefault.xctoolchain/usr/lib/swift/host/plugins/testing -enable-bare-slash-regex -enable-experimental-feature DebugDescriptionMacro -sdk /Applications/Xcode.app/Contents/Developer/Platforms/iPhoneSimulator.platform/Developer/SDKs/iPhoneSimulator26.2.sdk -target arm64-apple-ios18.5-simulator -g -module-cache-path /Users/timyu/Library/Developer/Xcode/DerivedData/ModuleCache.noindex -Xfrontend -serialize-debugging-options -profile-coverage-mapping -profile-generate -enable-testing -index-store-path /Users/timyu/Library/Developer/Xcode/DerivedData/EasyRide-beugqklueywnwjdnocpyhdzzhnze/Index.noindex/DataStore -Xcc -D_LIBCPP_HARDENING_MODE\=_LIBCPP_HARDENING_MODE_DEBUG -swift-version 5 -I /Users/timyu/Library/Developer/Xcode/DerivedData/EasyRide-beugqklueywnwjdnocpyhdzzhnze/Build/Products/Debug-iphonesimulator -Isystem /Applications/Xcode.app/Contents/Developer/Platforms/iPhoneSimulator.platform/Developer/usr/lib -F /Users/timyu/Library/Developer/Xcode/DerivedData/EasyRide-beugqklueywnwjdnocpyhdzzhnze/Build/Products/Debug-iphonesimulator -F /Applications/Xcode.app/Contents/Developer/Platforms/iPhoneSimulator.platform/Developer/Library/Frameworks -F /Applications/Xcode.app/Contents/Developer/Platforms/iPhoneSimulator.platform/Developer/SDKs/iPhoneSimulator26.2.sdk/Developer/Library/Frameworks -c -j8 -enable-batch-mode -incremental -Xcc -ivfsstatcache -Xcc /Users/timyu/Library/Developer/Xcode/DerivedData/SDKStatCaches.noindex/iphonesimulator26.2-23C53-7d00a8b37fbd7999ea79df8ebc024bf0.sdkstatcache -output-file-map /Users/timyu/Library/Developer/Xcode/DerivedData/EasyRide-beugqklueywnwjdnocpyhdzzhnze/Build/Intermediates.noindex/EasyRide.build/Debug-iphonesimulator/EasyRideUITests.build/Objects-normal/arm64/EasyRideUITests-OutputFileMap.json -use-frontend-parseable-output -save-temps -no-color-diagnostics -explicit-module-build -module-cache-path /Users/timyu/Library/Developer/Xcode/DerivedData/EasyRide-beugqklueywnwjdnocpyhdzzhnze/Build/Intermediates.noindex/SwiftExplicitPrecompiledModules -clang-scanner-module-cache-path /Users/timyu/Library/Developer/Xcode/DerivedData/ModuleCache.noindex -sdk-module-cache-path /Users/timyu/Library/Developer/Xcode/DerivedData/ModuleCache.noindex -serialize-diagnostics -emit-dependencies -emit-module -emit-module-path /Users/timyu/Library/Developer/Xcode/DerivedData/EasyRide-beugqklueywnwjdnocpyhdzzhnze/Build/Intermediates.noindex/EasyRide.build/Debug-iphonesimulator/EasyRideUITests.build/Objects-normal/arm64/EasyRideUITests.swiftmodule -validate-clang-modules-once -clang-build-session-file /Users/timyu/Library/Developer/Xcode/DerivedData/ModuleCache.noindex/Session.modulevalidation -Xcc -I/Users/timyu/Library/Developer/Xcode/DerivedData/EasyRide-beugqklueywnwjdnocpyhdzzhnze/Build/Intermediates.noindex/EasyRide.build/Debug-iphonesimulator/EasyRideUITests.build/swift-overrides.hmap -emit-const-values -Xfrontend -const-gather-protocols-file -Xfrontend /Users/timyu/Library/Developer/Xcode/DerivedData/EasyRide-beugqklueywnwjdnocpyhdzzhnze/Build/Intermediates.noindex/EasyRide.build/Debug-iphonesimulator/EasyRideUITests.build/Objects-normal/arm64/EasyRideUITests_const_extract_protocols.json -Xcc -iquote -Xcc /Users/timyu/Library/Developer/Xcode/DerivedData/EasyRide-beugqklueywnwjdnocpyhdzzhnze/Build/Intermediates.noindex/EasyRide.build/Debug-iphonesimulator/EasyRideUITests.build/EasyRideUITests-generated-files.hmap -Xcc -I/Users/timyu/Library/Developer/Xcode/DerivedData/EasyRide-beugqklueywnwjdnocpyhdzzhnze/Build/Intermediates.noindex/EasyRide.build/Debug-iphonesimulator/EasyRideUITests.build/EasyRideUITests-own-target-headers.hmap -Xcc -I/Users/timyu/Library/Developer/Xcode/DerivedData/EasyRide-beugqklueywnwjdnocpyhdzzhnze/Build/Intermediates.noindex/EasyRide.build/Debug-iphonesimulator/EasyRideUITests.build/EasyRideUITests-all-target-headers.hmap -Xcc -iquote -Xcc /Users/timyu/Library/Developer/Xcode/DerivedData/EasyRide-beugqklueywnwjdnocpyhdzzhnze/Build/Intermediates.noindex/EasyRide.build/Debug-iphonesimulator/EasyRideUITests.build/EasyRideUITests-project-headers.hmap -Xcc -I/Users/timyu/Library/Developer/Xcode/DerivedData/EasyRide-beugqklueywnwjdnocpyhdzzhnze/Build/Products/Debug-iphonesimulator/include -Xcc -I/Users/timyu/Library/Developer/Xcode/DerivedData/EasyRide-beugqklueywnwjdnocpyhdzzhnze/Build/Intermediates.noindex/EasyRide.build/Debug-iphonesimulator/EasyRideUITests.build/DerivedSources-normal/arm64 -Xcc -I/Users/timyu/Library/Developer/Xcode/DerivedData/EasyRide-beugqklueywnwjdnocpyhdzzhnze/Build/Intermediates.noindex/EasyRide.build/Debug-iphonesimulator/EasyRideUITests.build/DerivedSources/arm64 -Xcc -I/Users/timyu/Library/Developer/Xcode/DerivedData/EasyRide-beugqklueywnwjdnocpyhdzzhnze/Build/Intermediates.noindex/EasyRide.build/Debug-iphonesimulator/EasyRideUITests.build/DerivedSources -Xcc -DDEBUG\=1 -emit-objc-header -emit-objc-header-path /Users/timyu/Library/Developer/Xcode/DerivedData/EasyRide-beugqklueywnwjdnocpyhdzzhnze/Build/Intermediates.noindex/EasyRide.build/Debug-iphonesimulator/EasyRideUITests.build/Objects-normal/arm64/EasyRideUITests-Swift.h -working-directory /Users/timyu/Desktop/EasyRide_App -experimental-emit-module-separately -disable-cmo

SwiftDriver EasyRideTests normal arm64 com.apple.xcode.tools.swift.compiler (in target 'EasyRideTests' from project 'EasyRide')
    cd /Users/timyu/Desktop/EasyRide_App
    builtin-SwiftDriver -- /Applications/Xcode.app/Contents/Developer/Toolchains/XcodeDefault.xctoolchain/usr/bin/swiftc -module-name EasyRideTests -Onone -enforce-exclusivity\=checked @/Users/timyu/Library/Developer/Xcode/DerivedData/EasyRide-beugqklueywnwjdnocpyhdzzhnze/Build/Intermediates.noindex/EasyRide.build/Debug-iphonesimulator/EasyRideTests.build/Objects-normal/arm64/EasyRideTests.SwiftFileList -DDEBUG -plugin-path /Applications/Xcode.app/Contents/Developer/Toolchains/XcodeDefault.xctoolchain/usr/lib/swift/host/plugins/testing -enable-bare-slash-regex -enable-experimental-feature DebugDescriptionMacro -sdk /Applications/Xcode.app/Contents/Developer/Platforms/iPhoneSimulator.platform/Developer/SDKs/iPhoneSimulator26.2.sdk -target arm64-apple-ios18.5-simulator -g -module-cache-path /Users/timyu/Library/Developer/Xcode/DerivedData/ModuleCache.noindex -Xfrontend -serialize-debugging-options -profile-coverage-mapping -profile-generate -enable-testing -index-store-path /Users/timyu/Library/Developer/Xcode/DerivedData/EasyRide-beugqklueywnwjdnocpyhdzzhnze/Index.noindex/DataStore -Xcc -D_LIBCPP_HARDENING_MODE\=_LIBCPP_HARDENING_MODE_DEBUG -swift-version 5 -I /Users/timyu/Library/Developer/Xcode/DerivedData/EasyRide-beugqklueywnwjdnocpyhdzzhnze/Build/Products/Debug-iphonesimulator -Isystem /Applications/Xcode.app/Contents/Developer/Platforms/iPhoneSimulator.platform/Developer/usr/lib -F /Users/timyu/Library/Developer/Xcode/DerivedData/EasyRide-beugqklueywnwjdnocpyhdzzhnze/Build/Products/Debug-iphonesimulator -F /Applications/Xcode.app/Contents/Developer/Platforms/iPhoneSimulator.platform/Developer/Library/Frameworks -F /Applications/Xcode.app/Contents/Developer/Platforms/iPhoneSimulator.platform/Developer/SDKs/iPhoneSimulator26.2.sdk/Developer/Library/Frameworks -c -j8 -enable-batch-mode -incremental -Xcc -ivfsstatcache -Xcc /Users/timyu/Library/Developer/Xcode/DerivedData/SDKStatCaches.noindex/iphonesimulator26.2-23C53-7d00a8b37fbd7999ea79df8ebc024bf0.sdkstatcache -output-file-map /Users/timyu/Library/Developer/Xcode/DerivedData/EasyRide-beugqklueywnwjdnocpyhdzzhnze/Build/Intermediates.noindex/EasyRide.build/Debug-iphonesimulator/EasyRideTests.build/Objects-normal/arm64/EasyRideTests-OutputFileMap.json -use-frontend-parseable-output -save-temps -no-color-diagnostics -explicit-module-build -module-cache-path /Users/timyu/Library/Developer/Xcode/DerivedData/EasyRide-beugqklueywnwjdnocpyhdzzhnze/Build/Intermediates.noindex/SwiftExplicitPrecompiledModules -clang-scanner-module-cache-path /Users/timyu/Library/Developer/Xcode/DerivedData/ModuleCache.noindex -sdk-module-cache-path /Users/timyu/Library/Developer/Xcode/DerivedData/ModuleCache.noindex -serialize-diagnostics -emit-dependencies -emit-module -emit-module-path /Users/timyu/Library/Developer/Xcode/DerivedData/EasyRide-beugqklueywnwjdnocpyhdzzhnze/Build/Intermediates.noindex/EasyRide.build/Debug-iphonesimulator/EasyRideTests.build/Objects-normal/arm64/EasyRideTests.swiftmodule -validate-clang-modules-once -clang-build-session-file /Users/timyu/Library/Developer/Xcode/DerivedData/ModuleCache.noindex/Session.modulevalidation -Xcc -I/Users/timyu/Library/Developer/Xcode/DerivedData/EasyRide-beugqklueywnwjdnocpyhdzzhnze/Build/Intermediates.noindex/EasyRide.build/Debug-iphonesimulator/EasyRideTests.build/swift-overrides.hmap -emit-const-values -Xfrontend -const-gather-protocols-file -Xfrontend /Users/timyu/Library/Developer/Xcode/DerivedData/EasyRide-beugqklueywnwjdnocpyhdzzhnze/Build/Intermediates.noindex/EasyRide.build/Debug-iphonesimulator/EasyRideTests.build/Objects-normal/arm64/EasyRideTests_const_extract_protocols.json -Xcc -iquote -Xcc /Users/timyu/Library/Developer/Xcode/DerivedData/EasyRide-beugqklueywnwjdnocpyhdzzhnze/Build/Intermediates.noindex/EasyRide.build/Debug-iphonesimulator/EasyRideTests.build/EasyRideTests-generated-files.hmap -Xcc -I/Users/timyu/Library/Developer/Xcode/DerivedData/EasyRide-beugqklueywnwjdnocpyhdzzhnze/Build/Intermediates.noindex/EasyRide.build/Debug-iphonesimulator/EasyRideTests.build/EasyRideTests-own-target-headers.hmap -Xcc -I/Users/timyu/Library/Developer/Xcode/DerivedData/EasyRide-beugqklueywnwjdnocpyhdzzhnze/Build/Intermediates.noindex/EasyRide.build/Debug-iphonesimulator/EasyRideTests.build/EasyRideTests-all-target-headers.hmap -Xcc -iquote -Xcc /Users/timyu/Library/Developer/Xcode/DerivedData/EasyRide-beugqklueywnwjdnocpyhdzzhnze/Build/Intermediates.noindex/EasyRide.build/Debug-iphonesimulator/EasyRideTests.build/EasyRideTests-project-headers.hmap -Xcc -I/Users/timyu/Library/Developer/Xcode/DerivedData/EasyRide-beugqklueywnwjdnocpyhdzzhnze/Build/Products/Debug-iphonesimulator/include -Xcc -I/Users/timyu/Library/Developer/Xcode/DerivedData/EasyRide-beugqklueywnwjdnocpyhdzzhnze/Build/Intermediates.noindex/EasyRide.build/Debug-iphonesimulator/EasyRideTests.build/DerivedSources-normal/arm64 -Xcc -I/Users/timyu/Library/Developer/Xcode/DerivedData/EasyRide-beugqklueywnwjdnocpyhdzzhnze/Build/Intermediates.noindex/EasyRide.build/Debug-iphonesimulator/EasyRideTests.build/DerivedSources/arm64 -Xcc -I/Users/timyu/Library/Developer/Xcode/DerivedData/EasyRide-beugqklueywnwjdnocpyhdzzhnze/Build/Intermediates.noindex/EasyRide.build/Debug-iphonesimulator/EasyRideTests.build/DerivedSources -Xcc -DDEBUG\=1 -emit-objc-header -emit-objc-header-path /Users/timyu/Library/Developer/Xcode/DerivedData/EasyRide-beugqklueywnwjdnocpyhdzzhnze/Build/Intermediates.noindex/EasyRide.build/Debug-iphonesimulator/EasyRideTests.build/Objects-normal/arm64/EasyRideTests-Swift.h -working-directory /Users/timyu/Desktop/EasyRide_App -experimental-emit-module-separately -disable-cmo

SwiftCompile normal arm64 Compiling\ AccessibilityTests.swift,\ AdaptiveLayoutTests.swift,\ AuthenticationViewModelTests.swift /Users/timyu/Desktop/EasyRide_App/EasyRide/Tests/AccessibilityTests.swift /Users/timyu/Desktop/EasyRide_App/EasyRide/Tests/AdaptiveLayoutTests.swift /Users/timyu/Desktop/EasyRide_App/EasyRide/Tests/AuthenticationViewModelTests.swift (in target 'EasyRideTests' from project 'EasyRide')
Failed frontend command:
/Applications/Xcode.app/Contents/Developer/Toolchains/XcodeDefault.xctoolchain/usr/bin/swift-frontend -frontend -c -primary-file /Users/timyu/Desktop/EasyRide_App/EasyRide/Tests/AccessibilityTests.swift -primary-file /Users/timyu/Desktop/EasyRide_App/EasyRide/Tests/AdaptiveLayoutTests.swift -primary-file /Users/timyu/Desktop/EasyRide_App/EasyRide/Tests/AuthenticationViewModelTests.swift /Users/timyu/Desktop/EasyRide_App/EasyRide/Tests/BookingViewModelTests.swift /Users/timyu/Desktop/EasyRide_App/EasyRide/Tests/ChatInterfaceTests.swift /Users/timyu/Desktop/EasyRide_App/EasyRide/Tests/LocalizationTests.swift /Users/timyu/Desktop/EasyRide_App/EasyRide/Tests/MockAPIService.swift /Users/timyu/Desktop/EasyRide_App/EasyRide/Tests/OrderTrackingCompilationTest.swift /Users/timyu/Desktop/EasyRide_App/EasyRide/Tests/OrderTrackingViewModelTests.swift /Users/timyu/Desktop/EasyRide_App/EasyRide/Tests/OrientationLayoutTests.swift /Users/timyu/Desktop/EasyRide_App/EasyRide/Tests/ResponsiveLayoutTests.swift /Users/timyu/Desktop/EasyRide_App/EasyRide/Tests/ResponsiveLayoutUtilsTests.swift /Users/timyu/Desktop/EasyRide_App/EasyRide/Tests/ServiceSelectionTests.swift /Users/timyu/Desktop/EasyRide_App/EasyRide/Tests/ServiceSelectionUITests.swift /Users/timyu/Desktop/EasyRide_App/EasyRideTests/EasyRideTests.swift /Users/timyu/Desktop/EasyRide_App/EasyRide/Tests/TripConfigurationModeTests.swift /Users/timyu/Desktop/EasyRide_App/EasyRide/Tests/TripConfigurationTests.swift /Users/timyu/Desktop/EasyRide_App/EasyRide/Tests/TripModificationTests.swift /Users/timyu/Desktop/EasyRide_App/EasyRide/Tests/ValueAddedServicesTests.swift /Users/timyu/Desktop/EasyRide_App/EasyRide/Tests/verify_booking_integration.swift /Users/timyu/Desktop/EasyRide_App/EasyRide/Tests/verify_chat_interface.swift /Users/timyu/Desktop/EasyRide_App/EasyRide/Tests/verify_service_selection.swift /Users/timyu/Desktop/EasyRide_App/EasyRide/Tests/VoiceOverSupportTests.swift -supplementary-output-file-map /Users/timyu/Library/Developer/Xcode/DerivedData/EasyRide-beugqklueywnwjdnocpyhdzzhnze/Build/Intermediates.noindex/EasyRide.build/Debug-iphonesimulator/EasyRideTests.build/Objects-normal/arm64/supplementaryOutputs-1 -target arm64-apple-ios18.5-simulator -disable-cross-import-overlay-search -swift-module-cross-import MapKit /Applications/Xcode.app/Contents/Developer/Platforms/iPhoneSimulator.platform/Developer/SDKs/iPhoneSimulator.sdk/System/Library/Frameworks/MapKit.framework/Modules/MapKit.swiftcrossimport/SwiftUI.swiftoverlay -swift-module-cross-import Testing /Applications/Xcode.app/Contents/Developer/Platforms/iPhoneSimulator.platform/Developer/Library/Frameworks/Testing.framework/Modules/Testing.swiftcrossimport/Foundation.swiftoverlay -load-resolved-plugin /Applications/Xcode.app/Contents/Developer/Platforms/iPhoneOS.platform/Developer/usr/lib/swift/host/plugins/libFoundationMacros.dylib\#/Applications/Xcode.app/Contents/Developer/Platforms/iPhoneOS.platform/Developer/usr/bin/swift-plugin-server\#FoundationMacros -load-resolved-plugin /Applications/Xcode.app/Contents/Developer/Platforms/iPhoneOS.platform/Developer/usr/lib/swift/host/plugins/libObservationMacros.dylib\#/Applications/Xcode.app/Contents/Developer/Platforms/iPhoneOS.platform/Developer/usr/bin/swift-plugin-server\#ObservationMacros -load-resolved-plugin /Applications/Xcode.app/Contents/Developer/Platforms/iPhoneOS.platform/Developer/usr/lib/swift/host/plugins/libPreviewsMacros.dylib\#/Applications/Xcode.app/Contents/Developer/Platforms/iPhoneOS.platform/Developer/usr/bin/swift-plugin-server\#PreviewsMacros -load-resolved-plugin /Applications/Xcode.app/Contents/Developer/Platforms/iPhoneOS.platform/Developer/usr/lib/swift/host/plugins/libSwiftMacros.dylib\#/Applications/Xcode.app/Contents/Developer/Platforms/iPhoneOS.platform/Developer/usr/bin/swift-plugin-server\#SwiftMacros -load-resolved-plugin /Applications/Xcode.app/Contents/Developer/Platforms/iPhoneOS.platform/Developer/usr/lib/swift/host/plugins/libSwiftUIMacros.dylib\#/Applications/Xcode.app/Contents/Developer/Platforms/iPhoneOS.platform/Developer/usr/bin/swift-plugin-server\#SwiftUIMacros -load-resolved-plugin /Applications/Xcode.app/Contents/Developer/Toolchains/XcodeDefault.xctoolchain/usr/lib/swift/host/plugins/testing/libTestingMacros.dylib\#\#TestingMacros -disable-implicit-swift-modules -Xcc -fno-implicit-modules -Xcc -fno-implicit-module-maps -explicit-swift-module-map-file /Users/timyu/Library/Developer/Xcode/DerivedData/EasyRide-beugqklueywnwjdnocpyhdzzhnze/Build/Intermediates.noindex/EasyRide.build/Debug-iphonesimulator/EasyRideTests.build/Objects-normal/arm64/EasyRideTests-dependencies-1.json -Xllvm -aarch64-use-tbi -enable-objc-interop -sdk /Applications/Xcode.app/Contents/Developer/Platforms/iPhoneSimulator.platform/Developer/SDKs/iPhoneSimulator26.2.sdk -I /Users/timyu/Library/Developer/Xcode/DerivedData/EasyRide-beugqklueywnwjdnocpyhdzzhnze/Build/Products/Debug-iphonesimulator -Isystem /Applications/Xcode.app/Contents/Developer/Platforms/iPhoneSimulator.platform/Developer/usr/lib -F /Users/timyu/Library/Developer/Xcode/DerivedData/EasyRide-beugqklueywnwjdnocpyhdzzhnze/Build/Products/Debug-iphonesimulator -F /Applications/Xcode.app/Contents/Developer/Platforms/iPhoneSimulator.platform/Developer/Library/Frameworks -F /Applications/Xcode.app/Contents/Developer/Platforms/iPhoneSimulator.platform/Developer/SDKs/iPhoneSimulator26.2.sdk/Developer/Library/Frameworks -no-color-diagnostics -Xcc -fno-color-diagnostics -enable-testing -g -debug-info-format\=dwarf -dwarf-version\=5 -module-cache-path /Users/timyu/Library/Developer/Xcode/DerivedData/EasyRide-beugqklueywnwjdnocpyhdzzhnze/Build/Intermediates.noindex/SwiftExplicitPrecompiledModules -profile-generate -profile-coverage-mapping -swift-version 5 -enforce-exclusivity\=checked -Onone -D DEBUG -serialize-debugging-options -const-gather-protocols-file /Users/timyu/Library/Developer/Xcode/DerivedData/EasyRide-beugqklueywnwjdnocpyhdzzhnze/Build/Intermediates.noindex/EasyRide.build/Debug-iphonesimulator/EasyRideTests.build/Objects-normal/arm64/EasyRideTests_const_extract_protocols.json -enable-experimental-feature DebugDescriptionMacro -enable-bare-slash-regex -empty-abi-descriptor -validate-clang-modules-once -clang-build-session-file /Users/timyu/Library/Developer/Xcode/DerivedData/ModuleCache.noindex/Session.modulevalidation -Xcc -working-directory -Xcc /Users/timyu/Desktop/EasyRide_App -enable-anonymous-context-mangled-names -file-compilation-dir /Users/timyu/Desktop/EasyRide_App -Xcc -D_LIBCPP_HARDENING_MODE\=_LIBCPP_HARDENING_MODE_DEBUG -Xcc -ivfsstatcache -Xcc /Users/timyu/Library/Developer/Xcode/DerivedData/SDKStatCaches.noindex/iphonesimulator26.2-23C53-7d00a8b37fbd7999ea79df8ebc024bf0.sdkstatcache -Xcc -I/Users/timyu/Library/Developer/Xcode/DerivedData/EasyRide-beugqklueywnwjdnocpyhdzzhnze/Build/Intermediates.noindex/EasyRide.build/Debug-iphonesimulator/EasyRideTests.build/swift-overrides.hmap -Xcc -iquote -Xcc /Users/timyu/Library/Developer/Xcode/DerivedData/EasyRide-beugqklueywnwjdnocpyhdzzhnze/Build/Intermediates.noindex/EasyRide.build/Debug-iphonesimulator/EasyRideTests.build/EasyRideTests-generated-files.hmap -Xcc -I/Users/timyu/Library/Developer/Xcode/DerivedData/EasyRide-beugqklueywnwjdnocpyhdzzhnze/Build/Intermediates.noindex/EasyRide.build/Debug-iphonesimulator/EasyRideTests.build/EasyRideTests-own-target-headers.hmap -Xcc -I/Users/timyu/Library/Developer/Xcode/DerivedData/EasyRide-beugqklueywnwjdnocpyhdzzhnze/Build/Intermediates.noindex/EasyRide.build/Debug-iphonesimulator/EasyRideTests.build/EasyRideTests-all-target-headers.hmap -Xcc -iquote -Xcc /Users/timyu/Library/Developer/Xcode/DerivedData/EasyRide-beugqklueywnwjdnocpyhdzzhnze/Build/Intermediates.noindex/EasyRide.build/Debug-iphonesimulator/EasyRideTests.build/EasyRideTests-project-headers.hmap -Xcc -I/Users/timyu/Library/Developer/Xcode/DerivedData/EasyRide-beugqklueywnwjdnocpyhdzzhnze/Build/Products/Debug-iphonesimulator/include -Xcc -I/Users/timyu/Library/Developer/Xcode/DerivedData/EasyRide-beugqklueywnwjdnocpyhdzzhnze/Build/Intermediates.noindex/EasyRide.build/Debug-iphonesimulator/EasyRideTests.build/DerivedSources-normal/arm64 -Xcc -I/Users/timyu/Library/Developer/Xcode/DerivedData/EasyRide-beugqklueywnwjdnocpyhdzzhnze/Build/Intermediates.noindex/EasyRide.build/Debug-iphonesimulator/EasyRideTests.build/DerivedSources/arm64 -Xcc -I/Users/timyu/Library/Developer/Xcode/DerivedData/EasyRide-beugqklueywnwjdnocpyhdzzhnze/Build/Intermediates.noindex/EasyRide.build/Debug-iphonesimulator/EasyRideTests.build/DerivedSources -Xcc -DDEBUG\=1 -no-auto-bridging-header-chaining -module-name EasyRideTests -frontend-parseable-output -disable-clang-spi -target-sdk-version 26.2 -target-sdk-name iphonesimulator26.2 -clang-target arm64-apple-ios26.2-simulator -in-process-plugin-server-path /Applications/Xcode.app/Contents/Developer/Toolchains/XcodeDefault.xctoolchain/usr/lib/swift/host/libSwiftInProcPluginServer.dylib -o /Users/timyu/Library/Developer/Xcode/DerivedData/EasyRide-beugqklueywnwjdnocpyhdzzhnze/Build/Intermediates.noindex/EasyRide.build/Debug-iphonesimulator/EasyRideTests.build/Objects-normal/arm64/AccessibilityTests.o -o /Users/timyu/Library/Developer/Xcode/DerivedData/EasyRide-beugqklueywnwjdnocpyhdzzhnze/Build/Intermediates.noindex/EasyRide.build/Debug-iphonesimulator/EasyRideTests.build/Objects-normal/arm64/AdaptiveLayoutTests.o -o /Users/timyu/Library/Developer/Xcode/DerivedData/EasyRide-beugqklueywnwjdnocpyhdzzhnze/Build/Intermediates.noindex/EasyRide.build/Debug-iphonesimulator/EasyRideTests.build/Objects-normal/arm64/AuthenticationViewModelTests.o -index-unit-output-path /EasyRide.build/Debug-iphonesimulator/EasyRideTests.build/Objects-normal/arm64/AccessibilityTests.o -index-unit-output-path /EasyRide.build/Debug-iphonesimulator/EasyRideTests.build/Objects-normal/arm64/AdaptiveLayoutTests.o -index-unit-output-path /EasyRide.build/Debug-iphonesimulator/EasyRideTests.build/Objects-normal/arm64/AuthenticationViewModelTests.o -index-store-path /Users/timyu/Library/Developer/Xcode/DerivedData/EasyRide-beugqklueywnwjdnocpyhdzzhnze/Index.noindex/DataStore -index-system-modules

SwiftCompile normal arm64 /Users/timyu/Desktop/EasyRide_App/EasyRide/Tests/AccessibilityTests.swift (in target 'EasyRideTests' from project 'EasyRide')
    cd /Users/timyu/Desktop/EasyRide_App
    
/Users/timyu/Desktop/EasyRide_App/EasyRide/Tests/AccessibilityTests.swift:287:41: error: value of type 'Any?' has no member 'description'
        return !label.isEmpty || !value.description.isEmpty
                                  ~~~~~ ^~~~~~~~~~~
/Users/timyu/Desktop/EasyRide_App/EasyRide/Tests/AccessibilityTests.swift:295:19: error: cannot find 'traits' in scope
        Traits: \(traits)
                  ^~~~~~

SwiftCompile normal arm64 /Users/timyu/Desktop/EasyRide_App/EasyRide/Tests/AdaptiveLayoutTests.swift (in target 'EasyRideTests' from project 'EasyRide')
    cd /Users/timyu/Desktop/EasyRide_App
    
/Users/timyu/Desktop/EasyRide_App/EasyRide/Tests/AdaptiveLayoutTests.swift:70:34: warning: 'is' test is always true
        XCTAssertTrue(isPortrait is Bool)
                                 ^
/Users/timyu/Desktop/EasyRide_App/EasyRide/Tests/AdaptiveLayoutTests.swift:77:35: warning: 'is' test is always true
        XCTAssertTrue(isLandscape is Bool)
                                  ^

SwiftCompile normal arm64 /Users/timyu/Desktop/EasyRide_App/EasyRide/Tests/AuthenticationViewModelTests.swift (in target 'EasyRideTests' from project 'EasyRide')
    cd /Users/timyu/Desktop/EasyRide_App
    
/Users/timyu/Desktop/EasyRide_App/EasyRide/Tests/AuthenticationViewModelTests.swift:23:19: error: value of type 'AuthenticationViewModel' has no member 'password'
        viewModel.password = "password123"
        ~~~~~~~~~ ^~~~~~~~
/Users/timyu/Desktop/EasyRide_App/EasyRide/Tests/AuthenticationViewModelTests.swift:26:28: error: extra arguments at positions #5, #6, #7, #8 in call
        let mockUser = User(
                           ^
EasyRide.User.init:2:10: note: 'init(id:name:email:phoneNumber:profileImage:preferredLanguage:createdAt:isVerified:)' declared here
internal init(id: String = UUID().uuidString, name: String, email: String, phoneNumber: String? = nil, profileImage: String? = nil, preferredLanguage: String? = nil, createdAt: Date = Date(), isVerified: Bool = false)}
         ^
/Users/timyu/Desktop/EasyRide_App/EasyRide/Tests/AuthenticationViewModelTests.swift:28:34: error: missing argument for parameter 'email' in call
            nickname: "Test User",
                                 ^
                                 , email: <#String#>
EasyRide.User.init:2:10: note: 'init(id:name:email:phoneNumber:profileImage:preferredLanguage:createdAt:isVerified:)' declared here
internal init(id: String = UUID().uuidString, name: String, email: String, phoneNumber: String? = nil, profileImage: String? = nil, preferredLanguage: String? = nil, createdAt: Date = Date(), isVerified: Bool = false)}
         ^
/Users/timyu/Desktop/EasyRide_App/EasyRide/Tests/AuthenticationViewModelTests.swift:34:24: error: cannot infer contextual base in reference to member 'standard'
            vipLevel: .standard
                      ~^~~~~~~~
/Users/timyu/Desktop/EasyRide_App/EasyRide/Tests/AuthenticationViewModelTests.swift:44:64: error: type 'APIEndpoint' has no member 'login'
        mockAPIService.setMockResponse(mockAuthResponse, for: .login(phoneNumber: viewModel.phoneNumber, password: viewModel.password))
                                                              ~^~~~~
/Users/timyu/Desktop/EasyRide_App/EasyRide/Tests/AuthenticationViewModelTests.swift:44:126: error: value of type 'AuthenticationViewModel' has no member 'password'
        mockAPIService.setMockResponse(mockAuthResponse, for: .login(phoneNumber: viewModel.phoneNumber, password: viewModel.password))
                                                                                                                   ~~~~~~~~~ ^~~~~~~~
/Users/timyu/Desktop/EasyRide_App/EasyRide/Tests/AuthenticationViewModelTests.swift:47:25: error: value of type 'AuthenticationViewModel' has no member 'loginWithPassword'
        await viewModel.loginWithPassword()
              ~~~~~~~~~ ^~~~~~~~~~~~~~~~~
/Users/timyu/Desktop/EasyRide_App/EasyRide/Tests/AuthenticationViewModelTests.swift:59:34: error: value of type 'AuthenticationViewModel' has no member 'password'
        XCTAssertEqual(viewModel.password, "")
                       ~~~~~~~~~ ^~~~~~~~
/Users/timyu/Desktop/EasyRide_App/EasyRide/Tests/AuthenticationViewModelTests.swift:67:19: error: value of type 'AuthenticationViewModel' has no member 'password'
        viewModel.password = ""
        ~~~~~~~~~ ^~~~~~~~
/Users/timyu/Desktop/EasyRide_App/EasyRide/Tests/AuthenticationViewModelTests.swift:70:25: error: value of type 'AuthenticationViewModel' has no member 'loginWithPassword'
        await viewModel.loginWithPassword()
              ~~~~~~~~~ ^~~~~~~~~~~~~~~~~
/Users/timyu/Desktop/EasyRide_App/EasyRide/Tests/AuthenticationViewModelTests.swift:75:35: error: value of type 'AuthenticationViewModel' has no member 'passwordError'
        XCTAssertNotNil(viewModel.passwordError)
                        ~~~~~~~~~ ^~~~~~~~~~~~~
/Users/timyu/Desktop/EasyRide_App/EasyRide/Tests/AuthenticationViewModelTests.swift:87:19: error: value of type 'AuthenticationViewModel' has no member 'password'
        viewModel.password = "password123"
        ~~~~~~~~~ ^~~~~~~~
/Users/timyu/Desktop/EasyRide_App/EasyRide/Tests/AuthenticationViewModelTests.swift:90:92: error: type 'APIEndpoint' has no member 'login'
        mockAPIService.setMockError(EasyRideError.networkError("Connection failed"), for: .login(phoneNumber: viewModel.phoneNumber, password: viewModel.password))
                                                                                          ~^~~~~
/Users/timyu/Desktop/EasyRide_App/EasyRide/Tests/AuthenticationViewModelTests.swift:90:154: error: value of type 'AuthenticationViewModel' has no member 'password'
        mockAPIService.setMockError(EasyRideError.networkError("Connection failed"), for: .login(phoneNumber: viewModel.phoneNumber, password: viewModel.password))
                                                                                                                                               ~~~~~~~~~ ^~~~~~~~
/Users/timyu/Desktop/EasyRide_App/EasyRide/Tests/AuthenticationViewModelTests.swift:93:25: error: value of type 'AuthenticationViewModel' has no member 'loginWithPassword'
        await viewModel.loginWithPassword()
              ~~~~~~~~~ ^~~~~~~~~~~~~~~~~
/Users/timyu/Desktop/EasyRide_App/EasyRide/Tests/AuthenticationViewModelTests.swift:107:19: error: value of type 'AuthenticationViewModel' has no member 'password'
        viewModel.password = "wrongpassword"
        ~~~~~~~~~ ^~~~~~~~
/Users/timyu/Desktop/EasyRide_App/EasyRide/Tests/AuthenticationViewModelTests.swift:110:77: error: type 'APIEndpoint' has no member 'login'
        mockAPIService.setMockError(EasyRideError.invalidCredentials, for: .login(phoneNumber: viewModel.phoneNumber, password: viewModel.password))
                                                                           ~^~~~~
/Users/timyu/Desktop/EasyRide_App/EasyRide/Tests/AuthenticationViewModelTests.swift:110:139: error: value of type 'AuthenticationViewModel' has no member 'password'
        mockAPIService.setMockError(EasyRideError.invalidCredentials, for: .login(phoneNumber: viewModel.phoneNumber, password: viewModel.password))
                                                                                                                                ~~~~~~~~~ ^~~~~~~~
/Users/timyu/Desktop/EasyRide_App/EasyRide/Tests/AuthenticationViewModelTests.swift:113:25: error: value of type 'AuthenticationViewModel' has no member 'loginWithPassword'
        await viewModel.loginWithPassword()
              ~~~~~~~~~ ^~~~~~~~~~~~~~~~~
/Users/timyu/Desktop/EasyRide_App/EasyRide/Tests/AuthenticationViewModelTests.swift:190:28: error: extra arguments at positions #5, #6, #7, #8 in call
        let mockUser = User(
                           ^
EasyRide.User.init:2:10: note: 'init(id:name:email:phoneNumber:profileImage:preferredLanguage:createdAt:isVerified:)' declared here
internal init(id: String = UUID().uuidString, name: String, email: String, phoneNumber: String? = nil, profileImage: String? = nil, preferredLanguage: String? = nil, createdAt: Date = Date(), isVerified: Bool = false)}
         ^
/Users/timyu/Desktop/EasyRide_App/EasyRide/Tests/AuthenticationViewModelTests.swift:192:34: error: missing argument for parameter 'email' in call
            nickname: "Test User",
                                 ^
                                 , email: <#String#>
EasyRide.User.init:2:10: note: 'init(id:name:email:phoneNumber:profileImage:preferredLanguage:createdAt:isVerified:)' declared here
internal init(id: String = UUID().uuidString, name: String, email: String, phoneNumber: String? = nil, profileImage: String? = nil, preferredLanguage: String? = nil, createdAt: Date = Date(), isVerified: Bool = false)}
         ^
/Users/timyu/Desktop/EasyRide_App/EasyRide/Tests/AuthenticationViewModelTests.swift:198:24: error: cannot infer contextual base in reference to member 'standard'
            vipLevel: .standard
                      ~^~~~~~~~
/Users/timyu/Desktop/EasyRide_App/EasyRide/Tests/AuthenticationViewModelTests.swift:254:19: error: value of type 'AuthenticationViewModel' has no member 'password'
        viewModel.password = "password123"
        ~~~~~~~~~ ^~~~~~~~
/Users/timyu/Desktop/EasyRide_App/EasyRide/Tests/AuthenticationViewModelTests.swift:255:19: error: value of type 'AuthenticationViewModel' has no member 'confirmPassword'
        viewModel.confirmPassword = "password123"
        ~~~~~~~~~ ^~~~~~~~~~~~~~~
/Users/timyu/Desktop/EasyRide_App/EasyRide/Tests/AuthenticationViewModelTests.swift:260:28: error: extra arguments at positions #5, #6, #7, #8 in call
        let mockUser = User(
                           ^
EasyRide.User.init:2:10: note: 'init(id:name:email:phoneNumber:profileImage:preferredLanguage:createdAt:isVerified:)' declared here
internal init(id: String = UUID().uuidString, name: String, email: String, phoneNumber: String? = nil, profileImage: String? = nil, preferredLanguage: String? = nil, createdAt: Date = Date(), isVerified: Bool = false)}
         ^
/Users/timyu/Desktop/EasyRide_App/EasyRide/Tests/AuthenticationViewModelTests.swift:262:33: error: missing argument for parameter 'email' in call
            nickname: "New User",
                                ^
                                , email: <#String#>
EasyRide.User.init:2:10: note: 'init(id:name:email:phoneNumber:profileImage:preferredLanguage:createdAt:isVerified:)' declared here
internal init(id: String = UUID().uuidString, name: String, email: String, phoneNumber: String? = nil, profileImage: String? = nil, preferredLanguage: String? = nil, createdAt: Date = Date(), isVerified: Bool = false)}
         ^
/Users/timyu/Desktop/EasyRide_App/EasyRide/Tests/AuthenticationViewModelTests.swift:268:24: error: cannot infer contextual base in reference to member 'standard'
            vipLevel: .standard
                      ~^~~~~~~~
/Users/timyu/Desktop/EasyRide_App/EasyRide/Tests/AuthenticationViewModelTests.swift:278:88: error: incorrect argument label in call (have 'phoneNumber:password:nickname:email:', expected 'phoneNumber:otp:nickname:email:')
        mockAPIService.setMockResponse(mockAuthResponse, for: .register(RegisterRequest(
                                                                                       ^
/Users/timyu/Desktop/EasyRide_App/EasyRide/Tests/AuthenticationViewModelTests.swift:280:33: error: value of type 'AuthenticationViewModel' has no member 'password'
            password: viewModel.password,
                      ~~~~~~~~~ ^~~~~~~~
/Users/timyu/Desktop/EasyRide_App/EasyRide/Tests/AuthenticationViewModelTests.swift:298:34: error: value of type 'AuthenticationViewModel' has no member 'password'
        XCTAssertEqual(viewModel.password, "")
                       ~~~~~~~~~ ^~~~~~~~
/Users/timyu/Desktop/EasyRide_App/EasyRide/Tests/AuthenticationViewModelTests.swift:299:34: error: value of type 'AuthenticationViewModel' has no member 'confirmPassword'
        XCTAssertEqual(viewModel.confirmPassword, "")
                       ~~~~~~~~~ ^~~~~~~~~~~~~~~
/Users/timyu/Desktop/EasyRide_App/EasyRide/Tests/AuthenticationViewModelTests.swift:309:19: error: value of type 'AuthenticationViewModel' has no member 'password'
        viewModel.password = ""
        ~~~~~~~~~ ^~~~~~~~
/Users/timyu/Desktop/EasyRide_App/EasyRide/Tests/AuthenticationViewModelTests.swift:310:19: error: value of type 'AuthenticationViewModel' has no member 'confirmPassword'
        viewModel.confirmPassword = ""
        ~~~~~~~~~ ^~~~~~~~~~~~~~~
/Users/timyu/Desktop/EasyRide_App/EasyRide/Tests/AuthenticationViewModelTests.swift:316:35: error: value of type 'AuthenticationViewModel' has no member 'passwordError'
        XCTAssertNotNil(viewModel.passwordError)
                        ~~~~~~~~~ ^~~~~~~~~~~~~
/Users/timyu/Desktop/EasyRide_App/EasyRide/Tests/AuthenticationViewModelTests.swift:323:19: error: value of type 'AuthenticationViewModel' has no member 'password'
        viewModel.password = "password123"
        ~~~~~~~~~ ^~~~~~~~
/Users/timyu/Desktop/EasyRide_App/EasyRide/Tests/AuthenticationViewModelTests.swift:324:19: error: value of type 'AuthenticationViewModel' has no member 'confirmPassword'
        viewModel.confirmPassword = "different"
        ~~~~~~~~~ ^~~~~~~~~~~~~~~
/Users/timyu/Desktop/EasyRide_App/EasyRide/Tests/AuthenticationViewModelTests.swift:330:32: error: value of type 'AuthenticationViewModel' has no member 'passwordError'
        XCTAssertNil(viewModel.passwordError)
                     ~~~~~~~~~ ^~~~~~~~~~~~~
/Users/timyu/Desktop/EasyRide_App/EasyRide/Tests/AuthenticationViewModelTests.swift:331:35: error: value of type 'AuthenticationViewModel' has no member 'confirmPasswordError'
        XCTAssertNotNil(viewModel.confirmPasswordError)
                        ~~~~~~~~~ ^~~~~~~~~~~~~~~~~~~~
/Users/timyu/Desktop/EasyRide_App/EasyRide/Tests/AuthenticationViewModelTests.swift:337:19: error: value of type 'AuthenticationViewModel' has no member 'password'
        viewModel.password = "password123"
        ~~~~~~~~~ ^~~~~~~~
/Users/timyu/Desktop/EasyRide_App/EasyRide/Tests/AuthenticationViewModelTests.swift:338:19: error: value of type 'AuthenticationViewModel' has no member 'confirmPassword'
        viewModel.confirmPassword = "password123"
        ~~~~~~~~~ ^~~~~~~~~~~~~~~
/Users/timyu/Desktop/EasyRide_App/EasyRide/Tests/AuthenticationViewModelTests.swift:345:32: error: value of type 'AuthenticationViewModel' has no member 'passwordError'
        XCTAssertNil(viewModel.passwordError)
                     ~~~~~~~~~ ^~~~~~~~~~~~~
/Users/timyu/Desktop/EasyRide_App/EasyRide/Tests/AuthenticationViewModelTests.swift:346:32: error: value of type 'AuthenticationViewModel' has no member 'confirmPasswordError'
        XCTAssertNil(viewModel.confirmPasswordError)
                     ~~~~~~~~~ ^~~~~~~~~~~~~~~~~~~~
/Users/timyu/Desktop/EasyRide_App/EasyRide/Tests/AuthenticationViewModelTests.swift:357:19: error: value of type 'AuthenticationViewModel' has no member 'password'
        viewModel.password = "password123"
        ~~~~~~~~~ ^~~~~~~~
/Users/timyu/Desktop/EasyRide_App/EasyRide/Tests/AuthenticationViewModelTests.swift:358:19: error: value of type 'AuthenticationViewModel' has no member 'confirmPassword'
        viewModel.confirmPassword = "password123"
        ~~~~~~~~~ ^~~~~~~~~~~~~~~
/Users/timyu/Desktop/EasyRide_App/EasyRide/Tests/AuthenticationViewModelTests.swift:362:116: error: incorrect argument label in call (have 'phoneNumber:password:nickname:email:', expected 'phoneNumber:otp:nickname:email:')
        mockAPIService.setMockError(EasyRideError.networkError("Connection failed"), for: .register(RegisterRequest(
                                                                                                                   ^
/Users/timyu/Desktop/EasyRide_App/EasyRide/Tests/AuthenticationViewModelTests.swift:364:33: error: value of type 'AuthenticationViewModel' has no member 'password'
            password: viewModel.password,
                      ~~~~~~~~~ ^~~~~~~~
/Users/timyu/Desktop/EasyRide_App/EasyRide/Tests/AuthenticationViewModelTests.swift:385:28: error: extra arguments at positions #5, #6, #7, #8 in call
        let mockUser = User(
                           ^
EasyRide.User.init:2:10: note: 'init(id:name:email:phoneNumber:profileImage:preferredLanguage:createdAt:isVerified:)' declared here
internal init(id: String = UUID().uuidString, name: String, email: String, phoneNumber: String? = nil, profileImage: String? = nil, preferredLanguage: String? = nil, createdAt: Date = Date(), isVerified: Bool = false)}
         ^
/Users/timyu/Desktop/EasyRide_App/EasyRide/Tests/AuthenticationViewModelTests.swift:387:34: error: missing argument for parameter 'email' in call
            nickname: "Test User",
                                 ^
                                 , email: <#String#>
EasyRide.User.init:2:10: note: 'init(id:name:email:phoneNumber:profileImage:preferredLanguage:createdAt:isVerified:)' declared here
internal init(id: String = UUID().uuidString, name: String, email: String, phoneNumber: String? = nil, profileImage: String? = nil, preferredLanguage: String? = nil, createdAt: Date = Date(), isVerified: Bool = false)}
         ^
/Users/timyu/Desktop/EasyRide_App/EasyRide/Tests/AuthenticationViewModelTests.swift:393:24: error: cannot infer contextual base in reference to member 'standard'
            vipLevel: .standard
                      ~^~~~~~~~
/Users/timyu/Desktop/EasyRide_App/EasyRide/Tests/AuthenticationViewModelTests.swift:415:28: error: extra arguments at positions #5, #6, #7, #8 in call
        let mockUser = User(
                           ^
EasyRide.User.init:2:10: note: 'init(id:name:email:phoneNumber:profileImage:preferredLanguage:createdAt:isVerified:)' declared here
internal init(id: String = UUID().uuidString, name: String, email: String, phoneNumber: String? = nil, profileImage: String? = nil, preferredLanguage: String? = nil, createdAt: Date = Date(), isVerified: Bool = false)}
         ^
/Users/timyu/Desktop/EasyRide_App/EasyRide/Tests/AuthenticationViewModelTests.swift:417:34: error: missing argument for parameter 'email' in call
            nickname: "Test User",
                                 ^
                                 , email: <#String#>
EasyRide.User.init:2:10: note: 'init(id:name:email:phoneNumber:profileImage:preferredLanguage:createdAt:isVerified:)' declared here
internal init(id: String = UUID().uuidString, name: String, email: String, phoneNumber: String? = nil, profileImage: String? = nil, preferredLanguage: String? = nil, createdAt: Date = Date(), isVerified: Bool = false)}
         ^
/Users/timyu/Desktop/EasyRide_App/EasyRide/Tests/AuthenticationViewModelTests.swift:423:24: error: cannot infer contextual base in reference to member 'standard'
            vipLevel: .standard
                      ~^~~~~~~~
/Users/timyu/Desktop/EasyRide_App/EasyRide/Tests/AuthenticationViewModelTests.swift:460:19: error: value of type 'AuthenticationViewModel' has no member 'password'
        viewModel.password = "password" // To pass other validations
        ~~~~~~~~~ ^~~~~~~~
/Users/timyu/Desktop/EasyRide_App/EasyRide/Tests/AuthenticationViewModelTests.swift:461:25: error: value of type 'AuthenticationViewModel' has no member 'loginWithPassword'
        await viewModel.loginWithPassword()
              ~~~~~~~~~ ^~~~~~~~~~~~~~~~~
/Users/timyu/Desktop/EasyRide_App/EasyRide/Tests/AuthenticationViewModelTests.swift:472:19: error: value of type 'AuthenticationViewModel' has no member 'password'
        viewModel.password = ""
        ~~~~~~~~~ ^~~~~~~~
/Users/timyu/Desktop/EasyRide_App/EasyRide/Tests/AuthenticationViewModelTests.swift:473:25: error: value of type 'AuthenticationViewModel' has no member 'loginWithPassword'
        await viewModel.loginWithPassword()
              ~~~~~~~~~ ^~~~~~~~~~~~~~~~~
/Users/timyu/Desktop/EasyRide_App/EasyRide/Tests/AuthenticationViewModelTests.swift:474:35: error: value of type 'AuthenticationViewModel' has no member 'passwordError'
        XCTAssertNotNil(viewModel.passwordError)
                        ~~~~~~~~~ ^~~~~~~~~~~~~
/Users/timyu/Desktop/EasyRide_App/EasyRide/Tests/AuthenticationViewModelTests.swift:475:34: error: value of type 'AuthenticationViewModel' has no member 'passwordError'
        XCTAssertEqual(viewModel.passwordError, "Password is required")
                       ~~~~~~~~~ ^~~~~~~~~~~~~
/Users/timyu/Desktop/EasyRide_App/EasyRide/Tests/AuthenticationViewModelTests.swift:478:19: error: value of type 'AuthenticationViewModel' has no member 'password'
        viewModel.password = "12345"
        ~~~~~~~~~ ^~~~~~~~
/Users/timyu/Desktop/EasyRide_App/EasyRide/Tests/AuthenticationViewModelTests.swift:479:19: error: value of type 'AuthenticationViewModel' has no member 'confirmPassword'
        viewModel.confirmPassword = "12345"
        ~~~~~~~~~ ^~~~~~~~~~~~~~~
/Users/timyu/Desktop/EasyRide_App/EasyRide/Tests/AuthenticationViewModelTests.swift:482:35: error: value of type 'AuthenticationViewModel' has no member 'passwordError'
        XCTAssertNotNil(viewModel.passwordError)
                        ~~~~~~~~~ ^~~~~~~~~~~~~
/Users/timyu/Desktop/EasyRide_App/EasyRide/Tests/AuthenticationViewModelTests.swift:483:34: error: value of type 'AuthenticationViewModel' has no member 'passwordError'
        XCTAssertEqual(viewModel.passwordError, "Password must be at least 6 characters")
                       ~~~~~~~~~ ^~~~~~~~~~~~~
/Users/timyu/Desktop/EasyRide_App/EasyRide/Tests/AuthenticationViewModelTests.swift:486:19: error: value of type 'AuthenticationViewModel' has no member 'password'
        viewModel.password = "password123"
        ~~~~~~~~~ ^~~~~~~~
/Users/timyu/Desktop/EasyRide_App/EasyRide/Tests/AuthenticationViewModelTests.swift:487:19: error: value of type 'AuthenticationViewModel' has no member 'confirmPassword'
        viewModel.confirmPassword = "password123"
        ~~~~~~~~~ ^~~~~~~~~~~~~~~
/Users/timyu/Desktop/EasyRide_App/EasyRide/Tests/AuthenticationViewModelTests.swift:496:19: error: value of type 'AuthenticationViewModel' has no member 'password'
        viewModel.password = "password123"
        ~~~~~~~~~ ^~~~~~~~
/Users/timyu/Desktop/EasyRide_App/EasyRide/Tests/AuthenticationViewModelTests.swift:497:19: error: value of type 'AuthenticationViewModel' has no member 'confirmPassword'
        viewModel.confirmPassword = "password123"
        ~~~~~~~~~ ^~~~~~~~~~~~~~~
/Users/timyu/Desktop/EasyRide_App/EasyRide/Tests/AuthenticationViewModelTests.swift:522:19: error: value of type 'AuthenticationViewModel' has no member 'password'
        viewModel.password = ""
        ~~~~~~~~~ ^~~~~~~~
/Users/timyu/Desktop/EasyRide_App/EasyRide/Tests/AuthenticationViewModelTests.swift:523:34: error: value of type 'AuthenticationViewModel' has no member 'isLoginFormValid'
        XCTAssertFalse(viewModel.isLoginFormValid)
                       ~~~~~~~~~ ^~~~~~~~~~~~~~~~
/Users/timyu/Desktop/EasyRide_App/EasyRide/Tests/AuthenticationViewModelTests.swift:527:19: error: value of type 'AuthenticationViewModel' has no member 'password'
        viewModel.password = ""
        ~~~~~~~~~ ^~~~~~~~
/Users/timyu/Desktop/EasyRide_App/EasyRide/Tests/AuthenticationViewModelTests.swift:528:34: error: value of type 'AuthenticationViewModel' has no member 'isLoginFormValid'
        XCTAssertFalse(viewModel.isLoginFormValid)
                       ~~~~~~~~~ ^~~~~~~~~~~~~~~~
/Users/timyu/Desktop/EasyRide_App/EasyRide/Tests/AuthenticationViewModelTests.swift:532:19: error: value of type 'AuthenticationViewModel' has no member 'password'
        viewModel.password = "password123"
        ~~~~~~~~~ ^~~~~~~~
/Users/timyu/Desktop/EasyRide_App/EasyRide/Tests/AuthenticationViewModelTests.swift:533:34: error: value of type 'AuthenticationViewModel' has no member 'isLoginFormValid'
        XCTAssertFalse(viewModel.isLoginFormValid)
                       ~~~~~~~~~ ^~~~~~~~~~~~~~~~
/Users/timyu/Desktop/EasyRide_App/EasyRide/Tests/AuthenticationViewModelTests.swift:537:19: error: value of type 'AuthenticationViewModel' has no member 'password'
        viewModel.password = "password123"
        ~~~~~~~~~ ^~~~~~~~
/Users/timyu/Desktop/EasyRide_App/EasyRide/Tests/AuthenticationViewModelTests.swift:538:33: error: value of type 'AuthenticationViewModel' has no member 'isLoginFormValid'
        XCTAssertTrue(viewModel.isLoginFormValid)
                      ~~~~~~~~~ ^~~~~~~~~~~~~~~~
/Users/timyu/Desktop/EasyRide_App/EasyRide/Tests/AuthenticationViewModelTests.swift:546:19: error: value of type 'AuthenticationViewModel' has no member 'password'
        viewModel.password = ""
        ~~~~~~~~~ ^~~~~~~~
/Users/timyu/Desktop/EasyRide_App/EasyRide/Tests/AuthenticationViewModelTests.swift:547:19: error: value of type 'AuthenticationViewModel' has no member 'confirmPassword'
        viewModel.confirmPassword = ""
        ~~~~~~~~~ ^~~~~~~~~~~~~~~
/Users/timyu/Desktop/EasyRide_App/EasyRide/Tests/AuthenticationViewModelTests.swift:553:19: error: value of type 'AuthenticationViewModel' has no member 'password'
        viewModel.password = "password123"
        ~~~~~~~~~ ^~~~~~~~
/Users/timyu/Desktop/EasyRide_App/EasyRide/Tests/AuthenticationViewModelTests.swift:554:19: error: value of type 'AuthenticationViewModel' has no member 'confirmPassword'
        viewModel.confirmPassword = ""
        ~~~~~~~~~ ^~~~~~~~~~~~~~~
/Users/timyu/Desktop/EasyRide_App/EasyRide/Tests/AuthenticationViewModelTests.swift:560:19: error: value of type 'AuthenticationViewModel' has no member 'password'
        viewModel.password = "password123"
        ~~~~~~~~~ ^~~~~~~~
/Users/timyu/Desktop/EasyRide_App/EasyRide/Tests/AuthenticationViewModelTests.swift:561:19: error: value of type 'AuthenticationViewModel' has no member 'confirmPassword'
        viewModel.confirmPassword = "different"
        ~~~~~~~~~ ^~~~~~~~~~~~~~~
/Users/timyu/Desktop/EasyRide_App/EasyRide/Tests/AuthenticationViewModelTests.swift:567:19: error: value of type 'AuthenticationViewModel' has no member 'password'
        viewModel.password = "password123"
        ~~~~~~~~~ ^~~~~~~~
/Users/timyu/Desktop/EasyRide_App/EasyRide/Tests/AuthenticationViewModelTests.swift:568:19: error: value of type 'AuthenticationViewModel' has no member 'confirmPassword'
        viewModel.confirmPassword = "password123"
        ~~~~~~~~~ ^~~~~~~~~~~~~~~

SwiftCompile normal arm64 Compiling\ BookingViewModelTests.swift,\ ChatInterfaceTests.swift,\ LocalizationTests.swift /Users/timyu/Desktop/EasyRide_App/EasyRide/Tests/BookingViewModelTests.swift /Users/timyu/Desktop/EasyRide_App/EasyRide/Tests/ChatInterfaceTests.swift /Users/timyu/Desktop/EasyRide_App/EasyRide/Tests/LocalizationTests.swift (in target 'EasyRideTests' from project 'EasyRide')
Failed frontend command:
/Applications/Xcode.app/Contents/Developer/Toolchains/XcodeDefault.xctoolchain/usr/bin/swift-frontend -frontend -c /Users/timyu/Desktop/EasyRide_App/EasyRide/Tests/AccessibilityTests.swift /Users/timyu/Desktop/EasyRide_App/EasyRide/Tests/AdaptiveLayoutTests.swift /Users/timyu/Desktop/EasyRide_App/EasyRide/Tests/AuthenticationViewModelTests.swift -primary-file /Users/timyu/Desktop/EasyRide_App/EasyRide/Tests/BookingViewModelTests.swift -primary-file /Users/timyu/Desktop/EasyRide_App/EasyRide/Tests/ChatInterfaceTests.swift -primary-file /Users/timyu/Desktop/EasyRide_App/EasyRide/Tests/LocalizationTests.swift /Users/timyu/Desktop/EasyRide_App/EasyRide/Tests/MockAPIService.swift /Users/timyu/Desktop/EasyRide_App/EasyRide/Tests/OrderTrackingCompilationTest.swift /Users/timyu/Desktop/EasyRide_App/EasyRide/Tests/OrderTrackingViewModelTests.swift /Users/timyu/Desktop/EasyRide_App/EasyRide/Tests/OrientationLayoutTests.swift /Users/timyu/Desktop/EasyRide_App/EasyRide/Tests/ResponsiveLayoutTests.swift /Users/timyu/Desktop/EasyRide_App/EasyRide/Tests/ResponsiveLayoutUtilsTests.swift /Users/timyu/Desktop/EasyRide_App/EasyRide/Tests/ServiceSelectionTests.swift /Users/timyu/Desktop/EasyRide_App/EasyRide/Tests/ServiceSelectionUITests.swift /Users/timyu/Desktop/EasyRide_App/EasyRideTests/EasyRideTests.swift /Users/timyu/Desktop/EasyRide_App/EasyRide/Tests/TripConfigurationModeTests.swift /Users/timyu/Desktop/EasyRide_App/EasyRide/Tests/TripConfigurationTests.swift /Users/timyu/Desktop/EasyRide_App/EasyRide/Tests/TripModificationTests.swift /Users/timyu/Desktop/EasyRide_App/EasyRide/Tests/ValueAddedServicesTests.swift /Users/timyu/Desktop/EasyRide_App/EasyRide/Tests/verify_booking_integration.swift /Users/timyu/Desktop/EasyRide_App/EasyRide/Tests/verify_chat_interface.swift /Users/timyu/Desktop/EasyRide_App/EasyRide/Tests/verify_service_selection.swift /Users/timyu/Desktop/EasyRide_App/EasyRide/Tests/VoiceOverSupportTests.swift -supplementary-output-file-map /Users/timyu/Library/Developer/Xcode/DerivedData/EasyRide-beugqklueywnwjdnocpyhdzzhnze/Build/Intermediates.noindex/EasyRide.build/Debug-iphonesimulator/EasyRideTests.build/Objects-normal/arm64/supplementaryOutputs-2 -target arm64-apple-ios18.5-simulator -disable-cross-import-overlay-search -swift-module-cross-import MapKit /Applications/Xcode.app/Contents/Developer/Platforms/iPhoneSimulator.platform/Developer/SDKs/iPhoneSimulator.sdk/System/Library/Frameworks/MapKit.framework/Modules/MapKit.swiftcrossimport/SwiftUI.swiftoverlay -swift-module-cross-import Testing /Applications/Xcode.app/Contents/Developer/Platforms/iPhoneSimulator.platform/Developer/Library/Frameworks/Testing.framework/Modules/Testing.swiftcrossimport/Foundation.swiftoverlay -load-resolved-plugin /Applications/Xcode.app/Contents/Developer/Platforms/iPhoneOS.platform/Developer/usr/lib/swift/host/plugins/libFoundationMacros.dylib\#/Applications/Xcode.app/Contents/Developer/Platforms/iPhoneOS.platform/Developer/usr/bin/swift-plugin-server\#FoundationMacros -load-resolved-plugin /Applications/Xcode.app/Contents/Developer/Platforms/iPhoneOS.platform/Developer/usr/lib/swift/host/plugins/libObservationMacros.dylib\#/Applications/Xcode.app/Contents/Developer/Platforms/iPhoneOS.platform/Developer/usr/bin/swift-plugin-server\#ObservationMacros -load-resolved-plugin /Applications/Xcode.app/Contents/Developer/Platforms/iPhoneOS.platform/Developer/usr/lib/swift/host/plugins/libPreviewsMacros.dylib\#/Applications/Xcode.app/Contents/Developer/Platforms/iPhoneOS.platform/Developer/usr/bin/swift-plugin-server\#PreviewsMacros -load-resolved-plugin /Applications/Xcode.app/Contents/Developer/Platforms/iPhoneOS.platform/Developer/usr/lib/swift/host/plugins/libSwiftMacros.dylib\#/Applications/Xcode.app/Contents/Developer/Platforms/iPhoneOS.platform/Developer/usr/bin/swift-plugin-server\#SwiftMacros -load-resolved-plugin /Applications/Xcode.app/Contents/Developer/Platforms/iPhoneOS.platform/Developer/usr/lib/swift/host/plugins/libSwiftUIMacros.dylib\#/Applications/Xcode.app/Contents/Developer/Platforms/iPhoneOS.platform/Developer/usr/bin/swift-plugin-server\#SwiftUIMacros -load-resolved-plugin /Applications/Xcode.app/Contents/Developer/Toolchains/XcodeDefault.xctoolchain/usr/lib/swift/host/plugins/testing/libTestingMacros.dylib\#\#TestingMacros -disable-implicit-swift-modules -Xcc -fno-implicit-modules -Xcc -fno-implicit-module-maps -explicit-swift-module-map-file /Users/timyu/Library/Developer/Xcode/DerivedData/EasyRide-beugqklueywnwjdnocpyhdzzhnze/Build/Intermediates.noindex/EasyRide.build/Debug-iphonesimulator/EasyRideTests.build/Objects-normal/arm64/EasyRideTests-dependencies-1.json -Xllvm -aarch64-use-tbi -enable-objc-interop -sdk /Applications/Xcode.app/Contents/Developer/Platforms/iPhoneSimulator.platform/Developer/SDKs/iPhoneSimulator26.2.sdk -I /Users/timyu/Library/Developer/Xcode/DerivedData/EasyRide-beugqklueywnwjdnocpyhdzzhnze/Build/Products/Debug-iphonesimulator -Isystem /Applications/Xcode.app/Contents/Developer/Platforms/iPhoneSimulator.platform/Developer/usr/lib -F /Users/timyu/Library/Developer/Xcode/DerivedData/EasyRide-beugqklueywnwjdnocpyhdzzhnze/Build/Products/Debug-iphonesimulator -F /Applications/Xcode.app/Contents/Developer/Platforms/iPhoneSimulator.platform/Developer/Library/Frameworks -F /Applications/Xcode.app/Contents/Developer/Platforms/iPhoneSimulator.platform/Developer/SDKs/iPhoneSimulator26.2.sdk/Developer/Library/Frameworks -no-color-diagnostics -Xcc -fno-color-diagnostics -enable-testing -g -debug-info-format\=dwarf -dwarf-version\=5 -module-cache-path /Users/timyu/Library/Developer/Xcode/DerivedData/EasyRide-beugqklueywnwjdnocpyhdzzhnze/Build/Intermediates.noindex/SwiftExplicitPrecompiledModules -profile-generate -profile-coverage-mapping -swift-version 5 -enforce-exclusivity\=checked -Onone -D DEBUG -serialize-debugging-options -const-gather-protocols-file /Users/timyu/Library/Developer/Xcode/DerivedData/EasyRide-beugqklueywnwjdnocpyhdzzhnze/Build/Intermediates.noindex/EasyRide.build/Debug-iphonesimulator/EasyRideTests.build/Objects-normal/arm64/EasyRideTests_const_extract_protocols.json -enable-experimental-feature DebugDescriptionMacro -enable-bare-slash-regex -empty-abi-descriptor -validate-clang-modules-once -clang-build-session-file /Users/timyu/Library/Developer/Xcode/DerivedData/ModuleCache.noindex/Session.modulevalidation -Xcc -working-directory -Xcc /Users/timyu/Desktop/EasyRide_App -enable-anonymous-context-mangled-names -file-compilation-dir /Users/timyu/Desktop/EasyRide_App -Xcc -D_LIBCPP_HARDENING_MODE\=_LIBCPP_HARDENING_MODE_DEBUG -Xcc -ivfsstatcache -Xcc /Users/timyu/Library/Developer/Xcode/DerivedData/SDKStatCaches.noindex/iphonesimulator26.2-23C53-7d00a8b37fbd7999ea79df8ebc024bf0.sdkstatcache -Xcc -I/Users/timyu/Library/Developer/Xcode/DerivedData/EasyRide-beugqklueywnwjdnocpyhdzzhnze/Build/Intermediates.noindex/EasyRide.build/Debug-iphonesimulator/EasyRideTests.build/swift-overrides.hmap -Xcc -iquote -Xcc /Users/timyu/Library/Developer/Xcode/DerivedData/EasyRide-beugqklueywnwjdnocpyhdzzhnze/Build/Intermediates.noindex/EasyRide.build/Debug-iphonesimulator/EasyRideTests.build/EasyRideTests-generated-files.hmap -Xcc -I/Users/timyu/Library/Developer/Xcode/DerivedData/EasyRide-beugqklueywnwjdnocpyhdzzhnze/Build/Intermediates.noindex/EasyRide.build/Debug-iphonesimulator/EasyRideTests.build/EasyRideTests-own-target-headers.hmap -Xcc -I/Users/timyu/Library/Developer/Xcode/DerivedData/EasyRide-beugqklueywnwjdnocpyhdzzhnze/Build/Intermediates.noindex/EasyRide.build/Debug-iphonesimulator/EasyRideTests.build/EasyRideTests-all-target-headers.hmap -Xcc -iquote -Xcc /Users/timyu/Library/Developer/Xcode/DerivedData/EasyRide-beugqklueywnwjdnocpyhdzzhnze/Build/Intermediates.noindex/EasyRide.build/Debug-iphonesimulator/EasyRideTests.build/EasyRideTests-project-headers.hmap -Xcc -I/Users/timyu/Library/Developer/Xcode/DerivedData/EasyRide-beugqklueywnwjdnocpyhdzzhnze/Build/Products/Debug-iphonesimulator/include -Xcc -I/Users/timyu/Library/Developer/Xcode/DerivedData/EasyRide-beugqklueywnwjdnocpyhdzzhnze/Build/Intermediates.noindex/EasyRide.build/Debug-iphonesimulator/EasyRideTests.build/DerivedSources-normal/arm64 -Xcc -I/Users/timyu/Library/Developer/Xcode/DerivedData/EasyRide-beugqklueywnwjdnocpyhdzzhnze/Build/Intermediates.noindex/EasyRide.build/Debug-iphonesimulator/EasyRideTests.build/DerivedSources/arm64 -Xcc -I/Users/timyu/Library/Developer/Xcode/DerivedData/EasyRide-beugqklueywnwjdnocpyhdzzhnze/Build/Intermediates.noindex/EasyRide.build/Debug-iphonesimulator/EasyRideTests.build/DerivedSources -Xcc -DDEBUG\=1 -no-auto-bridging-header-chaining -module-name EasyRideTests -frontend-parseable-output -disable-clang-spi -target-sdk-version 26.2 -target-sdk-name iphonesimulator26.2 -clang-target arm64-apple-ios26.2-simulator -in-process-plugin-server-path /Applications/Xcode.app/Contents/Developer/Toolchains/XcodeDefault.xctoolchain/usr/lib/swift/host/libSwiftInProcPluginServer.dylib -o /Users/timyu/Library/Developer/Xcode/DerivedData/EasyRide-beugqklueywnwjdnocpyhdzzhnze/Build/Intermediates.noindex/EasyRide.build/Debug-iphonesimulator/EasyRideTests.build/Objects-normal/arm64/BookingViewModelTests.o -o /Users/timyu/Library/Developer/Xcode/DerivedData/EasyRide-beugqklueywnwjdnocpyhdzzhnze/Build/Intermediates.noindex/EasyRide.build/Debug-iphonesimulator/EasyRideTests.build/Objects-normal/arm64/ChatInterfaceTests.o -o /Users/timyu/Library/Developer/Xcode/DerivedData/EasyRide-beugqklueywnwjdnocpyhdzzhnze/Build/Intermediates.noindex/EasyRide.build/Debug-iphonesimulator/EasyRideTests.build/Objects-normal/arm64/LocalizationTests.o -index-unit-output-path /EasyRide.build/Debug-iphonesimulator/EasyRideTests.build/Objects-normal/arm64/BookingViewModelTests.o -index-unit-output-path /EasyRide.build/Debug-iphonesimulator/EasyRideTests.build/Objects-normal/arm64/ChatInterfaceTests.o -index-unit-output-path /EasyRide.build/Debug-iphonesimulator/EasyRideTests.build/Objects-normal/arm64/LocalizationTests.o -index-store-path /Users/timyu/Library/Developer/Xcode/DerivedData/EasyRide-beugqklueywnwjdnocpyhdzzhnze/Index.noindex/DataStore -index-system-modules

SwiftCompile normal arm64 /Users/timyu/Desktop/EasyRide_App/EasyRide/Tests/BookingViewModelTests.swift (in target 'EasyRideTests' from project 'EasyRide')
    cd /Users/timyu/Desktop/EasyRide_App
    
/Users/timyu/Desktop/EasyRide_App/EasyRide/Tests/BookingViewModelTests.swift:21:25: warning: immutable value 'mockAPIService' was never used; consider replacing with '_' or removing it
        let (viewModel, mockAPIService, appState) = createTestViewModel()
                        ^~~~~~~~~~~~~~
                        _
/Users/timyu/Desktop/EasyRide_App/EasyRide/Tests/BookingViewModelTests.swift:272:41: warning: immutable value 'appState' was never used; consider replacing with '_' or removing it
        let (viewModel, mockAPIService, appState) = createTestViewModel()
                                        ^~~~~~~~
                                        _

SwiftCompile normal arm64 /Users/timyu/Desktop/EasyRide_App/EasyRide/Tests/ChatInterfaceTests.swift (in target 'EasyRideTests' from project 'EasyRide')
    cd /Users/timyu/Desktop/EasyRide_App
    
/Users/timyu/Desktop/EasyRide_App/EasyRide/Tests/ChatInterfaceTests.swift:35:17: error: argument 'profileImage' must precede argument 'rating'
                profileImage: nil,
~~~~~~~~~~~~~~~~^~~~~~~~~~~~~~~~~
/Users/timyu/Desktop/EasyRide_App/EasyRide/Tests/ChatInterfaceTests.swift:83:29: error: incorrect argument label in call (have 'orderId:message:type:', expected 'orderId:message:messageType:')
        ), for: .sendMessage(orderId: testOrder.id, message: testMessage, type: .text))
                            ^                                             ~~~~
                                                                          messageType
/Users/timyu/Desktop/EasyRide_App/EasyRide/Tests/ChatInterfaceTests.swift:138:29: error: incorrect argument label in call (have 'orderId:message:type:', expected 'orderId:message:messageType:')
        ), for: .sendMessage(orderId: testOrder.id, message: "I'm here", type: .text))
                            ^                                            ~~~~
                                                                         messageType
/Users/timyu/Desktop/EasyRide_App/EasyRide/Tests/ChatInterfaceTests.swift:170:19: error: main actor-isolated instance method 'updateCurrentLocation' cannot be called from outside of the actor
        viewModel.updateCurrentLocation(currentLocation)
        ~~~~~~~~~~^~~~~~~~~~~~~~~~~~~~~~~~~~~~~~~~~~~~~~
        await 
/Users/timyu/Desktop/EasyRide_App/EasyRide/Tests/ChatInterfaceTests.swift:171:19: error: main actor-isolated instance method 'enableLocationSharing()' cannot be called from outside of the actor
        viewModel.enableLocationSharing()
        ~~~~~~~~~~^~~~~~~~~~~~~~~~~~~~~~~
        await 
/Users/timyu/Desktop/EasyRide_App/EasyRide/Tests/ChatInterfaceTests.swift:209:19: error: main actor-isolated instance method 'handleMessageTextChange()' cannot be called from outside of the actor
        viewModel.handleMessageTextChange()
        ~~~~~~~~~~^~~~~~~~~~~~~~~~~~~~~~~~~
        await 
/Users/timyu/Desktop/EasyRide_App/EasyRide/Tests/ChatInterfaceTests.swift:215:19: error: main actor-isolated instance method 'handleMessageTextChange()' cannot be called from outside of the actor
        viewModel.handleMessageTextChange()
        ~~~~~~~~~~^~~~~~~~~~~~~~~~~~~~~~~~~
        await 

SwiftCompile normal arm64 /Users/timyu/Desktop/EasyRide_App/EasyRide/Tests/LocalizationTests.swift (in target 'EasyRideTests' from project 'EasyRide')
    cd /Users/timyu/Desktop/EasyRide_App
    
/Users/timyu/Desktop/EasyRide_App/EasyRide/Tests/LocalizationTests.swift:95:13: warning: initialization of immutable value 'chinesePrice' was never used; consider replacing with assignment to '_' or removing it
        let chinesePrice = LocalizationUtils.formatPrice(price)
        ~~~~^~~~~~~~~~~~
        _

SwiftCompile normal arm64 Compiling\ OrientationLayoutTests.swift,\ ResponsiveLayoutTests.swift,\ ResponsiveLayoutUtilsTests.swift /Users/timyu/Desktop/EasyRide_App/EasyRide/Tests/OrientationLayoutTests.swift /Users/timyu/Desktop/EasyRide_App/EasyRide/Tests/ResponsiveLayoutTests.swift /Users/timyu/Desktop/EasyRide_App/EasyRide/Tests/ResponsiveLayoutUtilsTests.swift (in target 'EasyRideTests' from project 'EasyRide')

SwiftCompile normal arm64 /Users/timyu/Desktop/EasyRide_App/EasyRide/Tests/OrientationLayoutTests.swift (in target 'EasyRideTests' from project 'EasyRide')
    cd /Users/timyu/Desktop/EasyRide_App
    

SwiftCompile normal arm64 /Users/timyu/Desktop/EasyRide_App/EasyRide/Tests/ResponsiveLayoutTests.swift (in target 'EasyRideTests' from project 'EasyRide')
    cd /Users/timyu/Desktop/EasyRide_App
    

SwiftCompile normal arm64 /Users/timyu/Desktop/EasyRide_App/EasyRide/Tests/ResponsiveLayoutUtilsTests.swift (in target 'EasyRideTests' from project 'EasyRide')
    cd /Users/timyu/Desktop/EasyRide_App
    

SwiftEmitModule normal arm64 Emitting\ module\ for\ EasyRideTests (in target 'EasyRideTests' from project 'EasyRide')

EmitSwiftModule normal arm64 (in target 'EasyRideTests' from project 'EasyRide')
    cd /Users/timyu/Desktop/EasyRide_App
    

SwiftCompile normal arm64 Compiling\ MockAPIService.swift,\ OrderTrackingCompilationTest.swift,\ OrderTrackingViewModelTests.swift /Users/timyu/Desktop/EasyRide_App/EasyRide/Tests/MockAPIService.swift /Users/timyu/Desktop/EasyRide_App/EasyRide/Tests/OrderTrackingCompilationTest.swift /Users/timyu/Desktop/EasyRide_App/EasyRide/Tests/OrderTrackingViewModelTests.swift (in target 'EasyRideTests' from project 'EasyRide')
Failed frontend command:
/Applications/Xcode.app/Contents/Developer/Toolchains/XcodeDefault.xctoolchain/usr/bin/swift-frontend -frontend -c /Users/timyu/Desktop/EasyRide_App/EasyRide/Tests/AccessibilityTests.swift /Users/timyu/Desktop/EasyRide_App/EasyRide/Tests/AdaptiveLayoutTests.swift /Users/timyu/Desktop/EasyRide_App/EasyRide/Tests/AuthenticationViewModelTests.swift /Users/timyu/Desktop/EasyRide_App/EasyRide/Tests/BookingViewModelTests.swift /Users/timyu/Desktop/EasyRide_App/EasyRide/Tests/ChatInterfaceTests.swift /Users/timyu/Desktop/EasyRide_App/EasyRide/Tests/LocalizationTests.swift -primary-file /Users/timyu/Desktop/EasyRide_App/EasyRide/Tests/MockAPIService.swift -primary-file /Users/timyu/Desktop/EasyRide_App/EasyRide/Tests/OrderTrackingCompilationTest.swift -primary-file /Users/timyu/Desktop/EasyRide_App/EasyRide/Tests/OrderTrackingViewModelTests.swift /Users/timyu/Desktop/EasyRide_App/EasyRide/Tests/OrientationLayoutTests.swift /Users/timyu/Desktop/EasyRide_App/EasyRide/Tests/ResponsiveLayoutTests.swift /Users/timyu/Desktop/EasyRide_App/EasyRide/Tests/ResponsiveLayoutUtilsTests.swift /Users/timyu/Desktop/EasyRide_App/EasyRide/Tests/ServiceSelectionTests.swift /Users/timyu/Desktop/EasyRide_App/EasyRide/Tests/ServiceSelectionUITests.swift /Users/timyu/Desktop/EasyRide_App/EasyRideTests/EasyRideTests.swift /Users/timyu/Desktop/EasyRide_App/EasyRide/Tests/TripConfigurationModeTests.swift /Users/timyu/Desktop/EasyRide_App/EasyRide/Tests/TripConfigurationTests.swift /Users/timyu/Desktop/EasyRide_App/EasyRide/Tests/TripModificationTests.swift /Users/timyu/Desktop/EasyRide_App/EasyRide/Tests/ValueAddedServicesTests.swift /Users/timyu/Desktop/EasyRide_App/EasyRide/Tests/verify_booking_integration.swift /Users/timyu/Desktop/EasyRide_App/EasyRide/Tests/verify_chat_interface.swift /Users/timyu/Desktop/EasyRide_App/EasyRide/Tests/verify_service_selection.swift /Users/timyu/Desktop/EasyRide_App/EasyRide/Tests/VoiceOverSupportTests.swift -supplementary-output-file-map /Users/timyu/Library/Developer/Xcode/DerivedData/EasyRide-beugqklueywnwjdnocpyhdzzhnze/Build/Intermediates.noindex/EasyRide.build/Debug-iphonesimulator/EasyRideTests.build/Objects-normal/arm64/supplementaryOutputs-4 -target arm64-apple-ios18.5-simulator -disable-cross-import-overlay-search -swift-module-cross-import MapKit /Applications/Xcode.app/Contents/Developer/Platforms/iPhoneSimulator.platform/Developer/SDKs/iPhoneSimulator.sdk/System/Library/Frameworks/MapKit.framework/Modules/MapKit.swiftcrossimport/SwiftUI.swiftoverlay -swift-module-cross-import Testing /Applications/Xcode.app/Contents/Developer/Platforms/iPhoneSimulator.platform/Developer/Library/Frameworks/Testing.framework/Modules/Testing.swiftcrossimport/Foundation.swiftoverlay -load-resolved-plugin /Applications/Xcode.app/Contents/Developer/Platforms/iPhoneOS.platform/Developer/usr/lib/swift/host/plugins/libFoundationMacros.dylib\#/Applications/Xcode.app/Contents/Developer/Platforms/iPhoneOS.platform/Developer/usr/bin/swift-plugin-server\#FoundationMacros -load-resolved-plugin /Applications/Xcode.app/Contents/Developer/Platforms/iPhoneOS.platform/Developer/usr/lib/swift/host/plugins/libObservationMacros.dylib\#/Applications/Xcode.app/Contents/Developer/Platforms/iPhoneOS.platform/Developer/usr/bin/swift-plugin-server\#ObservationMacros -load-resolved-plugin /Applications/Xcode.app/Contents/Developer/Platforms/iPhoneOS.platform/Developer/usr/lib/swift/host/plugins/libPreviewsMacros.dylib\#/Applications/Xcode.app/Contents/Developer/Platforms/iPhoneOS.platform/Developer/usr/bin/swift-plugin-server\#PreviewsMacros -load-resolved-plugin /Applications/Xcode.app/Contents/Developer/Platforms/iPhoneOS.platform/Developer/usr/lib/swift/host/plugins/libSwiftMacros.dylib\#/Applications/Xcode.app/Contents/Developer/Platforms/iPhoneOS.platform/Developer/usr/bin/swift-plugin-server\#SwiftMacros -load-resolved-plugin /Applications/Xcode.app/Contents/Developer/Platforms/iPhoneOS.platform/Developer/usr/lib/swift/host/plugins/libSwiftUIMacros.dylib\#/Applications/Xcode.app/Contents/Developer/Platforms/iPhoneOS.platform/Developer/usr/bin/swift-plugin-server\#SwiftUIMacros -load-resolved-plugin /Applications/Xcode.app/Contents/Developer/Toolchains/XcodeDefault.xctoolchain/usr/lib/swift/host/plugins/testing/libTestingMacros.dylib\#\#TestingMacros -disable-implicit-swift-modules -Xcc -fno-implicit-modules -Xcc -fno-implicit-module-maps -explicit-swift-module-map-file /Users/timyu/Library/Developer/Xcode/DerivedData/EasyRide-beugqklueywnwjdnocpyhdzzhnze/Build/Intermediates.noindex/EasyRide.build/Debug-iphonesimulator/EasyRideTests.build/Objects-normal/arm64/EasyRideTests-dependencies-1.json -Xllvm -aarch64-use-tbi -enable-objc-interop -sdk /Applications/Xcode.app/Contents/Developer/Platforms/iPhoneSimulator.platform/Developer/SDKs/iPhoneSimulator26.2.sdk -I /Users/timyu/Library/Developer/Xcode/DerivedData/EasyRide-beugqklueywnwjdnocpyhdzzhnze/Build/Products/Debug-iphonesimulator -Isystem /Applications/Xcode.app/Contents/Developer/Platforms/iPhoneSimulator.platform/Developer/usr/lib -F /Users/timyu/Library/Developer/Xcode/DerivedData/EasyRide-beugqklueywnwjdnocpyhdzzhnze/Build/Products/Debug-iphonesimulator -F /Applications/Xcode.app/Contents/Developer/Platforms/iPhoneSimulator.platform/Developer/Library/Frameworks -F /Applications/Xcode.app/Contents/Developer/Platforms/iPhoneSimulator.platform/Developer/SDKs/iPhoneSimulator26.2.sdk/Developer/Library/Frameworks -no-color-diagnostics -Xcc -fno-color-diagnostics -enable-testing -g -debug-info-format\=dwarf -dwarf-version\=5 -module-cache-path /Users/timyu/Library/Developer/Xcode/DerivedData/EasyRide-beugqklueywnwjdnocpyhdzzhnze/Build/Intermediates.noindex/SwiftExplicitPrecompiledModules -profile-generate -profile-coverage-mapping -swift-version 5 -enforce-exclusivity\=checked -Onone -D DEBUG -serialize-debugging-options -const-gather-protocols-file /Users/timyu/Library/Developer/Xcode/DerivedData/EasyRide-beugqklueywnwjdnocpyhdzzhnze/Build/Intermediates.noindex/EasyRide.build/Debug-iphonesimulator/EasyRideTests.build/Objects-normal/arm64/EasyRideTests_const_extract_protocols.json -enable-experimental-feature DebugDescriptionMacro -enable-bare-slash-regex -empty-abi-descriptor -validate-clang-modules-once -clang-build-session-file /Users/timyu/Library/Developer/Xcode/DerivedData/ModuleCache.noindex/Session.modulevalidation -Xcc -working-directory -Xcc /Users/timyu/Desktop/EasyRide_App -enable-anonymous-context-mangled-names -file-compilation-dir /Users/timyu/Desktop/EasyRide_App -Xcc -D_LIBCPP_HARDENING_MODE\=_LIBCPP_HARDENING_MODE_DEBUG -Xcc -ivfsstatcache -Xcc /Users/timyu/Library/Developer/Xcode/DerivedData/SDKStatCaches.noindex/iphonesimulator26.2-23C53-7d00a8b37fbd7999ea79df8ebc024bf0.sdkstatcache -Xcc -I/Users/timyu/Library/Developer/Xcode/DerivedData/EasyRide-beugqklueywnwjdnocpyhdzzhnze/Build/Intermediates.noindex/EasyRide.build/Debug-iphonesimulator/EasyRideTests.build/swift-overrides.hmap -Xcc -iquote -Xcc /Users/timyu/Library/Developer/Xcode/DerivedData/EasyRide-beugqklueywnwjdnocpyhdzzhnze/Build/Intermediates.noindex/EasyRide.build/Debug-iphonesimulator/EasyRideTests.build/EasyRideTests-generated-files.hmap -Xcc -I/Users/timyu/Library/Developer/Xcode/DerivedData/EasyRide-beugqklueywnwjdnocpyhdzzhnze/Build/Intermediates.noindex/EasyRide.build/Debug-iphonesimulator/EasyRideTests.build/EasyRideTests-own-target-headers.hmap -Xcc -I/Users/timyu/Library/Developer/Xcode/DerivedData/EasyRide-beugqklueywnwjdnocpyhdzzhnze/Build/Intermediates.noindex/EasyRide.build/Debug-iphonesimulator/EasyRideTests.build/EasyRideTests-all-target-headers.hmap -Xcc -iquote -Xcc /Users/timyu/Library/Developer/Xcode/DerivedData/EasyRide-beugqklueywnwjdnocpyhdzzhnze/Build/Intermediates.noindex/EasyRide.build/Debug-iphonesimulator/EasyRideTests.build/EasyRideTests-project-headers.hmap -Xcc -I/Users/timyu/Library/Developer/Xcode/DerivedData/EasyRide-beugqklueywnwjdnocpyhdzzhnze/Build/Products/Debug-iphonesimulator/include -Xcc -I/Users/timyu/Library/Developer/Xcode/DerivedData/EasyRide-beugqklueywnwjdnocpyhdzzhnze/Build/Intermediates.noindex/EasyRide.build/Debug-iphonesimulator/EasyRideTests.build/DerivedSources-normal/arm64 -Xcc -I/Users/timyu/Library/Developer/Xcode/DerivedData/EasyRide-beugqklueywnwjdnocpyhdzzhnze/Build/Intermediates.noindex/EasyRide.build/Debug-iphonesimulator/EasyRideTests.build/DerivedSources/arm64 -Xcc -I/Users/timyu/Library/Developer/Xcode/DerivedData/EasyRide-beugqklueywnwjdnocpyhdzzhnze/Build/Intermediates.noindex/EasyRide.build/Debug-iphonesimulator/EasyRideTests.build/DerivedSources -Xcc -DDEBUG\=1 -no-auto-bridging-header-chaining -module-name EasyRideTests -frontend-parseable-output -disable-clang-spi -target-sdk-version 26.2 -target-sdk-name iphonesimulator26.2 -clang-target arm64-apple-ios26.2-simulator -in-process-plugin-server-path /Applications/Xcode.app/Contents/Developer/Toolchains/XcodeDefault.xctoolchain/usr/lib/swift/host/libSwiftInProcPluginServer.dylib -o /Users/timyu/Library/Developer/Xcode/DerivedData/EasyRide-beugqklueywnwjdnocpyhdzzhnze/Build/Intermediates.noindex/EasyRide.build/Debug-iphonesimulator/EasyRideTests.build/Objects-normal/arm64/MockAPIService.o -o /Users/timyu/Library/Developer/Xcode/DerivedData/EasyRide-beugqklueywnwjdnocpyhdzzhnze/Build/Intermediates.noindex/EasyRide.build/Debug-iphonesimulator/EasyRideTests.build/Objects-normal/arm64/OrderTrackingCompilationTest.o -o /Users/timyu/Library/Developer/Xcode/DerivedData/EasyRide-beugqklueywnwjdnocpyhdzzhnze/Build/Intermediates.noindex/EasyRide.build/Debug-iphonesimulator/EasyRideTests.build/Objects-normal/arm64/OrderTrackingViewModelTests.o -index-unit-output-path /EasyRide.build/Debug-iphonesimulator/EasyRideTests.build/Objects-normal/arm64/MockAPIService.o -index-unit-output-path /EasyRide.build/Debug-iphonesimulator/EasyRideTests.build/Objects-normal/arm64/OrderTrackingCompilationTest.o -index-unit-output-path /EasyRide.build/Debug-iphonesimulator/EasyRideTests.build/Objects-normal/arm64/OrderTrackingViewModelTests.o -index-store-path /Users/timyu/Library/Developer/Xcode/DerivedData/EasyRide-beugqklueywnwjdnocpyhdzzhnze/Index.noindex/DataStore -index-system-modules

SwiftCompile normal arm64 /Users/timyu/Desktop/EasyRide_App/EasyRide/Tests/MockAPIService.swift (in target 'EasyRideTests' from project 'EasyRide')
    cd /Users/timyu/Desktop/EasyRide_App
    
/Users/timyu/Desktop/EasyRide_App/EasyRide/Tests/MockAPIService.swift:131:28: error: extra arguments at positions #5, #6, #7, #8 in call
        let mockUser = User(
                           ^
EasyRide.User.init:2:10: note: 'init(id:name:email:phoneNumber:profileImage:preferredLanguage:createdAt:isVerified:)' declared here
internal init(id: String = UUID().uuidString, name: String, email: String, phoneNumber: String? = nil, profileImage: String? = nil, preferredLanguage: String? = nil, createdAt: Date = Date(), isVerified: Bool = false)}
         ^
/Users/timyu/Desktop/EasyRide_App/EasyRide/Tests/MockAPIService.swift:133:34: error: missing argument for parameter 'email' in call
            nickname: "Test User",
                                 ^
                                 , email: <#String#>
EasyRide.User.init:2:10: note: 'init(id:name:email:phoneNumber:profileImage:preferredLanguage:createdAt:isVerified:)' declared here
internal init(id: String = UUID().uuidString, name: String, email: String, phoneNumber: String? = nil, profileImage: String? = nil, preferredLanguage: String? = nil, createdAt: Date = Date(), isVerified: Bool = false)}
         ^
/Users/timyu/Desktop/EasyRide_App/EasyRide/Tests/MockAPIService.swift:139:24: error: cannot infer contextual base in reference to member 'standard'
            vipLevel: .standard
                      ~^~~~~~~~
/Users/timyu/Desktop/EasyRide_App/EasyRide/Tests/MockAPIService.swift:149:49: error: type 'APIEndpoint' has no member 'login'
        setMockResponse(mockAuthResponse, for: .login(phoneNumber: "", password: ""))
                                               ~^~~~~
/Users/timyu/Desktop/EasyRide_App/EasyRide/Tests/MockAPIService.swift:151:73: error: incorrect argument label in call (have 'phoneNumber:password:nickname:email:', expected 'phoneNumber:otp:nickname:email:')
        setMockResponse(mockAuthResponse, for: .register(RegisterRequest(phoneNumber: "", password: "", nickname: "", email: nil)))
                                                                        ^                 ~~~~~~~~
                                                                                          otp
/Users/timyu/Desktop/EasyRide_App/EasyRide/Tests/MockAPIService.swift:162:27: error: extra arguments at positions #6, #7, #8 in call
            driver: Driver(
                          ^
EasyRide.Driver.init:2:10: note: 'init(id:name:phoneNumber:profileImage:rating:totalTrips:vehicleInfo:currentLocation:isOnline:estimatedArrival:)' declared here
internal init(id: String = UUID().uuidString, name: String, phoneNumber: String, profileImage: String? = nil, rating: Double = 5.0, totalTrips: Int = 0, vehicleInfo: EasyRide.VehicleInfo, currentLocation: EasyRide.Location? = nil, isOnline: Bool = false, estimatedArrival: Date? = nil)}
         ^
/Users/timyu/Desktop/EasyRide_App/EasyRide/Tests/MockAPIService.swift:168:42: error: missing argument for parameter 'vehicleInfo' in call
                carModel: "Tesla Model Y",
                                         ^
                                         , vehicleInfo: <#VehicleInfo#>
EasyRide.Driver.init:2:10: note: 'init(id:name:phoneNumber:profileImage:rating:totalTrips:vehicleInfo:currentLocation:isOnline:estimatedArrival:)' declared here
internal init(id: String = UUID().uuidString, name: String, phoneNumber: String, profileImage: String? = nil, rating: Double = 5.0, totalTrips: Int = 0, vehicleInfo: EasyRide.VehicleInfo, currentLocation: EasyRide.Location? = nil, isOnline: Bool = false, estimatedArrival: Date? = nil)}
         ^
/Users/timyu/Desktop/EasyRide_App/EasyRide/Tests/MockAPIService.swift:302:15: error: type 'APIEndpoint' has no member 'login'
        case .login, .loginOTP, .register, .refreshToken:
             ~^~~~~
/Users/timyu/Desktop/EasyRide_App/EasyRide/Tests/MockAPIService.swift:303:32: error: extra arguments at positions #5, #6, #7, #8 in call
            let mockUser = User(
                               ^
EasyRide.User.init:2:10: note: 'init(id:name:email:phoneNumber:profileImage:preferredLanguage:createdAt:isVerified:)' declared here
internal init(id: String = UUID().uuidString, name: String, email: String, phoneNumber: String? = nil, profileImage: String? = nil, preferredLanguage: String? = nil, createdAt: Date = Date(), isVerified: Bool = false)}
         ^
/Users/timyu/Desktop/EasyRide_App/EasyRide/Tests/MockAPIService.swift:305:43: error: missing argument for parameter 'email' in call
                nickname: "Generated User",
                                          ^
                                          , email: <#String#>
EasyRide.User.init:2:10: note: 'init(id:name:email:phoneNumber:profileImage:preferredLanguage:createdAt:isVerified:)' declared here
internal init(id: String = UUID().uuidString, name: String, email: String, phoneNumber: String? = nil, profileImage: String? = nil, preferredLanguage: String? = nil, createdAt: Date = Date(), isVerified: Bool = false)}
         ^
/Users/timyu/Desktop/EasyRide_App/EasyRide/Tests/MockAPIService.swift:311:28: error: cannot infer contextual base in reference to member 'standard'
                vipLevel: .standard
                          ~^~~~~~~~

SwiftCompile normal arm64 /Users/timyu/Desktop/EasyRide_App/EasyRide/Tests/OrderTrackingCompilationTest.swift (in target 'EasyRideTests' from project 'EasyRide')
    cd /Users/timyu/Desktop/EasyRide_App
    
/Users/timyu/Desktop/EasyRide_App/EasyRide/Tests/OrderTrackingCompilationTest.swift:11:26: error: cannot find 'EasyRideAPIService' in scope
        let apiService = EasyRideAPIService.shared
                         ^~~~~~~~~~~~~~~~~~
/Users/timyu/Desktop/EasyRide_App/EasyRide/Tests/OrderTrackingCompilationTest.swift:12:25: error: cannot find 'OrderTrackingViewModel' in scope
        let viewModel = OrderTrackingViewModel(apiService: apiService)
                        ^~~~~~~~~~~~~~~~~~~~~~
/Users/timyu/Desktop/EasyRide_App/EasyRide/Tests/OrderTrackingCompilationTest.swift:24:20: error: cannot find 'OrderTrackingView' in scope
        let view = OrderTrackingView(orderId: "test-order-id")
                   ^~~~~~~~~~~~~~~~~
/Users/timyu/Desktop/EasyRide_App/EasyRide/Tests/OrderTrackingCompilationTest.swift:29:20: error: cannot find 'DriverMatchingAnimationView' in scope
        let view = DriverMatchingAnimationView()
                   ^~~~~~~~~~~~~~~~~~~~~~~~~~~
/Users/timyu/Desktop/EasyRide_App/EasyRide/Tests/OrderTrackingCompilationTest.swift:34:26: error: cannot find 'MapAnnotationItem' in scope
        let annotation = MapAnnotationItem(
                         ^~~~~~~~~~~~~~~~~
/Users/timyu/Desktop/EasyRide_App/EasyRide/Tests/OrderTrackingCompilationTest.swift:37:21: error: cannot infer contextual base in reference to member 'blue'
            color: .blue,
                   ~^~~~
/Users/timyu/Desktop/EasyRide_App/EasyRide/Tests/OrderTrackingCompilationTest.swift:40:20: error: cannot find 'MapMarkerView' in scope
        let view = MapMarkerView(annotation: annotation)
                   ^~~~~~~~~~~~~

SwiftCompile normal arm64 /Users/timyu/Desktop/EasyRide_App/EasyRide/Tests/OrderTrackingViewModelTests.swift (in target 'EasyRideTests' from project 'EasyRide')
    cd /Users/timyu/Desktop/EasyRide_App
    
/Users/timyu/Desktop/EasyRide_App/EasyRide/Tests/OrderTrackingViewModelTests.swift:27:27: error: extra arguments at positions #6, #7, #8 in call
            driver: Driver(
                          ^
EasyRide.Driver.init:2:10: note: 'init(id:name:phoneNumber:profileImage:rating:totalTrips:vehicleInfo:currentLocation:isOnline:estimatedArrival:)' declared here
internal init(id: String = UUID().uuidString, name: String, phoneNumber: String, profileImage: String? = nil, rating: Double = 5.0, totalTrips: Int = 0, vehicleInfo: EasyRide.VehicleInfo, currentLocation: EasyRide.Location? = nil, isOnline: Bool = false, estimatedArrival: Date? = nil)}
         ^
/Users/timyu/Desktop/EasyRide_App/EasyRide/Tests/OrderTrackingViewModelTests.swift:33:42: error: missing argument for parameter 'vehicleInfo' in call
                carModel: "Tesla Model Y",
                                         ^
                                         , vehicleInfo: <#VehicleInfo#>
EasyRide.Driver.init:2:10: note: 'init(id:name:phoneNumber:profileImage:rating:totalTrips:vehicleInfo:currentLocation:isOnline:estimatedArrival:)' declared here
internal init(id: String = UUID().uuidString, name: String, phoneNumber: String, profileImage: String? = nil, rating: Double = 5.0, totalTrips: Int = 0, vehicleInfo: EasyRide.VehicleInfo, currentLocation: EasyRide.Location? = nil, isOnline: Bool = false, estimatedArrival: Date? = nil)}
         ^
/Users/timyu/Desktop/EasyRide_App/EasyRide/Tests/OrderTrackingViewModelTests.swift:171:27: error: extra arguments at positions #6, #7, #8 in call
            driver: Driver(
                          ^
EasyRide.Driver.init:2:10: note: 'init(id:name:phoneNumber:profileImage:rating:totalTrips:vehicleInfo:currentLocation:isOnline:estimatedArrival:)' declared here
internal init(id: String = UUID().uuidString, name: String, phoneNumber: String, profileImage: String? = nil, rating: Double = 5.0, totalTrips: Int = 0, vehicleInfo: EasyRide.VehicleInfo, currentLocation: EasyRide.Location? = nil, isOnline: Bool = false, estimatedArrival: Date? = nil)}
         ^
/Users/timyu/Desktop/EasyRide_App/EasyRide/Tests/OrderTrackingViewModelTests.swift:177:42: error: missing argument for parameter 'vehicleInfo' in call
                carModel: "Tesla Model Y",
                                         ^
                                         , vehicleInfo: <#VehicleInfo#>
EasyRide.Driver.init:2:10: note: 'init(id:name:phoneNumber:profileImage:rating:totalTrips:vehicleInfo:currentLocation:isOnline:estimatedArrival:)' declared here
internal init(id: String = UUID().uuidString, name: String, phoneNumber: String, profileImage: String? = nil, rating: Double = 5.0, totalTrips: Int = 0, vehicleInfo: EasyRide.VehicleInfo, currentLocation: EasyRide.Location? = nil, isOnline: Bool = false, estimatedArrival: Date? = nil)}
         ^
/Users/timyu/Desktop/EasyRide_App/EasyRide/Tests/OrderTrackingViewModelTests.swift:234:27: error: extra arguments at positions #6, #7, #8 in call
            driver: Driver(
                          ^
EasyRide.Driver.init:2:10: note: 'init(id:name:phoneNumber:profileImage:rating:totalTrips:vehicleInfo:currentLocation:isOnline:estimatedArrival:)' declared here
internal init(id: String = UUID().uuidString, name: String, phoneNumber: String, profileImage: String? = nil, rating: Double = 5.0, totalTrips: Int = 0, vehicleInfo: EasyRide.VehicleInfo, currentLocation: EasyRide.Location? = nil, isOnline: Bool = false, estimatedArrival: Date? = nil)}
         ^
/Users/timyu/Desktop/EasyRide_App/EasyRide/Tests/OrderTrackingViewModelTests.swift:240:42: error: missing argument for parameter 'vehicleInfo' in call
                carModel: "Tesla Model Y",
                                         ^
                                         , vehicleInfo: <#VehicleInfo#>
EasyRide.Driver.init:2:10: note: 'init(id:name:phoneNumber:profileImage:rating:totalTrips:vehicleInfo:currentLocation:isOnline:estimatedArrival:)' declared here
internal init(id: String = UUID().uuidString, name: String, phoneNumber: String, profileImage: String? = nil, rating: Double = 5.0, totalTrips: Int = 0, vehicleInfo: EasyRide.VehicleInfo, currentLocation: EasyRide.Location? = nil, isOnline: Bool = false, estimatedArrival: Date? = nil)}
         ^
/Users/timyu/Desktop/EasyRide_App/EasyRide/Tests/OrderTrackingViewModelTests.swift:260:52: error: value of type 'OrderTrackingViewModel' has no member 'perform'
        let updateDriverLocationMethod = viewModel.perform(
                                         ~~~~~~~~~ ^~~~~~~
/Users/timyu/Desktop/EasyRide_App/EasyRide/Tests/OrderTrackingViewModelTests.swift:281:27: error: extra arguments at positions #6, #7, #8 in call
            driver: Driver(
                          ^
EasyRide.Driver.init:2:10: note: 'init(id:name:phoneNumber:profileImage:rating:totalTrips:vehicleInfo:currentLocation:isOnline:estimatedArrival:)' declared here
internal init(id: String = UUID().uuidString, name: String, phoneNumber: String, profileImage: String? = nil, rating: Double = 5.0, totalTrips: Int = 0, vehicleInfo: EasyRide.VehicleInfo, currentLocation: EasyRide.Location? = nil, isOnline: Bool = false, estimatedArrival: Date? = nil)}
         ^
/Users/timyu/Desktop/EasyRide_App/EasyRide/Tests/OrderTrackingViewModelTests.swift:287:42: error: missing argument for parameter 'vehicleInfo' in call
                carModel: "Tesla Model Y",
                                         ^
                                         , vehicleInfo: <#VehicleInfo#>
EasyRide.Driver.init:2:10: note: 'init(id:name:phoneNumber:profileImage:rating:totalTrips:vehicleInfo:currentLocation:isOnline:estimatedArrival:)' declared here
internal init(id: String = UUID().uuidString, name: String, phoneNumber: String, profileImage: String? = nil, rating: Double = 5.0, totalTrips: Int = 0, vehicleInfo: EasyRide.VehicleInfo, currentLocation: EasyRide.Location? = nil, isOnline: Bool = false, estimatedArrival: Date? = nil)}
         ^
/Users/timyu/Desktop/EasyRide_App/EasyRide/Tests/OrderTrackingViewModelTests.swift:307:52: error: value of type 'OrderTrackingViewModel' has no member 'perform'
        let updateDriverLocationMethod = viewModel.perform(
                                         ~~~~~~~~~ ^~~~~~~
/Users/timyu/Desktop/EasyRide_App/EasyRide/Tests/OrderTrackingViewModelTests.swift:342:27: error: extra arguments at positions #6, #7, #8 in call
            driver: Driver(
                          ^
EasyRide.Driver.init:2:10: note: 'init(id:name:phoneNumber:profileImage:rating:totalTrips:vehicleInfo:currentLocation:isOnline:estimatedArrival:)' declared here
internal init(id: String = UUID().uuidString, name: String, phoneNumber: String, profileImage: String? = nil, rating: Double = 5.0, totalTrips: Int = 0, vehicleInfo: EasyRide.VehicleInfo, currentLocation: EasyRide.Location? = nil, isOnline: Bool = false, estimatedArrival: Date? = nil)}
         ^
/Users/timyu/Desktop/EasyRide_App/EasyRide/Tests/OrderTrackingViewModelTests.swift:348:42: error: missing argument for parameter 'vehicleInfo' in call
                carModel: "Tesla Model Y",
                                         ^
                                         , vehicleInfo: <#VehicleInfo#>
EasyRide.Driver.init:2:10: note: 'init(id:name:phoneNumber:profileImage:rating:totalTrips:vehicleInfo:currentLocation:isOnline:estimatedArrival:)' declared here
internal init(id: String = UUID().uuidString, name: String, phoneNumber: String, profileImage: String? = nil, rating: Double = 5.0, totalTrips: Int = 0, vehicleInfo: EasyRide.VehicleInfo, currentLocation: EasyRide.Location? = nil, isOnline: Bool = false, estimatedArrival: Date? = nil)}
         ^
/Users/timyu/Desktop/EasyRide_App/EasyRide/Tests/OrderTrackingViewModelTests.swift:375:27: error: extra arguments at positions #6, #7, #8 in call
            driver: Driver(
                          ^
EasyRide.Driver.init:2:10: note: 'init(id:name:phoneNumber:profileImage:rating:totalTrips:vehicleInfo:currentLocation:isOnline:estimatedArrival:)' declared here
internal init(id: String = UUID().uuidString, name: String, phoneNumber: String, profileImage: String? = nil, rating: Double = 5.0, totalTrips: Int = 0, vehicleInfo: EasyRide.VehicleInfo, currentLocation: EasyRide.Location? = nil, isOnline: Bool = false, estimatedArrival: Date? = nil)}
         ^
/Users/timyu/Desktop/EasyRide_App/EasyRide/Tests/OrderTrackingViewModelTests.swift:381:42: error: missing argument for parameter 'vehicleInfo' in call
                carModel: "Tesla Model Y",
                                         ^
                                         , vehicleInfo: <#VehicleInfo#>
EasyRide.Driver.init:2:10: note: 'init(id:name:phoneNumber:profileImage:rating:totalTrips:vehicleInfo:currentLocation:isOnline:estimatedArrival:)' declared here
internal init(id: String = UUID().uuidString, name: String, phoneNumber: String, profileImage: String? = nil, rating: Double = 5.0, totalTrips: Int = 0, vehicleInfo: EasyRide.VehicleInfo, currentLocation: EasyRide.Location? = nil, isOnline: Bool = false, estimatedArrival: Date? = nil)}
         ^
/Users/timyu/Desktop/EasyRide_App/EasyRide/Tests/OrderTrackingViewModelTests.swift:426:27: error: extra arguments at positions #6, #7, #8 in call
            driver: Driver(
                          ^
EasyRide.Driver.init:2:10: note: 'init(id:name:phoneNumber:profileImage:rating:totalTrips:vehicleInfo:currentLocation:isOnline:estimatedArrival:)' declared here
internal init(id: String = UUID().uuidString, name: String, phoneNumber: String, profileImage: String? = nil, rating: Double = 5.0, totalTrips: Int = 0, vehicleInfo: EasyRide.VehicleInfo, currentLocation: EasyRide.Location? = nil, isOnline: Bool = false, estimatedArrival: Date? = nil)}
         ^
/Users/timyu/Desktop/EasyRide_App/EasyRide/Tests/OrderTrackingViewModelTests.swift:432:42: error: missing argument for parameter 'vehicleInfo' in call
                carModel: "Tesla Model Y",
                                         ^
                                         , vehicleInfo: <#VehicleInfo#>
EasyRide.Driver.init:2:10: note: 'init(id:name:phoneNumber:profileImage:rating:totalTrips:vehicleInfo:currentLocation:isOnline:estimatedArrival:)' declared here
internal init(id: String = UUID().uuidString, name: String, phoneNumber: String, profileImage: String? = nil, rating: Double = 5.0, totalTrips: Int = 0, vehicleInfo: EasyRide.VehicleInfo, currentLocation: EasyRide.Location? = nil, isOnline: Bool = false, estimatedArrival: Date? = nil)}
         ^
/Users/timyu/Desktop/EasyRide_App/EasyRide/Tests/OrderTrackingViewModelTests.swift:530:27: error: extra arguments at positions #6, #7, #8 in call
            driver: Driver(
                          ^
EasyRide.Driver.init:2:10: note: 'init(id:name:phoneNumber:profileImage:rating:totalTrips:vehicleInfo:currentLocation:isOnline:estimatedArrival:)' declared here
internal init(id: String = UUID().uuidString, name: String, phoneNumber: String, profileImage: String? = nil, rating: Double = 5.0, totalTrips: Int = 0, vehicleInfo: EasyRide.VehicleInfo, currentLocation: EasyRide.Location? = nil, isOnline: Bool = false, estimatedArrival: Date? = nil)}
         ^
/Users/timyu/Desktop/EasyRide_App/EasyRide/Tests/OrderTrackingViewModelTests.swift:536:42: error: missing argument for parameter 'vehicleInfo' in call
                carModel: "Tesla Model Y",
                                         ^
                                         , vehicleInfo: <#VehicleInfo#>
EasyRide.Driver.init:2:10: note: 'init(id:name:phoneNumber:profileImage:rating:totalTrips:vehicleInfo:currentLocation:isOnline:estimatedArrival:)' declared here
internal init(id: String = UUID().uuidString, name: String, phoneNumber: String, profileImage: String? = nil, rating: Double = 5.0, totalTrips: Int = 0, vehicleInfo: EasyRide.VehicleInfo, currentLocation: EasyRide.Location? = nil, isOnline: Bool = false, estimatedArrival: Date? = nil)}
         ^

SwiftCompile normal arm64 Compiling\ verify_service_selection.swift,\ VoiceOverSupportTests.swift /Users/timyu/Desktop/EasyRide_App/EasyRide/Tests/verify_service_selection.swift /Users/timyu/Desktop/EasyRide_App/EasyRide/Tests/VoiceOverSupportTests.swift (in target 'EasyRideTests' from project 'EasyRide')

SwiftCompile normal arm64 /Users/timyu/Desktop/EasyRide_App/EasyRide/Tests/verify_service_selection.swift (in target 'EasyRideTests' from project 'EasyRide')
    cd /Users/timyu/Desktop/EasyRide_App
    

SwiftCompile normal arm64 /Users/timyu/Desktop/EasyRide_App/EasyRide/Tests/VoiceOverSupportTests.swift (in target 'EasyRideTests' from project 'EasyRide')
    cd /Users/timyu/Desktop/EasyRide_App
    

SwiftEmitModule normal arm64 Emitting\ module\ for\ EasyRideUITests (in target 'EasyRideUITests' from project 'EasyRide')


Test session results, code coverage, and logs:
	/Users/timyu/Desktop/EasyRide_App/TestResults.xcresult

Testing failed:
	Value of type 'Any?' has no member 'description'
	Cannot find 'traits' in scope
	Value of type 'AuthenticationViewModel' has no member 'password'
	Extra arguments at positions #5, #6, #7, #8 in call
	Missing argument for parameter 'email' in call
	Cannot infer contextual base in reference to member 'standard'
	Type 'APIEndpoint' has no member 'login'
	Value of type 'AuthenticationViewModel' has no member 'password'
	Value of type 'AuthenticationViewModel' has no member 'loginWithPassword'
	Value of type 'AuthenticationViewModel' has no member 'password'
	Value of type 'AuthenticationViewModel' has no member 'password'
	Value of type 'AuthenticationViewModel' has no member 'loginWithPassword'
	Value of type 'AuthenticationViewModel' has no member 'passwordError'
	Value of type 'AuthenticationViewModel' has no member 'password'
	Type 'APIEndpoint' has no member 'login'
	Value of type 'AuthenticationViewModel' has no member 'password'
	Value of type 'AuthenticationViewModel' has no member 'loginWithPassword'
	Value of type 'AuthenticationViewModel' has no member 'password'
	Type 'APIEndpoint' has no member 'login'
	Value of type 'AuthenticationViewModel' has no member 'password'
	Value of type 'AuthenticationViewModel' has no member 'loginWithPassword'
	Extra arguments at positions #5, #6, #7, #8 in call
	Missing argument for parameter 'email' in call
	Cannot infer contextual base in reference to member 'standard'
	Value of type 'AuthenticationViewModel' has no member 'password'
	Value of type 'AuthenticationViewModel' has no member 'confirmPassword'
	Extra arguments at positions #5, #6, #7, #8 in call
	Missing argument for parameter 'email' in call
	Cannot infer contextual base in reference to member 'standard'
	Incorrect argument label in call (have 'phoneNumber:password:nickname:email:', expected 'phoneNumber:otp:nickname:email:')
	Value of type 'AuthenticationViewModel' has no member 'password'
	Value of type 'AuthenticationViewModel' has no member 'password'
	Value of type 'AuthenticationViewModel' has no member 'confirmPassword'
	Value of type 'AuthenticationViewModel' has no member 'password'
	Value of type 'AuthenticationViewModel' has no member 'confirmPassword'
	Value of type 'AuthenticationViewModel' has no member 'passwordError'
	Value of type 'AuthenticationViewModel' has no member 'password'
	Value of type 'AuthenticationViewModel' has no member 'confirmPassword'
	Value of type 'AuthenticationViewModel' has no member 'passwordError'
	Value of type 'AuthenticationViewModel' has no member 'confirmPasswordError'
	Value of type 'AuthenticationViewModel' has no member 'password'
	Value of type 'AuthenticationViewModel' has no member 'confirmPassword'
	Value of type 'AuthenticationViewModel' has no member 'passwordError'
	Value of type 'AuthenticationViewModel' has no member 'confirmPasswordError'
	Value of type 'AuthenticationViewModel' has no member 'password'
	Value of type 'AuthenticationViewModel' has no member 'confirmPassword'
	Incorrect argument label in call (have 'phoneNumber:password:nickname:email:', expected 'phoneNumber:otp:nickname:email:')
	Value of type 'AuthenticationViewModel' has no member 'password'
	Extra arguments at positions #5, #6, #7, #8 in call
	Missing argument for parameter 'email' in call
	Cannot infer contextual base in reference to member 'standard'
	Extra arguments at positions #5, #6, #7, #8 in call
	Missing argument for parameter 'email' in call
	Cannot infer contextual base in reference to member 'standard'
	Value of type 'AuthenticationViewModel' has no member 'password'
	Value of type 'AuthenticationViewModel' has no member 'loginWithPassword'
	Value of type 'AuthenticationViewModel' has no member 'password'
	Value of type 'AuthenticationViewModel' has no member 'loginWithPassword'
	Value of type 'AuthenticationViewModel' has no member 'passwordError'
	Value of type 'AuthenticationViewModel' has no member 'passwordError'
	Value of type 'AuthenticationViewModel' has no member 'password'
	Value of type 'AuthenticationViewModel' has no member 'confirmPassword'
	Value of type 'AuthenticationViewModel' has no member 'passwordError'
	Value of type 'AuthenticationViewModel' has no member 'passwordError'
	Value of type 'AuthenticationViewModel' has no member 'password'
	Value of type 'AuthenticationViewModel' has no member 'confirmPassword'
	Value of type 'AuthenticationViewModel' has no member 'password'
	Value of type 'AuthenticationViewModel' has no member 'confirmPassword'
	Value of type 'AuthenticationViewModel' has no member 'password'
	Value of type 'AuthenticationViewModel' has no member 'isLoginFormValid'
	Value of type 'AuthenticationViewModel' has no member 'password'
	Value of type 'AuthenticationViewModel' has no member 'isLoginFormValid'
	Value of type 'AuthenticationViewModel' has no member 'password'
	Value of type 'AuthenticationViewModel' has no member 'isLoginFormValid'
	Value of type 'AuthenticationViewModel' has no member 'password'
	Value of type 'AuthenticationViewModel' has no member 'isLoginFormValid'
	Value of type 'AuthenticationViewModel' has no member 'password'
	Value of type 'AuthenticationViewModel' has no member 'confirmPassword'
	Value of type 'AuthenticationViewModel' has no member 'password'
	Value of type 'AuthenticationViewModel' has no member 'confirmPassword'
	Value of type 'AuthenticationViewModel' has no member 'password'
	Value of type 'AuthenticationViewModel' has no member 'confirmPassword'
	Value of type 'AuthenticationViewModel' has no member 'password'
	Value of type 'AuthenticationViewModel' has no member 'confirmPassword'
	Argument 'profileImage' must precede argument 'rating'
	Incorrect argument label in call (have 'orderId:message:type:', expected 'orderId:message:messageType:')
	Incorrect argument label in call (have 'orderId:message:type:', expected 'orderId:message:messageType:')
	Main actor-isolated instance method 'updateCurrentLocation' cannot be called from outside of the actor
	Main actor-isolated instance method 'enableLocationSharing()' cannot be called from outside of the actor
	Main actor-isolated instance method 'handleMessageTextChange()' cannot be called from outside of the actor
	Main actor-isolated instance method 'handleMessageTextChange()' cannot be called from outside of the actor
	Extra arguments at positions #5, #6, #7, #8 in call
	Missing argument for parameter 'email' in call
	Cannot infer contextual base in reference to member 'standard'
	Type 'APIEndpoint' has no member 'login'
	Incorrect argument label in call (have 'phoneNumber:password:nickname:email:', expected 'phoneNumber:otp:nickname:email:')
	Extra arguments at positions #6, #7, #8 in call
	Missing argument for parameter 'vehicleInfo' in call
	Type 'APIEndpoint' has no member 'login'
	Extra arguments at positions #5, #6, #7, #8 in call
	Missing argument for parameter 'email' in call
	Cannot infer contextual base in reference to member 'standard'
	Cannot find 'EasyRideAPIService' in scope
	Cannot find 'OrderTrackingViewModel' in scope
	Cannot find 'OrderTrackingView' in scope
	Cannot find 'DriverMatchingAnimationView' in scope
	Cannot find 'MapAnnotationItem' in scope
	Cannot infer contextual base in reference to member 'blue'
	Cannot find 'MapMarkerView' in scope
	Extra arguments at positions #6, #7, #8 in call
	Missing argument for parameter 'vehicleInfo' in call
	Extra arguments at positions #6, #7, #8 in call
	Missing argument for parameter 'vehicleInfo' in call
	Extra arguments at positions #6, #7, #8 in call
	Missing argument for parameter 'vehicleInfo' in call
	Value of type 'OrderTrackingViewModel' has no member 'perform'
	Extra arguments at positions #6, #7, #8 in call
	Missing argument for parameter 'vehicleInfo' in call
	Value of type 'OrderTrackingViewModel' has no member 'perform'
	Extra arguments at positions #6, #7, #8 in call
	Missing argument for parameter 'vehicleInfo' in call
	Extra arguments at positions #6, #7, #8 in call
	Missing argument for parameter 'vehicleInfo' in call
	Extra arguments at positions #6, #7, #8 in call
	Missing argument for parameter 'vehicleInfo' in call
	Extra arguments at positions #6, #7, #8 in call
	Missing argument for parameter 'vehicleInfo' in call
	Testing cancelled because the build failed.

** TEST FAILED **


The following build commands failed:
	SwiftCompile normal arm64 Compiling\ AccessibilityTests.swift,\ AdaptiveLayoutTests.swift,\ AuthenticationViewModelTests.swift /Users/timyu/Desktop/EasyRide_App/EasyRide/Tests/AccessibilityTests.swift /Users/timyu/Desktop/EasyRide_App/EasyRide/Tests/AdaptiveLayoutTests.swift /Users/timyu/Desktop/EasyRide_App/EasyRide/Tests/AuthenticationViewModelTests.swift (in target 'EasyRideTests' from project 'EasyRide')
	SwiftCompile normal arm64 /Users/timyu/Desktop/EasyRide_App/EasyRide/Tests/AccessibilityTests.swift (in target 'EasyRideTests' from project 'EasyRide')
	SwiftCompile normal arm64 /Users/timyu/Desktop/EasyRide_App/EasyRide/Tests/AuthenticationViewModelTests.swift (in target 'EasyRideTests' from project 'EasyRide')
	SwiftCompile normal arm64 Compiling\ BookingViewModelTests.swift,\ ChatInterfaceTests.swift,\ LocalizationTests.swift /Users/timyu/Desktop/EasyRide_App/EasyRide/Tests/BookingViewModelTests.swift /Users/timyu/Desktop/EasyRide_App/EasyRide/Tests/ChatInterfaceTests.swift /Users/timyu/Desktop/EasyRide_App/EasyRide/Tests/LocalizationTests.swift (in target 'EasyRideTests' from project 'EasyRide')
	SwiftCompile normal arm64 /Users/timyu/Desktop/EasyRide_App/EasyRide/Tests/ChatInterfaceTests.swift (in target 'EasyRideTests' from project 'EasyRide')
	SwiftCompile normal arm64 Compiling\ MockAPIService.swift,\ OrderTrackingCompilationTest.swift,\ OrderTrackingViewModelTests.swift /Users/timyu/Desktop/EasyRide_App/EasyRide/Tests/MockAPIService.swift /Users/timyu/Desktop/EasyRide_App/EasyRide/Tests/OrderTrackingCompilationTest.swift /Users/timyu/Desktop/EasyRide_App/EasyRide/Tests/OrderTrackingViewModelTests.swift (in target 'EasyRideTests' from project 'EasyRide')
	SwiftCompile normal arm64 /Users/timyu/Desktop/EasyRide_App/EasyRide/Tests/MockAPIService.swift (in target 'EasyRideTests' from project 'EasyRide')
	SwiftCompile normal arm64 /Users/timyu/Desktop/EasyRide_App/EasyRide/Tests/OrderTrackingCompilationTest.swift (in target 'EasyRideTests' from project 'EasyRide')
	SwiftCompile normal arm64 /Users/timyu/Desktop/EasyRide_App/EasyRide/Tests/OrderTrackingViewModelTests.swift (in target 'EasyRideTests' from project 'EasyRide')
	Testing project EasyRide with scheme EasyRide
(10 failures)
