Command line invocation:
    /Applications/Xcode.app/Contents/Developer/usr/bin/xcodebuild test -scheme EasyRide -destination "platform=iOS Simulator,name=iPhone 17" -resultBundlePath TestResults.xcresult

2026-01-08 17:22:55.924 xcodebuild[36809:232418] [MT] IDERunDestination: Supported platforms for the buildables in the current scheme is empty.
Writing result bundle at path:
	/Users/timyu/Desktop/EasyRide_App/TestResults.xcresult

ComputePackagePrebuildTargetDependencyGraph

Prepare packages

CreateBuildRequest

SendProjectDescription

CreateBuildOperation

ComputeTargetDependencyGraph
note: Building targets in dependency order
note: Target dependency graph (3 targets)
    Target 'EasyRideTests' in project 'EasyRide'
        ➜ Explicit dependency on target 'EasyRide' in project 'EasyRide'
    Target 'EasyRideUITests' in project 'EasyRide'
        ➜ Explicit dependency on target 'EasyRide' in project 'EasyRide'
    Target 'EasyRide' in project 'EasyRide' (no dependencies)

GatherProvisioningInputs

CreateBuildDescription

ExecuteExternalTool /Applications/Xcode.app/Contents/Developer/Toolchains/XcodeDefault.xctoolchain/usr/bin/clang -v -E -dM -isysroot /Applications/Xcode.app/Contents/Developer/Platforms/iPhoneSimulator.platform/Developer/SDKs/iPhoneSimulator26.2.sdk -x c -c /dev/null

ExecuteExternalTool /Applications/Xcode.app/Contents/Developer/Toolchains/XcodeDefault.xctoolchain/usr/bin/swiftc --version

ExecuteExternalTool /Applications/Xcode.app/Contents/Developer/usr/bin/actool --print-asset-tag-combinations --output-format xml1 /Users/timyu/Desktop/EasyRide_App/EasyRide/Assets.xcassets

ExecuteExternalTool /Applications/Xcode.app/Contents/Developer/usr/bin/actool --version --output-format xml1

ExecuteExternalTool /Applications/Xcode.app/Contents/Developer/Toolchains/XcodeDefault.xctoolchain/usr/bin/ld -version_details

Build description signature: 8f92959d79cf5e093cc2408a16370001
Build description path: /Users/timyu/Library/Developer/Xcode/DerivedData/EasyRide-beugqklueywnwjdnocpyhdzzhnze/Build/Intermediates.noindex/XCBuildData/8f92959d79cf5e093cc2408a16370001.xcbuilddata
ClangStatCache /Applications/Xcode.app/Contents/Developer/Toolchains/XcodeDefault.xctoolchain/usr/bin/clang-stat-cache /Applications/Xcode.app/Contents/Developer/Platforms/iPhoneSimulator.platform/Developer/SDKs/iPhoneSimulator26.2.sdk /Users/timyu/Library/Developer/Xcode/DerivedData/SDKStatCaches.noindex/iphonesimulator26.2-23C53-7d00a8b37fbd7999ea79df8ebc024bf0.sdkstatcache
    cd /Users/timyu/Desktop/EasyRide_App/EasyRide.xcodeproj
    /Applications/Xcode.app/Contents/Developer/Toolchains/XcodeDefault.xctoolchain/usr/bin/clang-stat-cache /Applications/Xcode.app/Contents/Developer/Platforms/iPhoneSimulator.platform/Developer/SDKs/iPhoneSimulator26.2.sdk -o /Users/timyu/Library/Developer/Xcode/DerivedData/SDKStatCaches.noindex/iphonesimulator26.2-23C53-7d00a8b37fbd7999ea79df8ebc024bf0.sdkstatcache

ProcessInfoPlistFile /Users/timyu/Library/Developer/Xcode/DerivedData/EasyRide-beugqklueywnwjdnocpyhdzzhnze/Build/Products/Debug-iphonesimulator/EasyRide.app/Info.plist /Users/timyu/Library/Developer/Xcode/DerivedData/EasyRide-beugqklueywnwjdnocpyhdzzhnze/Build/Intermediates.noindex/EasyRide.build/Debug-iphonesimulator/EasyRide.build/empty-EasyRide.plist (in target 'EasyRide' from project 'EasyRide')
    cd /Users/timyu/Desktop/EasyRide_App
    builtin-infoPlistUtility /Users/timyu/Library/Developer/Xcode/DerivedData/EasyRide-beugqklueywnwjdnocpyhdzzhnze/Build/Intermediates.noindex/EasyRide.build/Debug-iphonesimulator/EasyRide.build/empty-EasyRide.plist -producttype com.apple.product-type.application -genpkginfo /Users/timyu/Library/Developer/Xcode/DerivedData/EasyRide-beugqklueywnwjdnocpyhdzzhnze/Build/Products/Debug-iphonesimulator/EasyRide.app/PkgInfo -expandbuildsettings -format binary -platform iphonesimulator -additionalcontentfile /Users/timyu/Library/Developer/Xcode/DerivedData/EasyRide-beugqklueywnwjdnocpyhdzzhnze/Build/Intermediates.noindex/EasyRide.build/Debug-iphonesimulator/EasyRide.build/assetcatalog_generated_info.plist -o /Users/timyu/Library/Developer/Xcode/DerivedData/EasyRide-beugqklueywnwjdnocpyhdzzhnze/Build/Products/Debug-iphonesimulator/EasyRide.app/Info.plist

CopySwiftLibs /Users/timyu/Library/Developer/Xcode/DerivedData/EasyRide-beugqklueywnwjdnocpyhdzzhnze/Build/Products/Debug-iphonesimulator/EasyRide.app (in target 'EasyRide' from project 'EasyRide')
    cd /Users/timyu/Desktop/EasyRide_App
    builtin-swiftStdLibTool --copy --verbose --sign - --scan-executable /Users/timyu/Library/Developer/Xcode/DerivedData/EasyRide-beugqklueywnwjdnocpyhdzzhnze/Build/Products/Debug-iphonesimulator/EasyRide.app/EasyRide.debug.dylib --scan-folder /Users/timyu/Library/Developer/Xcode/DerivedData/EasyRide-beugqklueywnwjdnocpyhdzzhnze/Build/Products/Debug-iphonesimulator/EasyRide.app/Frameworks --scan-folder /Users/timyu/Library/Developer/Xcode/DerivedData/EasyRide-beugqklueywnwjdnocpyhdzzhnze/Build/Products/Debug-iphonesimulator/EasyRide.app/PlugIns --scan-folder /Users/timyu/Library/Developer/Xcode/DerivedData/EasyRide-beugqklueywnwjdnocpyhdzzhnze/Build/Products/Debug-iphonesimulator/EasyRide.app/SystemExtensions --scan-folder /Users/timyu/Library/Developer/Xcode/DerivedData/EasyRide-beugqklueywnwjdnocpyhdzzhnze/Build/Products/Debug-iphonesimulator/EasyRide.app/Extensions --platform iphonesimulator --toolchain /Applications/Xcode.app/Contents/Developer/Toolchains/XcodeDefault.xctoolchain --destination /Users/timyu/Library/Developer/Xcode/DerivedData/EasyRide-beugqklueywnwjdnocpyhdzzhnze/Build/Products/Debug-iphonesimulator/EasyRide.app/Frameworks --strip-bitcode --strip-bitcode-tool /Applications/Xcode.app/Contents/Developer/Toolchains/XcodeDefault.xctoolchain/usr/bin/bitcode_strip --emit-dependency-info /Users/timyu/Library/Developer/Xcode/DerivedData/EasyRide-beugqklueywnwjdnocpyhdzzhnze/Build/Intermediates.noindex/EasyRide.build/Debug-iphonesimulator/EasyRide.build/SwiftStdLibToolInputDependencies.dep --filter-for-swift-os

SwiftDriver EasyRideUITests normal arm64 com.apple.xcode.tools.swift.compiler (in target 'EasyRideUITests' from project 'EasyRide')
    cd /Users/timyu/Desktop/EasyRide_App
    builtin-SwiftDriver -- /Applications/Xcode.app/Contents/Developer/Toolchains/XcodeDefault.xctoolchain/usr/bin/swiftc -module-name EasyRideUITests -Onone -enforce-exclusivity\=checked @/Users/timyu/Library/Developer/Xcode/DerivedData/EasyRide-beugqklueywnwjdnocpyhdzzhnze/Build/Intermediates.noindex/EasyRide.build/Debug-iphonesimulator/EasyRideUITests.build/Objects-normal/arm64/EasyRideUITests.SwiftFileList -DDEBUG -module-alias Testing\=_Testing_Unavailable -plugin-path /Applications/Xcode.app/Contents/Developer/Toolchains/XcodeDefault.xctoolchain/usr/lib/swift/host/plugins/testing -enable-bare-slash-regex -enable-experimental-feature DebugDescriptionMacro -sdk /Applications/Xcode.app/Contents/Developer/Platforms/iPhoneSimulator.platform/Developer/SDKs/iPhoneSimulator26.2.sdk -target arm64-apple-ios18.5-simulator -g -module-cache-path /Users/timyu/Library/Developer/Xcode/DerivedData/ModuleCache.noindex -Xfrontend -serialize-debugging-options -profile-coverage-mapping -profile-generate -enable-testing -index-store-path /Users/timyu/Library/Developer/Xcode/DerivedData/EasyRide-beugqklueywnwjdnocpyhdzzhnze/Index.noindex/DataStore -Xcc -D_LIBCPP_HARDENING_MODE\=_LIBCPP_HARDENING_MODE_DEBUG -swift-version 5 -I /Users/timyu/Library/Developer/Xcode/DerivedData/EasyRide-beugqklueywnwjdnocpyhdzzhnze/Build/Products/Debug-iphonesimulator -Isystem /Applications/Xcode.app/Contents/Developer/Platforms/iPhoneSimulator.platform/Developer/usr/lib -F /Users/timyu/Library/Developer/Xcode/DerivedData/EasyRide-beugqklueywnwjdnocpyhdzzhnze/Build/Products/Debug-iphonesimulator -F /Applications/Xcode.app/Contents/Developer/Platforms/iPhoneSimulator.platform/Developer/Library/Frameworks -F /Applications/Xcode.app/Contents/Developer/Platforms/iPhoneSimulator.platform/Developer/SDKs/iPhoneSimulator26.2.sdk/Developer/Library/Frameworks -c -j8 -enable-batch-mode -incremental -Xcc -ivfsstatcache -Xcc /Users/timyu/Library/Developer/Xcode/DerivedData/SDKStatCaches.noindex/iphonesimulator26.2-23C53-7d00a8b37fbd7999ea79df8ebc024bf0.sdkstatcache -output-file-map /Users/timyu/Library/Developer/Xcode/DerivedData/EasyRide-beugqklueywnwjdnocpyhdzzhnze/Build/Intermediates.noindex/EasyRide.build/Debug-iphonesimulator/EasyRideUITests.build/Objects-normal/arm64/EasyRideUITests-OutputFileMap.json -use-frontend-parseable-output -save-temps -no-color-diagnostics -explicit-module-build -module-cache-path /Users/timyu/Library/Developer/Xcode/DerivedData/EasyRide-beugqklueywnwjdnocpyhdzzhnze/Build/Intermediates.noindex/SwiftExplicitPrecompiledModules -clang-scanner-module-cache-path /Users/timyu/Library/Developer/Xcode/DerivedData/ModuleCache.noindex -sdk-module-cache-path /Users/timyu/Library/Developer/Xcode/DerivedData/ModuleCache.noindex -serialize-diagnostics -emit-dependencies -emit-module -emit-module-path /Users/timyu/Library/Developer/Xcode/DerivedData/EasyRide-beugqklueywnwjdnocpyhdzzhnze/Build/Intermediates.noindex/EasyRide.build/Debug-iphonesimulator/EasyRideUITests.build/Objects-normal/arm64/EasyRideUITests.swiftmodule -validate-clang-modules-once -clang-build-session-file /Users/timyu/Library/Developer/Xcode/DerivedData/ModuleCache.noindex/Session.modulevalidation -Xcc -I/Users/timyu/Library/Developer/Xcode/DerivedData/EasyRide-beugqklueywnwjdnocpyhdzzhnze/Build/Intermediates.noindex/EasyRide.build/Debug-iphonesimulator/EasyRideUITests.build/swift-overrides.hmap -emit-const-values -Xfrontend -const-gather-protocols-file -Xfrontend /Users/timyu/Library/Developer/Xcode/DerivedData/EasyRide-beugqklueywnwjdnocpyhdzzhnze/Build/Intermediates.noindex/EasyRide.build/Debug-iphonesimulator/EasyRideUITests.build/Objects-normal/arm64/EasyRideUITests_const_extract_protocols.json -Xcc -iquote -Xcc /Users/timyu/Library/Developer/Xcode/DerivedData/EasyRide-beugqklueywnwjdnocpyhdzzhnze/Build/Intermediates.noindex/EasyRide.build/Debug-iphonesimulator/EasyRideUITests.build/EasyRideUITests-generated-files.hmap -Xcc -I/Users/timyu/Library/Developer/Xcode/DerivedData/EasyRide-beugqklueywnwjdnocpyhdzzhnze/Build/Intermediates.noindex/EasyRide.build/Debug-iphonesimulator/EasyRideUITests.build/EasyRideUITests-own-target-headers.hmap -Xcc -I/Users/timyu/Library/Developer/Xcode/DerivedData/EasyRide-beugqklueywnwjdnocpyhdzzhnze/Build/Intermediates.noindex/EasyRide.build/Debug-iphonesimulator/EasyRideUITests.build/EasyRideUITests-all-target-headers.hmap -Xcc -iquote -Xcc /Users/timyu/Library/Developer/Xcode/DerivedData/EasyRide-beugqklueywnwjdnocpyhdzzhnze/Build/Intermediates.noindex/EasyRide.build/Debug-iphonesimulator/EasyRideUITests.build/EasyRideUITests-project-headers.hmap -Xcc -I/Users/timyu/Library/Developer/Xcode/DerivedData/EasyRide-beugqklueywnwjdnocpyhdzzhnze/Build/Products/Debug-iphonesimulator/include -Xcc -I/Users/timyu/Library/Developer/Xcode/DerivedData/EasyRide-beugqklueywnwjdnocpyhdzzhnze/Build/Intermediates.noindex/EasyRide.build/Debug-iphonesimulator/EasyRideUITests.build/DerivedSources-normal/arm64 -Xcc -I/Users/timyu/Library/Developer/Xcode/DerivedData/EasyRide-beugqklueywnwjdnocpyhdzzhnze/Build/Intermediates.noindex/EasyRide.build/Debug-iphonesimulator/EasyRideUITests.build/DerivedSources/arm64 -Xcc -I/Users/timyu/Library/Developer/Xcode/DerivedData/EasyRide-beugqklueywnwjdnocpyhdzzhnze/Build/Intermediates.noindex/EasyRide.build/Debug-iphonesimulator/EasyRideUITests.build/DerivedSources -Xcc -DDEBUG\=1 -emit-objc-header -emit-objc-header-path /Users/timyu/Library/Developer/Xcode/DerivedData/EasyRide-beugqklueywnwjdnocpyhdzzhnze/Build/Intermediates.noindex/EasyRide.build/Debug-iphonesimulator/EasyRideUITests.build/Objects-normal/arm64/EasyRideUITests-Swift.h -working-directory /Users/timyu/Desktop/EasyRide_App -experimental-emit-module-separately -disable-cmo

SwiftDriver EasyRideTests normal arm64 com.apple.xcode.tools.swift.compiler (in target 'EasyRideTests' from project 'EasyRide')
    cd /Users/timyu/Desktop/EasyRide_App
    builtin-SwiftDriver -- /Applications/Xcode.app/Contents/Developer/Toolchains/XcodeDefault.xctoolchain/usr/bin/swiftc -module-name EasyRideTests -Onone -enforce-exclusivity\=checked @/Users/timyu/Library/Developer/Xcode/DerivedData/EasyRide-beugqklueywnwjdnocpyhdzzhnze/Build/Intermediates.noindex/EasyRide.build/Debug-iphonesimulator/EasyRideTests.build/Objects-normal/arm64/EasyRideTests.SwiftFileList -DDEBUG -plugin-path /Applications/Xcode.app/Contents/Developer/Toolchains/XcodeDefault.xctoolchain/usr/lib/swift/host/plugins/testing -enable-bare-slash-regex -enable-experimental-feature DebugDescriptionMacro -sdk /Applications/Xcode.app/Contents/Developer/Platforms/iPhoneSimulator.platform/Developer/SDKs/iPhoneSimulator26.2.sdk -target arm64-apple-ios18.5-simulator -g -module-cache-path /Users/timyu/Library/Developer/Xcode/DerivedData/ModuleCache.noindex -Xfrontend -serialize-debugging-options -profile-coverage-mapping -profile-generate -enable-testing -index-store-path /Users/timyu/Library/Developer/Xcode/DerivedData/EasyRide-beugqklueywnwjdnocpyhdzzhnze/Index.noindex/DataStore -Xcc -D_LIBCPP_HARDENING_MODE\=_LIBCPP_HARDENING_MODE_DEBUG -swift-version 5 -I /Users/timyu/Library/Developer/Xcode/DerivedData/EasyRide-beugqklueywnwjdnocpyhdzzhnze/Build/Products/Debug-iphonesimulator -Isystem /Applications/Xcode.app/Contents/Developer/Platforms/iPhoneSimulator.platform/Developer/usr/lib -F /Users/timyu/Library/Developer/Xcode/DerivedData/EasyRide-beugqklueywnwjdnocpyhdzzhnze/Build/Products/Debug-iphonesimulator -F /Applications/Xcode.app/Contents/Developer/Platforms/iPhoneSimulator.platform/Developer/Library/Frameworks -F /Applications/Xcode.app/Contents/Developer/Platforms/iPhoneSimulator.platform/Developer/SDKs/iPhoneSimulator26.2.sdk/Developer/Library/Frameworks -c -j8 -enable-batch-mode -incremental -Xcc -ivfsstatcache -Xcc /Users/timyu/Library/Developer/Xcode/DerivedData/SDKStatCaches.noindex/iphonesimulator26.2-23C53-7d00a8b37fbd7999ea79df8ebc024bf0.sdkstatcache -output-file-map /Users/timyu/Library/Developer/Xcode/DerivedData/EasyRide-beugqklueywnwjdnocpyhdzzhnze/Build/Intermediates.noindex/EasyRide.build/Debug-iphonesimulator/EasyRideTests.build/Objects-normal/arm64/EasyRideTests-OutputFileMap.json -use-frontend-parseable-output -save-temps -no-color-diagnostics -explicit-module-build -module-cache-path /Users/timyu/Library/Developer/Xcode/DerivedData/EasyRide-beugqklueywnwjdnocpyhdzzhnze/Build/Intermediates.noindex/SwiftExplicitPrecompiledModules -clang-scanner-module-cache-path /Users/timyu/Library/Developer/Xcode/DerivedData/ModuleCache.noindex -sdk-module-cache-path /Users/timyu/Library/Developer/Xcode/DerivedData/ModuleCache.noindex -serialize-diagnostics -emit-dependencies -emit-module -emit-module-path /Users/timyu/Library/Developer/Xcode/DerivedData/EasyRide-beugqklueywnwjdnocpyhdzzhnze/Build/Intermediates.noindex/EasyRide.build/Debug-iphonesimulator/EasyRideTests.build/Objects-normal/arm64/EasyRideTests.swiftmodule -validate-clang-modules-once -clang-build-session-file /Users/timyu/Library/Developer/Xcode/DerivedData/ModuleCache.noindex/Session.modulevalidation -Xcc -I/Users/timyu/Library/Developer/Xcode/DerivedData/EasyRide-beugqklueywnwjdnocpyhdzzhnze/Build/Intermediates.noindex/EasyRide.build/Debug-iphonesimulator/EasyRideTests.build/swift-overrides.hmap -emit-const-values -Xfrontend -const-gather-protocols-file -Xfrontend /Users/timyu/Library/Developer/Xcode/DerivedData/EasyRide-beugqklueywnwjdnocpyhdzzhnze/Build/Intermediates.noindex/EasyRide.build/Debug-iphonesimulator/EasyRideTests.build/Objects-normal/arm64/EasyRideTests_const_extract_protocols.json -Xcc -iquote -Xcc /Users/timyu/Library/Developer/Xcode/DerivedData/EasyRide-beugqklueywnwjdnocpyhdzzhnze/Build/Intermediates.noindex/EasyRide.build/Debug-iphonesimulator/EasyRideTests.build/EasyRideTests-generated-files.hmap -Xcc -I/Users/timyu/Library/Developer/Xcode/DerivedData/EasyRide-beugqklueywnwjdnocpyhdzzhnze/Build/Intermediates.noindex/EasyRide.build/Debug-iphonesimulator/EasyRideTests.build/EasyRideTests-own-target-headers.hmap -Xcc -I/Users/timyu/Library/Developer/Xcode/DerivedData/EasyRide-beugqklueywnwjdnocpyhdzzhnze/Build/Intermediates.noindex/EasyRide.build/Debug-iphonesimulator/EasyRideTests.build/EasyRideTests-all-target-headers.hmap -Xcc -iquote -Xcc /Users/timyu/Library/Developer/Xcode/DerivedData/EasyRide-beugqklueywnwjdnocpyhdzzhnze/Build/Intermediates.noindex/EasyRide.build/Debug-iphonesimulator/EasyRideTests.build/EasyRideTests-project-headers.hmap -Xcc -I/Users/timyu/Library/Developer/Xcode/DerivedData/EasyRide-beugqklueywnwjdnocpyhdzzhnze/Build/Products/Debug-iphonesimulator/include -Xcc -I/Users/timyu/Library/Developer/Xcode/DerivedData/EasyRide-beugqklueywnwjdnocpyhdzzhnze/Build/Intermediates.noindex/EasyRide.build/Debug-iphonesimulator/EasyRideTests.build/DerivedSources-normal/arm64 -Xcc -I/Users/timyu/Library/Developer/Xcode/DerivedData/EasyRide-beugqklueywnwjdnocpyhdzzhnze/Build/Intermediates.noindex/EasyRide.build/Debug-iphonesimulator/EasyRideTests.build/DerivedSources/arm64 -Xcc -I/Users/timyu/Library/Developer/Xcode/DerivedData/EasyRide-beugqklueywnwjdnocpyhdzzhnze/Build/Intermediates.noindex/EasyRide.build/Debug-iphonesimulator/EasyRideTests.build/DerivedSources -Xcc -DDEBUG\=1 -emit-objc-header -emit-objc-header-path /Users/timyu/Library/Developer/Xcode/DerivedData/EasyRide-beugqklueywnwjdnocpyhdzzhnze/Build/Intermediates.noindex/EasyRide.build/Debug-iphonesimulator/EasyRideTests.build/Objects-normal/arm64/EasyRideTests-Swift.h -working-directory /Users/timyu/Desktop/EasyRide_App -experimental-emit-module-separately -disable-cmo

ProcessInfoPlistFile /Users/timyu/Library/Developer/Xcode/DerivedData/EasyRide-beugqklueywnwjdnocpyhdzzhnze/Build/Products/Debug-iphonesimulator/EasyRide.app/PlugIns/EasyRideTests.xctest/Info.plist /Users/timyu/Library/Developer/Xcode/DerivedData/EasyRide-beugqklueywnwjdnocpyhdzzhnze/Build/Intermediates.noindex/EasyRide.build/Debug-iphonesimulator/EasyRideTests.build/empty-EasyRideTests.plist (in target 'EasyRideTests' from project 'EasyRide')
    cd /Users/timyu/Desktop/EasyRide_App
    builtin-infoPlistUtility /Users/timyu/Library/Developer/Xcode/DerivedData/EasyRide-beugqklueywnwjdnocpyhdzzhnze/Build/Intermediates.noindex/EasyRide.build/Debug-iphonesimulator/EasyRideTests.build/empty-EasyRideTests.plist -producttype com.apple.product-type.bundle.unit-test -expandbuildsettings -format binary -platform iphonesimulator -o /Users/timyu/Library/Developer/Xcode/DerivedData/EasyRide-beugqklueywnwjdnocpyhdzzhnze/Build/Products/Debug-iphonesimulator/EasyRide.app/PlugIns/EasyRideTests.xctest/Info.plist

SwiftEmitModule normal arm64 Emitting\ module\ for\ EasyRideTests (in target 'EasyRideTests' from project 'EasyRide')

EmitSwiftModule normal arm64 (in target 'EasyRideTests' from project 'EasyRide')
    cd /Users/timyu/Desktop/EasyRide_App
    

SwiftCompile normal arm64 Compiling\ verify_chat_interface.swift /Users/timyu/Desktop/EasyRide_App/EasyRide/Tests/verify_chat_interface.swift (in target 'EasyRideTests' from project 'EasyRide')

SwiftCompile normal arm64 /Users/timyu/Desktop/EasyRide_App/EasyRide/Tests/verify_chat_interface.swift (in target 'EasyRideTests' from project 'EasyRide')
    cd /Users/timyu/Desktop/EasyRide_App
    

SwiftCompile normal arm64 Compiling\ verify_booking_integration.swift /Users/timyu/Desktop/EasyRide_App/EasyRide/Tests/verify_booking_integration.swift (in target 'EasyRideTests' from project 'EasyRide')

SwiftCompile normal arm64 /Users/timyu/Desktop/EasyRide_App/EasyRide/Tests/verify_booking_integration.swift (in target 'EasyRideTests' from project 'EasyRide')
    cd /Users/timyu/Desktop/EasyRide_App
    
/Users/timyu/Desktop/EasyRide_App/EasyRide/Tests/verify_booking_integration.swift:66:13: warning: variable 'mutableViewModel' was never mutated; consider changing to 'let' constant
        var mutableViewModel = viewModel
        ~~~ ^
        let

SwiftEmitModule normal arm64 Emitting\ module\ for\ EasyRideUITests (in target 'EasyRideUITests' from project 'EasyRide')

EmitSwiftModule normal arm64 (in target 'EasyRideUITests' from project 'EasyRide')
    cd /Users/timyu/Desktop/EasyRide_App
    

SwiftCompile normal arm64 Compiling\ verify_chat_interface.swift /Users/timyu/Desktop/EasyRide_App/EasyRide/Tests/verify_chat_interface.swift (in target 'EasyRideUITests' from project 'EasyRide')

SwiftCompile normal arm64 /Users/timyu/Desktop/EasyRide_App/EasyRide/Tests/verify_chat_interface.swift (in target 'EasyRideUITests' from project 'EasyRide')
    cd /Users/timyu/Desktop/EasyRide_App
    

SwiftCompile normal arm64 Compiling\ verify_booking_integration.swift /Users/timyu/Desktop/EasyRide_App/EasyRide/Tests/verify_booking_integration.swift (in target 'EasyRideUITests' from project 'EasyRide')

SwiftCompile normal arm64 /Users/timyu/Desktop/EasyRide_App/EasyRide/Tests/verify_booking_integration.swift (in target 'EasyRideUITests' from project 'EasyRide')
    cd /Users/timyu/Desktop/EasyRide_App
    
/Users/timyu/Desktop/EasyRide_App/EasyRide/Tests/verify_booking_integration.swift:66:13: warning: variable 'mutableViewModel' was never mutated; consider changing to 'let' constant
        var mutableViewModel = viewModel
        ~~~ ^
        let

SwiftDriverJobDiscovery normal arm64 Compiling verify_chat_interface.swift (in target 'EasyRideTests' from project 'EasyRide')

SwiftDriverJobDiscovery normal arm64 Compiling verify_booking_integration.swift (in target 'EasyRideTests' from project 'EasyRide')

SwiftDriverJobDiscovery normal arm64 Compiling verify_booking_integration.swift (in target 'EasyRideUITests' from project 'EasyRide')

SwiftDriverJobDiscovery normal arm64 Compiling verify_chat_interface.swift (in target 'EasyRideUITests' from project 'EasyRide')

SwiftDriverJobDiscovery normal arm64 Emitting module for EasyRideUITests (in target 'EasyRideUITests' from project 'EasyRide')

SwiftDriver\ Compilation\ Requirements EasyRideUITests normal arm64 com.apple.xcode.tools.swift.compiler (in target 'EasyRideUITests' from project 'EasyRide')
    cd /Users/timyu/Desktop/EasyRide_App
    builtin-Swift-Compilation-Requirements -- /Applications/Xcode.app/Contents/Developer/Toolchains/XcodeDefault.xctoolchain/usr/bin/swiftc -module-name EasyRideUITests -Onone -enforce-exclusivity\=checked @/Users/timyu/Library/Developer/Xcode/DerivedData/EasyRide-beugqklueywnwjdnocpyhdzzhnze/Build/Intermediates.noindex/EasyRide.build/Debug-iphonesimulator/EasyRideUITests.build/Objects-normal/arm64/EasyRideUITests.SwiftFileList -DDEBUG -module-alias Testing\=_Testing_Unavailable -plugin-path /Applications/Xcode.app/Contents/Developer/Toolchains/XcodeDefault.xctoolchain/usr/lib/swift/host/plugins/testing -enable-bare-slash-regex -enable-experimental-feature DebugDescriptionMacro -sdk /Applications/Xcode.app/Contents/Developer/Platforms/iPhoneSimulator.platform/Developer/SDKs/iPhoneSimulator26.2.sdk -target arm64-apple-ios18.5-simulator -g -module-cache-path /Users/timyu/Library/Developer/Xcode/DerivedData/ModuleCache.noindex -Xfrontend -serialize-debugging-options -profile-coverage-mapping -profile-generate -enable-testing -index-store-path /Users/timyu/Library/Developer/Xcode/DerivedData/EasyRide-beugqklueywnwjdnocpyhdzzhnze/Index.noindex/DataStore -Xcc -D_LIBCPP_HARDENING_MODE\=_LIBCPP_HARDENING_MODE_DEBUG -swift-version 5 -I /Users/timyu/Library/Developer/Xcode/DerivedData/EasyRide-beugqklueywnwjdnocpyhdzzhnze/Build/Products/Debug-iphonesimulator -Isystem /Applications/Xcode.app/Contents/Developer/Platforms/iPhoneSimulator.platform/Developer/usr/lib -F /Users/timyu/Library/Developer/Xcode/DerivedData/EasyRide-beugqklueywnwjdnocpyhdzzhnze/Build/Products/Debug-iphonesimulator -F /Applications/Xcode.app/Contents/Developer/Platforms/iPhoneSimulator.platform/Developer/Library/Frameworks -F /Applications/Xcode.app/Contents/Developer/Platforms/iPhoneSimulator.platform/Developer/SDKs/iPhoneSimulator26.2.sdk/Developer/Library/Frameworks -c -j8 -enable-batch-mode -incremental -Xcc -ivfsstatcache -Xcc /Users/timyu/Library/Developer/Xcode/DerivedData/SDKStatCaches.noindex/iphonesimulator26.2-23C53-7d00a8b37fbd7999ea79df8ebc024bf0.sdkstatcache -output-file-map /Users/timyu/Library/Developer/Xcode/DerivedData/EasyRide-beugqklueywnwjdnocpyhdzzhnze/Build/Intermediates.noindex/EasyRide.build/Debug-iphonesimulator/EasyRideUITests.build/Objects-normal/arm64/EasyRideUITests-OutputFileMap.json -use-frontend-parseable-output -save-temps -no-color-diagnostics -explicit-module-build -module-cache-path /Users/timyu/Library/Developer/Xcode/DerivedData/EasyRide-beugqklueywnwjdnocpyhdzzhnze/Build/Intermediates.noindex/SwiftExplicitPrecompiledModules -clang-scanner-module-cache-path /Users/timyu/Library/Developer/Xcode/DerivedData/ModuleCache.noindex -sdk-module-cache-path /Users/timyu/Library/Developer/Xcode/DerivedData/ModuleCache.noindex -serialize-diagnostics -emit-dependencies -emit-module -emit-module-path /Users/timyu/Library/Developer/Xcode/DerivedData/EasyRide-beugqklueywnwjdnocpyhdzzhnze/Build/Intermediates.noindex/EasyRide.build/Debug-iphonesimulator/EasyRideUITests.build/Objects-normal/arm64/EasyRideUITests.swiftmodule -validate-clang-modules-once -clang-build-session-file /Users/timyu/Library/Developer/Xcode/DerivedData/ModuleCache.noindex/Session.modulevalidation -Xcc -I/Users/timyu/Library/Developer/Xcode/DerivedData/EasyRide-beugqklueywnwjdnocpyhdzzhnze/Build/Intermediates.noindex/EasyRide.build/Debug-iphonesimulator/EasyRideUITests.build/swift-overrides.hmap -emit-const-values -Xfrontend -const-gather-protocols-file -Xfrontend /Users/timyu/Library/Developer/Xcode/DerivedData/EasyRide-beugqklueywnwjdnocpyhdzzhnze/Build/Intermediates.noindex/EasyRide.build/Debug-iphonesimulator/EasyRideUITests.build/Objects-normal/arm64/EasyRideUITests_const_extract_protocols.json -Xcc -iquote -Xcc /Users/timyu/Library/Developer/Xcode/DerivedData/EasyRide-beugqklueywnwjdnocpyhdzzhnze/Build/Intermediates.noindex/EasyRide.build/Debug-iphonesimulator/EasyRideUITests.build/EasyRideUITests-generated-files.hmap -Xcc -I/Users/timyu/Library/Developer/Xcode/DerivedData/EasyRide-beugqklueywnwjdnocpyhdzzhnze/Build/Intermediates.noindex/EasyRide.build/Debug-iphonesimulator/EasyRideUITests.build/EasyRideUITests-own-target-headers.hmap -Xcc -I/Users/timyu/Library/Developer/Xcode/DerivedData/EasyRide-beugqklueywnwjdnocpyhdzzhnze/Build/Intermediates.noindex/EasyRide.build/Debug-iphonesimulator/EasyRideUITests.build/EasyRideUITests-all-target-headers.hmap -Xcc -iquote -Xcc /Users/timyu/Library/Developer/Xcode/DerivedData/EasyRide-beugqklueywnwjdnocpyhdzzhnze/Build/Intermediates.noindex/EasyRide.build/Debug-iphonesimulator/EasyRideUITests.build/EasyRideUITests-project-headers.hmap -Xcc -I/Users/timyu/Library/Developer/Xcode/DerivedData/EasyRide-beugqklueywnwjdnocpyhdzzhnze/Build/Products/Debug-iphonesimulator/include -Xcc -I/Users/timyu/Library/Developer/Xcode/DerivedData/EasyRide-beugqklueywnwjdnocpyhdzzhnze/Build/Intermediates.noindex/EasyRide.build/Debug-iphonesimulator/EasyRideUITests.build/DerivedSources-normal/arm64 -Xcc -I/Users/timyu/Library/Developer/Xcode/DerivedData/EasyRide-beugqklueywnwjdnocpyhdzzhnze/Build/Intermediates.noindex/EasyRide.build/Debug-iphonesimulator/EasyRideUITests.build/DerivedSources/arm64 -Xcc -I/Users/timyu/Library/Developer/Xcode/DerivedData/EasyRide-beugqklueywnwjdnocpyhdzzhnze/Build/Intermediates.noindex/EasyRide.build/Debug-iphonesimulator/EasyRideUITests.build/DerivedSources -Xcc -DDEBUG\=1 -emit-objc-header -emit-objc-header-path /Users/timyu/Library/Developer/Xcode/DerivedData/EasyRide-beugqklueywnwjdnocpyhdzzhnze/Build/Intermediates.noindex/EasyRide.build/Debug-iphonesimulator/EasyRideUITests.build/Objects-normal/arm64/EasyRideUITests-Swift.h -working-directory /Users/timyu/Desktop/EasyRide_App -experimental-emit-module-separately -disable-cmo

SwiftDriver\ Compilation EasyRideUITests normal arm64 com.apple.xcode.tools.swift.compiler (in target 'EasyRideUITests' from project 'EasyRide')
    cd /Users/timyu/Desktop/EasyRide_App
    builtin-Swift-Compilation -- /Applications/Xcode.app/Contents/Developer/Toolchains/XcodeDefault.xctoolchain/usr/bin/swiftc -module-name EasyRideUITests -Onone -enforce-exclusivity\=checked @/Users/timyu/Library/Developer/Xcode/DerivedData/EasyRide-beugqklueywnwjdnocpyhdzzhnze/Build/Intermediates.noindex/EasyRide.build/Debug-iphonesimulator/EasyRideUITests.build/Objects-normal/arm64/EasyRideUITests.SwiftFileList -DDEBUG -module-alias Testing\=_Testing_Unavailable -plugin-path /Applications/Xcode.app/Contents/Developer/Toolchains/XcodeDefault.xctoolchain/usr/lib/swift/host/plugins/testing -enable-bare-slash-regex -enable-experimental-feature DebugDescriptionMacro -sdk /Applications/Xcode.app/Contents/Developer/Platforms/iPhoneSimulator.platform/Developer/SDKs/iPhoneSimulator26.2.sdk -target arm64-apple-ios18.5-simulator -g -module-cache-path /Users/timyu/Library/Developer/Xcode/DerivedData/ModuleCache.noindex -Xfrontend -serialize-debugging-options -profile-coverage-mapping -profile-generate -enable-testing -index-store-path /Users/timyu/Library/Developer/Xcode/DerivedData/EasyRide-beugqklueywnwjdnocpyhdzzhnze/Index.noindex/DataStore -Xcc -D_LIBCPP_HARDENING_MODE\=_LIBCPP_HARDENING_MODE_DEBUG -swift-version 5 -I /Users/timyu/Library/Developer/Xcode/DerivedData/EasyRide-beugqklueywnwjdnocpyhdzzhnze/Build/Products/Debug-iphonesimulator -Isystem /Applications/Xcode.app/Contents/Developer/Platforms/iPhoneSimulator.platform/Developer/usr/lib -F /Users/timyu/Library/Developer/Xcode/DerivedData/EasyRide-beugqklueywnwjdnocpyhdzzhnze/Build/Products/Debug-iphonesimulator -F /Applications/Xcode.app/Contents/Developer/Platforms/iPhoneSimulator.platform/Developer/Library/Frameworks -F /Applications/Xcode.app/Contents/Developer/Platforms/iPhoneSimulator.platform/Developer/SDKs/iPhoneSimulator26.2.sdk/Developer/Library/Frameworks -c -j8 -enable-batch-mode -incremental -Xcc -ivfsstatcache -Xcc /Users/timyu/Library/Developer/Xcode/DerivedData/SDKStatCaches.noindex/iphonesimulator26.2-23C53-7d00a8b37fbd7999ea79df8ebc024bf0.sdkstatcache -output-file-map /Users/timyu/Library/Developer/Xcode/DerivedData/EasyRide-beugqklueywnwjdnocpyhdzzhnze/Build/Intermediates.noindex/EasyRide.build/Debug-iphonesimulator/EasyRideUITests.build/Objects-normal/arm64/EasyRideUITests-OutputFileMap.json -use-frontend-parseable-output -save-temps -no-color-diagnostics -explicit-module-build -module-cache-path /Users/timyu/Library/Developer/Xcode/DerivedData/EasyRide-beugqklueywnwjdnocpyhdzzhnze/Build/Intermediates.noindex/SwiftExplicitPrecompiledModules -clang-scanner-module-cache-path /Users/timyu/Library/Developer/Xcode/DerivedData/ModuleCache.noindex -sdk-module-cache-path /Users/timyu/Library/Developer/Xcode/DerivedData/ModuleCache.noindex -serialize-diagnostics -emit-dependencies -emit-module -emit-module-path /Users/timyu/Library/Developer/Xcode/DerivedData/EasyRide-beugqklueywnwjdnocpyhdzzhnze/Build/Intermediates.noindex/EasyRide.build/Debug-iphonesimulator/EasyRideUITests.build/Objects-normal/arm64/EasyRideUITests.swiftmodule -validate-clang-modules-once -clang-build-session-file /Users/timyu/Library/Developer/Xcode/DerivedData/ModuleCache.noindex/Session.modulevalidation -Xcc -I/Users/timyu/Library/Developer/Xcode/DerivedData/EasyRide-beugqklueywnwjdnocpyhdzzhnze/Build/Intermediates.noindex/EasyRide.build/Debug-iphonesimulator/EasyRideUITests.build/swift-overrides.hmap -emit-const-values -Xfrontend -const-gather-protocols-file -Xfrontend /Users/timyu/Library/Developer/Xcode/DerivedData/EasyRide-beugqklueywnwjdnocpyhdzzhnze/Build/Intermediates.noindex/EasyRide.build/Debug-iphonesimulator/EasyRideUITests.build/Objects-normal/arm64/EasyRideUITests_const_extract_protocols.json -Xcc -iquote -Xcc /Users/timyu/Library/Developer/Xcode/DerivedData/EasyRide-beugqklueywnwjdnocpyhdzzhnze/Build/Intermediates.noindex/EasyRide.build/Debug-iphonesimulator/EasyRideUITests.build/EasyRideUITests-generated-files.hmap -Xcc -I/Users/timyu/Library/Developer/Xcode/DerivedData/EasyRide-beugqklueywnwjdnocpyhdzzhnze/Build/Intermediates.noindex/EasyRide.build/Debug-iphonesimulator/EasyRideUITests.build/EasyRideUITests-own-target-headers.hmap -Xcc -I/Users/timyu/Library/Developer/Xcode/DerivedData/EasyRide-beugqklueywnwjdnocpyhdzzhnze/Build/Intermediates.noindex/EasyRide.build/Debug-iphonesimulator/EasyRideUITests.build/EasyRideUITests-all-target-headers.hmap -Xcc -iquote -Xcc /Users/timyu/Library/Developer/Xcode/DerivedData/EasyRide-beugqklueywnwjdnocpyhdzzhnze/Build/Intermediates.noindex/EasyRide.build/Debug-iphonesimulator/EasyRideUITests.build/EasyRideUITests-project-headers.hmap -Xcc -I/Users/timyu/Library/Developer/Xcode/DerivedData/EasyRide-beugqklueywnwjdnocpyhdzzhnze/Build/Products/Debug-iphonesimulator/include -Xcc -I/Users/timyu/Library/Developer/Xcode/DerivedData/EasyRide-beugqklueywnwjdnocpyhdzzhnze/Build/Intermediates.noindex/EasyRide.build/Debug-iphonesimulator/EasyRideUITests.build/DerivedSources-normal/arm64 -Xcc -I/Users/timyu/Library/Developer/Xcode/DerivedData/EasyRide-beugqklueywnwjdnocpyhdzzhnze/Build/Intermediates.noindex/EasyRide.build/Debug-iphonesimulator/EasyRideUITests.build/DerivedSources/arm64 -Xcc -I/Users/timyu/Library/Developer/Xcode/DerivedData/EasyRide-beugqklueywnwjdnocpyhdzzhnze/Build/Intermediates.noindex/EasyRide.build/Debug-iphonesimulator/EasyRideUITests.build/DerivedSources -Xcc -DDEBUG\=1 -emit-objc-header -emit-objc-header-path /Users/timyu/Library/Developer/Xcode/DerivedData/EasyRide-beugqklueywnwjdnocpyhdzzhnze/Build/Intermediates.noindex/EasyRide.build/Debug-iphonesimulator/EasyRideUITests.build/Objects-normal/arm64/EasyRideUITests-Swift.h -working-directory /Users/timyu/Desktop/EasyRide_App -experimental-emit-module-separately -disable-cmo

Copy /Users/timyu/Library/Developer/Xcode/DerivedData/EasyRide-beugqklueywnwjdnocpyhdzzhnze/Build/Products/Debug-iphonesimulator/EasyRideUITests.swiftmodule/arm64-apple-ios-simulator.abi.json /Users/timyu/Library/Developer/Xcode/DerivedData/EasyRide-beugqklueywnwjdnocpyhdzzhnze/Build/Intermediates.noindex/EasyRide.build/Debug-iphonesimulator/EasyRideUITests.build/Objects-normal/arm64/EasyRideUITests.abi.json (in target 'EasyRideUITests' from project 'EasyRide')
    cd /Users/timyu/Desktop/EasyRide_App
    builtin-copy -exclude .DS_Store -exclude CVS -exclude .svn -exclude .git -exclude .hg -resolve-src-symlinks -rename /Users/timyu/Library/Developer/Xcode/DerivedData/EasyRide-beugqklueywnwjdnocpyhdzzhnze/Build/Intermediates.noindex/EasyRide.build/Debug-iphonesimulator/EasyRideUITests.build/Objects-normal/arm64/EasyRideUITests.abi.json /Users/timyu/Library/Developer/Xcode/DerivedData/EasyRide-beugqklueywnwjdnocpyhdzzhnze/Build/Products/Debug-iphonesimulator/EasyRideUITests.swiftmodule/arm64-apple-ios-simulator.abi.json

Copy /Users/timyu/Library/Developer/Xcode/DerivedData/EasyRide-beugqklueywnwjdnocpyhdzzhnze/Build/Products/Debug-iphonesimulator/EasyRideUITests.swiftmodule/Project/arm64-apple-ios-simulator.swiftsourceinfo /Users/timyu/Library/Developer/Xcode/DerivedData/EasyRide-beugqklueywnwjdnocpyhdzzhnze/Build/Intermediates.noindex/EasyRide.build/Debug-iphonesimulator/EasyRideUITests.build/Objects-normal/arm64/EasyRideUITests.swiftsourceinfo (in target 'EasyRideUITests' from project 'EasyRide')
    cd /Users/timyu/Desktop/EasyRide_App
    builtin-copy -exclude .DS_Store -exclude CVS -exclude .svn -exclude .git -exclude .hg -resolve-src-symlinks -rename /Users/timyu/Library/Developer/Xcode/DerivedData/EasyRide-beugqklueywnwjdnocpyhdzzhnze/Build/Intermediates.noindex/EasyRide.build/Debug-iphonesimulator/EasyRideUITests.build/Objects-normal/arm64/EasyRideUITests.swiftsourceinfo /Users/timyu/Library/Developer/Xcode/DerivedData/EasyRide-beugqklueywnwjdnocpyhdzzhnze/Build/Products/Debug-iphonesimulator/EasyRideUITests.swiftmodule/Project/arm64-apple-ios-simulator.swiftsourceinfo

SwiftDriverJobDiscovery normal arm64 Emitting module for EasyRideTests (in target 'EasyRideTests' from project 'EasyRide')

SwiftDriver\ Compilation\ Requirements EasyRideTests normal arm64 com.apple.xcode.tools.swift.compiler (in target 'EasyRideTests' from project 'EasyRide')
    cd /Users/timyu/Desktop/EasyRide_App
    builtin-Swift-Compilation-Requirements -- /Applications/Xcode.app/Contents/Developer/Toolchains/XcodeDefault.xctoolchain/usr/bin/swiftc -module-name EasyRideTests -Onone -enforce-exclusivity\=checked @/Users/timyu/Library/Developer/Xcode/DerivedData/EasyRide-beugqklueywnwjdnocpyhdzzhnze/Build/Intermediates.noindex/EasyRide.build/Debug-iphonesimulator/EasyRideTests.build/Objects-normal/arm64/EasyRideTests.SwiftFileList -DDEBUG -plugin-path /Applications/Xcode.app/Contents/Developer/Toolchains/XcodeDefault.xctoolchain/usr/lib/swift/host/plugins/testing -enable-bare-slash-regex -enable-experimental-feature DebugDescriptionMacro -sdk /Applications/Xcode.app/Contents/Developer/Platforms/iPhoneSimulator.platform/Developer/SDKs/iPhoneSimulator26.2.sdk -target arm64-apple-ios18.5-simulator -g -module-cache-path /Users/timyu/Library/Developer/Xcode/DerivedData/ModuleCache.noindex -Xfrontend -serialize-debugging-options -profile-coverage-mapping -profile-generate -enable-testing -index-store-path /Users/timyu/Library/Developer/Xcode/DerivedData/EasyRide-beugqklueywnwjdnocpyhdzzhnze/Index.noindex/DataStore -Xcc -D_LIBCPP_HARDENING_MODE\=_LIBCPP_HARDENING_MODE_DEBUG -swift-version 5 -I /Users/timyu/Library/Developer/Xcode/DerivedData/EasyRide-beugqklueywnwjdnocpyhdzzhnze/Build/Products/Debug-iphonesimulator -Isystem /Applications/Xcode.app/Contents/Developer/Platforms/iPhoneSimulator.platform/Developer/usr/lib -F /Users/timyu/Library/Developer/Xcode/DerivedData/EasyRide-beugqklueywnwjdnocpyhdzzhnze/Build/Products/Debug-iphonesimulator -F /Applications/Xcode.app/Contents/Developer/Platforms/iPhoneSimulator.platform/Developer/Library/Frameworks -F /Applications/Xcode.app/Contents/Developer/Platforms/iPhoneSimulator.platform/Developer/SDKs/iPhoneSimulator26.2.sdk/Developer/Library/Frameworks -c -j8 -enable-batch-mode -incremental -Xcc -ivfsstatcache -Xcc /Users/timyu/Library/Developer/Xcode/DerivedData/SDKStatCaches.noindex/iphonesimulator26.2-23C53-7d00a8b37fbd7999ea79df8ebc024bf0.sdkstatcache -output-file-map /Users/timyu/Library/Developer/Xcode/DerivedData/EasyRide-beugqklueywnwjdnocpyhdzzhnze/Build/Intermediates.noindex/EasyRide.build/Debug-iphonesimulator/EasyRideTests.build/Objects-normal/arm64/EasyRideTests-OutputFileMap.json -use-frontend-parseable-output -save-temps -no-color-diagnostics -explicit-module-build -module-cache-path /Users/timyu/Library/Developer/Xcode/DerivedData/EasyRide-beugqklueywnwjdnocpyhdzzhnze/Build/Intermediates.noindex/SwiftExplicitPrecompiledModules -clang-scanner-module-cache-path /Users/timyu/Library/Developer/Xcode/DerivedData/ModuleCache.noindex -sdk-module-cache-path /Users/timyu/Library/Developer/Xcode/DerivedData/ModuleCache.noindex -serialize-diagnostics -emit-dependencies -emit-module -emit-module-path /Users/timyu/Library/Developer/Xcode/DerivedData/EasyRide-beugqklueywnwjdnocpyhdzzhnze/Build/Intermediates.noindex/EasyRide.build/Debug-iphonesimulator/EasyRideTests.build/Objects-normal/arm64/EasyRideTests.swiftmodule -validate-clang-modules-once -clang-build-session-file /Users/timyu/Library/Developer/Xcode/DerivedData/ModuleCache.noindex/Session.modulevalidation -Xcc -I/Users/timyu/Library/Developer/Xcode/DerivedData/EasyRide-beugqklueywnwjdnocpyhdzzhnze/Build/Intermediates.noindex/EasyRide.build/Debug-iphonesimulator/EasyRideTests.build/swift-overrides.hmap -emit-const-values -Xfrontend -const-gather-protocols-file -Xfrontend /Users/timyu/Library/Developer/Xcode/DerivedData/EasyRide-beugqklueywnwjdnocpyhdzzhnze/Build/Intermediates.noindex/EasyRide.build/Debug-iphonesimulator/EasyRideTests.build/Objects-normal/arm64/EasyRideTests_const_extract_protocols.json -Xcc -iquote -Xcc /Users/timyu/Library/Developer/Xcode/DerivedData/EasyRide-beugqklueywnwjdnocpyhdzzhnze/Build/Intermediates.noindex/EasyRide.build/Debug-iphonesimulator/EasyRideTests.build/EasyRideTests-generated-files.hmap -Xcc -I/Users/timyu/Library/Developer/Xcode/DerivedData/EasyRide-beugqklueywnwjdnocpyhdzzhnze/Build/Intermediates.noindex/EasyRide.build/Debug-iphonesimulator/EasyRideTests.build/EasyRideTests-own-target-headers.hmap -Xcc -I/Users/timyu/Library/Developer/Xcode/DerivedData/EasyRide-beugqklueywnwjdnocpyhdzzhnze/Build/Intermediates.noindex/EasyRide.build/Debug-iphonesimulator/EasyRideTests.build/EasyRideTests-all-target-headers.hmap -Xcc -iquote -Xcc /Users/timyu/Library/Developer/Xcode/DerivedData/EasyRide-beugqklueywnwjdnocpyhdzzhnze/Build/Intermediates.noindex/EasyRide.build/Debug-iphonesimulator/EasyRideTests.build/EasyRideTests-project-headers.hmap -Xcc -I/Users/timyu/Library/Developer/Xcode/DerivedData/EasyRide-beugqklueywnwjdnocpyhdzzhnze/Build/Products/Debug-iphonesimulator/include -Xcc -I/Users/timyu/Library/Developer/Xcode/DerivedData/EasyRide-beugqklueywnwjdnocpyhdzzhnze/Build/Intermediates.noindex/EasyRide.build/Debug-iphonesimulator/EasyRideTests.build/DerivedSources-normal/arm64 -Xcc -I/Users/timyu/Library/Developer/Xcode/DerivedData/EasyRide-beugqklueywnwjdnocpyhdzzhnze/Build/Intermediates.noindex/EasyRide.build/Debug-iphonesimulator/EasyRideTests.build/DerivedSources/arm64 -Xcc -I/Users/timyu/Library/Developer/Xcode/DerivedData/EasyRide-beugqklueywnwjdnocpyhdzzhnze/Build/Intermediates.noindex/EasyRide.build/Debug-iphonesimulator/EasyRideTests.build/DerivedSources -Xcc -DDEBUG\=1 -emit-objc-header -emit-objc-header-path /Users/timyu/Library/Developer/Xcode/DerivedData/EasyRide-beugqklueywnwjdnocpyhdzzhnze/Build/Intermediates.noindex/EasyRide.build/Debug-iphonesimulator/EasyRideTests.build/Objects-normal/arm64/EasyRideTests-Swift.h -working-directory /Users/timyu/Desktop/EasyRide_App -experimental-emit-module-separately -disable-cmo

SwiftDriver\ Compilation EasyRideTests normal arm64 com.apple.xcode.tools.swift.compiler (in target 'EasyRideTests' from project 'EasyRide')
    cd /Users/timyu/Desktop/EasyRide_App
    builtin-Swift-Compilation -- /Applications/Xcode.app/Contents/Developer/Toolchains/XcodeDefault.xctoolchain/usr/bin/swiftc -module-name EasyRideTests -Onone -enforce-exclusivity\=checked @/Users/timyu/Library/Developer/Xcode/DerivedData/EasyRide-beugqklueywnwjdnocpyhdzzhnze/Build/Intermediates.noindex/EasyRide.build/Debug-iphonesimulator/EasyRideTests.build/Objects-normal/arm64/EasyRideTests.SwiftFileList -DDEBUG -plugin-path /Applications/Xcode.app/Contents/Developer/Toolchains/XcodeDefault.xctoolchain/usr/lib/swift/host/plugins/testing -enable-bare-slash-regex -enable-experimental-feature DebugDescriptionMacro -sdk /Applications/Xcode.app/Contents/Developer/Platforms/iPhoneSimulator.platform/Developer/SDKs/iPhoneSimulator26.2.sdk -target arm64-apple-ios18.5-simulator -g -module-cache-path /Users/timyu/Library/Developer/Xcode/DerivedData/ModuleCache.noindex -Xfrontend -serialize-debugging-options -profile-coverage-mapping -profile-generate -enable-testing -index-store-path /Users/timyu/Library/Developer/Xcode/DerivedData/EasyRide-beugqklueywnwjdnocpyhdzzhnze/Index.noindex/DataStore -Xcc -D_LIBCPP_HARDENING_MODE\=_LIBCPP_HARDENING_MODE_DEBUG -swift-version 5 -I /Users/timyu/Library/Developer/Xcode/DerivedData/EasyRide-beugqklueywnwjdnocpyhdzzhnze/Build/Products/Debug-iphonesimulator -Isystem /Applications/Xcode.app/Contents/Developer/Platforms/iPhoneSimulator.platform/Developer/usr/lib -F /Users/timyu/Library/Developer/Xcode/DerivedData/EasyRide-beugqklueywnwjdnocpyhdzzhnze/Build/Products/Debug-iphonesimulator -F /Applications/Xcode.app/Contents/Developer/Platforms/iPhoneSimulator.platform/Developer/Library/Frameworks -F /Applications/Xcode.app/Contents/Developer/Platforms/iPhoneSimulator.platform/Developer/SDKs/iPhoneSimulator26.2.sdk/Developer/Library/Frameworks -c -j8 -enable-batch-mode -incremental -Xcc -ivfsstatcache -Xcc /Users/timyu/Library/Developer/Xcode/DerivedData/SDKStatCaches.noindex/iphonesimulator26.2-23C53-7d00a8b37fbd7999ea79df8ebc024bf0.sdkstatcache -output-file-map /Users/timyu/Library/Developer/Xcode/DerivedData/EasyRide-beugqklueywnwjdnocpyhdzzhnze/Build/Intermediates.noindex/EasyRide.build/Debug-iphonesimulator/EasyRideTests.build/Objects-normal/arm64/EasyRideTests-OutputFileMap.json -use-frontend-parseable-output -save-temps -no-color-diagnostics -explicit-module-build -module-cache-path /Users/timyu/Library/Developer/Xcode/DerivedData/EasyRide-beugqklueywnwjdnocpyhdzzhnze/Build/Intermediates.noindex/SwiftExplicitPrecompiledModules -clang-scanner-module-cache-path /Users/timyu/Library/Developer/Xcode/DerivedData/ModuleCache.noindex -sdk-module-cache-path /Users/timyu/Library/Developer/Xcode/DerivedData/ModuleCache.noindex -serialize-diagnostics -emit-dependencies -emit-module -emit-module-path /Users/timyu/Library/Developer/Xcode/DerivedData/EasyRide-beugqklueywnwjdnocpyhdzzhnze/Build/Intermediates.noindex/EasyRide.build/Debug-iphonesimulator/EasyRideTests.build/Objects-normal/arm64/EasyRideTests.swiftmodule -validate-clang-modules-once -clang-build-session-file /Users/timyu/Library/Developer/Xcode/DerivedData/ModuleCache.noindex/Session.modulevalidation -Xcc -I/Users/timyu/Library/Developer/Xcode/DerivedData/EasyRide-beugqklueywnwjdnocpyhdzzhnze/Build/Intermediates.noindex/EasyRide.build/Debug-iphonesimulator/EasyRideTests.build/swift-overrides.hmap -emit-const-values -Xfrontend -const-gather-protocols-file -Xfrontend /Users/timyu/Library/Developer/Xcode/DerivedData/EasyRide-beugqklueywnwjdnocpyhdzzhnze/Build/Intermediates.noindex/EasyRide.build/Debug-iphonesimulator/EasyRideTests.build/Objects-normal/arm64/EasyRideTests_const_extract_protocols.json -Xcc -iquote -Xcc /Users/timyu/Library/Developer/Xcode/DerivedData/EasyRide-beugqklueywnwjdnocpyhdzzhnze/Build/Intermediates.noindex/EasyRide.build/Debug-iphonesimulator/EasyRideTests.build/EasyRideTests-generated-files.hmap -Xcc -I/Users/timyu/Library/Developer/Xcode/DerivedData/EasyRide-beugqklueywnwjdnocpyhdzzhnze/Build/Intermediates.noindex/EasyRide.build/Debug-iphonesimulator/EasyRideTests.build/EasyRideTests-own-target-headers.hmap -Xcc -I/Users/timyu/Library/Developer/Xcode/DerivedData/EasyRide-beugqklueywnwjdnocpyhdzzhnze/Build/Intermediates.noindex/EasyRide.build/Debug-iphonesimulator/EasyRideTests.build/EasyRideTests-all-target-headers.hmap -Xcc -iquote -Xcc /Users/timyu/Library/Developer/Xcode/DerivedData/EasyRide-beugqklueywnwjdnocpyhdzzhnze/Build/Intermediates.noindex/EasyRide.build/Debug-iphonesimulator/EasyRideTests.build/EasyRideTests-project-headers.hmap -Xcc -I/Users/timyu/Library/Developer/Xcode/DerivedData/EasyRide-beugqklueywnwjdnocpyhdzzhnze/Build/Products/Debug-iphonesimulator/include -Xcc -I/Users/timyu/Library/Developer/Xcode/DerivedData/EasyRide-beugqklueywnwjdnocpyhdzzhnze/Build/Intermediates.noindex/EasyRide.build/Debug-iphonesimulator/EasyRideTests.build/DerivedSources-normal/arm64 -Xcc -I/Users/timyu/Library/Developer/Xcode/DerivedData/EasyRide-beugqklueywnwjdnocpyhdzzhnze/Build/Intermediates.noindex/EasyRide.build/Debug-iphonesimulator/EasyRideTests.build/DerivedSources/arm64 -Xcc -I/Users/timyu/Library/Developer/Xcode/DerivedData/EasyRide-beugqklueywnwjdnocpyhdzzhnze/Build/Intermediates.noindex/EasyRide.build/Debug-iphonesimulator/EasyRideTests.build/DerivedSources -Xcc -DDEBUG\=1 -emit-objc-header -emit-objc-header-path /Users/timyu/Library/Developer/Xcode/DerivedData/EasyRide-beugqklueywnwjdnocpyhdzzhnze/Build/Intermediates.noindex/EasyRide.build/Debug-iphonesimulator/EasyRideTests.build/Objects-normal/arm64/EasyRideTests-Swift.h -working-directory /Users/timyu/Desktop/EasyRide_App -experimental-emit-module-separately -disable-cmo

Copy /Users/timyu/Library/Developer/Xcode/DerivedData/EasyRide-beugqklueywnwjdnocpyhdzzhnze/Build/Products/Debug-iphonesimulator/EasyRideTests.swiftmodule/Project/arm64-apple-ios-simulator.swiftsourceinfo /Users/timyu/Library/Developer/Xcode/DerivedData/EasyRide-beugqklueywnwjdnocpyhdzzhnze/Build/Intermediates.noindex/EasyRide.build/Debug-iphonesimulator/EasyRideTests.build/Objects-normal/arm64/EasyRideTests.swiftsourceinfo (in target 'EasyRideTests' from project 'EasyRide')
    cd /Users/timyu/Desktop/EasyRide_App
    builtin-copy -exclude .DS_Store -exclude CVS -exclude .svn -exclude .git -exclude .hg -resolve-src-symlinks -rename /Users/timyu/Library/Developer/Xcode/DerivedData/EasyRide-beugqklueywnwjdnocpyhdzzhnze/Build/Intermediates.noindex/EasyRide.build/Debug-iphonesimulator/EasyRideTests.build/Objects-normal/arm64/EasyRideTests.swiftsourceinfo /Users/timyu/Library/Developer/Xcode/DerivedData/EasyRide-beugqklueywnwjdnocpyhdzzhnze/Build/Products/Debug-iphonesimulator/EasyRideTests.swiftmodule/Project/arm64-apple-ios-simulator.swiftsourceinfo

Copy /Users/timyu/Library/Developer/Xcode/DerivedData/EasyRide-beugqklueywnwjdnocpyhdzzhnze/Build/Products/Debug-iphonesimulator/EasyRideTests.swiftmodule/arm64-apple-ios-simulator.abi.json /Users/timyu/Library/Developer/Xcode/DerivedData/EasyRide-beugqklueywnwjdnocpyhdzzhnze/Build/Intermediates.noindex/EasyRide.build/Debug-iphonesimulator/EasyRideTests.build/Objects-normal/arm64/EasyRideTests.abi.json (in target 'EasyRideTests' from project 'EasyRide')
    cd /Users/timyu/Desktop/EasyRide_App
    builtin-copy -exclude .DS_Store -exclude CVS -exclude .svn -exclude .git -exclude .hg -resolve-src-symlinks -rename /Users/timyu/Library/Developer/Xcode/DerivedData/EasyRide-beugqklueywnwjdnocpyhdzzhnze/Build/Intermediates.noindex/EasyRide.build/Debug-iphonesimulator/EasyRideTests.build/Objects-normal/arm64/EasyRideTests.abi.json /Users/timyu/Library/Developer/Xcode/DerivedData/EasyRide-beugqklueywnwjdnocpyhdzzhnze/Build/Products/Debug-iphonesimulator/EasyRideTests.swiftmodule/arm64-apple-ios-simulator.abi.json

Ld /Users/timyu/Library/Developer/Xcode/DerivedData/EasyRide-beugqklueywnwjdnocpyhdzzhnze/Build/Products/Debug-iphonesimulator/EasyRide.app/PlugIns/EasyRideTests.xctest/EasyRideTests normal (in target 'EasyRideTests' from project 'EasyRide')
    cd /Users/timyu/Desktop/EasyRide_App
    /Applications/Xcode.app/Contents/Developer/Toolchains/XcodeDefault.xctoolchain/usr/bin/clang -Xlinker -reproducible -target arm64-apple-ios18.5-simulator -bundle -isysroot /Applications/Xcode.app/Contents/Developer/Platforms/iPhoneSimulator.platform/Developer/SDKs/iPhoneSimulator26.2.sdk -O0 -L/Users/timyu/Library/Developer/Xcode/DerivedData/EasyRide-beugqklueywnwjdnocpyhdzzhnze/Build/Intermediates.noindex/EagerLinkingTBDs/Debug-iphonesimulator -L/Users/timyu/Library/Developer/Xcode/DerivedData/EasyRide-beugqklueywnwjdnocpyhdzzhnze/Build/Products/Debug-iphonesimulator -L/Applications/Xcode.app/Contents/Developer/Platforms/iPhoneSimulator.platform/Developer/usr/lib -F/Users/timyu/Library/Developer/Xcode/DerivedData/EasyRide-beugqklueywnwjdnocpyhdzzhnze/Build/Intermediates.noindex/EagerLinkingTBDs/Debug-iphonesimulator -F/Users/timyu/Library/Developer/Xcode/DerivedData/EasyRide-beugqklueywnwjdnocpyhdzzhnze/Build/Products/Debug-iphonesimulator -iframework /Applications/Xcode.app/Contents/Developer/Platforms/iPhoneSimulator.platform/Developer/Library/Frameworks -iframework /Applications/Xcode.app/Contents/Developer/Platforms/iPhoneSimulator.platform/Developer/SDKs/iPhoneSimulator26.2.sdk/Developer/Library/Frameworks -filelist /Users/timyu/Library/Developer/Xcode/DerivedData/EasyRide-beugqklueywnwjdnocpyhdzzhnze/Build/Intermediates.noindex/EasyRide.build/Debug-iphonesimulator/EasyRideTests.build/Objects-normal/arm64/EasyRideTests.LinkFileList -Xlinker -rpath -Xlinker /usr/lib/swift -Xlinker -rpath -Xlinker @loader_path/Frameworks -Xlinker -rpath -Xlinker @executable_path/Frameworks -dead_strip -bundle_loader /Users/timyu/Library/Developer/Xcode/DerivedData/EasyRide-beugqklueywnwjdnocpyhdzzhnze/Build/Products/Debug-iphonesimulator/EasyRide.app/EasyRide -Xlinker -object_path_lto -Xlinker /Users/timyu/Library/Developer/Xcode/DerivedData/EasyRide-beugqklueywnwjdnocpyhdzzhnze/Build/Intermediates.noindex/EasyRide.build/Debug-iphonesimulator/EasyRideTests.build/Objects-normal/arm64/EasyRideTests_lto.o -rdynamic -Xlinker -no_deduplicate -Xlinker -objc_abi_version -Xlinker 2 -Xlinker -debug_variant -Xlinker -dependency_info -Xlinker /Users/timyu/Library/Developer/Xcode/DerivedData/EasyRide-beugqklueywnwjdnocpyhdzzhnze/Build/Intermediates.noindex/EasyRide.build/Debug-iphonesimulator/EasyRideTests.build/Objects-normal/arm64/EasyRideTests_dependency_info.dat -fobjc-link-runtime -fprofile-instr-generate -L/Applications/Xcode.app/Contents/Developer/Toolchains/XcodeDefault.xctoolchain/usr/lib/swift/iphonesimulator -L/usr/lib/swift -Xlinker -add_ast_path -Xlinker /Users/timyu/Library/Developer/Xcode/DerivedData/EasyRide-beugqklueywnwjdnocpyhdzzhnze/Build/Intermediates.noindex/EasyRide.build/Debug-iphonesimulator/EasyRideTests.build/Objects-normal/arm64/EasyRideTests.swiftmodule @/Users/timyu/Library/Developer/Xcode/DerivedData/EasyRide-beugqklueywnwjdnocpyhdzzhnze/Build/Intermediates.noindex/EasyRide.build/Debug-iphonesimulator/EasyRideTests.build/Objects-normal/arm64/EasyRideTests-linker-args.resp -Xlinker -needed_framework -Xlinker XCTest -framework XCTest -Xlinker -needed-lXCTestSwiftSupport -lXCTestSwiftSupport /Users/timyu/Library/Developer/Xcode/DerivedData/EasyRide-beugqklueywnwjdnocpyhdzzhnze/Build/Products/Debug-iphonesimulator/EasyRide.app/EasyRide.debug.dylib -Xlinker -no_adhoc_codesign -o /Users/timyu/Library/Developer/Xcode/DerivedData/EasyRide-beugqklueywnwjdnocpyhdzzhnze/Build/Products/Debug-iphonesimulator/EasyRide.app/PlugIns/EasyRideTests.xctest/EasyRideTests

CopySwiftLibs /Users/timyu/Library/Developer/Xcode/DerivedData/EasyRide-beugqklueywnwjdnocpyhdzzhnze/Build/Products/Debug-iphonesimulator/EasyRide.app/PlugIns/EasyRideTests.xctest (in target 'EasyRideTests' from project 'EasyRide')
    cd /Users/timyu/Desktop/EasyRide_App
    builtin-swiftStdLibTool --copy --verbose --sign - --scan-executable /Users/timyu/Library/Developer/Xcode/DerivedData/EasyRide-beugqklueywnwjdnocpyhdzzhnze/Build/Products/Debug-iphonesimulator/EasyRide.app/PlugIns/EasyRideTests.xctest/EasyRideTests --scan-folder /Users/timyu/Library/Developer/Xcode/DerivedData/EasyRide-beugqklueywnwjdnocpyhdzzhnze/Build/Products/Debug-iphonesimulator/EasyRide.app/PlugIns/EasyRideTests.xctest/Frameworks --scan-folder /Users/timyu/Library/Developer/Xcode/DerivedData/EasyRide-beugqklueywnwjdnocpyhdzzhnze/Build/Products/Debug-iphonesimulator/EasyRide.app/PlugIns/EasyRideTests.xctest/PlugIns --scan-folder /Users/timyu/Library/Developer/Xcode/DerivedData/EasyRide-beugqklueywnwjdnocpyhdzzhnze/Build/Products/Debug-iphonesimulator/EasyRide.app/PlugIns/EasyRideTests.xctest/SystemExtensions --scan-folder /Users/timyu/Library/Developer/Xcode/DerivedData/EasyRide-beugqklueywnwjdnocpyhdzzhnze/Build/Products/Debug-iphonesimulator/EasyRide.app/PlugIns/EasyRideTests.xctest/Extensions --platform iphonesimulator --toolchain /Applications/Xcode.app/Contents/Developer/Toolchains/XcodeDefault.xctoolchain --destination /Users/timyu/Library/Developer/Xcode/DerivedData/EasyRide-beugqklueywnwjdnocpyhdzzhnze/Build/Products/Debug-iphonesimulator/EasyRide.app/PlugIns/EasyRideTests.xctest/Frameworks --strip-bitcode --scan-executable /Applications/Xcode.app/Contents/Developer/Platforms/iPhoneSimulator.platform/Developer/usr/lib/libXCTestSwiftSupport.dylib --strip-bitcode-tool /Applications/Xcode.app/Contents/Developer/Toolchains/XcodeDefault.xctoolchain/usr/bin/bitcode_strip --emit-dependency-info /Users/timyu/Library/Developer/Xcode/DerivedData/EasyRide-beugqklueywnwjdnocpyhdzzhnze/Build/Intermediates.noindex/EasyRide.build/Debug-iphonesimulator/EasyRideTests.build/SwiftStdLibToolInputDependencies.dep --filter-for-swift-os

ExtractAppIntentsMetadata (in target 'EasyRideTests' from project 'EasyRide')
    cd /Users/timyu/Desktop/EasyRide_App
    /Applications/Xcode.app/Contents/Developer/Toolchains/XcodeDefault.xctoolchain/usr/bin/appintentsmetadataprocessor --toolchain-dir /Applications/Xcode.app/Contents/Developer/Toolchains/XcodeDefault.xctoolchain --module-name EasyRideTests --sdk-root /Applications/Xcode.app/Contents/Developer/Platforms/iPhoneSimulator.platform/Developer/SDKs/iPhoneSimulator26.2.sdk --xcode-version 17C52 --platform-family iOS --deployment-target 18.5 --bundle-identifier com.timyu.EasyRideTests --output /Users/timyu/Library/Developer/Xcode/DerivedData/EasyRide-beugqklueywnwjdnocpyhdzzhnze/Build/Products/Debug-iphonesimulator/EasyRide.app/PlugIns/EasyRideTests.xctest --target-triple arm64-apple-ios18.5-simulator --binary-file /Users/timyu/Library/Developer/Xcode/DerivedData/EasyRide-beugqklueywnwjdnocpyhdzzhnze/Build/Products/Debug-iphonesimulator/EasyRide.app/PlugIns/EasyRideTests.xctest/EasyRideTests --dependency-file /Users/timyu/Library/Developer/Xcode/DerivedData/EasyRide-beugqklueywnwjdnocpyhdzzhnze/Build/Intermediates.noindex/EasyRide.build/Debug-iphonesimulator/EasyRideTests.build/Objects-normal/arm64/EasyRideTests_dependency_info.dat --stringsdata-file /Users/timyu/Library/Developer/Xcode/DerivedData/EasyRide-beugqklueywnwjdnocpyhdzzhnze/Build/Intermediates.noindex/EasyRide.build/Debug-iphonesimulator/EasyRideTests.build/Objects-normal/arm64/ExtractedAppShortcutsMetadata.stringsdata --source-file-list /Users/timyu/Library/Developer/Xcode/DerivedData/EasyRide-beugqklueywnwjdnocpyhdzzhnze/Build/Intermediates.noindex/EasyRide.build/Debug-iphonesimulator/EasyRideTests.build/Objects-normal/arm64/EasyRideTests.SwiftFileList --metadata-file-list /Users/timyu/Library/Developer/Xcode/DerivedData/EasyRide-beugqklueywnwjdnocpyhdzzhnze/Build/Intermediates.noindex/EasyRide.build/Debug-iphonesimulator/EasyRideTests.build/EasyRideTests.DependencyMetadataFileList --static-metadata-file-list /Users/timyu/Library/Developer/Xcode/DerivedData/EasyRide-beugqklueywnwjdnocpyhdzzhnze/Build/Intermediates.noindex/EasyRide.build/Debug-iphonesimulator/EasyRideTests.build/EasyRideTests.DependencyStaticMetadataFileList --swift-const-vals-list /Users/timyu/Library/Developer/Xcode/DerivedData/EasyRide-beugqklueywnwjdnocpyhdzzhnze/Build/Intermediates.noindex/EasyRide.build/Debug-iphonesimulator/EasyRideTests.build/Objects-normal/arm64/EasyRideTests.SwiftConstValuesFileList --compile-time-extraction --deployment-aware-processing --validate-assistant-intents --no-app-shortcuts-localization
2026-01-08 17:22:57.814 appintentsmetadataprocessor[36834:232608] Starting appintentsmetadataprocessor export
2026-01-08 17:22:57.815 appintentsmetadataprocessor[36834:232608] warning: Metadata extraction skipped. No AppIntents.framework dependency found.

CodeSign /Users/timyu/Library/Developer/Xcode/DerivedData/EasyRide-beugqklueywnwjdnocpyhdzzhnze/Build/Products/Debug-iphonesimulator/EasyRide.app/PlugIns/EasyRideTests.xctest (in target 'EasyRideTests' from project 'EasyRide')
    cd /Users/timyu/Desktop/EasyRide_App
    
    Signing Identity:     "Sign to Run Locally"
    
    /usr/bin/codesign --force --sign - --timestamp\=none --generate-entitlement-der /Users/timyu/Library/Developer/Xcode/DerivedData/EasyRide-beugqklueywnwjdnocpyhdzzhnze/Build/Products/Debug-iphonesimulator/EasyRide.app/PlugIns/EasyRideTests.xctest

CodeSign /Users/timyu/Library/Developer/Xcode/DerivedData/EasyRide-beugqklueywnwjdnocpyhdzzhnze/Build/Products/Debug-iphonesimulator/EasyRide.app/EasyRide.debug.dylib (in target 'EasyRide' from project 'EasyRide')
    cd /Users/timyu/Desktop/EasyRide_App
    
    Signing Identity:     "Sign to Run Locally"
    
    /usr/bin/codesign --force --sign - --timestamp\=none --generate-entitlement-der /Users/timyu/Library/Developer/Xcode/DerivedData/EasyRide-beugqklueywnwjdnocpyhdzzhnze/Build/Products/Debug-iphonesimulator/EasyRide.app/EasyRide.debug.dylib
/Users/timyu/Library/Developer/Xcode/DerivedData/EasyRide-beugqklueywnwjdnocpyhdzzhnze/Build/Products/Debug-iphonesimulator/EasyRide.app/EasyRide.debug.dylib: replacing existing signature

CodeSign /Users/timyu/Library/Developer/Xcode/DerivedData/EasyRide-beugqklueywnwjdnocpyhdzzhnze/Build/Products/Debug-iphonesimulator/EasyRide.app/__preview.dylib (in target 'EasyRide' from project 'EasyRide')
    cd /Users/timyu/Desktop/EasyRide_App
    
    Signing Identity:     "Sign to Run Locally"
    
    /usr/bin/codesign --force --sign - --timestamp\=none --generate-entitlement-der /Users/timyu/Library/Developer/Xcode/DerivedData/EasyRide-beugqklueywnwjdnocpyhdzzhnze/Build/Products/Debug-iphonesimulator/EasyRide.app/__preview.dylib
/Users/timyu/Library/Developer/Xcode/DerivedData/EasyRide-beugqklueywnwjdnocpyhdzzhnze/Build/Products/Debug-iphonesimulator/EasyRide.app/__preview.dylib: replacing existing signature

CodeSign /Users/timyu/Library/Developer/Xcode/DerivedData/EasyRide-beugqklueywnwjdnocpyhdzzhnze/Build/Products/Debug-iphonesimulator/EasyRide.app (in target 'EasyRide' from project 'EasyRide')
    cd /Users/timyu/Desktop/EasyRide_App
    
    Signing Identity:     "Sign to Run Locally"
    
    /usr/bin/codesign --force --sign - --timestamp\=none --generate-entitlement-der /Users/timyu/Library/Developer/Xcode/DerivedData/EasyRide-beugqklueywnwjdnocpyhdzzhnze/Build/Products/Debug-iphonesimulator/EasyRide.app
/Users/timyu/Library/Developer/Xcode/DerivedData/EasyRide-beugqklueywnwjdnocpyhdzzhnze/Build/Products/Debug-iphonesimulator/EasyRide.app: replacing existing signature

Validate /Users/timyu/Library/Developer/Xcode/DerivedData/EasyRide-beugqklueywnwjdnocpyhdzzhnze/Build/Products/Debug-iphonesimulator/EasyRide.app (in target 'EasyRide' from project 'EasyRide')
    cd /Users/timyu/Desktop/EasyRide_App
    builtin-validationUtility /Users/timyu/Library/Developer/Xcode/DerivedData/EasyRide-beugqklueywnwjdnocpyhdzzhnze/Build/Products/Debug-iphonesimulator/EasyRide.app -shallow-bundle -infoplist-subpath Info.plist

ProcessInfoPlistFile /Users/timyu/Library/Developer/Xcode/DerivedData/EasyRide-beugqklueywnwjdnocpyhdzzhnze/Build/Products/Debug-iphonesimulator/EasyRideUITests-Runner.app/PlugIns/EasyRideUITests.xctest/Info.plist /Users/timyu/Library/Developer/Xcode/DerivedData/EasyRide-beugqklueywnwjdnocpyhdzzhnze/Build/Intermediates.noindex/EasyRide.build/Debug-iphonesimulator/EasyRideUITests.build/empty-EasyRideUITests.plist (in target 'EasyRideUITests' from project 'EasyRide')
    cd /Users/timyu/Desktop/EasyRide_App
    builtin-infoPlistUtility /Users/timyu/Library/Developer/Xcode/DerivedData/EasyRide-beugqklueywnwjdnocpyhdzzhnze/Build/Intermediates.noindex/EasyRide.build/Debug-iphonesimulator/EasyRideUITests.build/empty-EasyRideUITests.plist -producttype com.apple.product-type.bundle.ui-testing -expandbuildsettings -format binary -platform iphonesimulator -additionalcontentfile /Users/timyu/Library/Developer/Xcode/DerivedData/EasyRide-beugqklueywnwjdnocpyhdzzhnze/Build/Intermediates.noindex/EasyRide.build/Debug-iphonesimulator/EasyRideUITests.build/ProductTypeInfoPlistAdditions.plist -o /Users/timyu/Library/Developer/Xcode/DerivedData/EasyRide-beugqklueywnwjdnocpyhdzzhnze/Build/Products/Debug-iphonesimulator/EasyRideUITests-Runner.app/PlugIns/EasyRideUITests.xctest/Info.plist

Ld /Users/timyu/Library/Developer/Xcode/DerivedData/EasyRide-beugqklueywnwjdnocpyhdzzhnze/Build/Products/Debug-iphonesimulator/EasyRideUITests-Runner.app/PlugIns/EasyRideUITests.xctest/EasyRideUITests normal (in target 'EasyRideUITests' from project 'EasyRide')
    cd /Users/timyu/Desktop/EasyRide_App
    /Applications/Xcode.app/Contents/Developer/Toolchains/XcodeDefault.xctoolchain/usr/bin/clang -Xlinker -reproducible -target arm64-apple-ios18.5-simulator -bundle -isysroot /Applications/Xcode.app/Contents/Developer/Platforms/iPhoneSimulator.platform/Developer/SDKs/iPhoneSimulator26.2.sdk -O0 -L/Users/timyu/Library/Developer/Xcode/DerivedData/EasyRide-beugqklueywnwjdnocpyhdzzhnze/Build/Intermediates.noindex/EagerLinkingTBDs/Debug-iphonesimulator -L/Users/timyu/Library/Developer/Xcode/DerivedData/EasyRide-beugqklueywnwjdnocpyhdzzhnze/Build/Products/Debug-iphonesimulator -L/Applications/Xcode.app/Contents/Developer/Platforms/iPhoneSimulator.platform/Developer/usr/lib -F/Users/timyu/Library/Developer/Xcode/DerivedData/EasyRide-beugqklueywnwjdnocpyhdzzhnze/Build/Intermediates.noindex/EagerLinkingTBDs/Debug-iphonesimulator -F/Users/timyu/Library/Developer/Xcode/DerivedData/EasyRide-beugqklueywnwjdnocpyhdzzhnze/Build/Products/Debug-iphonesimulator -iframework /Applications/Xcode.app/Contents/Developer/Platforms/iPhoneSimulator.platform/Developer/Library/Frameworks -iframework /Applications/Xcode.app/Contents/Developer/Platforms/iPhoneSimulator.platform/Developer/SDKs/iPhoneSimulator26.2.sdk/Developer/Library/Frameworks -filelist /Users/timyu/Library/Developer/Xcode/DerivedData/EasyRide-beugqklueywnwjdnocpyhdzzhnze/Build/Intermediates.noindex/EasyRide.build/Debug-iphonesimulator/EasyRideUITests.build/Objects-normal/arm64/EasyRideUITests.LinkFileList -Xlinker -rpath -Xlinker /usr/lib/swift -Xlinker -rpath -Xlinker @loader_path/Frameworks -dead_strip -Xlinker -object_path_lto -Xlinker /Users/timyu/Library/Developer/Xcode/DerivedData/EasyRide-beugqklueywnwjdnocpyhdzzhnze/Build/Intermediates.noindex/EasyRide.build/Debug-iphonesimulator/EasyRideUITests.build/Objects-normal/arm64/EasyRideUITests_lto.o -rdynamic -Xlinker -no_deduplicate -Xlinker -objc_abi_version -Xlinker 2 -Xlinker -debug_variant -Xlinker -dependency_info -Xlinker /Users/timyu/Library/Developer/Xcode/DerivedData/EasyRide-beugqklueywnwjdnocpyhdzzhnze/Build/Intermediates.noindex/EasyRide.build/Debug-iphonesimulator/EasyRideUITests.build/Objects-normal/arm64/EasyRideUITests_dependency_info.dat -fobjc-link-runtime -fprofile-instr-generate -L/Applications/Xcode.app/Contents/Developer/Toolchains/XcodeDefault.xctoolchain/usr/lib/swift/iphonesimulator -L/usr/lib/swift -Xlinker -add_ast_path -Xlinker /Users/timyu/Library/Developer/Xcode/DerivedData/EasyRide-beugqklueywnwjdnocpyhdzzhnze/Build/Intermediates.noindex/EasyRide.build/Debug-iphonesimulator/EasyRideUITests.build/Objects-normal/arm64/EasyRideUITests.swiftmodule @/Users/timyu/Library/Developer/Xcode/DerivedData/EasyRide-beugqklueywnwjdnocpyhdzzhnze/Build/Intermediates.noindex/EasyRide.build/Debug-iphonesimulator/EasyRideUITests.build/Objects-normal/arm64/EasyRideUITests-linker-args.resp -Xlinker -needed_framework -Xlinker XCTest -framework XCTest -Xlinker -needed-lXCTestSwiftSupport -lXCTestSwiftSupport -Xlinker -sectcreate -Xlinker __TEXT -Xlinker __entitlements -Xlinker /Users/timyu/Library/Developer/Xcode/DerivedData/EasyRide-beugqklueywnwjdnocpyhdzzhnze/Build/Intermediates.noindex/EasyRide.build/Debug-iphonesimulator/EasyRideUITests.build/EasyRideUITests.xctest-Simulated.xcent -Xlinker -sectcreate -Xlinker __TEXT -Xlinker __ents_der -Xlinker /Users/timyu/Library/Developer/Xcode/DerivedData/EasyRide-beugqklueywnwjdnocpyhdzzhnze/Build/Intermediates.noindex/EasyRide.build/Debug-iphonesimulator/EasyRideUITests.build/EasyRideUITests.xctest-Simulated.xcent.der -Xlinker -no_adhoc_codesign -o /Users/timyu/Library/Developer/Xcode/DerivedData/EasyRide-beugqklueywnwjdnocpyhdzzhnze/Build/Products/Debug-iphonesimulator/EasyRideUITests-Runner.app/PlugIns/EasyRideUITests.xctest/EasyRideUITests
ld: warning: Could not find or use auto-linked framework 'UIUtilities': framework 'UIUtilities' not found
ld: warning: Could not parse or use implicit file '/Applications/Xcode.app/Contents/Developer/Platforms/iPhoneSimulator.platform/Developer/SDKs/iPhoneSimulator.sdk/System/Library/Frameworks/SwiftUICore.framework/SwiftUICore.tbd': cannot link directly with 'SwiftUICore' because product being built is not an allowed client of it
Undefined symbols for architecture arm64:
  "nominal type descriptor for EasyRide.EasyRideError", referenced from:
      _symbolic _____Sg 8EasyRide0aB5ErrorO in BookingViewModelTests.o
  "type metadata for EasyRide.EasyRideError", referenced from:
      implicit closure #2 () throws -> Any? in EasyRideUITests.AuthenticationViewModelTests.testSendOTPSuccess() async throws -> () in AuthenticationViewModelTests.o
      (1) suspend resume partial function for EasyRideUITests.AuthenticationViewModelTests.testSendOTPNetworkError() async throws -> () in AuthenticationViewModelTests.o
      lazy protocol witness table accessor for type EasyRide.EasyRideError and conformance EasyRide.EasyRideError : Swift.Error in EasyRide in AuthenticationViewModelTests.o
      implicit closure #2 () throws -> Any? in EasyRideUITests.AuthenticationViewModelTests.testSendOTPNetworkError() async throws -> () in AuthenticationViewModelTests.o
      implicit closure #2 () throws -> Any? in EasyRideUITests.AuthenticationViewModelTests.testLoginWithOTPSuccess() async throws -> () in AuthenticationViewModelTests.o
      implicit closure #2 () throws -> Any? in EasyRideUITests.AuthenticationViewModelTests.testRegistrationSuccess() async throws -> () in AuthenticationViewModelTests.o
      (1) suspend resume partial function for EasyRideUITests.AuthenticationViewModelTests.testRegistrationNetworkError() async throws -> () in AuthenticationViewModelTests.o
      ...
  "protocol conformance descriptor for EasyRide.EasyRideError : Swift.Equatable in EasyRide", referenced from:
      lazy protocol witness table accessor for type EasyRide.EasyRideError and conformance EasyRide.EasyRideError : Swift.Equatable in EasyRide in BookingViewModelTests.o
  "protocol conformance descriptor for EasyRide.EasyRideError : Swift.Error in EasyRide", referenced from:
      lazy protocol witness table accessor for type EasyRide.EasyRideError and conformance EasyRide.EasyRideError : Swift.Error in EasyRide in AuthenticationViewModelTests.o
  "protocol descriptor for EasyRide.APIService", referenced from:
      l_got.$s8EasyRide10APIServiceMp in MockAPIService.o
  "EasyRide.HTTPMethod.rawValue.getter : Swift.String", referenced from:
      EasyRideUITests.MockAPIService.(getEndpointKey in _B8097C37D205AA33FA03926B98F1C81E)(EasyRide.APIEndpoint) -> Swift.String in MockAPIService.o
  "EasyRide.SenderType.displayName.getter : Swift.String", referenced from:
      EasyRideUITests.ChatInterfaceVerificationTests.testChatInterface() -> () in verify_chat_interface.o
      EasyRideUITests.ChatInterfaceVerificationTests.testChatInterface() -> () in verify_chat_interface.o
  "EasyRide.APIEndpoint.httpMethod.getter : EasyRide.HTTPMethod", referenced from:
      EasyRideUITests.MockAPIService.(getEndpointKey in _B8097C37D205AA33FA03926B98F1C81E)(EasyRide.APIEndpoint) -> Swift.String in MockAPIService.o
  "EasyRide.APIEndpoint.path.getter : Swift.String", referenced from:
      EasyRideUITests.MockAPIService.(getEndpointKey in _B8097C37D205AA33FA03926B98F1C81E)(EasyRide.APIEndpoint) -> Swift.String in MockAPIService.o
  "type metadata accessor for EasyRide.APIEndpoint", referenced from:
      EasyRideUITests.AuthenticationViewModelTests.testSendOTPNetworkError() async throws -> () in AuthenticationViewModelTests.o
      outlined destroy of EasyRide.APIEndpoint in AuthenticationViewModelTests.o
      EasyRideUITests.AuthenticationViewModelTests.testLoginWithOTPSuccess() async throws -> () in AuthenticationViewModelTests.o
      EasyRideUITests.AuthenticationViewModelTests.testRegistrationSuccess() async throws -> () in AuthenticationViewModelTests.o
      EasyRideUITests.AuthenticationViewModelTests.testRegistrationNetworkError() async throws -> () in AuthenticationViewModelTests.o
      EasyRideUITests.AuthenticationViewModelTests.testLogoutWithNetworkError() async throws -> () in AuthenticationViewModelTests.o
      EasyRideUITests.ChatInterfaceTests.testChatInterface() async throws -> () in ChatInterfaceTests.o
      ...
  "nominal type descriptor for EasyRide.APIEndpoint", referenced from:
      _symbolic Say_____G 8EasyRide11APIEndpointO in AuthenticationViewModelTests.o
  "EasyRide.MessageType.rawValue.getter : Swift.String", referenced from:
      EasyRideUITests.ChatInterfaceVerificationTests.testChatInterface() -> () in verify_chat_interface.o
      EasyRideUITests.ChatInterfaceVerificationTests.testChatInterface() -> () in verify_chat_interface.o
  "nominal type descriptor for EasyRide.OrderStatus", referenced from:
      _symbolic _____Sg 8EasyRide11OrderStatusO in BookingViewModelTests.o
      _symbolic Say_____G 8EasyRide11OrderStatusO in OrderTrackingViewModelTests.o
      _symbolic _____ySay_____GG s18EnumeratedSequenceV 8EasyRide11OrderStatusO in OrderTrackingViewModelTests.o
      _symbolic _____ySay_____G_G s18EnumeratedSequenceV8IteratorV 8EasyRide11OrderStatusO in OrderTrackingViewModelTests.o
  "type metadata for EasyRide.OrderStatus", referenced from:
      lazy protocol witness table accessor for type EasyRide.OrderStatus and conformance EasyRide.OrderStatus : Swift.Equatable in EasyRide in BookingViewModelTests.o
      implicit closure #2 () throws -> Any? in EasyRideUITests.BookingViewModelTests.testOrderStatusTrackingError() async throws -> () in BookingViewModelTests.o
      (1) suspend resume partial function for EasyRideUITests.OrderTrackingViewModelTests.testCanCommunicateWithDriver() async throws -> () in OrderTrackingViewModelTests.o
      implicit closure #4 () -> Swift.String in EasyRideUITests.OrderTrackingViewModelTests.testCanCommunicateWithDriver() async throws -> () in OrderTrackingViewModelTests.o
      (1) suspend resume partial function for EasyRideUITests.OrderTrackingViewModelTests.testStatusDisplayText() async throws -> () in OrderTrackingViewModelTests.o
      implicit closure #5 () -> Swift.String in EasyRideUITests.OrderTrackingViewModelTests.testStatusDisplayText() async throws -> () in OrderTrackingViewModelTests.o
  "protocol conformance descriptor for EasyRide.OrderStatus : Swift.Equatable in EasyRide", referenced from:
      lazy protocol witness table accessor for type EasyRide.OrderStatus and conformance EasyRide.OrderStatus : Swift.Equatable in EasyRide in BookingViewModelTests.o
  "nominal type descriptor for EasyRide.PaymentType", referenced from:
      _symbolic _____Sg 8EasyRide11PaymentTypeO in ValueAddedServicesTests.o
  "type metadata for EasyRide.PaymentType", referenced from:
      lazy protocol witness table accessor for type EasyRide.PaymentType and conformance EasyRide.PaymentType : Swift.Equatable in EasyRide in ValueAddedServicesTests.o
  "protocol conformance descriptor for EasyRide.PaymentType : Swift.Equatable in EasyRide", referenced from:
      lazy protocol witness table accessor for type EasyRide.PaymentType and conformance EasyRide.PaymentType : Swift.Equatable in EasyRide in ValueAddedServicesTests.o
  "EasyRide.ServiceType.description.getter : Swift.String", referenced from:
      implicit closure #5 () throws -> Swift.Bool in EasyRideUITests.ServiceSelectionTests.testServiceCardDisplaysRequiredElements() -> () in ServiceSelectionTests.o
      implicit closure #5 () throws -> Swift.String in EasyRideUITests.ServiceSelectionTests.testServiceCardCategoryTags() -> () in ServiceSelectionTests.o
      implicit closure #6 () throws -> Swift.String in EasyRideUITests.ServiceSelectionTests.testServiceCardCategoryTags() -> () in ServiceSelectionTests.o
      implicit closure #6 () throws -> Swift.Bool in EasyRideUITests.ServiceSelectionTests.testGridLayoutConfiguration() -> () in ServiceSelectionTests.o
      implicit closure #6 () throws -> Swift.Bool in EasyRideUITests.ServiceSelectionVerificationTests.testServiceSelectionInterfaceImplementation() -> () in verify_service_selection.o
  "EasyRide.ServiceType.displayName.getter : Swift.String", referenced from:
      implicit closure #3 () throws -> Swift.Bool in EasyRideUITests.ServiceSelectionTests.testServiceCardDisplaysRequiredElements() -> () in ServiceSelectionTests.o
      implicit closure #1 () throws -> Swift.String in EasyRideUITests.ServiceSelectionTests.testServiceCardCategoryTags() -> () in ServiceSelectionTests.o
      implicit closure #2 () throws -> Swift.String in EasyRideUITests.ServiceSelectionTests.testServiceCardCategoryTags() -> () in ServiceSelectionTests.o
      implicit closure #4 () throws -> Swift.Bool in EasyRideUITests.ServiceSelectionTests.testGridLayoutConfiguration() -> () in ServiceSelectionTests.o
      implicit closure #4 () throws -> Swift.Bool in EasyRideUITests.ServiceSelectionVerificationTests.testServiceSelectionInterfaceImplementation() -> () in verify_service_selection.o
  "EasyRide.ServiceType.icon.getter : Swift.String", referenced from:
      implicit closure #1 () throws -> Swift.Bool in EasyRideUITests.ServiceSelectionTests.testServiceCardDisplaysRequiredElements() -> () in ServiceSelectionTests.o
      implicit closure #3 () throws -> Swift.String in EasyRideUITests.ServiceSelectionTests.testServiceCardCategoryTags() -> () in ServiceSelectionTests.o
      implicit closure #4 () throws -> Swift.String in EasyRideUITests.ServiceSelectionTests.testServiceCardCategoryTags() -> () in ServiceSelectionTests.o
      implicit closure #5 () throws -> Swift.Bool in EasyRideUITests.ServiceSelectionTests.testGridLayoutConfiguration() -> () in ServiceSelectionTests.o
      implicit closure #5 () throws -> Swift.Bool in EasyRideUITests.ServiceSelectionVerificationTests.testServiceSelectionInterfaceImplementation() -> () in verify_service_selection.o
  "static EasyRide.ServiceType.allCases.getter : [EasyRide.ServiceType]", referenced from:
      EasyRideUITests.ServiceSelectionTests.testServiceCardsDisplayAllServiceTypes() -> () in ServiceSelectionTests.o
      EasyRideUITests.ServiceSelectionTests.testServiceCardDisplaysRequiredElements() -> () in ServiceSelectionTests.o
      EasyRideUITests.ServiceSelectionTests.testVisualStateTransitions() -> () in ServiceSelectionTests.o
      EasyRideUITests.ServiceSelectionTests.testGridLayoutConfiguration() -> () in ServiceSelectionTests.o
      EasyRideUITests.ServiceSelectionVerificationTests.testServiceSelectionInterfaceImplementation() -> () in verify_service_selection.o
      EasyRideUITests.ServiceSelectionVerificationTests.testServiceSelectionInterfaceImplementation() -> () in verify_service_selection.o
  "EasyRide.ServiceType.basePrice.getter : Swift.Double", referenced from:
      implicit closure #7 () throws -> Swift.Double in EasyRideUITests.ServiceSelectionTests.testServiceCardDisplaysRequiredElements() -> () in ServiceSelectionTests.o
      implicit closure #7 () throws -> Swift.Double in EasyRideUITests.ServiceSelectionTests.testGridLayoutConfiguration() -> () in ServiceSelectionTests.o
      implicit closure #7 () throws -> Swift.Double in EasyRideUITests.ServiceSelectionVerificationTests.testServiceSelectionInterfaceImplementation() -> () in verify_service_selection.o
  "nominal type descriptor for EasyRide.ServiceType", referenced from:
      _symbolic Say_____G 8EasyRide11ServiceTypeO in ServiceSelectionTests.o
      _symbolic _____ySay_____GG s16IndexingIteratorV 8EasyRide11ServiceTypeO in ServiceSelectionTests.o
      _symbolic _____Sg 8EasyRide11ServiceTypeO in ServiceSelectionTests.o
  "type metadata for EasyRide.ServiceType", referenced from:
      EasyRideUITests.ServiceSelectionTests.testServiceCardsDisplayAllServiceTypes() -> () in ServiceSelectionTests.o
      implicit closure #1 () throws -> Swift.Int in EasyRideUITests.ServiceSelectionTests.testServiceCardsDisplayAllServiceTypes() -> () in ServiceSelectionTests.o
      implicit closure #5 () -> Swift.String in EasyRideUITests.ServiceSelectionTests.testServiceCardsDisplayAllServiceTypes() -> () in ServiceSelectionTests.o
      implicit closure #2 () -> Swift.String in EasyRideUITests.ServiceSelectionTests.testServiceCardDisplaysRequiredElements() -> () in ServiceSelectionTests.o
      implicit closure #4 () -> Swift.String in EasyRideUITests.ServiceSelectionTests.testServiceCardDisplaysRequiredElements() -> () in ServiceSelectionTests.o
      implicit closure #6 () -> Swift.String in EasyRideUITests.ServiceSelectionTests.testServiceCardDisplaysRequiredElements() -> () in ServiceSelectionTests.o
      implicit closure #9 () -> Swift.String in EasyRideUITests.ServiceSelectionTests.testServiceCardDisplaysRequiredElements() -> () in ServiceSelectionTests.o
      ...
  "protocol conformance descriptor for EasyRide.ServiceType : Swift.Equatable in EasyRide", referenced from:
      lazy protocol witness table accessor for type EasyRide.ServiceType and conformance EasyRide.ServiceType : Swift.Equatable in EasyRide in ServiceSelectionTests.o
  "EasyRide.Transaction.init(id: Swift.String, amount: Swift.Double, type: EasyRide.TransactionType, description: Swift.String, createdAt: Foundation.Date, orderId: Swift.String?) -> EasyRide.Transaction", referenced from:
      EasyRideUITests.MockAPIService.(setupDefaultMockResponses in _B8097C37D205AA33FA03926B98F1C81E)() -> () in MockAPIService.o
      EasyRideUITests.MockAPIService.(setupDefaultMockResponses in _B8097C37D205AA33FA03926B98F1C81E)() -> () in MockAPIService.o
  "type metadata accessor for EasyRide.Transaction", referenced from:
      EasyRideUITests.MockAPIService.(setupDefaultMockResponses in _B8097C37D205AA33FA03926B98F1C81E)() -> () in MockAPIService.o
  "EasyRide.VehicleInfo.init(make: Swift.String, model: Swift.String, year: Swift.Int, color: Swift.String, licensePlate: Swift.String, vehicleType: EasyRide.VehicleType) -> EasyRide.VehicleInfo", referenced from:
      (1) suspend resume partial function for EasyRideUITests.ChatInterfaceTests.testChatInterface() async throws -> () in ChatInterfaceTests.o
      EasyRideUITests.MockAPIService.(setupDefaultMockResponses in _B8097C37D205AA33FA03926B98F1C81E)() -> () in MockAPIService.o
      (1) suspend resume partial function for EasyRideUITests.OrderTrackingViewModelTests.testStartTrackingSuccess() async throws -> () in OrderTrackingViewModelTests.o
      (3) suspend resume partial function for EasyRideUITests.OrderTrackingViewModelTests.testRefreshOrderStatus() async throws -> () in OrderTrackingViewModelTests.o
      (1) suspend resume partial function for EasyRideUITests.OrderTrackingViewModelTests.testUpdateDriverLocation() async throws -> () in OrderTrackingViewModelTests.o
      (1) suspend resume partial function for EasyRideUITests.OrderTrackingViewModelTests.testUpdateDriverLocationWithStatusChange() async throws -> () in OrderTrackingViewModelTests.o
      (3) suspend resume partial function for EasyRideUITests.OrderTrackingViewModelTests.testHandleStatusChangeToMatched() async throws -> () in OrderTrackingViewModelTests.o
      ...
  "EasyRide.AuthResponse.init(accessToken: Swift.String, refreshToken: Swift.String, user: EasyRide.User, expiresIn: Swift.Int) -> EasyRide.AuthResponse", referenced from:
      (1) suspend resume partial function for EasyRideUITests.AuthenticationViewModelTests.testLoginWithOTPSuccess() async throws -> () in AuthenticationViewModelTests.o
      (1) suspend resume partial function for EasyRideUITests.AuthenticationViewModelTests.testRegistrationSuccess() async throws -> () in AuthenticationViewModelTests.o
      EasyRideUITests.MockAPIService.(setupDefaultMockResponses in _B8097C37D205AA33FA03926B98F1C81E)() -> () in MockAPIService.o
      EasyRideUITests.MockAPIService.(generateMockResponse in _B8097C37D205AA33FA03926B98F1C81E)<A where A: Swift.Decodable, A: Swift.Encodable>(for: EasyRide.APIEndpoint) throws -> A in MockAPIService.o
  "type metadata accessor for EasyRide.AuthResponse", referenced from:
      EasyRideUITests.AuthenticationViewModelTests.testLoginWithOTPSuccess() async throws -> () in AuthenticationViewModelTests.o
      lazy protocol witness table accessor for type EasyRide.AuthResponse and conformance EasyRide.AuthResponse : Swift.Decodable in EasyRide in AuthenticationViewModelTests.o
      lazy protocol witness table accessor for type EasyRide.AuthResponse and conformance EasyRide.AuthResponse : Swift.Encodable in EasyRide in AuthenticationViewModelTests.o
      outlined destroy of EasyRide.AuthResponse in AuthenticationViewModelTests.o
      EasyRideUITests.AuthenticationViewModelTests.testRegistrationSuccess() async throws -> () in AuthenticationViewModelTests.o
      EasyRideUITests.MockAPIService.(setupDefaultMockResponses in _B8097C37D205AA33FA03926B98F1C81E)() -> () in MockAPIService.o
      EasyRideUITests.MockAPIService.(generateMockResponse in _B8097C37D205AA33FA03926B98F1C81E)<A where A: Swift.Decodable, A: Swift.Encodable>(for: EasyRide.APIEndpoint) throws -> A in MockAPIService.o
      ...
  "protocol conformance descriptor for EasyRide.AuthResponse : Swift.Encodable in EasyRide", referenced from:
      lazy protocol witness table accessor for type EasyRide.AuthResponse and conformance EasyRide.AuthResponse : Swift.Encodable in EasyRide in AuthenticationViewModelTests.o
  "protocol conformance descriptor for EasyRide.AuthResponse : Swift.Decodable in EasyRide", referenced from:
      lazy protocol witness table accessor for type EasyRide.AuthResponse and conformance EasyRide.AuthResponse : Swift.Decodable in EasyRide in AuthenticationViewModelTests.o
  "EasyRide.OrderRequest.init(serviceType: EasyRide.ServiceType, pickupLocation: EasyRide.Location, destination: EasyRide.Location?, scheduledTime: Foundation.Date?, passengerCount: Swift.Int, notes: Swift.String?, stops: [EasyRide.TripStop], serviceOptions: [EasyRide.ServiceOption]) -> EasyRide.OrderRequest", referenced from:
      EasyRideUITests.MockAPIService.(setupDefaultMockResponses in _B8097C37D205AA33FA03926B98F1C81E)() -> () in MockAPIService.o
  "type metadata accessor for EasyRide.OrderRequest", referenced from:
      outlined destroy of EasyRide.APIEndpoint in AuthenticationViewModelTests.o
      outlined init with copy of EasyRide.APIEndpoint in MockAPIService.o
  "EasyRide.PaymentMethod.init(id: Swift.String, type: EasyRide.PaymentType, displayName: Swift.String, isDefault: Swift.Bool, lastFourDigits: Swift.String?, expiryDate: Swift.String?, isActive: Swift.Bool) -> EasyRide.PaymentMethod", referenced from:
      EasyRideUITests.ValueAddedServicesTests.testPaymentMethodSelection() -> () in ValueAddedServicesTests.o
      EasyRideUITests.ValueAddedServicesTests.testPaymentMethodSelection() -> () in ValueAddedServicesTests.o
  "default argument 3 of EasyRide.PaymentMethod.init(id: Swift.String, type: EasyRide.PaymentType, displayName: Swift.String, isDefault: Swift.Bool, lastFourDigits: Swift.String?, expiryDate: Swift.String?, isActive: Swift.Bool) -> EasyRide.PaymentMethod", referenced from:
      EasyRideUITests.ValueAddedServicesTests.testPaymentMethodSelection() -> () in ValueAddedServicesTests.o
  "default argument 6 of EasyRide.PaymentMethod.init(id: Swift.String, type: EasyRide.PaymentType, displayName: Swift.String, isDefault: Swift.Bool, lastFourDigits: Swift.String?, expiryDate: Swift.String?, isActive: Swift.Bool) -> EasyRide.PaymentMethod", referenced from:
      EasyRideUITests.ValueAddedServicesTests.testPaymentMethodSelection() -> () in ValueAddedServicesTests.o
      EasyRideUITests.ValueAddedServicesTests.testPaymentMethodSelection() -> () in ValueAddedServicesTests.o
  "default argument 0 of EasyRide.PaymentMethod.init(id: Swift.String, type: EasyRide.PaymentType, displayName: Swift.String, isDefault: Swift.Bool, lastFourDigits: Swift.String?, expiryDate: Swift.String?, isActive: Swift.Bool) -> EasyRide.PaymentMethod", referenced from:
      EasyRideUITests.ValueAddedServicesTests.testPaymentMethodSelection() -> () in ValueAddedServicesTests.o
      EasyRideUITests.ValueAddedServicesTests.testPaymentMethodSelection() -> () in ValueAddedServicesTests.o
  "nominal type descriptor for EasyRide.PaymentMethod", referenced from:
      _symbolic _____ 8EasyRide13PaymentMethodV in ValueAddedServicesTests.o
  "type metadata for EasyRide.PaymentMethod", referenced from:
      implicit closure #10 () throws -> Any? in EasyRideUITests.ValueAddedServicesTests.testInitialState() -> () in ValueAddedServicesTests.o
  "EasyRide.PresetMessage.commonMessages.unsafeMutableAddressor : [EasyRide.PresetMessage]", referenced from:
      EasyRideUITests.ChatInterfaceVerificationTests.testChatInterface() -> () in verify_chat_interface.o
  "EasyRide.PresetMessage.init(id: Swift.String, text: Swift.String, category: EasyRide.PresetMessageCategory) -> EasyRide.PresetMessage", referenced from:
      (3) suspend resume partial function for EasyRideUITests.ChatInterfaceTests.testPresetMessages() async throws -> () in ChatInterfaceTests.o
  "default argument 0 of EasyRide.PresetMessage.init(id: Swift.String, text: Swift.String, category: EasyRide.PresetMessageCategory) -> EasyRide.PresetMessage", referenced from:
      (3) suspend resume partial function for EasyRideUITests.ChatInterfaceTests.testPresetMessages() async throws -> () in ChatInterfaceTests.o
  "static EasyRide.PresetMessage.messages(for: EasyRide.PresetMessageCategory) -> [EasyRide.PresetMessage]", referenced from:
      (3) suspend resume partial function for EasyRideUITests.ChatInterfaceTests.testPresetMessages() async throws -> () in ChatInterfaceTests.o
      (3) suspend resume partial function for EasyRideUITests.ChatInterfaceTests.testPresetMessages() async throws -> () in ChatInterfaceTests.o
      EasyRideUITests.ChatInterfaceVerificationTests.testChatInterface() -> () in verify_chat_interface.o
  "nominal type descriptor for EasyRide.PresetMessage", referenced from:
      _symbolic Say_____G 8EasyRide13PresetMessageV in ChatInterfaceTests.o
  "type metadata for EasyRide.PresetMessage", referenced from:
      implicit closure #1 () throws -> Swift.Bool in EasyRideUITests.ChatInterfaceTests.testPresetMessages() async throws -> () in ChatInterfaceTests.o
      implicit closure #4 () throws -> Swift.Bool in EasyRideUITests.ChatInterfaceTests.testPresetMessages() async throws -> () in ChatInterfaceTests.o
      EasyRideUITests.ChatInterfaceVerificationTests.testChatInterface() -> () in verify_chat_interface.o
  "EasyRide.ServiceOption.wifiHotspot.unsafeMutableAddressor : EasyRide.ServiceOption", referenced from:
      EasyRideUITests.ValueAddedServicesTests.testPriceCalculation() -> () in ValueAddedServicesTests.o
  "EasyRide.ServiceOption.childSeat.unsafeMutableAddressor : EasyRide.ServiceOption", referenced from:
      EasyRideUITests.ValueAddedServicesTests.testServiceOptionToggle() -> () in ValueAddedServicesTests.o
      EasyRideUITests.ValueAddedServicesTests.testPriceCalculation() -> () in ValueAddedServicesTests.o
      EasyRideUITests.ValueAddedServicesTests.testPriceCalculationWithCoupon() -> () in ValueAddedServicesTests.o
  "nominal type descriptor for EasyRide.ServiceOption", referenced from:
      _symbolic Say_____G 8EasyRide13ServiceOptionV in ValueAddedServicesTests.o
      _symbolic _____y_____Say_____G_G SD4KeysV 8EasyRide21ServiceOptionCategoryO AC0dE0V in ValueAddedServicesTests.o
  "type metadata for EasyRide.ServiceOption", referenced from:
      EasyRideUITests.MockAPIService.(setupDefaultMockResponses in _B8097C37D205AA33FA03926B98F1C81E)() -> () in MockAPIService.o
      implicit closure #1 () throws -> Swift.Int in EasyRideUITests.ValueAddedServicesTests.testInitialState() -> () in ValueAddedServicesTests.o
      implicit closure #2 () throws -> Swift.Int in EasyRideUITests.ValueAddedServicesTests.testServiceOptionToggle() -> () in ValueAddedServicesTests.o
      implicit closure #7 () throws -> Swift.Int in EasyRideUITests.ValueAddedServicesTests.testServiceOptionToggle() -> () in ValueAddedServicesTests.o
      EasyRideUITests.ValueAddedServicesTests.testServiceOptionsByCategory() -> () in ValueAddedServicesTests.o
      EasyRideUITests.ValueAddedServicesTests.testServiceOptionsByCategory() -> () in ValueAddedServicesTests.o
  "EasyRide.WalletResponse.init(balance: Swift.Double, currency: Swift.String, transactions: [EasyRide.Transaction]) -> EasyRide.WalletResponse", referenced from:
      EasyRideUITests.MockAPIService.(setupDefaultMockResponses in _B8097C37D205AA33FA03926B98F1C81E)() -> () in MockAPIService.o
  "type metadata for EasyRide.WalletResponse", referenced from:
      EasyRideUITests.MockAPIService.(setupDefaultMockResponses in _B8097C37D205AA33FA03926B98F1C81E)() -> () in MockAPIService.o
      lazy protocol witness table accessor for type EasyRide.WalletResponse and conformance EasyRide.WalletResponse : Swift.Decodable in EasyRide in MockAPIService.o
      lazy protocol witness table accessor for type EasyRide.WalletResponse and conformance EasyRide.WalletResponse : Swift.Encodable in EasyRide in MockAPIService.o
  "protocol conformance descriptor for EasyRide.WalletResponse : Swift.Encodable in EasyRide", referenced from:
      lazy protocol witness table accessor for type EasyRide.WalletResponse and conformance EasyRide.WalletResponse : Swift.Encodable in EasyRide in MockAPIService.o
  "protocol conformance descriptor for EasyRide.WalletResponse : Swift.Decodable in EasyRide", referenced from:
      lazy protocol witness table accessor for type EasyRide.WalletResponse and conformance EasyRide.WalletResponse : Swift.Decodable in EasyRide in MockAPIService.o
  "EasyRide.RegisterRequest.init(phoneNumber: Swift.String, otp: Swift.String, nickname: Swift.String, email: Swift.String?) -> EasyRide.RegisterRequest", referenced from:
      (1) suspend resume partial function for EasyRideUITests.AuthenticationViewModelTests.testRegistrationSuccess() async throws -> () in AuthenticationViewModelTests.o
      (1) suspend resume partial function for EasyRideUITests.AuthenticationViewModelTests.testRegistrationNetworkError() async throws -> () in AuthenticationViewModelTests.o
      EasyRideUITests.MockAPIService.(setupDefaultMockResponses in _B8097C37D205AA33FA03926B98F1C81E)() -> () in MockAPIService.o
  "EasyRide.BookingViewModel.__allocating_init(apiService: EasyRide.APIService, appState: EasyRide.AppState) -> EasyRide.BookingViewModel", referenced from:
      EasyRideUITests.BookingViewModelTests.createTestViewModel() -> (EasyRide.BookingViewModel, EasyRideUITests.MockAPIService, EasyRide.AppState) in BookingViewModelTests.o
      EasyRideUITests.BookingIntegrationTests.testBookingViewModelIntegration() -> () in verify_booking_integration.o
  "default argument 1 of EasyRide.BookingViewModel.loadOrderHistory(page: Swift.Int, limit: Swift.Int) async -> ()", referenced from:
      (1) suspend resume partial function for EasyRideUITests.BookingViewModelTests.testOrderHistoryLoading() async throws -> () in BookingViewModelTests.o
      (1) suspend resume partial function for EasyRideUITests.BookingViewModelTests.testOrderHistoryPagination() async throws -> () in BookingViewModelTests.o
      (3) suspend resume partial function for EasyRideUITests.BookingViewModelTests.testOrderHistoryPagination() async throws -> () in BookingViewModelTests.o
      (1) suspend resume partial function for EasyRideUITests.BookingViewModelTests.testOrderHistoryRefresh() async throws -> () in BookingViewModelTests.o
      (1) suspend resume partial function for EasyRideUITests.BookingViewModelTests.testOrderFilteringByStatus() async throws -> () in BookingViewModelTests.o
      (3) suspend resume partial function for EasyRideUITests.BookingViewModelTests.testErrorClearing() async throws -> () in BookingViewModelTests.o
  "default argument 0 of EasyRide.BookingViewModel.loadOrderHistory(page: Swift.Int, limit: Swift.Int) async -> ()", referenced from:
      (1) suspend resume partial function for EasyRideUITests.BookingViewModelTests.testOrderHistoryLoading() async throws -> () in BookingViewModelTests.o
      (1) suspend resume partial function for EasyRideUITests.BookingViewModelTests.testOrderHistoryRefresh() async throws -> () in BookingViewModelTests.o
      (1) suspend resume partial function for EasyRideUITests.BookingViewModelTests.testOrderFilteringByStatus() async throws -> () in BookingViewModelTests.o
      (3) suspend resume partial function for EasyRideUITests.BookingViewModelTests.testErrorClearing() async throws -> () in BookingViewModelTests.o
  "type metadata accessor for EasyRide.BookingViewModel", referenced from:
      EasyRideUITests.BookingViewModelTests.createTestViewModel() -> (EasyRide.BookingViewModel, EasyRideUITests.MockAPIService, EasyRide.AppState) in BookingViewModelTests.o
      EasyRideUITests.BookingIntegrationTests.testBookingViewModelIntegration() -> () in verify_booking_integration.o
  "EasyRide.MessagesResponse.init(messages: [EasyRide.Message], hasMore: Swift.Bool, unreadCount: Swift.Int) -> EasyRide.MessagesResponse", referenced from:
      (1) suspend resume partial function for EasyRideUITests.ChatInterfaceTests.testChatInterface() async throws -> () in ChatInterfaceTests.o
      (1) suspend resume partial function for EasyRideUITests.ChatInterfaceTests.testPresetMessages() async throws -> () in ChatInterfaceTests.o
      (1) suspend resume partial function for EasyRideUITests.ChatInterfaceTests.testLocationSharing() async throws -> () in ChatInterfaceTests.o
      (1) suspend resume partial function for EasyRideUITests.ChatInterfaceTests.testTypingIndicator() async throws -> () in ChatInterfaceTests.o
      (1) suspend resume partial function for EasyRideUITests.ChatInterfaceTests.testUnreadMessageBadge() async throws -> () in ChatInterfaceTests.o
      (1) suspend resume partial function for EasyRideUITests.TripModificationTests.testTripModification() async throws -> () in TripModificationTests.o
      (1) suspend resume partial function for EasyRideUITests.TripModificationTests.testDriverConfirmationStatus() async throws -> () in TripModificationTests.o
      ...
  "type metadata for EasyRide.MessagesResponse", referenced from:
      (1) suspend resume partial function for EasyRideUITests.ChatInterfaceTests.testChatInterface() async throws -> () in ChatInterfaceTests.o
      lazy protocol witness table accessor for type EasyRide.MessagesResponse and conformance EasyRide.MessagesResponse : Swift.Decodable in EasyRide in ChatInterfaceTests.o
      lazy protocol witness table accessor for type EasyRide.MessagesResponse and conformance EasyRide.MessagesResponse : Swift.Encodable in EasyRide in ChatInterfaceTests.o
      (1) suspend resume partial function for EasyRideUITests.ChatInterfaceTests.testPresetMessages() async throws -> () in ChatInterfaceTests.o
      (1) suspend resume partial function for EasyRideUITests.ChatInterfaceTests.testLocationSharing() async throws -> () in ChatInterfaceTests.o
      (1) suspend resume partial function for EasyRideUITests.ChatInterfaceTests.testTypingIndicator() async throws -> () in ChatInterfaceTests.o
      (1) suspend resume partial function for EasyRideUITests.ChatInterfaceTests.testUnreadMessageBadge() async throws -> () in ChatInterfaceTests.o
      ...
  "protocol conformance descriptor for EasyRide.MessagesResponse : Swift.Encodable in EasyRide", referenced from:
      lazy protocol witness table accessor for type EasyRide.MessagesResponse and conformance EasyRide.MessagesResponse : Swift.Encodable in EasyRide in ChatInterfaceTests.o
  "protocol conformance descriptor for EasyRide.MessagesResponse : Swift.Decodable in EasyRide", referenced from:
      lazy protocol witness table accessor for type EasyRide.MessagesResponse and conformance EasyRide.MessagesResponse : Swift.Decodable in EasyRide in ChatInterfaceTests.o
  "static EasyRide.LocalizationUtils.formatDate(_: Foundation.Date, dateStyle: __C.NSDateFormatterStyle, timeStyle: __C.NSDateFormatterStyle) -> Swift.String", referenced from:
      EasyRideUITests.LocalizationTests.testDateFormatting() -> () in LocalizationTests.o
      EasyRideUITests.LocalizationTests.testDateFormatting() -> () in LocalizationTests.o
      EasyRideUITests.LocalizationTests.testDateFormatting() -> () in LocalizationTests.o
  "default argument 1 of static EasyRide.LocalizationUtils.formatDate(_: Foundation.Date, dateStyle: __C.NSDateFormatterStyle, timeStyle: __C.NSDateFormatterStyle) -> Swift.String", referenced from:
      EasyRideUITests.LocalizationTests.testDateFormatting() -> () in LocalizationTests.o
      EasyRideUITests.LocalizationTests.testDateFormatting() -> () in LocalizationTests.o
      EasyRideUITests.LocalizationTests.testDateFormatting() -> () in LocalizationTests.o
  "default argument 2 of static EasyRide.LocalizationUtils.formatDate(_: Foundation.Date, dateStyle: __C.NSDateFormatterStyle, timeStyle: __C.NSDateFormatterStyle) -> Swift.String", referenced from:
      EasyRideUITests.LocalizationTests.testDateFormatting() -> () in LocalizationTests.o
      EasyRideUITests.LocalizationTests.testDateFormatting() -> () in LocalizationTests.o
      EasyRideUITests.LocalizationTests.testDateFormatting() -> () in LocalizationTests.o
  "static EasyRide.LocalizationUtils.formatPrice(_: Swift.Double, currencyCode: Swift.String) -> Swift.String", referenced from:
      EasyRideUITests.LocalizationTests.testPriceFormatting() -> () in LocalizationTests.o
      EasyRideUITests.LocalizationTests.testPriceFormatting() -> () in LocalizationTests.o
      EasyRideUITests.LocalizationTests.testPriceFormatting() -> () in LocalizationTests.o
  "default argument 1 of static EasyRide.LocalizationUtils.formatPrice(_: Swift.Double, currencyCode: Swift.String) -> Swift.String", referenced from:
      EasyRideUITests.LocalizationTests.testPriceFormatting() -> () in LocalizationTests.o
      EasyRideUITests.LocalizationTests.testPriceFormatting() -> () in LocalizationTests.o
      EasyRideUITests.LocalizationTests.testPriceFormatting() -> () in LocalizationTests.o
  "static EasyRide.LocalizationUtils.localizedFormat(Swift.String, Swift.CVarArg...) -> Swift.String", referenced from:
      EasyRideUITests.LocalizationTests.testEnglishLocalization() -> () in LocalizationTests.o
      EasyRideUITests.LocalizationTests.testSpanishLocalization() -> () in LocalizationTests.o
      EasyRideUITests.LocalizationTests.testChineseLocalization() -> () in LocalizationTests.o
  "static EasyRide.LocalizationUtils.isRTL.getter : Swift.Bool", referenced from:
      implicit closure #1 () throws -> Swift.Bool in EasyRideUITests.LocalizationTests.testRTLDetection() -> () in LocalizationTests.o
      implicit closure #2 () throws -> Swift.Bool in EasyRideUITests.LocalizationTests.testRTLDetection() -> () in LocalizationTests.o
  "static EasyRide.LocalizationUtils.localized(Swift.String) -> Swift.String", referenced from:
      implicit closure #1 () throws -> Swift.String in EasyRideUITests.LocalizationTests.testEnglishLocalization() -> () in LocalizationTests.o
      implicit closure #3 () throws -> Swift.String in EasyRideUITests.LocalizationTests.testEnglishLocalization() -> () in LocalizationTests.o
      implicit closure #5 () throws -> Swift.String in EasyRideUITests.LocalizationTests.testEnglishLocalization() -> () in LocalizationTests.o
      implicit closure #1 () throws -> Swift.String in EasyRideUITests.LocalizationTests.testSpanishLocalization() -> () in LocalizationTests.o
      implicit closure #3 () throws -> Swift.String in EasyRideUITests.LocalizationTests.testSpanishLocalization() -> () in LocalizationTests.o
      implicit closure #5 () throws -> Swift.String in EasyRideUITests.LocalizationTests.testSpanishLocalization() -> () in LocalizationTests.o
      implicit closure #1 () throws -> Swift.String in EasyRideUITests.LocalizationTests.testChineseLocalization() -> () in LocalizationTests.o
      ...
  "EasyRide.TripConfiguration.init(id: Swift.String, mode: EasyRide.TripMode, pickupLocation: EasyRide.Location, destination: EasyRide.Location?, scheduledTime: Foundation.Date?, passengerCount: Swift.Int, stops: [EasyRide.TripStop], notes: Swift.String?, serviceOptions: [EasyRide.ServiceOption]) -> EasyRide.TripConfiguration", referenced from:
      (1) suspend resume partial function for EasyRideUITests.BookingViewModelTests.testOrderCreationSuccess() async throws -> () in BookingViewModelTests.o
      (1) suspend resume partial function for EasyRideUITests.BookingViewModelTests.testOrderCreationNetworkError() async throws -> () in BookingViewModelTests.o
      (1) suspend resume partial function for EasyRideUITests.BookingViewModelTests.testBookingStateReset() async throws -> () in BookingViewModelTests.o
      EasyRideUITests.TripConfigurationTests.testInitializationWithExistingConfiguration() -> () in TripConfigurationTests.o
      EasyRideUITests.TripConfigurationTests.testCustomRouteValidation() -> () in TripConfigurationTests.o
  "default argument 5 of EasyRide.TripConfiguration.init(id: Swift.String, mode: EasyRide.TripMode, pickupLocation: EasyRide.Location, destination: EasyRide.Location?, scheduledTime: Foundation.Date?, passengerCount: Swift.Int, stops: [EasyRide.TripStop], notes: Swift.String?, serviceOptions: [EasyRide.ServiceOption]) -> EasyRide.TripConfiguration", referenced from:
      (1) suspend resume partial function for EasyRideUITests.BookingViewModelTests.testOrderCreationNetworkError() async throws -> () in BookingViewModelTests.o
      (1) suspend resume partial function for EasyRideUITests.BookingViewModelTests.testBookingStateReset() async throws -> () in BookingViewModelTests.o
  "default argument 6 of EasyRide.TripConfiguration.init(id: Swift.String, mode: EasyRide.TripMode, pickupLocation: EasyRide.Location, destination: EasyRide.Location?, scheduledTime: Foundation.Date?, passengerCount: Swift.Int, stops: [EasyRide.TripStop], notes: Swift.String?, serviceOptions: [EasyRide.ServiceOption]) -> EasyRide.TripConfiguration", referenced from:
      (1) suspend resume partial function for EasyRideUITests.BookingViewModelTests.testOrderCreationSuccess() async throws -> () in BookingViewModelTests.o
      (1) suspend resume partial function for EasyRideUITests.BookingViewModelTests.testOrderCreationNetworkError() async throws -> () in BookingViewModelTests.o
      (1) suspend resume partial function for EasyRideUITests.BookingViewModelTests.testBookingStateReset() async throws -> () in BookingViewModelTests.o
      EasyRideUITests.TripConfigurationTests.testInitializationWithExistingConfiguration() -> () in TripConfigurationTests.o
  "default argument 8 of EasyRide.TripConfiguration.init(id: Swift.String, mode: EasyRide.TripMode, pickupLocation: EasyRide.Location, destination: EasyRide.Location?, scheduledTime: Foundation.Date?, passengerCount: Swift.Int, stops: [EasyRide.TripStop], notes: Swift.String?, serviceOptions: [EasyRide.ServiceOption]) -> EasyRide.TripConfiguration", referenced from:
      (1) suspend resume partial function for EasyRideUITests.BookingViewModelTests.testOrderCreationSuccess() async throws -> () in BookingViewModelTests.o
      (1) suspend resume partial function for EasyRideUITests.BookingViewModelTests.testOrderCreationNetworkError() async throws -> () in BookingViewModelTests.o
      (1) suspend resume partial function for EasyRideUITests.BookingViewModelTests.testBookingStateReset() async throws -> () in BookingViewModelTests.o
      EasyRideUITests.TripConfigurationTests.testInitializationWithExistingConfiguration() -> () in TripConfigurationTests.o
      EasyRideUITests.TripConfigurationTests.testCustomRouteValidation() -> () in TripConfigurationTests.o
  "default argument 0 of EasyRide.TripConfiguration.init(id: Swift.String, mode: EasyRide.TripMode, pickupLocation: EasyRide.Location, destination: EasyRide.Location?, scheduledTime: Foundation.Date?, passengerCount: Swift.Int, stops: [EasyRide.TripStop], notes: Swift.String?, serviceOptions: [EasyRide.ServiceOption]) -> EasyRide.TripConfiguration", referenced from:
      (1) suspend resume partial function for EasyRideUITests.BookingViewModelTests.testOrderCreationSuccess() async throws -> () in BookingViewModelTests.o
      (1) suspend resume partial function for EasyRideUITests.BookingViewModelTests.testOrderCreationNetworkError() async throws -> () in BookingViewModelTests.o
      (1) suspend resume partial function for EasyRideUITests.BookingViewModelTests.testBookingStateReset() async throws -> () in BookingViewModelTests.o
      EasyRideUITests.TripConfigurationTests.testInitializationWithExistingConfiguration() -> () in TripConfigurationTests.o
  "type metadata accessor for EasyRide.TripConfiguration", referenced from:
      (1) suspend resume partial function for EasyRideUITests.BookingViewModelTests.testOrderCreationSuccess() async throws -> () in BookingViewModelTests.o
      (1) suspend resume partial function for EasyRideUITests.BookingViewModelTests.testOrderCreationWithMissingData() async throws -> () in BookingViewModelTests.o
      (1) suspend resume partial function for EasyRideUITests.BookingViewModelTests.testOrderCreationNetworkError() async throws -> () in BookingViewModelTests.o
      (1) suspend resume partial function for EasyRideUITests.BookingViewModelTests.testBookingStateReset() async throws -> () in BookingViewModelTests.o
      EasyRideUITests.TripConfigurationTests.setUp() -> () in TripConfigurationTests.o
      EasyRideUITests.TripConfigurationTests.testInitializationWithExistingConfiguration() -> () in TripConfigurationTests.o
      outlined init with copy of EasyRide.TripConfiguration in TripConfigurationTests.o
      ...
  "nominal type descriptor for EasyRide.TripConfiguration", referenced from:
      _symbolic _____Sg 8EasyRide17TripConfigurationV in BookingViewModelTests.o
  "EasyRide.PriceBreakdownItem.init(name: Swift.String, amount: Swift.Double, type: EasyRide.PriceItemType) -> EasyRide.PriceBreakdownItem", referenced from:
      EasyRideUITests.MockAPIService.(setupDefaultMockResponses in _B8097C37D205AA33FA03926B98F1C81E)() -> () in MockAPIService.o
      EasyRideUITests.MockAPIService.(setupDefaultMockResponses in _B8097C37D205AA33FA03926B98F1C81E)() -> () in MockAPIService.o
      EasyRideUITests.MockAPIService.(setupDefaultMockResponses in _B8097C37D205AA33FA03926B98F1C81E)() -> () in MockAPIService.o
      (1) suspend resume partial function for EasyRideUITests.TripModificationTests.testTripModification() async throws -> () in TripModificationTests.o
      (1) suspend resume partial function for EasyRideUITests.TripModificationTests.testTripModification() async throws -> () in TripModificationTests.o
  "type metadata for EasyRide.PriceBreakdownItem", referenced from:
      EasyRideUITests.MockAPIService.(setupDefaultMockResponses in _B8097C37D205AA33FA03926B98F1C81E)() -> () in MockAPIService.o
      (1) suspend resume partial function for EasyRideUITests.TripModificationTests.testTripModification() async throws -> () in TripModificationTests.o
  "EasyRide.OrientationObserver.__allocating_init() -> EasyRide.OrientationObserver", referenced from:
      EasyRideUITests.OrientationLayoutIntegrationTests.testOrientationObserverCreation() -> () in OrientationLayoutTests.o
  "type metadata accessor for EasyRide.OrientationObserver", referenced from:
      EasyRideUITests.OrientationLayoutIntegrationTests.testOrientationObserverCreation() -> () in OrientationLayoutTests.o
      implicit closure #1 () throws -> Any? in EasyRideUITests.OrientationLayoutIntegrationTests.testOrientationObserverCreation() -> () in OrientationLayoutTests.o
  "EasyRide.OrderDetailViewModel.__allocating_init(apiService: EasyRide.APIService) -> EasyRide.OrderDetailViewModel", referenced from:
      (1) suspend resume partial function for EasyRideUITests.ChatInterfaceTests.testChatInterface() async throws -> () in ChatInterfaceTests.o
      (1) suspend resume partial function for EasyRideUITests.ChatInterfaceTests.testPresetMessages() async throws -> () in ChatInterfaceTests.o
      (1) suspend resume partial function for EasyRideUITests.ChatInterfaceTests.testLocationSharing() async throws -> () in ChatInterfaceTests.o
      (1) suspend resume partial function for EasyRideUITests.ChatInterfaceTests.testTypingIndicator() async throws -> () in ChatInterfaceTests.o
      (1) suspend resume partial function for EasyRideUITests.ChatInterfaceTests.testUnreadMessageBadge() async throws -> () in ChatInterfaceTests.o
      (1) suspend resume partial function for EasyRideUITests.TripModificationTests.testTripModification() async throws -> () in TripModificationTests.o
      (1) suspend resume partial function for EasyRideUITests.TripModificationTests.testDriverConfirmationStatus() async throws -> () in TripModificationTests.o
      ...
  "default argument 1 of EasyRide.OrderDetailViewModel.sendMessage(_: Swift.String, type: EasyRide.MessageType) async -> ()", referenced from:
      (3) suspend resume partial function for EasyRideUITests.ChatInterfaceTests.testChatInterface() async throws -> () in ChatInterfaceTests.o
  "type metadata accessor for EasyRide.OrderDetailViewModel", referenced from:
      (1) suspend resume partial function for EasyRideUITests.ChatInterfaceTests.testChatInterface() async throws -> () in ChatInterfaceTests.o
      (1) suspend resume partial function for EasyRideUITests.ChatInterfaceTests.testPresetMessages() async throws -> () in ChatInterfaceTests.o
      (1) suspend resume partial function for EasyRideUITests.ChatInterfaceTests.testLocationSharing() async throws -> () in ChatInterfaceTests.o
      (1) suspend resume partial function for EasyRideUITests.ChatInterfaceTests.testTypingIndicator() async throws -> () in ChatInterfaceTests.o
      (1) suspend resume partial function for EasyRideUITests.ChatInterfaceTests.testUnreadMessageBadge() async throws -> () in ChatInterfaceTests.o
      (1) suspend resume partial function for EasyRideUITests.TripModificationTests.testTripModification() async throws -> () in TripModificationTests.o
      (1) suspend resume partial function for EasyRideUITests.TripModificationTests.testDriverConfirmationStatus() async throws -> () in TripModificationTests.o
      ...
  "EasyRide.OrderHistoryResponse.init(orders: [EasyRide.Order], hasMore: Swift.Bool, totalCount: Swift.Int, currentPage: Swift.Int) -> EasyRide.OrderHistoryResponse", referenced from:
      (1) suspend resume partial function for EasyRideUITests.BookingViewModelTests.testOrderHistoryPagination() async throws -> () in BookingViewModelTests.o
      EasyRideUITests.MockAPIService.(setupDefaultMockResponses in _B8097C37D205AA33FA03926B98F1C81E)() -> () in MockAPIService.o
  "nominal type descriptor for EasyRide.OrderHistoryResponse", referenced from:
      _symbolic _____ 8EasyRide20OrderHistoryResponseV in BookingViewModelTests.o
  "type metadata for EasyRide.OrderHistoryResponse", referenced from:
      (1) suspend resume partial function for EasyRideUITests.BookingViewModelTests.testOrderHistoryPagination() async throws -> () in BookingViewModelTests.o
      EasyRideUITests.MockAPIService.(setupDefaultMockResponses in _B8097C37D205AA33FA03926B98F1C81E)() -> () in MockAPIService.o
      lazy protocol witness table accessor for type EasyRide.OrderHistoryResponse and conformance EasyRide.OrderHistoryResponse : Swift.Decodable in EasyRide in MockAPIService.o
      lazy protocol witness table accessor for type EasyRide.OrderHistoryResponse and conformance EasyRide.OrderHistoryResponse : Swift.Encodable in EasyRide in MockAPIService.o
  "protocol conformance descriptor for EasyRide.OrderHistoryResponse : Swift.Encodable in EasyRide", referenced from:
      lazy protocol witness table accessor for type EasyRide.OrderHistoryResponse and conformance EasyRide.OrderHistoryResponse : Swift.Encodable in EasyRide in MockAPIService.o
  "protocol conformance descriptor for EasyRide.OrderHistoryResponse : Swift.Decodable in EasyRide", referenced from:
      lazy protocol witness table accessor for type EasyRide.OrderHistoryResponse and conformance EasyRide.OrderHistoryResponse : Swift.Decodable in EasyRide in MockAPIService.o
  "EasyRide.PriceEstimateRequest.init(serviceType: EasyRide.ServiceType, pickupLocation: EasyRide.Location, destination: EasyRide.Location?, stops: [EasyRide.TripStop], serviceOptions: [EasyRide.ServiceOption], scheduledTime: Foundation.Date?) -> EasyRide.PriceEstimateRequest", referenced from:
      EasyRideUITests.MockAPIService.(setupDefaultMockResponses in _B8097C37D205AA33FA03926B98F1C81E)() -> () in MockAPIService.o
  "type metadata accessor for EasyRide.PriceEstimateRequest", referenced from:
      outlined destroy of EasyRide.APIEndpoint in AuthenticationViewModelTests.o
      outlined init with copy of EasyRide.APIEndpoint in MockAPIService.o
  "EasyRide.PresetMessageCategory.displayName.getter : Swift.String", referenced from:
      EasyRideUITests.ChatInterfaceVerificationTests.testOrderDetailViewModel() -> () in verify_chat_interface.o
  "nominal type descriptor for EasyRide.PresetMessageCategory", referenced from:
      _symbolic _____Sg 8EasyRide21PresetMessageCategoryO in ChatInterfaceTests.o
  "type metadata for EasyRide.PresetMessageCategory", referenced from:
      lazy protocol witness table accessor for type EasyRide.PresetMessageCategory and conformance EasyRide.PresetMessageCategory : Swift.Equatable in EasyRide in ChatInterfaceTests.o
      EasyRideUITests.ChatInterfaceVerificationTests.testOrderDetailViewModel() -> () in verify_chat_interface.o
  "protocol conformance descriptor for EasyRide.PresetMessageCategory : Swift.Equatable in EasyRide", referenced from:
      lazy protocol witness table accessor for type EasyRide.PresetMessageCategory and conformance EasyRide.PresetMessageCategory : Swift.Equatable in EasyRide in ChatInterfaceTests.o
  "EasyRide.PriceEstimateResponse.init(basePrice: Swift.Double, serviceFeesTotal: Swift.Double, totalPrice: Swift.Double, estimatedDuration: Swift.Double, estimatedDistance: Swift.Double, breakdown: [EasyRide.PriceBreakdownItem]) -> EasyRide.PriceEstimateResponse", referenced from:
      EasyRideUITests.MockAPIService.(setupDefaultMockResponses in _B8097C37D205AA33FA03926B98F1C81E)() -> () in MockAPIService.o
  "type metadata for EasyRide.PriceEstimateResponse", referenced from:
      EasyRideUITests.MockAPIService.(setupDefaultMockResponses in _B8097C37D205AA33FA03926B98F1C81E)() -> () in MockAPIService.o
      lazy protocol witness table accessor for type EasyRide.PriceEstimateResponse and conformance EasyRide.PriceEstimateResponse : Swift.Decodable in EasyRide in MockAPIService.o
      lazy protocol witness table accessor for type EasyRide.PriceEstimateResponse and conformance EasyRide.PriceEstimateResponse : Swift.Encodable in EasyRide in MockAPIService.o
  "protocol conformance descriptor for EasyRide.PriceEstimateResponse : Swift.Encodable in EasyRide", referenced from:
      lazy protocol witness table accessor for type EasyRide.PriceEstimateResponse and conformance EasyRide.PriceEstimateResponse : Swift.Encodable in EasyRide in MockAPIService.o
  "protocol conformance descriptor for EasyRide.PriceEstimateResponse : Swift.Decodable in EasyRide", referenced from:
      lazy protocol witness table accessor for type EasyRide.PriceEstimateResponse and conformance EasyRide.PriceEstimateResponse : Swift.Decodable in EasyRide in MockAPIService.o
  "static EasyRide.ResponsiveLayoutUtils.isPortrait() -> Swift.Bool", referenced from:
      EasyRideUITests.AdaptiveLayoutTests.testIsPortraitFunction() -> () in AdaptiveLayoutTests.o
      EasyRideUITests.OrientationLayoutTests.testOrientationDetection() -> () in OrientationLayoutTests.o
      EasyRideUITests.ResponsiveLayoutUtilsTests.testOrientationDetection() -> () in ResponsiveLayoutUtilsTests.o
  "static EasyRide.ResponsiveLayoutUtils.isLandscape() -> Swift.Bool", referenced from:
      EasyRideUITests.AdaptiveLayoutTests.testIsLandscapeFunction() -> () in AdaptiveLayoutTests.o
      EasyRideUITests.OrientationLayoutTests.testOrientationDetection() -> () in OrientationLayoutTests.o
      EasyRideUITests.ResponsiveLayoutUtilsTests.testOrientationDetection() -> () in ResponsiveLayoutUtilsTests.o
  "static EasyRide.ResponsiveLayoutUtils.adaptivePadding(for: SwiftUI.UserInterfaceSizeClass?, compact: SwiftUI.EdgeInsets, regular: SwiftUI.EdgeInsets) -> SwiftUI.EdgeInsets", referenced from:
      EasyRideUITests.ResponsiveLayoutTests.testAdaptivePaddingCompact() -> () in ResponsiveLayoutTests.o
      EasyRideUITests.ResponsiveLayoutTests.testAdaptivePaddingRegular() -> () in ResponsiveLayoutTests.o
  "static EasyRide.ResponsiveLayoutUtils.adaptiveSpacing(for: SwiftUI.UserInterfaceSizeClass?, compact: CoreGraphics.CGFloat, regular: CoreGraphics.CGFloat) -> CoreGraphics.CGFloat", referenced from:
      EasyRideUITests.AdaptiveLayoutTests.testRequirement7_5_ProperSpacingAndProportions() -> () in AdaptiveLayoutTests.o
      EasyRideUITests.AdaptiveLayoutTests.testRequirement7_5_ProperSpacingAndProportions() -> () in AdaptiveLayoutTests.o
      EasyRideUITests.ResponsiveLayoutTests.testAdaptiveSpacingCompact() -> () in ResponsiveLayoutTests.o
      EasyRideUITests.ResponsiveLayoutTests.testAdaptiveSpacingRegular() -> () in ResponsiveLayoutTests.o
      EasyRideUITests.ResponsiveLayoutUtilsTests.testAdaptiveSpacing() -> () in ResponsiveLayoutUtilsTests.o
      EasyRideUITests.ResponsiveLayoutUtilsTests.testAdaptiveSpacing() -> () in ResponsiveLayoutUtilsTests.o
      EasyRideUITests.ResponsiveLayoutUtilsTests.testAdaptiveSpacingWithCustomValues() -> () in ResponsiveLayoutUtilsTests.o
      EasyRideUITests.ResponsiveLayoutUtilsTests.testAdaptiveSpacingWithCustomValues() -> () in ResponsiveLayoutUtilsTests.o
      ...
  "default argument 1 of static EasyRide.ResponsiveLayoutUtils.adaptiveSpacing(for: SwiftUI.UserInterfaceSizeClass?, compact: CoreGraphics.CGFloat, regular: CoreGraphics.CGFloat) -> CoreGraphics.CGFloat", referenced from:
      EasyRideUITests.AdaptiveLayoutTests.testRequirement7_5_ProperSpacingAndProportions() -> () in AdaptiveLayoutTests.o
      EasyRideUITests.AdaptiveLayoutTests.testRequirement7_5_ProperSpacingAndProportions() -> () in AdaptiveLayoutTests.o
      EasyRideUITests.ResponsiveLayoutUtilsTests.testAdaptiveSpacing() -> () in ResponsiveLayoutUtilsTests.o
      EasyRideUITests.ResponsiveLayoutUtilsTests.testAdaptiveSpacing() -> () in ResponsiveLayoutUtilsTests.o
      EasyRideUITests.ResponsiveLayoutUtilsTests.testRequirement7_5_ProperSpacingAndProportions() -> () in ResponsiveLayoutUtilsTests.o
      EasyRideUITests.ResponsiveLayoutUtilsTests.testRequirement7_5_ProperSpacingAndProportions() -> () in ResponsiveLayoutUtilsTests.o
  "default argument 2 of static EasyRide.ResponsiveLayoutUtils.adaptiveSpacing(for: SwiftUI.UserInterfaceSizeClass?, compact: CoreGraphics.CGFloat, regular: CoreGraphics.CGFloat) -> CoreGraphics.CGFloat", referenced from:
      EasyRideUITests.AdaptiveLayoutTests.testRequirement7_5_ProperSpacingAndProportions() -> () in AdaptiveLayoutTests.o
      EasyRideUITests.AdaptiveLayoutTests.testRequirement7_5_ProperSpacingAndProportions() -> () in AdaptiveLayoutTests.o
      EasyRideUITests.ResponsiveLayoutUtilsTests.testAdaptiveSpacing() -> () in ResponsiveLayoutUtilsTests.o
      EasyRideUITests.ResponsiveLayoutUtilsTests.testAdaptiveSpacing() -> () in ResponsiveLayoutUtilsTests.o
      EasyRideUITests.ResponsiveLayoutUtilsTests.testRequirement7_5_ProperSpacingAndProportions() -> () in ResponsiveLayoutUtilsTests.o
      EasyRideUITests.ResponsiveLayoutUtilsTests.testRequirement7_5_ProperSpacingAndProportions() -> () in ResponsiveLayoutUtilsTests.o
  "static EasyRide.ResponsiveLayoutUtils.adaptiveCardWidth(for: SwiftUI.UserInterfaceSizeClass?, screenWidth: CoreGraphics.CGFloat) -> CoreGraphics.CGFloat", referenced from:
      EasyRideUITests.ResponsiveLayoutTests.testAdaptiveCardWidthCompact() -> () in ResponsiveLayoutTests.o
      EasyRideUITests.ResponsiveLayoutTests.testAdaptiveCardWidthRegular() -> () in ResponsiveLayoutTests.o
  "static EasyRide.ResponsiveLayoutUtils.deviceAwareHeight(baseHeight: CoreGraphics.CGFloat, compactMultiplier: CoreGraphics.CGFloat, regularMultiplier: CoreGraphics.CGFloat) -> CoreGraphics.CGFloat", referenced from:
      EasyRideUITests.OrientationLayoutTests.testDeviceAwareHeight() -> () in OrientationLayoutTests.o
      EasyRideUITests.OrientationLayoutTests.testRequirement7_4_ProperSpacingAndProportions() -> () in OrientationLayoutTests.o
  "default argument 1 of static EasyRide.ResponsiveLayoutUtils.deviceAwareHeight(baseHeight: CoreGraphics.CGFloat, compactMultiplier: CoreGraphics.CGFloat, regularMultiplier: CoreGraphics.CGFloat) -> CoreGraphics.CGFloat", referenced from:
      EasyRideUITests.OrientationLayoutTests.testRequirement7_4_ProperSpacingAndProportions() -> () in OrientationLayoutTests.o
  "default argument 2 of static EasyRide.ResponsiveLayoutUtils.deviceAwareHeight(baseHeight: CoreGraphics.CGFloat, compactMultiplier: CoreGraphics.CGFloat, regularMultiplier: CoreGraphics.CGFloat) -> CoreGraphics.CGFloat", referenced from:
      EasyRideUITests.OrientationLayoutTests.testRequirement7_4_ProperSpacingAndProportions() -> () in OrientationLayoutTests.o
  "static EasyRide.ResponsiveLayoutUtils.ScreenSizeCategory.current.getter : EasyRide.ResponsiveLayoutUtils.ScreenSizeCategory", referenced from:
      EasyRideUITests.ResponsiveLayoutTests.testScreenSizeCategoryDetection() -> () in ResponsiveLayoutTests.o
  "nominal type descriptor for EasyRide.ResponsiveLayoutUtils.ScreenSizeCategory", referenced from:
      _symbolic Say_____G 8EasyRide21ResponsiveLayoutUtilsV18ScreenSizeCategoryO in ResponsiveLayoutTests.o
  "type metadata for EasyRide.ResponsiveLayoutUtils.ScreenSizeCategory", referenced from:
      implicit closure #1 () throws -> Swift.Bool in EasyRideUITests.ResponsiveLayoutTests.testScreenSizeCategoryDetection() -> () in ResponsiveLayoutTests.o
      lazy protocol witness table accessor for type EasyRide.ResponsiveLayoutUtils.ScreenSizeCategory and conformance EasyRide.ResponsiveLayoutUtils.ScreenSizeCategory : Swift.Equatable in EasyRide in ResponsiveLayoutTests.o
  "protocol conformance descriptor for EasyRide.ResponsiveLayoutUtils.ScreenSizeCategory : Swift.Equatable in EasyRide", referenced from:
      lazy protocol witness table accessor for type EasyRide.ResponsiveLayoutUtils.ScreenSizeCategory and conformance EasyRide.ResponsiveLayoutUtils.ScreenSizeCategory : Swift.Equatable in EasyRide in ResponsiveLayoutTests.o
  "static EasyRide.ResponsiveLayoutUtils.adaptiveGridColumns(for: SwiftUI.UserInterfaceSizeClass?, compactColumns: Swift.Int, regularColumns: Swift.Int, spacing: CoreGraphics.CGFloat, minItemWidth: CoreGraphics.CGFloat) -> [SwiftUI.GridItem]", referenced from:
      EasyRideUITests.AdaptiveLayoutTests.testRequirement7_1_CompactHorizontalUsesLazyVStack() -> () in AdaptiveLayoutTests.o
      EasyRideUITests.AdaptiveLayoutTests.testRequirement7_2_RegularHorizontalUsesLazyHStack() -> () in AdaptiveLayoutTests.o
      EasyRideUITests.ResponsiveLayoutTests.testAdaptiveGridColumnsCompact() -> () in ResponsiveLayoutTests.o
      EasyRideUITests.ResponsiveLayoutTests.testAdaptiveGridColumnsRegular() -> () in ResponsiveLayoutTests.o
      EasyRideUITests.ResponsiveLayoutTests.testAdaptiveGridColumnsWithMinWidth() -> () in ResponsiveLayoutTests.o
      closure #1 () -> () in EasyRideUITests.ResponsiveLayoutTests.testAdaptiveGridPerformance() -> () in ResponsiveLayoutTests.o
      EasyRideUITests.ResponsiveLayoutUtilsTests.testAdaptiveGridColumnsForCompact() -> () in ResponsiveLayoutUtilsTests.o
      ...
  "default argument 3 of static EasyRide.ResponsiveLayoutUtils.adaptiveGridColumns(for: SwiftUI.UserInterfaceSizeClass?, compactColumns: Swift.Int, regularColumns: Swift.Int, spacing: CoreGraphics.CGFloat, minItemWidth: CoreGraphics.CGFloat) -> [SwiftUI.GridItem]", referenced from:
      EasyRideUITests.AdaptiveLayoutTests.testRequirement7_1_CompactHorizontalUsesLazyVStack() -> () in AdaptiveLayoutTests.o
      EasyRideUITests.AdaptiveLayoutTests.testRequirement7_2_RegularHorizontalUsesLazyHStack() -> () in AdaptiveLayoutTests.o
      EasyRideUITests.ResponsiveLayoutUtilsTests.testAdaptiveGridColumnsForCompact() -> () in ResponsiveLayoutUtilsTests.o
      EasyRideUITests.ResponsiveLayoutUtilsTests.testAdaptiveGridColumnsForRegular() -> () in ResponsiveLayoutUtilsTests.o
      EasyRideUITests.ResponsiveLayoutUtilsTests.testAdaptiveGridColumnsWithCustomValues() -> () in ResponsiveLayoutUtilsTests.o
      EasyRideUITests.ResponsiveLayoutUtilsTests.testAdaptiveGridColumnsWithCustomValues() -> () in ResponsiveLayoutUtilsTests.o
      EasyRideUITests.ResponsiveLayoutUtilsTests.testRequirement7_1_CompactHorizontalUsesLazyVStack() -> () in ResponsiveLayoutUtilsTests.o
      ...
  "default argument 4 of static EasyRide.ResponsiveLayoutUtils.adaptiveGridColumns(for: SwiftUI.UserInterfaceSizeClass?, compactColumns: Swift.Int, regularColumns: Swift.Int, spacing: CoreGraphics.CGFloat, minItemWidth: CoreGraphics.CGFloat) -> [SwiftUI.GridItem]", referenced from:
      EasyRideUITests.AdaptiveLayoutTests.testRequirement7_1_CompactHorizontalUsesLazyVStack() -> () in AdaptiveLayoutTests.o
      EasyRideUITests.AdaptiveLayoutTests.testRequirement7_2_RegularHorizontalUsesLazyHStack() -> () in AdaptiveLayoutTests.o
      EasyRideUITests.ResponsiveLayoutTests.testAdaptiveGridColumnsCompact() -> () in ResponsiveLayoutTests.o
      EasyRideUITests.ResponsiveLayoutTests.testAdaptiveGridColumnsRegular() -> () in ResponsiveLayoutTests.o
      closure #1 () -> () in EasyRideUITests.ResponsiveLayoutTests.testAdaptiveGridPerformance() -> () in ResponsiveLayoutTests.o
      EasyRideUITests.ResponsiveLayoutUtilsTests.testAdaptiveGridColumnsForCompact() -> () in ResponsiveLayoutUtilsTests.o
      EasyRideUITests.ResponsiveLayoutUtilsTests.testAdaptiveGridColumnsForRegular() -> () in ResponsiveLayoutUtilsTests.o
      ...
  "static EasyRide.ResponsiveLayoutUtils.isCompactHorizontal(SwiftUI.UserInterfaceSizeClass?) -> Swift.Bool", referenced from:
      EasyRideUITests.AdaptiveLayoutTests.testRequirement7_1_CompactHorizontalUsesLazyVStack() -> () in AdaptiveLayoutTests.o
      implicit closure #1 () throws -> Swift.Bool in EasyRideUITests.ResponsiveLayoutTests.testCompactHorizontalDetection() -> () in ResponsiveLayoutTests.o
      implicit closure #2 () throws -> Swift.Bool in EasyRideUITests.ResponsiveLayoutTests.testCompactHorizontalDetection() -> () in ResponsiveLayoutTests.o
      implicit closure #3 () throws -> Swift.Bool in EasyRideUITests.ResponsiveLayoutTests.testCompactHorizontalDetection() -> () in ResponsiveLayoutTests.o
      implicit closure #1 () throws -> Swift.Bool in EasyRideUITests.ResponsiveLayoutUtilsTests.testIsCompactHorizontal() -> () in ResponsiveLayoutUtilsTests.o
      implicit closure #3 () throws -> Swift.Bool in EasyRideUITests.ResponsiveLayoutUtilsTests.testIsCompactHorizontal() -> () in ResponsiveLayoutUtilsTests.o
  "static EasyRide.ResponsiveLayoutUtils.isRegularHorizontal(SwiftUI.UserInterfaceSizeClass?) -> Swift.Bool", referenced from:
      EasyRideUITests.AdaptiveLayoutTests.testRequirement7_2_RegularHorizontalUsesLazyHStack() -> () in AdaptiveLayoutTests.o
      implicit closure #1 () throws -> Swift.Bool in EasyRideUITests.ResponsiveLayoutTests.testRegularHorizontalDetection() -> () in ResponsiveLayoutTests.o
      implicit closure #2 () throws -> Swift.Bool in EasyRideUITests.ResponsiveLayoutTests.testRegularHorizontalDetection() -> () in ResponsiveLayoutTests.o
      implicit closure #3 () throws -> Swift.Bool in EasyRideUITests.ResponsiveLayoutTests.testRegularHorizontalDetection() -> () in ResponsiveLayoutTests.o
      implicit closure #1 () throws -> Swift.Bool in EasyRideUITests.ResponsiveLayoutUtilsTests.testIsRegularHorizontal() -> () in ResponsiveLayoutUtilsTests.o
      implicit closure #3 () throws -> Swift.Bool in EasyRideUITests.ResponsiveLayoutUtilsTests.testIsRegularHorizontal() -> () in ResponsiveLayoutUtilsTests.o
  "static EasyRide.ResponsiveLayoutUtils.shouldUseScrollView(contentHeight: CoreGraphics.CGFloat, availableHeight: CoreGraphics.CGFloat, threshold: CoreGraphics.CGFloat) -> Swift.Bool", referenced from:
      implicit closure #1 () throws -> Swift.Bool in EasyRideUITests.ResponsiveLayoutTests.testShouldUseScrollView() -> () in ResponsiveLayoutTests.o
      implicit closure #2 () throws -> Swift.Bool in EasyRideUITests.ResponsiveLayoutTests.testShouldUseScrollView() -> () in ResponsiveLayoutTests.o
      implicit closure #3 () throws -> Swift.Bool in EasyRideUITests.ResponsiveLayoutTests.testShouldUseScrollView() -> () in ResponsiveLayoutTests.o
  "static EasyRide.ResponsiveLayoutUtils.adaptiveGridFunction<A, B where A: Swift.Identifiable, B: SwiftUI.View>(items: [A], horizontalSizeClass: SwiftUI.UserInterfaceSizeClass?, spacing: CoreGraphics.CGFloat, content: (A) -> B) -> some", referenced from:
      EasyRideUITests.AdaptiveLayoutTests.testAdaptiveGridFunctionWithCompactSizeClass() -> () in AdaptiveLayoutTests.o
      EasyRideUITests.AdaptiveLayoutTests.testAdaptiveGridFunctionWithRegularSizeClass() -> () in AdaptiveLayoutTests.o
      EasyRideUITests.ResponsiveLayoutUtilsTests.testRequirement7_1_CompactHorizontalUsesLazyVStack() -> () in ResponsiveLayoutUtilsTests.o
      EasyRideUITests.ResponsiveLayoutUtilsTests.testRequirement7_2_RegularHorizontalUsesLazyHStack() -> () in ResponsiveLayoutUtilsTests.o
  "opaque type descriptor for <<opaque return type of static EasyRide.ResponsiveLayoutUtils.adaptiveGridFunction<A, B where A: Swift.Identifiable, B: SwiftUI.View>(items: [A], horizontalSizeClass: SwiftUI.UserInterfaceSizeClass?, spacing: CoreGraphics.CGFloat, content: (A) -> B) -> some>>", referenced from:
      _symbolic _____y___________Qo_ 8EasyRide21ResponsiveLayoutUtilsV20adaptiveGridFunction5items19horizontalSizeClass7spacing7contentQrSayxG_7SwiftUI013UserInterfacekL0OSg12CoreGraphics7CGFloatVq_xcts12IdentifiableRzAJ4ViewR_r0_lFZQO 0aB7UITests08AdaptiveD5TestsC04testygh11WithCompactkL0yyF8TestItemL_V AJ4TextV in AdaptiveLayoutTests.o
      _symbolic _____y___________Qo_ 8EasyRide21ResponsiveLayoutUtilsV20adaptiveGridFunction5items19horizontalSizeClass7spacing7contentQrSayxG_7SwiftUI013UserInterfacekL0OSg12CoreGraphics7CGFloatVq_xcts12IdentifiableRzAJ4ViewR_r0_lFZQO 0aB7UITests08AdaptiveD5TestsC04testygh11WithRegularkL0yyF8TestItemL_V AJ4TextV in AdaptiveLayoutTests.o
      _symbolic _____y___________Qo_ 8EasyRide21ResponsiveLayoutUtilsV20adaptiveGridFunction5items19horizontalSizeClass7spacing7contentQrSayxG_7SwiftUI013UserInterfacekL0OSg12CoreGraphics7CGFloatVq_xcts12IdentifiableRzAJ4ViewR_r0_lFZQO 0aB7UITests0cdE5TestsC50testRequirement7_1_CompactHorizontalUsesLazyVStackyyF8TestItemL_V AJ4TextV in ResponsiveLayoutUtilsTests.o
      _symbolic _____y___________Qo_ 8EasyRide21ResponsiveLayoutUtilsV20adaptiveGridFunction5items19horizontalSizeClass7spacing7contentQrSayxG_7SwiftUI013UserInterfacekL0OSg12CoreGraphics7CGFloatVq_xcts12IdentifiableRzAJ4ViewR_r0_lFZQO 0aB7UITests0cdE5TestsC50testRequirement7_2_RegularHorizontalUsesLazyHStackyyF8TestItemL_V AJ4TextV in ResponsiveLayoutUtilsTests.o
  "default argument 2 of static EasyRide.ResponsiveLayoutUtils.adaptiveGridFunction<A, B where A: Swift.Identifiable, B: SwiftUI.View>(items: [A], horizontalSizeClass: SwiftUI.UserInterfaceSizeClass?, spacing: CoreGraphics.CGFloat, content: (A) -> B) -> some", referenced from:
      EasyRideUITests.AdaptiveLayoutTests.testAdaptiveGridFunctionWithCompactSizeClass() -> () in AdaptiveLayoutTests.o
      EasyRideUITests.AdaptiveLayoutTests.testAdaptiveGridFunctionWithRegularSizeClass() -> () in AdaptiveLayoutTests.o
      EasyRideUITests.ResponsiveLayoutUtilsTests.testRequirement7_1_CompactHorizontalUsesLazyVStack() -> () in ResponsiveLayoutUtilsTests.o
      EasyRideUITests.ResponsiveLayoutUtilsTests.testRequirement7_2_RegularHorizontalUsesLazyHStack() -> () in ResponsiveLayoutUtilsTests.o
  "static EasyRide.ResponsiveLayoutUtils.deviceSizeScaleFactor() -> CoreGraphics.CGFloat", referenced from:
      EasyRideUITests.OrientationLayoutTests.testDeviceSizeScaleFactor() -> () in OrientationLayoutTests.o
      EasyRideUITests.OrientationLayoutTests.testRequirement7_4_ProperSpacingAndProportions() -> () in OrientationLayoutTests.o
  "static EasyRide.ResponsiveLayoutUtils.deviceSpecificPadding() -> SwiftUI.EdgeInsets", referenced from:
      EasyRideUITests.ResponsiveLayoutTests.testDeviceSpecificPadding() -> () in ResponsiveLayoutTests.o
      EasyRideUITests.ResponsiveLayoutUtilsTests.testDeviceSpecificPadding() -> () in ResponsiveLayoutUtilsTests.o
  "static EasyRide.ResponsiveLayoutUtils.deviceSpecificSpacing() -> CoreGraphics.CGFloat", referenced from:
      EasyRideUITests.AdaptiveLayoutTests.testRequirement7_5_ProperSpacingAndProportions() -> () in AdaptiveLayoutTests.o
      EasyRideUITests.ResponsiveLayoutTests.testDeviceSpecificSpacing() -> () in ResponsiveLayoutTests.o
      closure #1 () -> () in EasyRideUITests.ResponsiveLayoutTests.testDeviceSpecificSpacingPerformance() -> () in ResponsiveLayoutTests.o
      EasyRideUITests.ResponsiveLayoutUtilsTests.testDeviceSpecificSpacing() -> () in ResponsiveLayoutUtilsTests.o
  "static EasyRide.ResponsiveLayoutUtils.deviceAwareContentWidth(availableWidth: CoreGraphics.CGFloat, maxWidth: CoreGraphics.CGFloat) -> CoreGraphics.CGFloat", referenced from:
      EasyRideUITests.OrientationLayoutTests.testDeviceAwareContentWidth() -> () in OrientationLayoutTests.o
  "static EasyRide.ResponsiveLayoutUtils.orientationAwarePadding(portrait: SwiftUI.EdgeInsets, landscape: SwiftUI.EdgeInsets) -> SwiftUI.EdgeInsets", referenced from:
      EasyRideUITests.OrientationLayoutTests.testOrientationAwarePadding() -> () in OrientationLayoutTests.o
  "static EasyRide.ResponsiveLayoutUtils.orientationAwareSpacing(portrait: CoreGraphics.CGFloat, landscape: CoreGraphics.CGFloat) -> CoreGraphics.CGFloat", referenced from:
      EasyRideUITests.OrientationLayoutTests.testOrientationAwareSpacing() -> () in OrientationLayoutTests.o
      EasyRideUITests.OrientationLayoutTests.testRequirement7_3_OrientationChanges() -> () in OrientationLayoutTests.o
  "static EasyRide.ResponsiveLayoutUtils.currentOrientationString() -> Swift.String", referenced from:
      EasyRideUITests.OrientationLayoutTests.testCurrentOrientationString() -> () in OrientationLayoutTests.o
  "static EasyRide.ResponsiveLayoutUtils.orientationAdaptiveColumns(for: SwiftUI.UserInterfaceSizeClass?, portraitColumns: Swift.Int, landscapeColumns: Swift.Int, spacing: CoreGraphics.CGFloat) -> [SwiftUI.GridItem]", referenced from:
      EasyRideUITests.OrientationLayoutTests.testOrientationAdaptiveColumns() -> () in OrientationLayoutTests.o
      EasyRideUITests.OrientationLayoutTests.testRequirement7_3_OrientationChanges() -> () in OrientationLayoutTests.o
      EasyRideUITests.ResponsiveLayoutTests.testOrientationAdaptiveColumns() -> () in ResponsiveLayoutTests.o
  "default argument 3 of static EasyRide.ResponsiveLayoutUtils.orientationAdaptiveColumns(for: SwiftUI.UserInterfaceSizeClass?, portraitColumns: Swift.Int, landscapeColumns: Swift.Int, spacing: CoreGraphics.CGFloat) -> [SwiftUI.GridItem]", referenced from:
      EasyRideUITests.OrientationLayoutTests.testOrientationAdaptiveColumns() -> () in OrientationLayoutTests.o
      EasyRideUITests.OrientationLayoutTests.testRequirement7_3_OrientationChanges() -> () in OrientationLayoutTests.o
  "static EasyRide.ResponsiveLayoutUtils.shouldScrollInCurrentOrientation(contentHeight: CoreGraphics.CGFloat, availableHeight: CoreGraphics.CGFloat) -> Swift.Bool", referenced from:
      EasyRideUITests.OrientationLayoutTests.testShouldScrollInCurrentOrientation() -> () in OrientationLayoutTests.o
      EasyRideUITests.OrientationLayoutTests.testShouldScrollInCurrentOrientation() -> () in OrientationLayoutTests.o
      EasyRideUITests.OrientationLayoutTests.testRequirement7_5_ScrollingBehavior() -> () in OrientationLayoutTests.o
      EasyRideUITests.OrientationLayoutTests.testRequirement7_5_ScrollingBehavior() -> () in OrientationLayoutTests.o
  "nominal type descriptor for EasyRide.ServiceOptionCategory", referenced from:
      _symbolic _____y_____Say_____G_G SD4KeysV 8EasyRide21ServiceOptionCategoryO AC0dE0V in ValueAddedServicesTests.o
  "type metadata for EasyRide.ServiceOptionCategory", referenced from:
      EasyRideUITests.ValueAddedServicesTests.testServiceOptionsByCategory() -> () in ValueAddedServicesTests.o
      EasyRideUITests.ValueAddedServicesTests.testServiceOptionsByCategory() -> () in ValueAddedServicesTests.o
      implicit closure #1 () throws -> Swift.Bool in EasyRideUITests.ValueAddedServicesTests.testServiceOptionsByCategory() -> () in ValueAddedServicesTests.o
      implicit closure #2 () throws -> Swift.Bool in EasyRideUITests.ValueAddedServicesTests.testServiceOptionsByCategory() -> () in ValueAddedServicesTests.o
      implicit closure #3 () throws -> Swift.Bool in EasyRideUITests.ValueAddedServicesTests.testServiceOptionsByCategory() -> () in ValueAddedServicesTests.o
      implicit closure #4 () throws -> Swift.Bool in EasyRideUITests.ValueAddedServicesTests.testServiceOptionsByCategory() -> () in ValueAddedServicesTests.o
      lazy protocol witness table accessor for type EasyRide.ServiceOptionCategory and conformance EasyRide.ServiceOptionCategory : Swift.Hashable in EasyRide in ValueAddedServicesTests.o
      ...
  "protocol conformance descriptor for EasyRide.ServiceOptionCategory : Swift.Hashable in EasyRide", referenced from:
      lazy protocol witness table accessor for type EasyRide.ServiceOptionCategory and conformance EasyRide.ServiceOptionCategory : Swift.Hashable in EasyRide in ValueAddedServicesTests.o
  "protocol conformance descriptor for EasyRide.ServiceOptionCategory : Swift.Equatable in EasyRide", referenced from:
      lazy protocol witness table accessor for type EasyRide.ServiceOptionCategory and conformance EasyRide.ServiceOptionCategory : Swift.Equatable in EasyRide in ValueAddedServicesTests.o
  "EasyRide.AdaptiveLayoutModifier.init(spacing: CoreGraphics.CGFloat) -> EasyRide.AdaptiveLayoutModifier", referenced from:
      EasyRideUITests.AdaptiveLayoutTests.testAdaptiveLayoutModifier() -> () in AdaptiveLayoutTests.o
      EasyRideUITests.ResponsiveLayoutUtilsTests.testAdaptiveLayoutModifier() -> () in ResponsiveLayoutUtilsTests.o
  "type metadata accessor for EasyRide.AdaptiveLayoutModifier", referenced from:
      EasyRideUITests.AdaptiveLayoutTests.testAdaptiveLayoutModifier() -> () in AdaptiveLayoutTests.o
      implicit closure #1 () throws -> Any? in EasyRideUITests.AdaptiveLayoutTests.testAdaptiveLayoutModifier() -> () in AdaptiveLayoutTests.o
      implicit closure #2 () throws -> CoreGraphics.CGFloat in EasyRideUITests.AdaptiveLayoutTests.testAdaptiveLayoutModifier() -> () in AdaptiveLayoutTests.o
      outlined init with copy of EasyRide.AdaptiveLayoutModifier in AdaptiveLayoutTests.o
      EasyRideUITests.ResponsiveLayoutUtilsTests.testAdaptiveLayoutModifier() -> () in ResponsiveLayoutUtilsTests.o
      implicit closure #1 () throws -> CoreGraphics.CGFloat in EasyRideUITests.ResponsiveLayoutUtilsTests.testAdaptiveLayoutModifier() -> () in ResponsiveLayoutUtilsTests.o
  "EasyRide.FareAdjustmentResponse.init(adjustment: Swift.Double, newTotalFare: Swift.Double, breakdown: [EasyRide.PriceBreakdownItem]) -> EasyRide.FareAdjustmentResponse", referenced from:
      (1) suspend resume partial function for EasyRideUITests.TripModificationTests.testTripModification() async throws -> () in TripModificationTests.o
  "type metadata for EasyRide.FareAdjustmentResponse", referenced from:
      (1) suspend resume partial function for EasyRideUITests.TripModificationTests.testTripModification() async throws -> () in TripModificationTests.o
      lazy protocol witness table accessor for type EasyRide.FareAdjustmentResponse and conformance EasyRide.FareAdjustmentResponse : Swift.Decodable in EasyRide in TripModificationTests.o
      lazy protocol witness table accessor for type EasyRide.FareAdjustmentResponse and conformance EasyRide.FareAdjustmentResponse : Swift.Encodable in EasyRide in TripModificationTests.o
  "protocol conformance descriptor for EasyRide.FareAdjustmentResponse : Swift.Encodable in EasyRide", referenced from:
      lazy protocol witness table accessor for type EasyRide.FareAdjustmentResponse and conformance EasyRide.FareAdjustmentResponse : Swift.Encodable in EasyRide in TripModificationTests.o
  "protocol conformance descriptor for EasyRide.FareAdjustmentResponse : Swift.Decodable in EasyRide", referenced from:
      lazy protocol witness table accessor for type EasyRide.FareAdjustmentResponse and conformance EasyRide.FareAdjustmentResponse : Swift.Decodable in EasyRide in TripModificationTests.o
  "EasyRide.LocationUpdateResponse.init(location: EasyRide.Location, estimatedArrival: Foundation.Date?, status: EasyRide.OrderStatus) -> EasyRide.LocationUpdateResponse", referenced from:
      EasyRideUITests.MockAPIService.(setupDefaultMockResponses in _B8097C37D205AA33FA03926B98F1C81E)() -> () in MockAPIService.o
      EasyRideUITests.MockAPIService.(generateMockResponse in _B8097C37D205AA33FA03926B98F1C81E)<A where A: Swift.Decodable, A: Swift.Encodable>(for: EasyRide.APIEndpoint) throws -> A in MockAPIService.o
      (3) suspend resume partial function for EasyRideUITests.OrderTrackingViewModelTests.testUpdateDriverLocation() async throws -> () in OrderTrackingViewModelTests.o
      (3) suspend resume partial function for EasyRideUITests.OrderTrackingViewModelTests.testUpdateDriverLocationWithStatusChange() async throws -> () in OrderTrackingViewModelTests.o
  "type metadata accessor for EasyRide.LocationUpdateResponse", referenced from:
      EasyRideUITests.MockAPIService.(setupDefaultMockResponses in _B8097C37D205AA33FA03926B98F1C81E)() -> () in MockAPIService.o
      EasyRideUITests.MockAPIService.(generateMockResponse in _B8097C37D205AA33FA03926B98F1C81E)<A where A: Swift.Decodable, A: Swift.Encodable>(for: EasyRide.APIEndpoint) throws -> A in MockAPIService.o
      lazy protocol witness table accessor for type EasyRide.LocationUpdateResponse and conformance EasyRide.LocationUpdateResponse : Swift.Decodable in EasyRide in MockAPIService.o
      lazy protocol witness table accessor for type EasyRide.LocationUpdateResponse and conformance EasyRide.LocationUpdateResponse : Swift.Encodable in EasyRide in MockAPIService.o
      outlined destroy of EasyRide.LocationUpdateResponse in MockAPIService.o
      outlined init with copy of EasyRide.LocationUpdateResponse in MockAPIService.o
      EasyRideUITests.OrderTrackingViewModelTests.testUpdateDriverLocation() async throws -> () in OrderTrackingViewModelTests.o
      ...
  "protocol conformance descriptor for EasyRide.LocationUpdateResponse : Swift.Encodable in EasyRide", referenced from:
      lazy protocol witness table accessor for type EasyRide.LocationUpdateResponse and conformance EasyRide.LocationUpdateResponse : Swift.Encodable in EasyRide in MockAPIService.o
  "protocol conformance descriptor for EasyRide.LocationUpdateResponse : Swift.Decodable in EasyRide", referenced from:
      lazy protocol witness table accessor for type EasyRide.LocationUpdateResponse and conformance EasyRide.LocationUpdateResponse : Swift.Decodable in EasyRide in MockAPIService.o
  "EasyRide.OrderTrackingViewModel.__allocating_init(apiService: EasyRide.APIService) -> EasyRide.OrderTrackingViewModel", referenced from:
      EasyRideUITests.OrderTrackingViewModelTests.createTestViewModel() -> (EasyRide.OrderTrackingViewModel, EasyRideUITests.MockAPIService) in OrderTrackingViewModelTests.o
  "type metadata accessor for EasyRide.OrderTrackingViewModel", referenced from:
      EasyRideUITests.OrderTrackingViewModelTests.createTestViewModel() -> (EasyRide.OrderTrackingViewModel, EasyRideUITests.MockAPIService) in OrderTrackingViewModelTests.o
  "EasyRide.AuthenticationViewModel.__allocating_init(apiService: EasyRide.APIService, appState: EasyRide.AppState) -> EasyRide.AuthenticationViewModel", referenced from:
      EasyRideUITests.AuthenticationViewModelTests.createTestViewModel() -> (EasyRide.AuthenticationViewModel, EasyRideUITests.MockAPIService, EasyRide.AppState) in AuthenticationViewModelTests.o
  "type metadata accessor for EasyRide.AuthenticationViewModel", referenced from:
      EasyRideUITests.AuthenticationViewModelTests.createTestViewModel() -> (EasyRide.AuthenticationViewModel, EasyRideUITests.MockAPIService, EasyRide.AppState) in AuthenticationViewModelTests.o
  "EasyRide.TripModificationRequest.description.getter : Swift.String", referenced from:
      EasyRideUITests.ChatInterfaceVerificationTests.testChatInterface() -> () in verify_chat_interface.o
  "EasyRide.TripModificationRequest.init(type: EasyRide.ModificationType, newDestination: EasyRide.Location?, additionalStops: [EasyRide.TripStop], notes: Swift.String?) -> EasyRide.TripModificationRequest", referenced from:
      (1) suspend resume partial function for EasyRideUITests.TripModificationTests.testTripModification() async throws -> () in TripModificationTests.o
      (3) suspend resume partial function for EasyRideUITests.TripModificationTests.testTripModificationCancellation() async throws -> () in TripModificationTests.o
      EasyRideUITests.ChatInterfaceVerificationTests.testChatInterface() -> () in verify_chat_interface.o
  "nominal type descriptor for EasyRide.TripModificationRequest", referenced from:
      _symbolic _____ 8EasyRide23TripModificationRequestV in TripModificationTests.o
  "type metadata for EasyRide.TripModificationRequest", referenced from:
      implicit closure #1 () throws -> Any? in EasyRideUITests.TripModificationTests.testTripModificationCancellation() async throws -> () in TripModificationTests.o
  "EasyRide.DriverConfirmationStatus.displayName.getter : Swift.String", referenced from:
      implicit closure #3 () throws -> Swift.String in EasyRideUITests.TripModificationTests.testDriverConfirmationStatus() async throws -> () in TripModificationTests.o
      implicit closure #5 () throws -> Swift.String in EasyRideUITests.TripModificationTests.testDriverConfirmationStatus() async throws -> () in TripModificationTests.o
      implicit closure #7 () throws -> Swift.String in EasyRideUITests.TripModificationTests.testDriverConfirmationStatus() async throws -> () in TripModificationTests.o
      EasyRideUITests.ChatInterfaceVerificationTests.testChatInterface() -> () in verify_chat_interface.o
  "type metadata for EasyRide.DriverConfirmationStatus", referenced from:
      (3) suspend resume partial function for EasyRideUITests.TripModificationTests.testDriverConfirmationStatus() async throws -> () in TripModificationTests.o
      lazy protocol witness table accessor for type EasyRide.DriverConfirmationStatus and conformance EasyRide.DriverConfirmationStatus : Swift.Equatable in EasyRide in TripModificationTests.o
      (3) suspend resume partial function for EasyRideUITests.TripModificationTests.testTripModificationCancellation() async throws -> () in TripModificationTests.o
  "protocol conformance descriptor for EasyRide.DriverConfirmationStatus : Swift.Equatable in EasyRide", referenced from:
      lazy protocol witness table accessor for type EasyRide.DriverConfirmationStatus and conformance EasyRide.DriverConfirmationStatus : Swift.Equatable in EasyRide in TripModificationTests.o
  "EasyRide.OrientationAwareContainer.init(content: (Swift.Bool) -> A) -> EasyRide.OrientationAwareContainer<A>", referenced from:
      EasyRideUITests.OrientationLayoutIntegrationTests.testOrientationAwareContainerCreation() -> () in OrientationLayoutTests.o
  "nominal type descriptor for EasyRide.OrientationAwareContainer", referenced from:
      _symbolic _____y_____G 8EasyRide25OrientationAwareContainerV 7SwiftUI4TextV in OrientationLayoutTests.o
  "EasyRide.OrientationResponsiveCard.init(item: EasyRide.DemoItem, isLandscape: Swift.Bool) -> EasyRide.OrientationResponsiveCard", referenced from:
      EasyRideUITests.OrientationLayoutIntegrationTests.testOrientationResponsiveCardCreation() -> () in OrientationLayoutTests.o
  "type metadata accessor for EasyRide.OrientationResponsiveCard", referenced from:
      EasyRideUITests.OrientationLayoutIntegrationTests.testOrientationResponsiveCardCreation() -> () in OrientationLayoutTests.o
      implicit closure #1 () throws -> Any? in EasyRideUITests.OrientationLayoutIntegrationTests.testOrientationResponsiveCardCreation() -> () in OrientationLayoutTests.o
      outlined init with copy of EasyRide.OrientationResponsiveCard in OrientationLayoutTests.o
  "EasyRide.ServiceSelectionViewModel.__allocating_init(apiService: EasyRide.APIService, appState: EasyRide.AppState) -> EasyRide.ServiceSelectionViewModel", referenced from:
      EasyRideUITests.ServiceSelectionTests.setUp() -> () in ServiceSelectionTests.o
  "default argument 0 of EasyRide.ServiceSelectionViewModel.init(apiService: EasyRide.APIService, appState: EasyRide.AppState) -> EasyRide.ServiceSelectionViewModel", referenced from:
      EasyRideUITests.ServiceSelectionTests.setUp() -> () in ServiceSelectionTests.o
  "type metadata accessor for EasyRide.ServiceSelectionViewModel", referenced from:
      EasyRideUITests.ServiceSelectionTests.setUp() -> () in ServiceSelectionTests.o
  "nominal type descriptor for EasyRide.ServiceSelectionViewModel", referenced from:
      _symbolic _____Sg 8EasyRide25ServiceSelectionViewModelC in ServiceSelectionTests.o
  "EasyRide.TripConfigurationViewModel.__allocating_init(tripConfiguration: EasyRide.TripConfiguration?) -> EasyRide.TripConfigurationViewModel", referenced from:
      EasyRideUITests.TripConfigurationTests.setUp() -> () in TripConfigurationTests.o
      EasyRideUITests.TripConfigurationTests.testInitializationWithExistingConfiguration() -> () in TripConfigurationTests.o
  "type metadata accessor for EasyRide.TripConfigurationViewModel", referenced from:
      EasyRideUITests.TripConfigurationTests.setUp() -> () in TripConfigurationTests.o
      EasyRideUITests.TripConfigurationTests.testInitializationWithExistingConfiguration() -> () in TripConfigurationTests.o
  "nominal type descriptor for EasyRide.TripConfigurationViewModel", referenced from:
      _symbolic _____Sg 8EasyRide26TripConfigurationViewModelC in TripConfigurationTests.o
  "EasyRide.ValueAddedServicesViewModel.__allocating_init(baseFare: Swift.Double) -> EasyRide.ValueAddedServicesViewModel", referenced from:
      EasyRideUITests.ValueAddedServicesTests.setUp() -> () in ValueAddedServicesTests.o
  "type metadata accessor for EasyRide.ValueAddedServicesViewModel", referenced from:
      EasyRideUITests.ValueAddedServicesTests.setUp() -> () in ValueAddedServicesTests.o
  "nominal type descriptor for EasyRide.ValueAddedServicesViewModel", referenced from:
      _symbolic _____Sg 8EasyRide27ValueAddedServicesViewModelC in ValueAddedServicesTests.o
  "EasyRide.User.init(id: Swift.String, name: Swift.String, email: Swift.String, phoneNumber: Swift.String?, profileImage: Swift.String?, preferredLanguage: Swift.String?, createdAt: Foundation.Date, isVerified: Swift.Bool) -> EasyRide.User", referenced from:
      (1) suspend resume partial function for EasyRideUITests.AuthenticationViewModelTests.testLoginWithOTPSuccess() async throws -> () in AuthenticationViewModelTests.o
      (1) suspend resume partial function for EasyRideUITests.AuthenticationViewModelTests.testRegistrationSuccess() async throws -> () in AuthenticationViewModelTests.o
      (1) suspend resume partial function for EasyRideUITests.AuthenticationViewModelTests.testLogoutSuccess() async throws -> () in AuthenticationViewModelTests.o
      (1) suspend resume partial function for EasyRideUITests.AuthenticationViewModelTests.testLogoutWithNetworkError() async throws -> () in AuthenticationViewModelTests.o
      EasyRideUITests.MockAPIService.(setupDefaultMockResponses in _B8097C37D205AA33FA03926B98F1C81E)() -> () in MockAPIService.o
      EasyRideUITests.MockAPIService.(generateMockResponse in _B8097C37D205AA33FA03926B98F1C81E)<A where A: Swift.Decodable, A: Swift.Encodable>(for: EasyRide.APIEndpoint) throws -> A in MockAPIService.o
  "default argument 6 of EasyRide.User.init(id: Swift.String, name: Swift.String, email: Swift.String, phoneNumber: Swift.String?, profileImage: Swift.String?, preferredLanguage: Swift.String?, createdAt: Foundation.Date, isVerified: Swift.Bool) -> EasyRide.User", referenced from:
      (1) suspend resume partial function for EasyRideUITests.AuthenticationViewModelTests.testLoginWithOTPSuccess() async throws -> () in AuthenticationViewModelTests.o
      (1) suspend resume partial function for EasyRideUITests.AuthenticationViewModelTests.testRegistrationSuccess() async throws -> () in AuthenticationViewModelTests.o
      (1) suspend resume partial function for EasyRideUITests.AuthenticationViewModelTests.testLogoutSuccess() async throws -> () in AuthenticationViewModelTests.o
      (1) suspend resume partial function for EasyRideUITests.AuthenticationViewModelTests.testLogoutWithNetworkError() async throws -> () in AuthenticationViewModelTests.o
      EasyRideUITests.MockAPIService.(setupDefaultMockResponses in _B8097C37D205AA33FA03926B98F1C81E)() -> () in MockAPIService.o
      EasyRideUITests.MockAPIService.(generateMockResponse in _B8097C37D205AA33FA03926B98F1C81E)<A where A: Swift.Decodable, A: Swift.Encodable>(for: EasyRide.APIEndpoint) throws -> A in MockAPIService.o
  "default argument 7 of EasyRide.User.init(id: Swift.String, name: Swift.String, email: Swift.String, phoneNumber: Swift.String?, profileImage: Swift.String?, preferredLanguage: Swift.String?, createdAt: Foundation.Date, isVerified: Swift.Bool) -> EasyRide.User", referenced from:
      (1) suspend resume partial function for EasyRideUITests.AuthenticationViewModelTests.testLoginWithOTPSuccess() async throws -> () in AuthenticationViewModelTests.o
      (1) suspend resume partial function for EasyRideUITests.AuthenticationViewModelTests.testRegistrationSuccess() async throws -> () in AuthenticationViewModelTests.o
      (1) suspend resume partial function for EasyRideUITests.AuthenticationViewModelTests.testLogoutSuccess() async throws -> () in AuthenticationViewModelTests.o
      (1) suspend resume partial function for EasyRideUITests.AuthenticationViewModelTests.testLogoutWithNetworkError() async throws -> () in AuthenticationViewModelTests.o
      EasyRideUITests.MockAPIService.(setupDefaultMockResponses in _B8097C37D205AA33FA03926B98F1C81E)() -> () in MockAPIService.o
      EasyRideUITests.MockAPIService.(generateMockResponse in _B8097C37D205AA33FA03926B98F1C81E)<A where A: Swift.Decodable, A: Swift.Encodable>(for: EasyRide.APIEndpoint) throws -> A in MockAPIService.o
  "type metadata accessor for EasyRide.User", referenced from:
      outlined destroy of EasyRide.APIEndpoint in AuthenticationViewModelTests.o
      EasyRideUITests.AuthenticationViewModelTests.testLoginWithOTPSuccess() async throws -> () in AuthenticationViewModelTests.o
      outlined init with copy of EasyRide.User in AuthenticationViewModelTests.o
      implicit closure #5 () throws -> Swift.String? in EasyRideUITests.AuthenticationViewModelTests.testLoginWithOTPSuccess() async throws -> () in AuthenticationViewModelTests.o
      outlined destroy of EasyRide.AuthResponse in AuthenticationViewModelTests.o
      outlined destroy of EasyRide.User in AuthenticationViewModelTests.o
      EasyRideUITests.AuthenticationViewModelTests.testRegistrationSuccess() async throws -> () in AuthenticationViewModelTests.o
      ...
  "nominal type descriptor for EasyRide.User", referenced from:
      _symbolic _____Sg 8EasyRide4UserV in AuthenticationViewModelTests.o
  "EasyRide.Order.init(id: Swift.String, serviceType: EasyRide.ServiceType, status: EasyRide.OrderStatus, pickupLocation: EasyRide.Location, destination: EasyRide.Location?, estimatedPrice: Swift.Double, actualPrice: Swift.Double?, driver: EasyRide.Driver?, createdAt: Foundation.Date, scheduledTime: Foundation.Date?, completedAt: Foundation.Date?, passengerCount: Swift.Int, luggageCount: Swift.Int, notes: Swift.String?, specialInstructions: Swift.String?, stops: [EasyRide.TripStop], tripMode: EasyRide.TripMode, duration: Swift.Double?, airportPickup: Swift.Bool, airportPickupName: Swift.String?, checkinAssistance: Swift.Bool, tripSharing: Swift.Bool, childSeat: Swift.Bool, interpreter: Swift.Bool, elderlyCompanion: Swift.Bool) -> EasyRide.Order", referenced from:
      (1) suspend resume partial function for EasyRideUITests.BookingViewModelTests.testOrderCancellationSuccess() async throws -> () in BookingViewModelTests.o
      (1) suspend resume partial function for EasyRideUITests.BookingViewModelTests.testActiveOrderCancellation() async throws -> () in BookingViewModelTests.o
      (1) suspend resume partial function for EasyRideUITests.BookingViewModelTests.testOrderHistoryPagination() async throws -> () in BookingViewModelTests.o
      EasyRideUITests.BookingViewModelTests.testCanCancelOrderLogic() -> () in BookingViewModelTests.o
      EasyRideUITests.BookingViewModelTests.testCanCancelOrderLogic() -> () in BookingViewModelTests.o
      EasyRideUITests.BookingViewModelTests.testCanCancelOrderLogic() -> () in BookingViewModelTests.o
      EasyRideUITests.BookingViewModelTests.testCanCancelOrderLogic() -> () in BookingViewModelTests.o
      ...
  "default argument 11 of EasyRide.Order.init(id: Swift.String, serviceType: EasyRide.ServiceType, status: EasyRide.OrderStatus, pickupLocation: EasyRide.Location, destination: EasyRide.Location?, estimatedPrice: Swift.Double, actualPrice: Swift.Double?, driver: EasyRide.Driver?, createdAt: Foundation.Date, scheduledTime: Foundation.Date?, completedAt: Foundation.Date?, passengerCount: Swift.Int, luggageCount: Swift.Int, notes: Swift.String?, specialInstructions: Swift.String?, stops: [EasyRide.TripStop], tripMode: EasyRide.TripMode, duration: Swift.Double?, airportPickup: Swift.Bool, airportPickupName: Swift.String?, checkinAssistance: Swift.Bool, tripSharing: Swift.Bool, childSeat: Swift.Bool, interpreter: Swift.Bool, elderlyCompanion: Swift.Bool) -> EasyRide.Order", referenced from:
      (1) suspend resume partial function for EasyRideUITests.BookingViewModelTests.testOrderCancellationSuccess() async throws -> () in BookingViewModelTests.o
      (1) suspend resume partial function for EasyRideUITests.BookingViewModelTests.testActiveOrderCancellation() async throws -> () in BookingViewModelTests.o
      (1) suspend resume partial function for EasyRideUITests.BookingViewModelTests.testOrderHistoryPagination() async throws -> () in BookingViewModelTests.o
      EasyRideUITests.BookingViewModelTests.testCanCancelOrderLogic() -> () in BookingViewModelTests.o
      EasyRideUITests.BookingViewModelTests.testCanCancelOrderLogic() -> () in BookingViewModelTests.o
      EasyRideUITests.BookingViewModelTests.testCanCancelOrderLogic() -> () in BookingViewModelTests.o
      EasyRideUITests.BookingViewModelTests.testCanCancelOrderLogic() -> () in BookingViewModelTests.o
      ...
  "default argument 12 of EasyRide.Order.init(id: Swift.String, serviceType: EasyRide.ServiceType, status: EasyRide.OrderStatus, pickupLocation: EasyRide.Location, destination: EasyRide.Location?, estimatedPrice: Swift.Double, actualPrice: Swift.Double?, driver: EasyRide.Driver?, createdAt: Foundation.Date, scheduledTime: Foundation.Date?, completedAt: Foundation.Date?, passengerCount: Swift.Int, luggageCount: Swift.Int, notes: Swift.String?, specialInstructions: Swift.String?, stops: [EasyRide.TripStop], tripMode: EasyRide.TripMode, duration: Swift.Double?, airportPickup: Swift.Bool, airportPickupName: Swift.String?, checkinAssistance: Swift.Bool, tripSharing: Swift.Bool, childSeat: Swift.Bool, interpreter: Swift.Bool, elderlyCompanion: Swift.Bool) -> EasyRide.Order", referenced from:
      (1) suspend resume partial function for EasyRideUITests.BookingViewModelTests.testOrderCancellationSuccess() async throws -> () in BookingViewModelTests.o
      (1) suspend resume partial function for EasyRideUITests.BookingViewModelTests.testActiveOrderCancellation() async throws -> () in BookingViewModelTests.o
      (1) suspend resume partial function for EasyRideUITests.BookingViewModelTests.testOrderHistoryPagination() async throws -> () in BookingViewModelTests.o
      EasyRideUITests.BookingViewModelTests.testCanCancelOrderLogic() -> () in BookingViewModelTests.o
      EasyRideUITests.BookingViewModelTests.testCanCancelOrderLogic() -> () in BookingViewModelTests.o
      EasyRideUITests.BookingViewModelTests.testCanCancelOrderLogic() -> () in BookingViewModelTests.o
      EasyRideUITests.BookingViewModelTests.testCanCancelOrderLogic() -> () in BookingViewModelTests.o
      ...
  "default argument 15 of EasyRide.Order.init(id: Swift.String, serviceType: EasyRide.ServiceType, status: EasyRide.OrderStatus, pickupLocation: EasyRide.Location, destination: EasyRide.Location?, estimatedPrice: Swift.Double, actualPrice: Swift.Double?, driver: EasyRide.Driver?, createdAt: Foundation.Date, scheduledTime: Foundation.Date?, completedAt: Foundation.Date?, passengerCount: Swift.Int, luggageCount: Swift.Int, notes: Swift.String?, specialInstructions: Swift.String?, stops: [EasyRide.TripStop], tripMode: EasyRide.TripMode, duration: Swift.Double?, airportPickup: Swift.Bool, airportPickupName: Swift.String?, checkinAssistance: Swift.Bool, tripSharing: Swift.Bool, childSeat: Swift.Bool, interpreter: Swift.Bool, elderlyCompanion: Swift.Bool) -> EasyRide.Order", referenced from:
      (1) suspend resume partial function for EasyRideUITests.BookingViewModelTests.testOrderCancellationSuccess() async throws -> () in BookingViewModelTests.o
      (1) suspend resume partial function for EasyRideUITests.BookingViewModelTests.testActiveOrderCancellation() async throws -> () in BookingViewModelTests.o
      (1) suspend resume partial function for EasyRideUITests.BookingViewModelTests.testOrderHistoryPagination() async throws -> () in BookingViewModelTests.o
      EasyRideUITests.BookingViewModelTests.testCanCancelOrderLogic() -> () in BookingViewModelTests.o
      EasyRideUITests.BookingViewModelTests.testCanCancelOrderLogic() -> () in BookingViewModelTests.o
      EasyRideUITests.BookingViewModelTests.testCanCancelOrderLogic() -> () in BookingViewModelTests.o
      EasyRideUITests.BookingViewModelTests.testCanCancelOrderLogic() -> () in BookingViewModelTests.o
      ...
  "default argument 16 of EasyRide.Order.init(id: Swift.String, serviceType: EasyRide.ServiceType, status: EasyRide.OrderStatus, pickupLocation: EasyRide.Location, destination: EasyRide.Location?, estimatedPrice: Swift.Double, actualPrice: Swift.Double?, driver: EasyRide.Driver?, createdAt: Foundation.Date, scheduledTime: Foundation.Date?, completedAt: Foundation.Date?, passengerCount: Swift.Int, luggageCount: Swift.Int, notes: Swift.String?, specialInstructions: Swift.String?, stops: [EasyRide.TripStop], tripMode: EasyRide.TripMode, duration: Swift.Double?, airportPickup: Swift.Bool, airportPickupName: Swift.String?, checkinAssistance: Swift.Bool, tripSharing: Swift.Bool, childSeat: Swift.Bool, interpreter: Swift.Bool, elderlyCompanion: Swift.Bool) -> EasyRide.Order", referenced from:
      (1) suspend resume partial function for EasyRideUITests.BookingViewModelTests.testOrderCancellationSuccess() async throws -> () in BookingViewModelTests.o
      (1) suspend resume partial function for EasyRideUITests.BookingViewModelTests.testActiveOrderCancellation() async throws -> () in BookingViewModelTests.o
      (1) suspend resume partial function for EasyRideUITests.BookingViewModelTests.testOrderHistoryPagination() async throws -> () in BookingViewModelTests.o
      EasyRideUITests.BookingViewModelTests.testCanCancelOrderLogic() -> () in BookingViewModelTests.o
      EasyRideUITests.BookingViewModelTests.testCanCancelOrderLogic() -> () in BookingViewModelTests.o
      EasyRideUITests.BookingViewModelTests.testCanCancelOrderLogic() -> () in BookingViewModelTests.o
      EasyRideUITests.BookingViewModelTests.testCanCancelOrderLogic() -> () in BookingViewModelTests.o
      ...
  "default argument 18 of EasyRide.Order.init(id: Swift.String, serviceType: EasyRide.ServiceType, status: EasyRide.OrderStatus, pickupLocation: EasyRide.Location, destination: EasyRide.Location?, estimatedPrice: Swift.Double, actualPrice: Swift.Double?, driver: EasyRide.Driver?, createdAt: Foundation.Date, scheduledTime: Foundation.Date?, completedAt: Foundation.Date?, passengerCount: Swift.Int, luggageCount: Swift.Int, notes: Swift.String?, specialInstructions: Swift.String?, stops: [EasyRide.TripStop], tripMode: EasyRide.TripMode, duration: Swift.Double?, airportPickup: Swift.Bool, airportPickupName: Swift.String?, checkinAssistance: Swift.Bool, tripSharing: Swift.Bool, childSeat: Swift.Bool, interpreter: Swift.Bool, elderlyCompanion: Swift.Bool) -> EasyRide.Order", referenced from:
      (1) suspend resume partial function for EasyRideUITests.BookingViewModelTests.testOrderCancellationSuccess() async throws -> () in BookingViewModelTests.o
      (1) suspend resume partial function for EasyRideUITests.BookingViewModelTests.testActiveOrderCancellation() async throws -> () in BookingViewModelTests.o
      (1) suspend resume partial function for EasyRideUITests.BookingViewModelTests.testOrderHistoryPagination() async throws -> () in BookingViewModelTests.o
      EasyRideUITests.BookingViewModelTests.testCanCancelOrderLogic() -> () in BookingViewModelTests.o
      EasyRideUITests.BookingViewModelTests.testCanCancelOrderLogic() -> () in BookingViewModelTests.o
      EasyRideUITests.BookingViewModelTests.testCanCancelOrderLogic() -> () in BookingViewModelTests.o
      EasyRideUITests.BookingViewModelTests.testCanCancelOrderLogic() -> () in BookingViewModelTests.o
      ...
  "default argument 20 of EasyRide.Order.init(id: Swift.String, serviceType: EasyRide.ServiceType, status: EasyRide.OrderStatus, pickupLocation: EasyRide.Location, destination: EasyRide.Location?, estimatedPrice: Swift.Double, actualPrice: Swift.Double?, driver: EasyRide.Driver?, createdAt: Foundation.Date, scheduledTime: Foundation.Date?, completedAt: Foundation.Date?, passengerCount: Swift.Int, luggageCount: Swift.Int, notes: Swift.String?, specialInstructions: Swift.String?, stops: [EasyRide.TripStop], tripMode: EasyRide.TripMode, duration: Swift.Double?, airportPickup: Swift.Bool, airportPickupName: Swift.String?, checkinAssistance: Swift.Bool, tripSharing: Swift.Bool, childSeat: Swift.Bool, interpreter: Swift.Bool, elderlyCompanion: Swift.Bool) -> EasyRide.Order", referenced from:
      (1) suspend resume partial function for EasyRideUITests.BookingViewModelTests.testOrderCancellationSuccess() async throws -> () in BookingViewModelTests.o
      (1) suspend resume partial function for EasyRideUITests.BookingViewModelTests.testActiveOrderCancellation() async throws -> () in BookingViewModelTests.o
      (1) suspend resume partial function for EasyRideUITests.BookingViewModelTests.testOrderHistoryPagination() async throws -> () in BookingViewModelTests.o
      EasyRideUITests.BookingViewModelTests.testCanCancelOrderLogic() -> () in BookingViewModelTests.o
      EasyRideUITests.BookingViewModelTests.testCanCancelOrderLogic() -> () in BookingViewModelTests.o
      EasyRideUITests.BookingViewModelTests.testCanCancelOrderLogic() -> () in BookingViewModelTests.o
      EasyRideUITests.BookingViewModelTests.testCanCancelOrderLogic() -> () in BookingViewModelTests.o
      ...
  "default argument 21 of EasyRide.Order.init(id: Swift.String, serviceType: EasyRide.ServiceType, status: EasyRide.OrderStatus, pickupLocation: EasyRide.Location, destination: EasyRide.Location?, estimatedPrice: Swift.Double, actualPrice: Swift.Double?, driver: EasyRide.Driver?, createdAt: Foundation.Date, scheduledTime: Foundation.Date?, completedAt: Foundation.Date?, passengerCount: Swift.Int, luggageCount: Swift.Int, notes: Swift.String?, specialInstructions: Swift.String?, stops: [EasyRide.TripStop], tripMode: EasyRide.TripMode, duration: Swift.Double?, airportPickup: Swift.Bool, airportPickupName: Swift.String?, checkinAssistance: Swift.Bool, tripSharing: Swift.Bool, childSeat: Swift.Bool, interpreter: Swift.Bool, elderlyCompanion: Swift.Bool) -> EasyRide.Order", referenced from:
      (1) suspend resume partial function for EasyRideUITests.BookingViewModelTests.testOrderCancellationSuccess() async throws -> () in BookingViewModelTests.o
      (1) suspend resume partial function for EasyRideUITests.BookingViewModelTests.testActiveOrderCancellation() async throws -> () in BookingViewModelTests.o
      (1) suspend resume partial function for EasyRideUITests.BookingViewModelTests.testOrderHistoryPagination() async throws -> () in BookingViewModelTests.o
      EasyRideUITests.BookingViewModelTests.testCanCancelOrderLogic() -> () in BookingViewModelTests.o
      EasyRideUITests.BookingViewModelTests.testCanCancelOrderLogic() -> () in BookingViewModelTests.o
      EasyRideUITests.BookingViewModelTests.testCanCancelOrderLogic() -> () in BookingViewModelTests.o
      EasyRideUITests.BookingViewModelTests.testCanCancelOrderLogic() -> () in BookingViewModelTests.o
      ...
  "default argument 22 of EasyRide.Order.init(id: Swift.String, serviceType: EasyRide.ServiceType, status: EasyRide.OrderStatus, pickupLocation: EasyRide.Location, destination: EasyRide.Location?, estimatedPrice: Swift.Double, actualPrice: Swift.Double?, driver: EasyRide.Driver?, createdAt: Foundation.Date, scheduledTime: Foundation.Date?, completedAt: Foundation.Date?, passengerCount: Swift.Int, luggageCount: Swift.Int, notes: Swift.String?, specialInstructions: Swift.String?, stops: [EasyRide.TripStop], tripMode: EasyRide.TripMode, duration: Swift.Double?, airportPickup: Swift.Bool, airportPickupName: Swift.String?, checkinAssistance: Swift.Bool, tripSharing: Swift.Bool, childSeat: Swift.Bool, interpreter: Swift.Bool, elderlyCompanion: Swift.Bool) -> EasyRide.Order", referenced from:
      (1) suspend resume partial function for EasyRideUITests.BookingViewModelTests.testOrderCancellationSuccess() async throws -> () in BookingViewModelTests.o
      (1) suspend resume partial function for EasyRideUITests.BookingViewModelTests.testActiveOrderCancellation() async throws -> () in BookingViewModelTests.o
      (1) suspend resume partial function for EasyRideUITests.BookingViewModelTests.testOrderHistoryPagination() async throws -> () in BookingViewModelTests.o
      EasyRideUITests.BookingViewModelTests.testCanCancelOrderLogic() -> () in BookingViewModelTests.o
      EasyRideUITests.BookingViewModelTests.testCanCancelOrderLogic() -> () in BookingViewModelTests.o
      EasyRideUITests.BookingViewModelTests.testCanCancelOrderLogic() -> () in BookingViewModelTests.o
      EasyRideUITests.BookingViewModelTests.testCanCancelOrderLogic() -> () in BookingViewModelTests.o
      ...
  "default argument 23 of EasyRide.Order.init(id: Swift.String, serviceType: EasyRide.ServiceType, status: EasyRide.OrderStatus, pickupLocation: EasyRide.Location, destination: EasyRide.Location?, estimatedPrice: Swift.Double, actualPrice: Swift.Double?, driver: EasyRide.Driver?, createdAt: Foundation.Date, scheduledTime: Foundation.Date?, completedAt: Foundation.Date?, passengerCount: Swift.Int, luggageCount: Swift.Int, notes: Swift.String?, specialInstructions: Swift.String?, stops: [EasyRide.TripStop], tripMode: EasyRide.TripMode, duration: Swift.Double?, airportPickup: Swift.Bool, airportPickupName: Swift.String?, checkinAssistance: Swift.Bool, tripSharing: Swift.Bool, childSeat: Swift.Bool, interpreter: Swift.Bool, elderlyCompanion: Swift.Bool) -> EasyRide.Order", referenced from:
      (1) suspend resume partial function for EasyRideUITests.BookingViewModelTests.testOrderCancellationSuccess() async throws -> () in BookingViewModelTests.o
      (1) suspend resume partial function for EasyRideUITests.BookingViewModelTests.testActiveOrderCancellation() async throws -> () in BookingViewModelTests.o
      (1) suspend resume partial function for EasyRideUITests.BookingViewModelTests.testOrderHistoryPagination() async throws -> () in BookingViewModelTests.o
      EasyRideUITests.BookingViewModelTests.testCanCancelOrderLogic() -> () in BookingViewModelTests.o
      EasyRideUITests.BookingViewModelTests.testCanCancelOrderLogic() -> () in BookingViewModelTests.o
      EasyRideUITests.BookingViewModelTests.testCanCancelOrderLogic() -> () in BookingViewModelTests.o
      EasyRideUITests.BookingViewModelTests.testCanCancelOrderLogic() -> () in BookingViewModelTests.o
      ...
  "default argument 24 of EasyRide.Order.init(id: Swift.String, serviceType: EasyRide.ServiceType, status: EasyRide.OrderStatus, pickupLocation: EasyRide.Location, destination: EasyRide.Location?, estimatedPrice: Swift.Double, actualPrice: Swift.Double?, driver: EasyRide.Driver?, createdAt: Foundation.Date, scheduledTime: Foundation.Date?, completedAt: Foundation.Date?, passengerCount: Swift.Int, luggageCount: Swift.Int, notes: Swift.String?, specialInstructions: Swift.String?, stops: [EasyRide.TripStop], tripMode: EasyRide.TripMode, duration: Swift.Double?, airportPickup: Swift.Bool, airportPickupName: Swift.String?, checkinAssistance: Swift.Bool, tripSharing: Swift.Bool, childSeat: Swift.Bool, interpreter: Swift.Bool, elderlyCompanion: Swift.Bool) -> EasyRide.Order", referenced from:
      (1) suspend resume partial function for EasyRideUITests.BookingViewModelTests.testOrderCancellationSuccess() async throws -> () in BookingViewModelTests.o
      (1) suspend resume partial function for EasyRideUITests.BookingViewModelTests.testActiveOrderCancellation() async throws -> () in BookingViewModelTests.o
      (1) suspend resume partial function for EasyRideUITests.BookingViewModelTests.testOrderHistoryPagination() async throws -> () in BookingViewModelTests.o
      EasyRideUITests.BookingViewModelTests.testCanCancelOrderLogic() -> () in BookingViewModelTests.o
      EasyRideUITests.BookingViewModelTests.testCanCancelOrderLogic() -> () in BookingViewModelTests.o
      EasyRideUITests.BookingViewModelTests.testCanCancelOrderLogic() -> () in BookingViewModelTests.o
      EasyRideUITests.BookingViewModelTests.testCanCancelOrderLogic() -> () in BookingViewModelTests.o
      ...
  "default argument 8 of EasyRide.Order.init(id: Swift.String, serviceType: EasyRide.ServiceType, status: EasyRide.OrderStatus, pickupLocation: EasyRide.Location, destination: EasyRide.Location?, estimatedPrice: Swift.Double, actualPrice: Swift.Double?, driver: EasyRide.Driver?, createdAt: Foundation.Date, scheduledTime: Foundation.Date?, completedAt: Foundation.Date?, passengerCount: Swift.Int, luggageCount: Swift.Int, notes: Swift.String?, specialInstructions: Swift.String?, stops: [EasyRide.TripStop], tripMode: EasyRide.TripMode, duration: Swift.Double?, airportPickup: Swift.Bool, airportPickupName: Swift.String?, checkinAssistance: Swift.Bool, tripSharing: Swift.Bool, childSeat: Swift.Bool, interpreter: Swift.Bool, elderlyCompanion: Swift.Bool) -> EasyRide.Order", referenced from:
      (1) suspend resume partial function for EasyRideUITests.BookingViewModelTests.testOrderCancellationSuccess() async throws -> () in BookingViewModelTests.o
      (1) suspend resume partial function for EasyRideUITests.BookingViewModelTests.testActiveOrderCancellation() async throws -> () in BookingViewModelTests.o
      (1) suspend resume partial function for EasyRideUITests.BookingViewModelTests.testOrderHistoryPagination() async throws -> () in BookingViewModelTests.o
      EasyRideUITests.BookingViewModelTests.testCanCancelOrderLogic() -> () in BookingViewModelTests.o
      EasyRideUITests.BookingViewModelTests.testCanCancelOrderLogic() -> () in BookingViewModelTests.o
      EasyRideUITests.BookingViewModelTests.testCanCancelOrderLogic() -> () in BookingViewModelTests.o
      EasyRideUITests.BookingViewModelTests.testCanCancelOrderLogic() -> () in BookingViewModelTests.o
      ...
  "type metadata accessor for EasyRide.Order", referenced from:
      implicit closure #3 () throws -> Any? in EasyRideUITests.BookingViewModelTests.testOrderCreationSuccess() async throws -> () in BookingViewModelTests.o
      implicit closure #4 () throws -> Swift.String? in EasyRideUITests.BookingViewModelTests.testOrderCreationSuccess() async throws -> () in BookingViewModelTests.o
      implicit closure #6 () throws -> Any? in EasyRideUITests.BookingViewModelTests.testOrderCreationSuccess() async throws -> () in BookingViewModelTests.o
      implicit closure #3 () throws -> Any? in EasyRideUITests.BookingViewModelTests.testOrderCreationWithMissingData() async throws -> () in BookingViewModelTests.o
      implicit closure #3 () throws -> Any? in EasyRideUITests.BookingViewModelTests.testOrderCreationNetworkError() async throws -> () in BookingViewModelTests.o
      EasyRideUITests.BookingViewModelTests.testOrderCancellationSuccess() async throws -> () in BookingViewModelTests.o
      outlined init with copy of EasyRide.Order in BookingViewModelTests.o
      ...
  "nominal type descriptor for EasyRide.Order", referenced from:
      _symbolic _____Sg 8EasyRide5OrderV in BookingViewModelTests.o
      _symbolic Say_____G 8EasyRide5OrderV in verify_booking_integration.o
  "protocol conformance descriptor for EasyRide.Order : Swift.Encodable in EasyRide", referenced from:
      lazy protocol witness table accessor for type EasyRide.Order and conformance EasyRide.Order : Swift.Encodable in EasyRide in MockAPIService.o
  "protocol conformance descriptor for EasyRide.Order : Swift.Decodable in EasyRide", referenced from:
      lazy protocol witness table accessor for type EasyRide.Order and conformance EasyRide.Order : Swift.Decodable in EasyRide in MockAPIService.o
  "EasyRide.Coupon.init(id: Swift.String, code: Swift.String, description: Swift.String, discountAmount: Swift.Double, discountType: EasyRide.DiscountType, isApplied: Swift.Bool, expiryDate: Foundation.Date?) -> EasyRide.Coupon", referenced from:
      EasyRideUITests.ValueAddedServicesTests.testCouponApplication() -> () in ValueAddedServicesTests.o
      EasyRideUITests.ValueAddedServicesTests.testPriceCalculationWithCoupon() -> () in ValueAddedServicesTests.o
  "default argument 5 of EasyRide.Coupon.init(id: Swift.String, code: Swift.String, description: Swift.String, discountAmount: Swift.Double, discountType: EasyRide.DiscountType, isApplied: Swift.Bool, expiryDate: Foundation.Date?) -> EasyRide.Coupon", referenced from:
      EasyRideUITests.ValueAddedServicesTests.testCouponApplication() -> () in ValueAddedServicesTests.o
      EasyRideUITests.ValueAddedServicesTests.testPriceCalculationWithCoupon() -> () in ValueAddedServicesTests.o
  "default argument 0 of EasyRide.Coupon.init(id: Swift.String, code: Swift.String, description: Swift.String, discountAmount: Swift.Double, discountType: EasyRide.DiscountType, isApplied: Swift.Bool, expiryDate: Foundation.Date?) -> EasyRide.Coupon", referenced from:
      EasyRideUITests.ValueAddedServicesTests.testCouponApplication() -> () in ValueAddedServicesTests.o
      EasyRideUITests.ValueAddedServicesTests.testPriceCalculationWithCoupon() -> () in ValueAddedServicesTests.o
  "type metadata accessor for EasyRide.Coupon", referenced from:
      implicit closure #3 () throws -> Any? in EasyRideUITests.ValueAddedServicesTests.testInitialState() -> () in ValueAddedServicesTests.o
      EasyRideUITests.ValueAddedServicesTests.testCouponApplication() -> () in ValueAddedServicesTests.o
      implicit closure #1 () throws -> Any? in EasyRideUITests.ValueAddedServicesTests.testCouponApplication() -> () in ValueAddedServicesTests.o
      implicit closure #2 () throws -> Swift.String? in EasyRideUITests.ValueAddedServicesTests.testCouponApplication() -> () in ValueAddedServicesTests.o
      implicit closure #6 () throws -> Any? in EasyRideUITests.ValueAddedServicesTests.testCouponApplication() -> () in ValueAddedServicesTests.o
      outlined destroy of EasyRide.Coupon in ValueAddedServicesTests.o
      EasyRideUITests.ValueAddedServicesTests.testPriceCalculationWithCoupon() -> () in ValueAddedServicesTests.o
      ...
  "nominal type descriptor for EasyRide.Coupon", referenced from:
      _symbolic _____Sg 8EasyRide6CouponV in ValueAddedServicesTests.o
  "EasyRide.Driver.init(id: Swift.String, name: Swift.String, phoneNumber: Swift.String, profileImage: Swift.String?, rating: Swift.Double, totalTrips: Swift.Int, vehicleInfo: EasyRide.VehicleInfo, currentLocation: EasyRide.Location?, isOnline: Swift.Bool, estimatedArrival: Foundation.Date?) -> EasyRide.Driver", referenced from:
      (1) suspend resume partial function for EasyRideUITests.ChatInterfaceTests.testChatInterface() async throws -> () in ChatInterfaceTests.o
      EasyRideUITests.MockAPIService.(setupDefaultMockResponses in _B8097C37D205AA33FA03926B98F1C81E)() -> () in MockAPIService.o
      (1) suspend resume partial function for EasyRideUITests.OrderTrackingViewModelTests.testStartTrackingSuccess() async throws -> () in OrderTrackingViewModelTests.o
      (3) suspend resume partial function for EasyRideUITests.OrderTrackingViewModelTests.testRefreshOrderStatus() async throws -> () in OrderTrackingViewModelTests.o
      (1) suspend resume partial function for EasyRideUITests.OrderTrackingViewModelTests.testUpdateDriverLocation() async throws -> () in OrderTrackingViewModelTests.o
      (1) suspend resume partial function for EasyRideUITests.OrderTrackingViewModelTests.testUpdateDriverLocationWithStatusChange() async throws -> () in OrderTrackingViewModelTests.o
      (3) suspend resume partial function for EasyRideUITests.OrderTrackingViewModelTests.testHandleStatusChangeToMatched() async throws -> () in OrderTrackingViewModelTests.o
      ...
  "default argument 5 of EasyRide.Driver.init(id: Swift.String, name: Swift.String, phoneNumber: Swift.String, profileImage: Swift.String?, rating: Swift.Double, totalTrips: Swift.Int, vehicleInfo: EasyRide.VehicleInfo, currentLocation: EasyRide.Location?, isOnline: Swift.Bool, estimatedArrival: Foundation.Date?) -> EasyRide.Driver", referenced from:
      (1) suspend resume partial function for EasyRideUITests.ChatInterfaceTests.testChatInterface() async throws -> () in ChatInterfaceTests.o
      EasyRideUITests.MockAPIService.(setupDefaultMockResponses in _B8097C37D205AA33FA03926B98F1C81E)() -> () in MockAPIService.o
      (1) suspend resume partial function for EasyRideUITests.OrderTrackingViewModelTests.testStartTrackingSuccess() async throws -> () in OrderTrackingViewModelTests.o
      (3) suspend resume partial function for EasyRideUITests.OrderTrackingViewModelTests.testRefreshOrderStatus() async throws -> () in OrderTrackingViewModelTests.o
      (1) suspend resume partial function for EasyRideUITests.OrderTrackingViewModelTests.testUpdateDriverLocation() async throws -> () in OrderTrackingViewModelTests.o
      (1) suspend resume partial function for EasyRideUITests.OrderTrackingViewModelTests.testUpdateDriverLocationWithStatusChange() async throws -> () in OrderTrackingViewModelTests.o
      (3) suspend resume partial function for EasyRideUITests.OrderTrackingViewModelTests.testHandleStatusChangeToMatched() async throws -> () in OrderTrackingViewModelTests.o
      ...
  "default argument 8 of EasyRide.Driver.init(id: Swift.String, name: Swift.String, phoneNumber: Swift.String, profileImage: Swift.String?, rating: Swift.Double, totalTrips: Swift.Int, vehicleInfo: EasyRide.VehicleInfo, currentLocation: EasyRide.Location?, isOnline: Swift.Bool, estimatedArrival: Foundation.Date?) -> EasyRide.Driver", referenced from:
      (1) suspend resume partial function for EasyRideUITests.ChatInterfaceTests.testChatInterface() async throws -> () in ChatInterfaceTests.o
      EasyRideUITests.MockAPIService.(setupDefaultMockResponses in _B8097C37D205AA33FA03926B98F1C81E)() -> () in MockAPIService.o
      (1) suspend resume partial function for EasyRideUITests.OrderTrackingViewModelTests.testStartTrackingSuccess() async throws -> () in OrderTrackingViewModelTests.o
      (3) suspend resume partial function for EasyRideUITests.OrderTrackingViewModelTests.testRefreshOrderStatus() async throws -> () in OrderTrackingViewModelTests.o
      (1) suspend resume partial function for EasyRideUITests.OrderTrackingViewModelTests.testUpdateDriverLocation() async throws -> () in OrderTrackingViewModelTests.o
      (1) suspend resume partial function for EasyRideUITests.OrderTrackingViewModelTests.testUpdateDriverLocationWithStatusChange() async throws -> () in OrderTrackingViewModelTests.o
      (3) suspend resume partial function for EasyRideUITests.OrderTrackingViewModelTests.testHandleStatusChangeToMatched() async throws -> () in OrderTrackingViewModelTests.o
      ...
  "default argument 0 of EasyRide.Driver.init(id: Swift.String, name: Swift.String, phoneNumber: Swift.String, profileImage: Swift.String?, rating: Swift.Double, totalTrips: Swift.Int, vehicleInfo: EasyRide.VehicleInfo, currentLocation: EasyRide.Location?, isOnline: Swift.Bool, estimatedArrival: Foundation.Date?) -> EasyRide.Driver", referenced from:
      (1) suspend resume partial function for EasyRideUITests.TripModificationTests.testTripModification() async throws -> () in TripModificationTests.o
  "type metadata accessor for EasyRide.Driver", referenced from:
      (1) suspend resume partial function for EasyRideUITests.BookingViewModelTests.testOrderCancellationSuccess() async throws -> () in BookingViewModelTests.o
      outlined init with copy of EasyRide.Order in BookingViewModelTests.o
      outlined destroy of EasyRide.Order in BookingViewModelTests.o
      (1) suspend resume partial function for EasyRideUITests.BookingViewModelTests.testActiveOrderCancellation() async throws -> () in BookingViewModelTests.o
      (1) suspend resume partial function for EasyRideUITests.BookingViewModelTests.testOrderHistoryPagination() async throws -> () in BookingViewModelTests.o
      EasyRideUITests.BookingViewModelTests.testCanCancelOrderLogic() -> () in BookingViewModelTests.o
      outlined destroy of EasyRide.Order? in BookingViewModelTests.o
      ...
  "nominal type descriptor for EasyRide.Driver", referenced from:
      _symbolic _____Sg 8EasyRide6DriverV in BookingViewModelTests.o
  "EasyRide.Address.init(id: Swift.String, name: Swift.String?, address: Swift.String, latitude: Swift.Double, longitude: Swift.Double, placeId: Swift.String?, type: EasyRide.AddressType, isFavorite: Swift.Bool) -> EasyRide.Address", referenced from:
      EasyRideUITests.TripConfigurationTests.testAddressSelection() -> () in TripConfigurationTests.o
  "default argument 6 of EasyRide.Address.init(id: Swift.String, name: Swift.String?, address: Swift.String, latitude: Swift.Double, longitude: Swift.Double, placeId: Swift.String?, type: EasyRide.AddressType, isFavorite: Swift.Bool) -> EasyRide.Address", referenced from:
      EasyRideUITests.TripConfigurationTests.testAddressSelection() -> () in TripConfigurationTests.o
  "default argument 7 of EasyRide.Address.init(id: Swift.String, name: Swift.String?, address: Swift.String, latitude: Swift.Double, longitude: Swift.Double, placeId: Swift.String?, type: EasyRide.AddressType, isFavorite: Swift.Bool) -> EasyRide.Address", referenced from:
      EasyRideUITests.TripConfigurationTests.testAddressSelection() -> () in TripConfigurationTests.o
  "default argument 0 of EasyRide.Address.init(id: Swift.String, name: Swift.String?, address: Swift.String, latitude: Swift.Double, longitude: Swift.Double, placeId: Swift.String?, type: EasyRide.AddressType, isFavorite: Swift.Bool) -> EasyRide.Address", referenced from:
      EasyRideUITests.TripConfigurationTests.testAddressSelection() -> () in TripConfigurationTests.o
  "nominal type descriptor for EasyRide.Address", referenced from:
      _symbolic Say_____G 8EasyRide7AddressV in TripConfigurationTests.o
  "type metadata for EasyRide.Address", referenced from:
      implicit closure #2 () throws -> Swift.Bool in EasyRideUITests.TripConfigurationTests.testAddressSearch() -> () in TripConfigurationTests.o
  "EasyRide.Message.displayTime.getter : Swift.String", referenced from:
      EasyRideUITests.ChatInterfaceVerificationTests.testChatInterface() -> () in verify_chat_interface.o
  "EasyRide.Message.displayContent.getter : Swift.String", referenced from:
      EasyRideUITests.ChatInterfaceVerificationTests.testChatInterface() -> () in verify_chat_interface.o
  "EasyRide.Message.isFromCurrentUser.getter : Swift.Bool", referenced from:
      closure #1 (EasyRide.Message) -> Swift.Bool in EasyRideUITests.ChatInterfaceTests.testUnreadMessageBadge() async throws -> () in ChatInterfaceTests.o
      EasyRideUITests.ChatInterfaceVerificationTests.testChatInterface() -> () in verify_chat_interface.o
  "EasyRide.Message.init(id: Swift.String, orderId: Swift.String, senderId: Swift.String, senderType: EasyRide.SenderType, content: Swift.String, type: EasyRide.MessageType, timestamp: Foundation.Date, isRead: Swift.Bool, location: EasyRide.Location?) -> EasyRide.Message", referenced from:
      (1) suspend resume partial function for EasyRideUITests.ChatInterfaceTests.testChatInterface() async throws -> () in ChatInterfaceTests.o
      (1) suspend resume partial function for EasyRideUITests.ChatInterfaceTests.testChatInterface() async throws -> () in ChatInterfaceTests.o
      (3) suspend resume partial function for EasyRideUITests.ChatInterfaceTests.testChatInterface() async throws -> () in ChatInterfaceTests.o
      (3) suspend resume partial function for EasyRideUITests.ChatInterfaceTests.testPresetMessages() async throws -> () in ChatInterfaceTests.o
      (1) suspend resume partial function for EasyRideUITests.ChatInterfaceTests.testUnreadMessageBadge() async throws -> () in ChatInterfaceTests.o
      (1) suspend resume partial function for EasyRideUITests.ChatInterfaceTests.testUnreadMessageBadge() async throws -> () in ChatInterfaceTests.o
      (1) suspend resume partial function for EasyRideUITests.ChatInterfaceTests.testUnreadMessageBadge() async throws -> () in ChatInterfaceTests.o
      ...
  "default argument 5 of EasyRide.Message.init(id: Swift.String, orderId: Swift.String, senderId: Swift.String, senderType: EasyRide.SenderType, content: Swift.String, type: EasyRide.MessageType, timestamp: Foundation.Date, isRead: Swift.Bool, location: EasyRide.Location?) -> EasyRide.Message", referenced from:
      (1) suspend resume partial function for EasyRideUITests.ChatInterfaceTests.testChatInterface() async throws -> () in ChatInterfaceTests.o
      (1) suspend resume partial function for EasyRideUITests.ChatInterfaceTests.testChatInterface() async throws -> () in ChatInterfaceTests.o
      (3) suspend resume partial function for EasyRideUITests.ChatInterfaceTests.testChatInterface() async throws -> () in ChatInterfaceTests.o
      (3) suspend resume partial function for EasyRideUITests.ChatInterfaceTests.testPresetMessages() async throws -> () in ChatInterfaceTests.o
      (1) suspend resume partial function for EasyRideUITests.ChatInterfaceTests.testUnreadMessageBadge() async throws -> () in ChatInterfaceTests.o
      (1) suspend resume partial function for EasyRideUITests.ChatInterfaceTests.testUnreadMessageBadge() async throws -> () in ChatInterfaceTests.o
      (1) suspend resume partial function for EasyRideUITests.ChatInterfaceTests.testUnreadMessageBadge() async throws -> () in ChatInterfaceTests.o
      ...
  "default argument 6 of EasyRide.Message.init(id: Swift.String, orderId: Swift.String, senderId: Swift.String, senderType: EasyRide.SenderType, content: Swift.String, type: EasyRide.MessageType, timestamp: Foundation.Date, isRead: Swift.Bool, location: EasyRide.Location?) -> EasyRide.Message", referenced from:
      (1) suspend resume partial function for EasyRideUITests.ChatInterfaceTests.testUnreadMessageBadge() async throws -> () in ChatInterfaceTests.o
      (1) suspend resume partial function for EasyRideUITests.ChatInterfaceTests.testUnreadMessageBadge() async throws -> () in ChatInterfaceTests.o
      (1) suspend resume partial function for EasyRideUITests.ChatInterfaceTests.testUnreadMessageBadge() async throws -> () in ChatInterfaceTests.o
      EasyRideUITests.ChatInterfaceVerificationTests.testChatInterface() -> () in verify_chat_interface.o
  "default argument 7 of EasyRide.Message.init(id: Swift.String, orderId: Swift.String, senderId: Swift.String, senderType: EasyRide.SenderType, content: Swift.String, type: EasyRide.MessageType, timestamp: Foundation.Date, isRead: Swift.Bool, location: EasyRide.Location?) -> EasyRide.Message", referenced from:
      (1) suspend resume partial function for EasyRideUITests.ChatInterfaceTests.testChatInterface() async throws -> () in ChatInterfaceTests.o
      (1) suspend resume partial function for EasyRideUITests.ChatInterfaceTests.testChatInterface() async throws -> () in ChatInterfaceTests.o
      (3) suspend resume partial function for EasyRideUITests.ChatInterfaceTests.testChatInterface() async throws -> () in ChatInterfaceTests.o
      (3) suspend resume partial function for EasyRideUITests.ChatInterfaceTests.testPresetMessages() async throws -> () in ChatInterfaceTests.o
      EasyRideUITests.ChatInterfaceVerificationTests.testChatInterface() -> () in verify_chat_interface.o
  "default argument 0 of EasyRide.Message.init(id: Swift.String, orderId: Swift.String, senderId: Swift.String, senderType: EasyRide.SenderType, content: Swift.String, type: EasyRide.MessageType, timestamp: Foundation.Date, isRead: Swift.Bool, location: EasyRide.Location?) -> EasyRide.Message", referenced from:
      (1) suspend resume partial function for EasyRideUITests.ChatInterfaceTests.testChatInterface() async throws -> () in ChatInterfaceTests.o
      (1) suspend resume partial function for EasyRideUITests.ChatInterfaceTests.testChatInterface() async throws -> () in ChatInterfaceTests.o
      (3) suspend resume partial function for EasyRideUITests.ChatInterfaceTests.testChatInterface() async throws -> () in ChatInterfaceTests.o
      (3) suspend resume partial function for EasyRideUITests.ChatInterfaceTests.testPresetMessages() async throws -> () in ChatInterfaceTests.o
      (1) suspend resume partial function for EasyRideUITests.ChatInterfaceTests.testUnreadMessageBadge() async throws -> () in ChatInterfaceTests.o
      (1) suspend resume partial function for EasyRideUITests.ChatInterfaceTests.testUnreadMessageBadge() async throws -> () in ChatInterfaceTests.o
      (1) suspend resume partial function for EasyRideUITests.ChatInterfaceTests.testUnreadMessageBadge() async throws -> () in ChatInterfaceTests.o
      ...
  "type metadata accessor for EasyRide.Message", referenced from:
      EasyRideUITests.ChatInterfaceTests.testChatInterface() async throws -> () in ChatInterfaceTests.o
      implicit closure #3 () throws -> Swift.Int in EasyRideUITests.ChatInterfaceTests.testChatInterface() async throws -> () in ChatInterfaceTests.o
      lazy protocol witness table accessor for type EasyRide.Message and conformance EasyRide.Message : Swift.Decodable in EasyRide in ChatInterfaceTests.o
      lazy protocol witness table accessor for type EasyRide.Message and conformance EasyRide.Message : Swift.Encodable in EasyRide in ChatInterfaceTests.o
      outlined destroy of EasyRide.Message in ChatInterfaceTests.o
      EasyRideUITests.ChatInterfaceTests.testPresetMessages() async throws -> () in ChatInterfaceTests.o
      (1) suspend resume partial function for EasyRideUITests.ChatInterfaceTests.testLocationSharing() async throws -> () in ChatInterfaceTests.o
      ...
  "nominal type descriptor for EasyRide.Message", referenced from:
      _symbolic Say_____G 8EasyRide7MessageV in ChatInterfaceTests.o
  "protocol conformance descriptor for EasyRide.Message : Swift.Encodable in EasyRide", referenced from:
      lazy protocol witness table accessor for type EasyRide.Message and conformance EasyRide.Message : Swift.Encodable in EasyRide in ChatInterfaceTests.o
  "protocol conformance descriptor for EasyRide.Message : Swift.Decodable in EasyRide", referenced from:
      lazy protocol witness table accessor for type EasyRide.Message and conformance EasyRide.Message : Swift.Decodable in EasyRide in ChatInterfaceTests.o
  "EasyRide.AppState.__allocating_init() -> EasyRide.AppState", referenced from:
      EasyRideUITests.AuthenticationViewModelTests.createTestViewModel() -> (EasyRide.AuthenticationViewModel, EasyRideUITests.MockAPIService, EasyRide.AppState) in AuthenticationViewModelTests.o
      EasyRideUITests.BookingViewModelTests.createTestViewModel() -> (EasyRide.BookingViewModel, EasyRideUITests.MockAPIService, EasyRide.AppState) in BookingViewModelTests.o
      EasyRideUITests.ServiceSelectionTests.setUp() -> () in ServiceSelectionTests.o
      EasyRideUITests.BookingIntegrationTests.testBookingViewModelIntegration() -> () in verify_booking_integration.o
  "type metadata accessor for EasyRide.AppState", referenced from:
      EasyRideUITests.AuthenticationViewModelTests.createTestViewModel() -> (EasyRide.AuthenticationViewModel, EasyRideUITests.MockAPIService, EasyRide.AppState) in AuthenticationViewModelTests.o
      EasyRideUITests.BookingViewModelTests.createTestViewModel() -> (EasyRide.BookingViewModel, EasyRideUITests.MockAPIService, EasyRide.AppState) in BookingViewModelTests.o
      EasyRideUITests.ServiceSelectionTests.setUp() -> () in ServiceSelectionTests.o
      EasyRideUITests.BookingIntegrationTests.testBookingViewModelIntegration() -> () in verify_booking_integration.o
  "nominal type descriptor for EasyRide.AppState", referenced from:
      _symbolic _____Sg 8EasyRide8AppStateC in ServiceSelectionTests.o
  "EasyRide.DemoItem.init(title: Swift.String, subtitle: Swift.String, icon: Swift.String) -> EasyRide.DemoItem", referenced from:
      EasyRideUITests.OrientationLayoutIntegrationTests.testOrientationResponsiveCardCreation() -> () in OrientationLayoutTests.o
  "type metadata accessor for EasyRide.DemoItem", referenced from:
      EasyRideUITests.OrientationLayoutIntegrationTests.testOrientationResponsiveCardCreation() -> () in OrientationLayoutTests.o
      outlined init with copy of EasyRide.DemoItem in OrientationLayoutTests.o
      outlined destroy of EasyRide.OrientationResponsiveCard in OrientationLayoutTests.o
      outlined destroy of EasyRide.DemoItem in OrientationLayoutTests.o
      outlined init with copy of EasyRide.OrientationResponsiveCard in OrientationLayoutTests.o
  "EasyRide.Location.init(id: Swift.String, latitude: Swift.Double, longitude: Swift.Double, address: Swift.String, placeId: Swift.String?, name: Swift.String?) -> EasyRide.Location", referenced from:
      (1) suspend resume partial function for EasyRideUITests.BookingViewModelTests.testOrderCreationSuccess() async throws -> () in BookingViewModelTests.o
      (1) suspend resume partial function for EasyRideUITests.BookingViewModelTests.testOrderCreationSuccess() async throws -> () in BookingViewModelTests.o
      (1) suspend resume partial function for EasyRideUITests.BookingViewModelTests.testOrderCreationNetworkError() async throws -> () in BookingViewModelTests.o
      (1) suspend resume partial function for EasyRideUITests.BookingViewModelTests.testOrderCreationNetworkError() async throws -> () in BookingViewModelTests.o
      (1) suspend resume partial function for EasyRideUITests.BookingViewModelTests.testOrderCancellationSuccess() async throws -> () in BookingViewModelTests.o
      (1) suspend resume partial function for EasyRideUITests.BookingViewModelTests.testActiveOrderCancellation() async throws -> () in BookingViewModelTests.o
      (1) suspend resume partial function for EasyRideUITests.BookingViewModelTests.testOrderHistoryPagination() async throws -> () in BookingViewModelTests.o
      ...
  "default argument 0 of EasyRide.Location.init(id: Swift.String, latitude: Swift.Double, longitude: Swift.Double, address: Swift.String, placeId: Swift.String?, name: Swift.String?) -> EasyRide.Location", referenced from:
      (1) suspend resume partial function for EasyRideUITests.BookingViewModelTests.testOrderCreationSuccess() async throws -> () in BookingViewModelTests.o
      (1) suspend resume partial function for EasyRideUITests.BookingViewModelTests.testOrderCreationSuccess() async throws -> () in BookingViewModelTests.o
      (1) suspend resume partial function for EasyRideUITests.BookingViewModelTests.testOrderCreationNetworkError() async throws -> () in BookingViewModelTests.o
      (1) suspend resume partial function for EasyRideUITests.BookingViewModelTests.testOrderCreationNetworkError() async throws -> () in BookingViewModelTests.o
      (1) suspend resume partial function for EasyRideUITests.BookingViewModelTests.testOrderCancellationSuccess() async throws -> () in BookingViewModelTests.o
      (1) suspend resume partial function for EasyRideUITests.BookingViewModelTests.testActiveOrderCancellation() async throws -> () in BookingViewModelTests.o
      (1) suspend resume partial function for EasyRideUITests.BookingViewModelTests.testOrderHistoryPagination() async throws -> () in BookingViewModelTests.o
      ...
  "nominal type descriptor for EasyRide.Location", referenced from:
      _symbolic _____ 8EasyRide8LocationV in TripConfigurationTests.o
  "type metadata for EasyRide.Location", referenced from:
      implicit closure #1 () throws -> Any? in EasyRideUITests.TripConfigurationTests.testEmptyDestinationAddress() -> () in TripConfigurationTests.o
      implicit closure #3 () throws -> Any? in EasyRideUITests.TripConfigurationTests.testEmptyDestinationAddress() -> () in TripConfigurationTests.o
  "type metadata for EasyRide.TripMode", referenced from:
      EasyRideUITests.TripConfigurationTests.testInitialState() -> () in TripConfigurationTests.o
      lazy protocol witness table accessor for type EasyRide.TripMode and conformance EasyRide.TripMode : Swift.Equatable in EasyRide in TripConfigurationTests.o
      EasyRideUITests.TripConfigurationTests.testInitializationWithExistingConfiguration() -> () in TripConfigurationTests.o
      EasyRideUITests.TripConfigurationTests.testModeSwitching() -> () in TripConfigurationTests.o
      EasyRideUITests.TripConfigurationTests.testModeSwitching() -> () in TripConfigurationTests.o
      EasyRideUITests.TripConfigurationTests.testModeSwitching() -> () in TripConfigurationTests.o
  "protocol conformance descriptor for EasyRide.TripMode : Swift.Equatable in EasyRide", referenced from:
      lazy protocol witness table accessor for type EasyRide.TripMode and conformance EasyRide.TripMode : Swift.Equatable in EasyRide in TripConfigurationTests.o
  "EasyRide.TripStop.init(id: Foundation.UUID, location: EasyRide.Location, duration: Swift.Double, notes: Swift.String?, order: Swift.Int) -> EasyRide.TripStop", referenced from:
      EasyRideUITests.TripConfigurationTests.testCustomRouteValidation() -> () in TripConfigurationTests.o
  "default argument 2 of EasyRide.TripStop.init(id: Foundation.UUID, location: EasyRide.Location, duration: Swift.Double, notes: Swift.String?, order: Swift.Int) -> EasyRide.TripStop", referenced from:
      EasyRideUITests.TripConfigurationTests.testCustomRouteValidation() -> () in TripConfigurationTests.o
  "default argument 0 of EasyRide.TripStop.init(id: Foundation.UUID, location: EasyRide.Location, duration: Swift.Double, notes: Swift.String?, order: Swift.Int) -> EasyRide.TripStop", referenced from:
      EasyRideUITests.TripConfigurationTests.testCustomRouteValidation() -> () in TripConfigurationTests.o
  "type metadata accessor for EasyRide.TripStop", referenced from:
      EasyRideUITests.MockAPIService.(setupDefaultMockResponses in _B8097C37D205AA33FA03926B98F1C81E)() -> () in MockAPIService.o
      EasyRideUITests.TripConfigurationTests.testCustomRouteValidation() -> () in TripConfigurationTests.o
      outlined init with copy of EasyRide.TripStop in TripConfigurationTests.o
      outlined destroy of EasyRide.TripStop in TripConfigurationTests.o
      (1) suspend resume partial function for EasyRideUITests.TripModificationTests.testTripModification() async throws -> () in TripModificationTests.o
      (3) suspend resume partial function for EasyRideUITests.TripModificationTests.testTripModificationCancellation() async throws -> () in TripModificationTests.o
      EasyRideUITests.ChatInterfaceVerificationTests.testChatInterface() -> () in verify_chat_interface.o
      ...
ld: symbol(s) not found for architecture arm64
clang: error: linker command failed with exit code 1 (use -v to see invocation)


Test session results, code coverage, and logs:
	/Users/timyu/Desktop/EasyRide_App/TestResults.xcresult

Testing failed:
	Undefined symbol: nominal type descriptor for EasyRide.EasyRideError
	Undefined symbol: type metadata for EasyRide.EasyRideError
	Undefined symbol: protocol conformance descriptor for EasyRide.EasyRideError : Swift.Equatable in EasyRide
	Undefined symbol: protocol conformance descriptor for EasyRide.EasyRideError : Swift.Error in EasyRide
	Undefined symbol: protocol descriptor for EasyRide.APIService
	Undefined symbol: EasyRide.HTTPMethod.rawValue.getter : Swift.String
	Undefined symbol: EasyRide.SenderType.displayName.getter : Swift.String
	Undefined symbol: EasyRide.APIEndpoint.httpMethod.getter : EasyRide.HTTPMethod
	Undefined symbol: EasyRide.APIEndpoint.path.getter : Swift.String
	Undefined symbol: type metadata accessor for EasyRide.APIEndpoint
	Undefined symbol: nominal type descriptor for EasyRide.APIEndpoint
	Undefined symbol: EasyRide.MessageType.rawValue.getter : Swift.String
	Undefined symbol: nominal type descriptor for EasyRide.OrderStatus
	Undefined symbol: type metadata for EasyRide.OrderStatus
	Undefined symbol: protocol conformance descriptor for EasyRide.OrderStatus : Swift.Equatable in EasyRide
	Undefined symbol: nominal type descriptor for EasyRide.PaymentType
	Undefined symbol: type metadata for EasyRide.PaymentType
	Undefined symbol: protocol conformance descriptor for EasyRide.PaymentType : Swift.Equatable in EasyRide
	Undefined symbol: EasyRide.ServiceType.description.getter : Swift.String
	Undefined symbol: EasyRide.ServiceType.displayName.getter : Swift.String
	Undefined symbol: EasyRide.ServiceType.icon.getter : Swift.String
	Undefined symbol: static EasyRide.ServiceType.allCases.getter : [EasyRide.ServiceType]
	Undefined symbol: EasyRide.ServiceType.basePrice.getter : Swift.Double
	Undefined symbol: nominal type descriptor for EasyRide.ServiceType
	Undefined symbol: type metadata for EasyRide.ServiceType
	Undefined symbol: protocol conformance descriptor for EasyRide.ServiceType : Swift.Equatable in EasyRide
	Undefined symbol: EasyRide.Transaction.init(id: Swift.String, amount: Swift.Double, type: EasyRide.TransactionType, description: Swift.String, createdAt: Foundation.Date, orderId: Swift.String?) -> EasyRide.Transaction
	Undefined symbol: type metadata accessor for EasyRide.Transaction
	Undefined symbol: EasyRide.VehicleInfo.init(make: Swift.String, model: Swift.String, year: Swift.Int, color: Swift.String, licensePlate: Swift.String, vehicleType: EasyRide.VehicleType) -> EasyRide.VehicleInfo
	Undefined symbol: EasyRide.AuthResponse.init(accessToken: Swift.String, refreshToken: Swift.String, user: EasyRide.User, expiresIn: Swift.Int) -> EasyRide.AuthResponse
	Undefined symbol: type metadata accessor for EasyRide.AuthResponse
	Undefined symbol: protocol conformance descriptor for EasyRide.AuthResponse : Swift.Encodable in EasyRide
	Undefined symbol: protocol conformance descriptor for EasyRide.AuthResponse : Swift.Decodable in EasyRide
	Undefined symbol: EasyRide.OrderRequest.init(serviceType: EasyRide.ServiceType, pickupLocation: EasyRide.Location, destination: EasyRide.Location?, scheduledTime: Foundation.Date?, passengerCount: Swift.Int, notes: Swift.String?, stops: [EasyRide.TripStop], serviceOptions: [EasyRide.ServiceOption]) -> EasyRide.OrderRequest
	Undefined symbol: type metadata accessor for EasyRide.OrderRequest
	Undefined symbol: EasyRide.PaymentMethod.init(id: Swift.String, type: EasyRide.PaymentType, displayName: Swift.String, isDefault: Swift.Bool, lastFourDigits: Swift.String?, expiryDate: Swift.String?, isActive: Swift.Bool) -> EasyRide.PaymentMethod
	Undefined symbol: default argument 3 of EasyRide.PaymentMethod.init(id: Swift.String, type: EasyRide.PaymentType, displayName: Swift.String, isDefault: Swift.Bool, lastFourDigits: Swift.String?, expiryDate: Swift.String?, isActive: Swift.Bool) -> EasyRide.PaymentMethod
	Undefined symbol: default argument 6 of EasyRide.PaymentMethod.init(id: Swift.String, type: EasyRide.PaymentType, displayName: Swift.String, isDefault: Swift.Bool, lastFourDigits: Swift.String?, expiryDate: Swift.String?, isActive: Swift.Bool) -> EasyRide.PaymentMethod
	Undefined symbol: default argument 0 of EasyRide.PaymentMethod.init(id: Swift.String, type: EasyRide.PaymentType, displayName: Swift.String, isDefault: Swift.Bool, lastFourDigits: Swift.String?, expiryDate: Swift.String?, isActive: Swift.Bool) -> EasyRide.PaymentMethod
	Undefined symbol: nominal type descriptor for EasyRide.PaymentMethod
	Undefined symbol: type metadata for EasyRide.PaymentMethod
	Undefined symbol: EasyRide.PresetMessage.commonMessages.unsafeMutableAddressor : [EasyRide.PresetMessage]
	Undefined symbol: EasyRide.PresetMessage.init(id: Swift.String, text: Swift.String, category: EasyRide.PresetMessageCategory) -> EasyRide.PresetMessage
	Undefined symbol: default argument 0 of EasyRide.PresetMessage.init(id: Swift.String, text: Swift.String, category: EasyRide.PresetMessageCategory) -> EasyRide.PresetMessage
	Undefined symbol: static EasyRide.PresetMessage.messages(for: EasyRide.PresetMessageCategory) -> [EasyRide.PresetMessage]
	Undefined symbol: nominal type descriptor for EasyRide.PresetMessage
	Undefined symbol: type metadata for EasyRide.PresetMessage
	Undefined symbol: EasyRide.ServiceOption.wifiHotspot.unsafeMutableAddressor : EasyRide.ServiceOption
	Undefined symbol: EasyRide.ServiceOption.childSeat.unsafeMutableAddressor : EasyRide.ServiceOption
	Undefined symbol: nominal type descriptor for EasyRide.ServiceOption
	Undefined symbol: type metadata for EasyRide.ServiceOption
	Undefined symbol: EasyRide.WalletResponse.init(balance: Swift.Double, currency: Swift.String, transactions: [EasyRide.Transaction]) -> EasyRide.WalletResponse
	Undefined symbol: type metadata for EasyRide.WalletResponse
	Undefined symbol: protocol conformance descriptor for EasyRide.WalletResponse : Swift.Encodable in EasyRide
	Undefined symbol: protocol conformance descriptor for EasyRide.WalletResponse : Swift.Decodable in EasyRide
	Undefined symbol: EasyRide.RegisterRequest.init(phoneNumber: Swift.String, otp: Swift.String, nickname: Swift.String, email: Swift.String?) -> EasyRide.RegisterRequest
	Undefined symbol: EasyRide.BookingViewModel.__allocating_init(apiService: EasyRide.APIService, appState: EasyRide.AppState) -> EasyRide.BookingViewModel
	Undefined symbol: default argument 1 of EasyRide.BookingViewModel.loadOrderHistory(page: Swift.Int, limit: Swift.Int) async -> ()
	Undefined symbol: default argument 0 of EasyRide.BookingViewModel.loadOrderHistory(page: Swift.Int, limit: Swift.Int) async -> ()
	Undefined symbol: type metadata accessor for EasyRide.BookingViewModel
	Undefined symbol: EasyRide.MessagesResponse.init(messages: [EasyRide.Message], hasMore: Swift.Bool, unreadCount: Swift.Int) -> EasyRide.MessagesResponse
	Undefined symbol: type metadata for EasyRide.MessagesResponse
	Undefined symbol: protocol conformance descriptor for EasyRide.MessagesResponse : Swift.Encodable in EasyRide
	Undefined symbol: protocol conformance descriptor for EasyRide.MessagesResponse : Swift.Decodable in EasyRide
	Undefined symbol: static EasyRide.LocalizationUtils.formatDate(_: Foundation.Date, dateStyle: __C.NSDateFormatterStyle, timeStyle: __C.NSDateFormatterStyle) -> Swift.String
	Undefined symbol: default argument 1 of static EasyRide.LocalizationUtils.formatDate(_: Foundation.Date, dateStyle: __C.NSDateFormatterStyle, timeStyle: __C.NSDateFormatterStyle) -> Swift.String
	Undefined symbol: default argument 2 of static EasyRide.LocalizationUtils.formatDate(_: Foundation.Date, dateStyle: __C.NSDateFormatterStyle, timeStyle: __C.NSDateFormatterStyle) -> Swift.String
	Undefined symbol: static EasyRide.LocalizationUtils.formatPrice(_: Swift.Double, currencyCode: Swift.String) -> Swift.String
	Undefined symbol: default argument 1 of static EasyRide.LocalizationUtils.formatPrice(_: Swift.Double, currencyCode: Swift.String) -> Swift.String
	Undefined symbol: static EasyRide.LocalizationUtils.localizedFormat(Swift.String, Swift.CVarArg...) -> Swift.String
	Undefined symbol: static EasyRide.LocalizationUtils.isRTL.getter : Swift.Bool
	Undefined symbol: static EasyRide.LocalizationUtils.localized(Swift.String) -> Swift.String
	Undefined symbol: EasyRide.TripConfiguration.init(id: Swift.String, mode: EasyRide.TripMode, pickupLocation: EasyRide.Location, destination: EasyRide.Location?, scheduledTime: Foundation.Date?, passengerCount: Swift.Int, stops: [EasyRide.TripStop], notes: Swift.String?, serviceOptions: [EasyRide.ServiceOption]) -> EasyRide.TripConfiguration
	Undefined symbol: default argument 5 of EasyRide.TripConfiguration.init(id: Swift.String, mode: EasyRide.TripMode, pickupLocation: EasyRide.Location, destination: EasyRide.Location?, scheduledTime: Foundation.Date?, passengerCount: Swift.Int, stops: [EasyRide.TripStop], notes: Swift.String?, serviceOptions: [EasyRide.ServiceOption]) -> EasyRide.TripConfiguration
	Undefined symbol: default argument 6 of EasyRide.TripConfiguration.init(id: Swift.String, mode: EasyRide.TripMode, pickupLocation: EasyRide.Location, destination: EasyRide.Location?, scheduledTime: Foundation.Date?, passengerCount: Swift.Int, stops: [EasyRide.TripStop], notes: Swift.String?, serviceOptions: [EasyRide.ServiceOption]) -> EasyRide.TripConfiguration
	Undefined symbol: default argument 8 of EasyRide.TripConfiguration.init(id: Swift.String, mode: EasyRide.TripMode, pickupLocation: EasyRide.Location, destination: EasyRide.Location?, scheduledTime: Foundation.Date?, passengerCount: Swift.Int, stops: [EasyRide.TripStop], notes: Swift.String?, serviceOptions: [EasyRide.ServiceOption]) -> EasyRide.TripConfiguration
	Undefined symbol: default argument 0 of EasyRide.TripConfiguration.init(id: Swift.String, mode: EasyRide.TripMode, pickupLocation: EasyRide.Location, destination: EasyRide.Location?, scheduledTime: Foundation.Date?, passengerCount: Swift.Int, stops: [EasyRide.TripStop], notes: Swift.String?, serviceOptions: [EasyRide.ServiceOption]) -> EasyRide.TripConfiguration
	Undefined symbol: type metadata accessor for EasyRide.TripConfiguration
	Undefined symbol: nominal type descriptor for EasyRide.TripConfiguration
	Undefined symbol: EasyRide.PriceBreakdownItem.init(name: Swift.String, amount: Swift.Double, type: EasyRide.PriceItemType) -> EasyRide.PriceBreakdownItem
	Undefined symbol: type metadata for EasyRide.PriceBreakdownItem
	Undefined symbol: EasyRide.OrientationObserver.__allocating_init() -> EasyRide.OrientationObserver
	Undefined symbol: type metadata accessor for EasyRide.OrientationObserver
	Undefined symbol: EasyRide.OrderDetailViewModel.__allocating_init(apiService: EasyRide.APIService) -> EasyRide.OrderDetailViewModel
	Undefined symbol: default argument 1 of EasyRide.OrderDetailViewModel.sendMessage(_: Swift.String, type: EasyRide.MessageType) async -> ()
	Undefined symbol: type metadata accessor for EasyRide.OrderDetailViewModel
	Undefined symbol: EasyRide.OrderHistoryResponse.init(orders: [EasyRide.Order], hasMore: Swift.Bool, totalCount: Swift.Int, currentPage: Swift.Int) -> EasyRide.OrderHistoryResponse
	Undefined symbol: nominal type descriptor for EasyRide.OrderHistoryResponse
	Undefined symbol: type metadata for EasyRide.OrderHistoryResponse
	Undefined symbol: protocol conformance descriptor for EasyRide.OrderHistoryResponse : Swift.Encodable in EasyRide
	Undefined symbol: protocol conformance descriptor for EasyRide.OrderHistoryResponse : Swift.Decodable in EasyRide
	Undefined symbol: EasyRide.PriceEstimateRequest.init(serviceType: EasyRide.ServiceType, pickupLocation: EasyRide.Location, destination: EasyRide.Location?, stops: [EasyRide.TripStop], serviceOptions: [EasyRide.ServiceOption], scheduledTime: Foundation.Date?) -> EasyRide.PriceEstimateRequest
	Undefined symbol: type metadata accessor for EasyRide.PriceEstimateRequest
	Undefined symbol: EasyRide.PresetMessageCategory.displayName.getter : Swift.String
	Undefined symbol: nominal type descriptor for EasyRide.PresetMessageCategory
	Undefined symbol: type metadata for EasyRide.PresetMessageCategory
	Undefined symbol: protocol conformance descriptor for EasyRide.PresetMessageCategory : Swift.Equatable in EasyRide
	Undefined symbol: EasyRide.PriceEstimateResponse.init(basePrice: Swift.Double, serviceFeesTotal: Swift.Double, totalPrice: Swift.Double, estimatedDuration: Swift.Double, estimatedDistance: Swift.Double, breakdown: [EasyRide.PriceBreakdownItem]) -> EasyRide.PriceEstimateResponse
	Undefined symbol: type metadata for EasyRide.PriceEstimateResponse
	Undefined symbol: protocol conformance descriptor for EasyRide.PriceEstimateResponse : Swift.Encodable in EasyRide
	Linker command failed with exit code 1 (use -v to see invocation)
	Testing cancelled because the build failed.

** TEST FAILED **


The following build commands failed:
	Ld /Users/timyu/Library/Developer/Xcode/DerivedData/EasyRide-beugqklueywnwjdnocpyhdzzhnze/Build/Products/Debug-iphonesimulator/EasyRideUITests-Runner.app/PlugIns/EasyRideUITests.xctest/EasyRideUITests normal (in target 'EasyRideUITests' from project 'EasyRide')
	Testing project EasyRide with scheme EasyRide
(2 failures)
